2017-06-28 13:02:23,473 INFO [Druid-ConnectionPool-Log-21728526] c.a.d.p.DruidDataSourceStatLoggerImpl [DruidDataSourceStatLoggerImpl.java : 77] {"url":"jdbc:mysql://192.168.0.94:3306/dsgc?useUnicode=true&characterEncoding=utf8&pinGlobalTxToPhysicalConnection=true","dbType":"mysql","name":"DataSource-21728526","activeCount":0,"activePeak":1,"activePeakTime":"2017-06-28 12:57:37","poolingCount":1,"poolingPeak":1,"poolingPeakTime":"2017-06-28 12:57:37","connectCount":5,"closeCount":5,"executeCount":5,"commitCount":5,"pstmtCacheHitCount":5,"startTransactionCount":5,"transactionHistogram":[0,0,5],"connectionHoldTimeHistogram":[0,0,5],"sqlList":[{"sql":"select applicatio0_.id as id1_3_, applicatio0_.context as context2_3_, applicatio0_.createDate as createDa3_3_, applicatio0_.ip as ip4_3_, applicatio0_.name as name5_3_, applicatio0_.port as port6_3_, applicatio0_.status as status7_3_, applicatio0_.statusName as statusNa8_3_ from base_application_agent applicatio0_ order by applicatio0_.createDate asc","executeCount":5,"executeMillisMax":2,"executeMillisTotal":10,"executeHistogram":[0,5],"executeAndResultHoldHistogram":[5],"concurrentMax":1,"fetchRowCount":2,"fetchRowHistogram":[0,5],"inTransactionCount":5}]}
2017-06-28 13:07:23,512 INFO [Druid-ConnectionPool-Log-21728526] c.a.d.p.DruidDataSourceStatLoggerImpl [DruidDataSourceStatLoggerImpl.java : 77] {"url":"jdbc:mysql://192.168.0.94:3306/dsgc?useUnicode=true&characterEncoding=utf8&pinGlobalTxToPhysicalConnection=true","dbType":"mysql","name":"DataSource-21728526","activeCount":0,"activePeak":1,"activePeakTime":"2017-06-28 13:02:37","poolingCount":1,"poolingPeak":1,"poolingPeakTime":"2017-06-28 13:02:37","connectCount":5,"closeCount":5,"executeCount":5,"commitCount":5,"pstmtCacheHitCount":5,"startTransactionCount":5,"transactionHistogram":[0,0,5],"connectionHoldTimeHistogram":[0,0,5],"sqlList":[{"sql":"select applicatio0_.id as id1_3_, applicatio0_.context as context2_3_, applicatio0_.createDate as createDa3_3_, applicatio0_.ip as ip4_3_, applicatio0_.name as name5_3_, applicatio0_.port as port6_3_, applicatio0_.status as status7_3_, applicatio0_.statusName as statusNa8_3_ from base_application_agent applicatio0_ order by applicatio0_.createDate asc","executeCount":5,"executeMillisMax":2,"executeMillisTotal":11,"executeHistogram":[0,5],"executeAndResultHoldHistogram":[5],"concurrentMax":1,"fetchRowCount":2,"fetchRowHistogram":[0,5],"inTransactionCount":5}]}
2017-06-28 13:12:23,513 INFO [Druid-ConnectionPool-Log-21728526] c.a.d.p.DruidDataSourceStatLoggerImpl [DruidDataSourceStatLoggerImpl.java : 77] {"url":"jdbc:mysql://192.168.0.94:3306/dsgc?useUnicode=true&characterEncoding=utf8&pinGlobalTxToPhysicalConnection=true","dbType":"mysql","name":"DataSource-21728526","activeCount":0,"activePeak":1,"activePeakTime":"2017-06-28 13:07:37","poolingCount":1,"poolingPeak":1,"poolingPeakTime":"2017-06-28 13:07:37","connectCount":5,"closeCount":5,"executeCount":5,"commitCount":5,"pstmtCacheHitCount":5,"startTransactionCount":5,"transactionHistogram":[0,0,4,1],"connectionHoldTimeHistogram":[0,0,4,1],"sqlList":[{"sql":"select applicatio0_.id as id1_3_, applicatio0_.context as context2_3_, applicatio0_.createDate as createDa3_3_, applicatio0_.ip as ip4_3_, applicatio0_.name as name5_3_, applicatio0_.port as port6_3_, applicatio0_.status as status7_3_, applicatio0_.statusName as statusNa8_3_ from base_application_agent applicatio0_ order by applicatio0_.createDate asc","executeCount":5,"executeMillisMax":2,"executeMillisTotal":10,"executeHistogram":[0,5],"executeAndResultHoldHistogram":[5],"concurrentMax":1,"fetchRowCount":2,"fetchRowHistogram":[0,5],"inTransactionCount":5}]}
2017-06-28 13:17:23,518 INFO [Druid-ConnectionPool-Log-21728526] c.a.d.p.DruidDataSourceStatLoggerImpl [DruidDataSourceStatLoggerImpl.java : 77] {"url":"jdbc:mysql://192.168.0.94:3306/dsgc?useUnicode=true&characterEncoding=utf8&pinGlobalTxToPhysicalConnection=true","dbType":"mysql","name":"DataSource-21728526","activeCount":0,"activePeak":1,"activePeakTime":"2017-06-28 13:12:37","poolingCount":1,"poolingPeak":1,"poolingPeakTime":"2017-06-28 13:12:37","connectCount":5,"closeCount":5,"executeCount":5,"commitCount":5,"pstmtCacheHitCount":5,"startTransactionCount":5,"transactionHistogram":[0,0,4,1],"connectionHoldTimeHistogram":[0,0,4,1],"sqlList":[{"sql":"select applicatio0_.id as id1_3_, applicatio0_.context as context2_3_, applicatio0_.createDate as createDa3_3_, applicatio0_.ip as ip4_3_, applicatio0_.name as name5_3_, applicatio0_.port as port6_3_, applicatio0_.status as status7_3_, applicatio0_.statusName as statusNa8_3_ from base_application_agent applicatio0_ order by applicatio0_.createDate asc","executeCount":5,"executeMillisMax":2,"executeMillisTotal":10,"executeHistogram":[0,5],"executeAndResultHoldHistogram":[5],"concurrentMax":1,"fetchRowCount":2,"fetchRowHistogram":[0,5],"inTransactionCount":5}]}
2017-06-28 13:22:23,531 INFO [Druid-ConnectionPool-Log-21728526] c.a.d.p.DruidDataSourceStatLoggerImpl [DruidDataSourceStatLoggerImpl.java : 77] {"url":"jdbc:mysql://192.168.0.94:3306/dsgc?useUnicode=true&characterEncoding=utf8&pinGlobalTxToPhysicalConnection=true","dbType":"mysql","name":"DataSource-21728526","activeCount":0,"activePeak":1,"activePeakTime":"2017-06-28 13:17:37","poolingCount":1,"poolingPeak":1,"poolingPeakTime":"2017-06-28 13:17:37","connectCount":5,"closeCount":5,"executeCount":5,"commitCount":5,"pstmtCacheHitCount":5,"startTransactionCount":5,"transactionHistogram":[0,0,5],"connectionHoldTimeHistogram":[0,0,5],"sqlList":[{"sql":"select applicatio0_.id as id1_3_, applicatio0_.context as context2_3_, applicatio0_.createDate as createDa3_3_, applicatio0_.ip as ip4_3_, applicatio0_.name as name5_3_, applicatio0_.port as port6_3_, applicatio0_.status as status7_3_, applicatio0_.statusName as statusNa8_3_ from base_application_agent applicatio0_ order by applicatio0_.createDate asc","executeCount":5,"executeMillisMax":2,"executeMillisTotal":10,"executeHistogram":[0,5],"executeAndResultHoldHistogram":[5],"concurrentMax":1,"fetchRowCount":2,"fetchRowHistogram":[0,5],"inTransactionCount":5}]}
2017-06-28 13:27:23,533 INFO [Druid-ConnectionPool-Log-21728526] c.a.d.p.DruidDataSourceStatLoggerImpl [DruidDataSourceStatLoggerImpl.java : 77] {"url":"jdbc:mysql://192.168.0.94:3306/dsgc?useUnicode=true&characterEncoding=utf8&pinGlobalTxToPhysicalConnection=true","dbType":"mysql","name":"DataSource-21728526","activeCount":0,"activePeak":1,"activePeakTime":"2017-06-28 13:22:37","poolingCount":1,"poolingPeak":1,"poolingPeakTime":"2017-06-28 13:22:37","connectCount":5,"closeCount":5,"executeCount":5,"commitCount":5,"pstmtCacheHitCount":5,"startTransactionCount":5,"transactionHistogram":[0,0,5],"connectionHoldTimeHistogram":[0,0,5],"sqlList":[{"sql":"select applicatio0_.id as id1_3_, applicatio0_.context as context2_3_, applicatio0_.createDate as createDa3_3_, applicatio0_.ip as ip4_3_, applicatio0_.name as name5_3_, applicatio0_.port as port6_3_, applicatio0_.status as status7_3_, applicatio0_.statusName as statusNa8_3_ from base_application_agent applicatio0_ order by applicatio0_.createDate asc","executeCount":5,"executeMillisMax":2,"executeMillisTotal":10,"executeHistogram":[0,5],"executeAndResultHoldHistogram":[5],"concurrentMax":1,"fetchRowCount":2,"fetchRowHistogram":[0,5],"inTransactionCount":5}]}
2017-06-28 13:32:23,535 INFO [Druid-ConnectionPool-Log-21728526] c.a.d.p.DruidDataSourceStatLoggerImpl [DruidDataSourceStatLoggerImpl.java : 77] {"url":"jdbc:mysql://192.168.0.94:3306/dsgc?useUnicode=true&characterEncoding=utf8&pinGlobalTxToPhysicalConnection=true","dbType":"mysql","name":"DataSource-21728526","activeCount":0,"activePeak":1,"activePeakTime":"2017-06-28 13:27:37","poolingCount":1,"poolingPeak":1,"poolingPeakTime":"2017-06-28 13:27:37","connectCount":5,"closeCount":5,"executeCount":5,"commitCount":5,"pstmtCacheHitCount":5,"startTransactionCount":5,"transactionHistogram":[0,0,5],"connectionHoldTimeHistogram":[0,0,5],"sqlList":[{"sql":"select applicatio0_.id as id1_3_, applicatio0_.context as context2_3_, applicatio0_.createDate as createDa3_3_, applicatio0_.ip as ip4_3_, applicatio0_.name as name5_3_, applicatio0_.port as port6_3_, applicatio0_.status as status7_3_, applicatio0_.statusName as statusNa8_3_ from base_application_agent applicatio0_ order by applicatio0_.createDate asc","executeCount":5,"executeMillisMax":2,"executeMillisTotal":10,"executeHistogram":[0,5],"executeAndResultHoldHistogram":[5],"concurrentMax":1,"fetchRowCount":2,"fetchRowHistogram":[0,5],"inTransactionCount":5}]}
2017-06-28 13:32:37,619 INFO [qtp30573934-247] o.a.g.p.dao.CommonRepositoryImpl [CommonRepositoryImpl.java : 497] qlString = {FROM AppAndAgent WHERE 1=1}
2017-06-28 13:32:37,621 INFO [qtp30573934-247] o.a.g.p.dao.CommonRepositoryImpl [CommonRepositoryImpl.java : 701] conIndex = {17}
2017-06-28 13:32:37,622 INFO [qtp30573934-247] o.a.g.p.dao.CommonRepositoryImpl [CommonRepositoryImpl.java : 706] 条件前的?个数：{0}
2017-06-28 13:32:37,623 INFO [qtp30573934-247] o.a.g.p.dao.CommonRepositoryImpl [CommonRepositoryImpl.java : 707] 条件后的?个数：{0}
2017-06-28 13:32:37,624 INFO [qtp30573934-247] o.a.g.p.dao.CommonRepositoryImpl [CommonRepositoryImpl.java : 708] 条件的起始位置：{0}
2017-06-28 13:32:37,625 INFO [qtp30573934-247] o.a.g.p.dao.CommonRepositoryImpl [CommonRepositoryImpl.java : 674] condition = {}
2017-06-28 13:32:37,625 INFO [qtp30573934-247] o.a.g.p.dao.CommonRepositoryImpl [CommonRepositoryImpl.java : 482] order = { ORDER BY createDate DESC}
2017-06-28 13:32:37,626 INFO [qtp30573934-247] o.a.g.p.dao.CommonRepositoryImpl [CommonRepositoryImpl.java : 420] list_ql = {FROM AppAndAgent  WHERE 1=1  ORDER BY createDate DESC}
2017-06-28 13:32:37,627 INFO [qtp30573934-247] o.a.g.p.dao.CommonRepositoryImpl [CommonRepositoryImpl.java : 152] count_ql = {SELECT count(*) FROM AppAndAgent  WHERE 1=1 }
2017-06-28 13:32:37,632 INFO [qtp30573934-247] o.a.g.p.dao.CommonRepositoryImpl [CommonRepositoryImpl.java : 737] executeCount totalRows = {2}
2017-06-28 13:32:58,434 INFO [qtp30573934-17] o.a.g.p.dao.CommonRepositoryImpl [CommonRepositoryImpl.java : 497] qlString = {FROM AppAndAgent WHERE 1=1}
2017-06-28 13:32:58,436 INFO [qtp30573934-17] o.a.g.p.dao.CommonRepositoryImpl [CommonRepositoryImpl.java : 701] conIndex = {17}
2017-06-28 13:32:58,437 INFO [qtp30573934-17] o.a.g.p.dao.CommonRepositoryImpl [CommonRepositoryImpl.java : 706] 条件前的?个数：{0}
2017-06-28 13:32:58,438 INFO [qtp30573934-17] o.a.g.p.dao.CommonRepositoryImpl [CommonRepositoryImpl.java : 707] 条件后的?个数：{0}
2017-06-28 13:32:58,439 INFO [qtp30573934-17] o.a.g.p.dao.CommonRepositoryImpl [CommonRepositoryImpl.java : 708] 条件的起始位置：{0}
2017-06-28 13:32:58,440 INFO [qtp30573934-17] o.a.g.p.dao.CommonRepositoryImpl [CommonRepositoryImpl.java : 674] condition = {}
2017-06-28 13:32:58,442 INFO [qtp30573934-17] o.a.g.p.dao.CommonRepositoryImpl [CommonRepositoryImpl.java : 482] order = { ORDER BY createDate DESC}
2017-06-28 13:32:58,443 INFO [qtp30573934-17] o.a.g.p.dao.CommonRepositoryImpl [CommonRepositoryImpl.java : 420] list_ql = {FROM AppAndAgent  WHERE 1=1  ORDER BY createDate DESC}
2017-06-28 13:32:58,444 INFO [qtp30573934-17] o.a.g.p.dao.CommonRepositoryImpl [CommonRepositoryImpl.java : 152] count_ql = {SELECT count(*) FROM AppAndAgent  WHERE 1=1 }
2017-06-28 13:32:58,447 INFO [qtp30573934-17] o.a.g.p.dao.CommonRepositoryImpl [CommonRepositoryImpl.java : 737] executeCount totalRows = {2}
2017-06-28 13:33:51,052 INFO [qtp30573934-251] o.a.g.p.dao.CommonRepositoryImpl [CommonRepositoryImpl.java : 497] qlString = {FROM AppAndAgent WHERE 1=1}
2017-06-28 13:33:51,054 INFO [qtp30573934-251] o.a.g.p.dao.CommonRepositoryImpl [CommonRepositoryImpl.java : 701] conIndex = {17}
2017-06-28 13:33:51,054 INFO [qtp30573934-251] o.a.g.p.dao.CommonRepositoryImpl [CommonRepositoryImpl.java : 706] 条件前的?个数：{0}
2017-06-28 13:33:51,055 INFO [qtp30573934-251] o.a.g.p.dao.CommonRepositoryImpl [CommonRepositoryImpl.java : 707] 条件后的?个数：{0}
2017-06-28 13:33:51,056 INFO [qtp30573934-251] o.a.g.p.dao.CommonRepositoryImpl [CommonRepositoryImpl.java : 708] 条件的起始位置：{0}
2017-06-28 13:33:51,057 INFO [qtp30573934-251] o.a.g.p.dao.CommonRepositoryImpl [CommonRepositoryImpl.java : 674] condition = {}
2017-06-28 13:33:51,058 INFO [qtp30573934-251] o.a.g.p.dao.CommonRepositoryImpl [CommonRepositoryImpl.java : 482] order = { ORDER BY createDate DESC}
2017-06-28 13:33:51,059 INFO [qtp30573934-251] o.a.g.p.dao.CommonRepositoryImpl [CommonRepositoryImpl.java : 420] list_ql = {FROM AppAndAgent  WHERE 1=1  ORDER BY createDate DESC}
2017-06-28 13:33:51,060 INFO [qtp30573934-251] o.a.g.p.dao.CommonRepositoryImpl [CommonRepositoryImpl.java : 152] count_ql = {SELECT count(*) FROM AppAndAgent  WHERE 1=1 }
2017-06-28 13:33:51,064 INFO [qtp30573934-251] o.a.g.p.dao.CommonRepositoryImpl [CommonRepositoryImpl.java : 737] executeCount totalRows = {2}
2017-06-28 13:34:28,771 INFO [qtp30573934-63] o.a.g.p.dao.CommonRepositoryImpl [CommonRepositoryImpl.java : 497] qlString = {FROM AppAndAgent WHERE 1=1}
2017-06-28 13:34:28,772 INFO [qtp30573934-63] o.a.g.p.dao.CommonRepositoryImpl [CommonRepositoryImpl.java : 701] conIndex = {17}
2017-06-28 13:34:28,773 INFO [qtp30573934-63] o.a.g.p.dao.CommonRepositoryImpl [CommonRepositoryImpl.java : 706] 条件前的?个数：{0}
2017-06-28 13:34:28,774 INFO [qtp30573934-63] o.a.g.p.dao.CommonRepositoryImpl [CommonRepositoryImpl.java : 707] 条件后的?个数：{0}
2017-06-28 13:34:28,775 INFO [qtp30573934-63] o.a.g.p.dao.CommonRepositoryImpl [CommonRepositoryImpl.java : 708] 条件的起始位置：{0}
2017-06-28 13:34:28,776 INFO [qtp30573934-63] o.a.g.p.dao.CommonRepositoryImpl [CommonRepositoryImpl.java : 674] condition = {}
2017-06-28 13:34:28,777 INFO [qtp30573934-63] o.a.g.p.dao.CommonRepositoryImpl [CommonRepositoryImpl.java : 482] order = { ORDER BY createDate DESC}
2017-06-28 13:34:28,778 INFO [qtp30573934-63] o.a.g.p.dao.CommonRepositoryImpl [CommonRepositoryImpl.java : 420] list_ql = {FROM AppAndAgent  WHERE 1=1  ORDER BY createDate DESC}
2017-06-28 13:34:28,779 INFO [qtp30573934-63] o.a.g.p.dao.CommonRepositoryImpl [CommonRepositoryImpl.java : 152] count_ql = {SELECT count(*) FROM AppAndAgent  WHERE 1=1 }
2017-06-28 13:34:28,783 INFO [qtp30573934-63] o.a.g.p.dao.CommonRepositoryImpl [CommonRepositoryImpl.java : 737] executeCount totalRows = {2}
2017-06-28 13:34:37,969 INFO [qtp30573934-17] o.a.g.p.dao.CommonRepositoryImpl [CommonRepositoryImpl.java : 497] qlString = {FROM AppAndAgent WHERE 1=1}
2017-06-28 13:34:37,971 INFO [qtp30573934-17] o.a.g.p.dao.CommonRepositoryImpl [CommonRepositoryImpl.java : 701] conIndex = {17}
2017-06-28 13:34:37,972 INFO [qtp30573934-17] o.a.g.p.dao.CommonRepositoryImpl [CommonRepositoryImpl.java : 706] 条件前的?个数：{0}
2017-06-28 13:34:37,973 INFO [qtp30573934-17] o.a.g.p.dao.CommonRepositoryImpl [CommonRepositoryImpl.java : 707] 条件后的?个数：{0}
2017-06-28 13:34:37,975 INFO [qtp30573934-17] o.a.g.p.dao.CommonRepositoryImpl [CommonRepositoryImpl.java : 708] 条件的起始位置：{0}
2017-06-28 13:34:37,976 INFO [qtp30573934-17] o.a.g.p.dao.CommonRepositoryImpl [CommonRepositoryImpl.java : 674] condition = {}
2017-06-28 13:34:37,977 INFO [qtp30573934-17] o.a.g.p.dao.CommonRepositoryImpl [CommonRepositoryImpl.java : 482] order = { ORDER BY createDate DESC}
2017-06-28 13:34:37,978 INFO [qtp30573934-17] o.a.g.p.dao.CommonRepositoryImpl [CommonRepositoryImpl.java : 420] list_ql = {FROM AppAndAgent  WHERE 1=1  ORDER BY createDate DESC}
2017-06-28 13:34:37,979 INFO [qtp30573934-17] o.a.g.p.dao.CommonRepositoryImpl [CommonRepositoryImpl.java : 152] count_ql = {SELECT count(*) FROM AppAndAgent  WHERE 1=1 }
2017-06-28 13:34:38,111 INFO [qtp30573934-17] o.a.g.p.dao.CommonRepositoryImpl [CommonRepositoryImpl.java : 737] executeCount totalRows = {2}
2017-06-28 13:34:41,001 INFO [qtp30573934-249] o.a.g.p.dao.CommonRepositoryImpl [CommonRepositoryImpl.java : 497] qlString = {FROM AppAndAgent WHERE 1=1}
2017-06-28 13:34:41,001 INFO [qtp30573934-249] o.a.g.p.dao.CommonRepositoryImpl [CommonRepositoryImpl.java : 701] conIndex = {17}
2017-06-28 13:34:41,001 INFO [qtp30573934-249] o.a.g.p.dao.CommonRepositoryImpl [CommonRepositoryImpl.java : 706] 条件前的?个数：{0}
2017-06-28 13:34:41,001 INFO [qtp30573934-249] o.a.g.p.dao.CommonRepositoryImpl [CommonRepositoryImpl.java : 707] 条件后的?个数：{0}
2017-06-28 13:34:41,001 INFO [qtp30573934-249] o.a.g.p.dao.CommonRepositoryImpl [CommonRepositoryImpl.java : 708] 条件的起始位置：{0}
2017-06-28 13:34:41,017 INFO [qtp30573934-249] o.a.g.p.dao.CommonRepositoryImpl [CommonRepositoryImpl.java : 674] condition = {}
2017-06-28 13:34:41,018 INFO [qtp30573934-249] o.a.g.p.dao.CommonRepositoryImpl [CommonRepositoryImpl.java : 482] order = { ORDER BY createDate DESC}
2017-06-28 13:34:41,019 INFO [qtp30573934-249] o.a.g.p.dao.CommonRepositoryImpl [CommonRepositoryImpl.java : 420] list_ql = {FROM AppAndAgent  WHERE 1=1  ORDER BY createDate DESC}
2017-06-28 13:34:41,020 INFO [qtp30573934-249] o.a.g.p.dao.CommonRepositoryImpl [CommonRepositoryImpl.java : 152] count_ql = {SELECT count(*) FROM AppAndAgent  WHERE 1=1 }
2017-06-28 13:34:41,023 INFO [qtp30573934-249] o.a.g.p.dao.CommonRepositoryImpl [CommonRepositoryImpl.java : 737] executeCount totalRows = {2}
2017-06-28 13:34:44,063 INFO [qtp30573934-253] o.a.g.p.dao.CommonRepositoryImpl [CommonRepositoryImpl.java : 497] qlString = {FROM AppAndAgent WHERE 1=1}
2017-06-28 13:34:44,064 INFO [qtp30573934-253] o.a.g.p.dao.CommonRepositoryImpl [CommonRepositoryImpl.java : 701] conIndex = {17}
2017-06-28 13:34:44,065 INFO [qtp30573934-253] o.a.g.p.dao.CommonRepositoryImpl [CommonRepositoryImpl.java : 706] 条件前的?个数：{0}
2017-06-28 13:34:44,066 INFO [qtp30573934-253] o.a.g.p.dao.CommonRepositoryImpl [CommonRepositoryImpl.java : 707] 条件后的?个数：{0}
2017-06-28 13:34:44,066 INFO [qtp30573934-253] o.a.g.p.dao.CommonRepositoryImpl [CommonRepositoryImpl.java : 708] 条件的起始位置：{0}
2017-06-28 13:34:44,066 INFO [qtp30573934-253] o.a.g.p.dao.CommonRepositoryImpl [CommonRepositoryImpl.java : 674] condition = {}
2017-06-28 13:34:44,066 INFO [qtp30573934-253] o.a.g.p.dao.CommonRepositoryImpl [CommonRepositoryImpl.java : 482] order = { ORDER BY createDate DESC}
2017-06-28 13:34:44,066 INFO [qtp30573934-253] o.a.g.p.dao.CommonRepositoryImpl [CommonRepositoryImpl.java : 420] list_ql = {FROM AppAndAgent  WHERE 1=1  ORDER BY createDate DESC}
2017-06-28 13:34:44,066 INFO [qtp30573934-253] o.a.g.p.dao.CommonRepositoryImpl [CommonRepositoryImpl.java : 152] count_ql = {SELECT count(*) FROM AppAndAgent  WHERE 1=1 }
2017-06-28 13:34:44,066 INFO [qtp30573934-253] o.a.g.p.dao.CommonRepositoryImpl [CommonRepositoryImpl.java : 737] executeCount totalRows = {2}
2017-06-28 13:34:46,979 INFO [qtp30573934-63] o.a.g.p.dao.CommonRepositoryImpl [CommonRepositoryImpl.java : 497] qlString = {FROM AppAndAgent WHERE 1=1}
2017-06-28 13:34:46,979 INFO [qtp30573934-63] o.a.g.p.dao.CommonRepositoryImpl [CommonRepositoryImpl.java : 701] conIndex = {17}
2017-06-28 13:34:46,979 INFO [qtp30573934-63] o.a.g.p.dao.CommonRepositoryImpl [CommonRepositoryImpl.java : 706] 条件前的?个数：{0}
2017-06-28 13:34:46,979 INFO [qtp30573934-63] o.a.g.p.dao.CommonRepositoryImpl [CommonRepositoryImpl.java : 707] 条件后的?个数：{0}
2017-06-28 13:34:46,979 INFO [qtp30573934-63] o.a.g.p.dao.CommonRepositoryImpl [CommonRepositoryImpl.java : 708] 条件的起始位置：{0}
2017-06-28 13:34:46,979 INFO [qtp30573934-63] o.a.g.p.dao.CommonRepositoryImpl [CommonRepositoryImpl.java : 674] condition = {}
2017-06-28 13:34:46,979 INFO [qtp30573934-63] o.a.g.p.dao.CommonRepositoryImpl [CommonRepositoryImpl.java : 482] order = { ORDER BY createDate DESC}
2017-06-28 13:34:46,979 INFO [qtp30573934-63] o.a.g.p.dao.CommonRepositoryImpl [CommonRepositoryImpl.java : 420] list_ql = {FROM AppAndAgent  WHERE 1=1  ORDER BY createDate DESC}
2017-06-28 13:34:46,979 INFO [qtp30573934-63] o.a.g.p.dao.CommonRepositoryImpl [CommonRepositoryImpl.java : 152] count_ql = {SELECT count(*) FROM AppAndAgent  WHERE 1=1 }
2017-06-28 13:34:46,996 INFO [qtp30573934-63] o.a.g.p.dao.CommonRepositoryImpl [CommonRepositoryImpl.java : 737] executeCount totalRows = {2}
2017-06-28 13:34:50,274 INFO [qtp30573934-152] o.a.g.p.dao.CommonRepositoryImpl [CommonRepositoryImpl.java : 497] qlString = {FROM AppAndAgent WHERE 1=1}
2017-06-28 13:34:50,274 INFO [qtp30573934-152] o.a.g.p.dao.CommonRepositoryImpl [CommonRepositoryImpl.java : 701] conIndex = {17}
2017-06-28 13:34:50,274 INFO [qtp30573934-152] o.a.g.p.dao.CommonRepositoryImpl [CommonRepositoryImpl.java : 706] 条件前的?个数：{0}
2017-06-28 13:34:50,274 INFO [qtp30573934-152] o.a.g.p.dao.CommonRepositoryImpl [CommonRepositoryImpl.java : 707] 条件后的?个数：{0}
2017-06-28 13:34:50,274 INFO [qtp30573934-152] o.a.g.p.dao.CommonRepositoryImpl [CommonRepositoryImpl.java : 708] 条件的起始位置：{0}
2017-06-28 13:34:50,274 INFO [qtp30573934-152] o.a.g.p.dao.CommonRepositoryImpl [CommonRepositoryImpl.java : 674] condition = {}
2017-06-28 13:34:50,274 INFO [qtp30573934-152] o.a.g.p.dao.CommonRepositoryImpl [CommonRepositoryImpl.java : 482] order = { ORDER BY createDate DESC}
2017-06-28 13:34:50,274 INFO [qtp30573934-152] o.a.g.p.dao.CommonRepositoryImpl [CommonRepositoryImpl.java : 420] list_ql = {FROM AppAndAgent  WHERE 1=1  ORDER BY createDate DESC}
2017-06-28 13:34:50,289 INFO [qtp30573934-152] o.a.g.p.dao.CommonRepositoryImpl [CommonRepositoryImpl.java : 152] count_ql = {SELECT count(*) FROM AppAndAgent  WHERE 1=1 }
2017-06-28 13:34:50,289 INFO [qtp30573934-152] o.a.g.p.dao.CommonRepositoryImpl [CommonRepositoryImpl.java : 737] executeCount totalRows = {2}
2017-06-28 13:34:53,274 INFO [qtp30573934-247] o.a.g.p.dao.CommonRepositoryImpl [CommonRepositoryImpl.java : 497] qlString = {FROM AppAndAgent WHERE 1=1}
2017-06-28 13:34:53,274 INFO [qtp30573934-247] o.a.g.p.dao.CommonRepositoryImpl [CommonRepositoryImpl.java : 701] conIndex = {17}
2017-06-28 13:34:53,274 INFO [qtp30573934-247] o.a.g.p.dao.CommonRepositoryImpl [CommonRepositoryImpl.java : 706] 条件前的?个数：{0}
2017-06-28 13:34:53,274 INFO [qtp30573934-247] o.a.g.p.dao.CommonRepositoryImpl [CommonRepositoryImpl.java : 707] 条件后的?个数：{0}
2017-06-28 13:34:53,274 INFO [qtp30573934-247] o.a.g.p.dao.CommonRepositoryImpl [CommonRepositoryImpl.java : 708] 条件的起始位置：{0}
2017-06-28 13:34:53,274 INFO [qtp30573934-247] o.a.g.p.dao.CommonRepositoryImpl [CommonRepositoryImpl.java : 674] condition = {}
2017-06-28 13:34:53,274 INFO [qtp30573934-247] o.a.g.p.dao.CommonRepositoryImpl [CommonRepositoryImpl.java : 482] order = { ORDER BY createDate DESC}
2017-06-28 13:34:53,274 INFO [qtp30573934-247] o.a.g.p.dao.CommonRepositoryImpl [CommonRepositoryImpl.java : 420] list_ql = {FROM AppAndAgent  WHERE 1=1  ORDER BY createDate DESC}
2017-06-28 13:34:53,289 INFO [qtp30573934-247] o.a.g.p.dao.CommonRepositoryImpl [CommonRepositoryImpl.java : 152] count_ql = {SELECT count(*) FROM AppAndAgent  WHERE 1=1 }
2017-06-28 13:34:53,289 INFO [qtp30573934-247] o.a.g.p.dao.CommonRepositoryImpl [CommonRepositoryImpl.java : 737] executeCount totalRows = {2}
2017-06-28 13:34:56,370 INFO [qtp30573934-251] o.a.g.p.dao.CommonRepositoryImpl [CommonRepositoryImpl.java : 497] qlString = {FROM AppAndAgent WHERE 1=1}
2017-06-28 13:34:56,385 INFO [qtp30573934-251] o.a.g.p.dao.CommonRepositoryImpl [CommonRepositoryImpl.java : 701] conIndex = {17}
2017-06-28 13:34:56,385 INFO [qtp30573934-251] o.a.g.p.dao.CommonRepositoryImpl [CommonRepositoryImpl.java : 706] 条件前的?个数：{0}
2017-06-28 13:34:56,385 INFO [qtp30573934-251] o.a.g.p.dao.CommonRepositoryImpl [CommonRepositoryImpl.java : 707] 条件后的?个数：{0}
2017-06-28 13:34:56,385 INFO [qtp30573934-251] o.a.g.p.dao.CommonRepositoryImpl [CommonRepositoryImpl.java : 708] 条件的起始位置：{0}
2017-06-28 13:34:56,385 INFO [qtp30573934-251] o.a.g.p.dao.CommonRepositoryImpl [CommonRepositoryImpl.java : 674] condition = {}
2017-06-28 13:34:56,385 INFO [qtp30573934-251] o.a.g.p.dao.CommonRepositoryImpl [CommonRepositoryImpl.java : 482] order = { ORDER BY createDate DESC}
2017-06-28 13:34:56,385 INFO [qtp30573934-251] o.a.g.p.dao.CommonRepositoryImpl [CommonRepositoryImpl.java : 420] list_ql = {FROM AppAndAgent  WHERE 1=1  ORDER BY createDate DESC}
2017-06-28 13:34:56,385 INFO [qtp30573934-251] o.a.g.p.dao.CommonRepositoryImpl [CommonRepositoryImpl.java : 152] count_ql = {SELECT count(*) FROM AppAndAgent  WHERE 1=1 }
2017-06-28 13:34:56,385 INFO [qtp30573934-251] o.a.g.p.dao.CommonRepositoryImpl [CommonRepositoryImpl.java : 737] executeCount totalRows = {2}
2017-06-28 13:34:59,272 INFO [qtp30573934-252] o.a.g.p.dao.CommonRepositoryImpl [CommonRepositoryImpl.java : 497] qlString = {FROM AppAndAgent WHERE 1=1}
2017-06-28 13:34:59,272 INFO [qtp30573934-252] o.a.g.p.dao.CommonRepositoryImpl [CommonRepositoryImpl.java : 701] conIndex = {17}
2017-06-28 13:34:59,272 INFO [qtp30573934-252] o.a.g.p.dao.CommonRepositoryImpl [CommonRepositoryImpl.java : 706] 条件前的?个数：{0}
2017-06-28 13:34:59,272 INFO [qtp30573934-252] o.a.g.p.dao.CommonRepositoryImpl [CommonRepositoryImpl.java : 707] 条件后的?个数：{0}
2017-06-28 13:34:59,272 INFO [qtp30573934-252] o.a.g.p.dao.CommonRepositoryImpl [CommonRepositoryImpl.java : 708] 条件的起始位置：{0}
2017-06-28 13:34:59,272 INFO [qtp30573934-252] o.a.g.p.dao.CommonRepositoryImpl [CommonRepositoryImpl.java : 674] condition = {}
2017-06-28 13:34:59,272 INFO [qtp30573934-252] o.a.g.p.dao.CommonRepositoryImpl [CommonRepositoryImpl.java : 482] order = { ORDER BY createDate DESC}
2017-06-28 13:34:59,272 INFO [qtp30573934-252] o.a.g.p.dao.CommonRepositoryImpl [CommonRepositoryImpl.java : 420] list_ql = {FROM AppAndAgent  WHERE 1=1  ORDER BY createDate DESC}
2017-06-28 13:34:59,287 INFO [qtp30573934-252] o.a.g.p.dao.CommonRepositoryImpl [CommonRepositoryImpl.java : 152] count_ql = {SELECT count(*) FROM AppAndAgent  WHERE 1=1 }
2017-06-28 13:34:59,289 INFO [qtp30573934-252] o.a.g.p.dao.CommonRepositoryImpl [CommonRepositoryImpl.java : 737] executeCount totalRows = {2}
2017-06-28 13:35:01,976 INFO [qtp30573934-249] o.a.g.p.dao.CommonRepositoryImpl [CommonRepositoryImpl.java : 497] qlString = {FROM AppAndAgent WHERE 1=1}
2017-06-28 13:35:01,976 INFO [qtp30573934-249] o.a.g.p.dao.CommonRepositoryImpl [CommonRepositoryImpl.java : 701] conIndex = {17}
2017-06-28 13:35:01,976 INFO [qtp30573934-249] o.a.g.p.dao.CommonRepositoryImpl [CommonRepositoryImpl.java : 706] 条件前的?个数：{0}
2017-06-28 13:35:01,976 INFO [qtp30573934-249] o.a.g.p.dao.CommonRepositoryImpl [CommonRepositoryImpl.java : 707] 条件后的?个数：{0}
2017-06-28 13:35:01,992 INFO [qtp30573934-249] o.a.g.p.dao.CommonRepositoryImpl [CommonRepositoryImpl.java : 708] 条件的起始位置：{0}
2017-06-28 13:35:01,993 INFO [qtp30573934-249] o.a.g.p.dao.CommonRepositoryImpl [CommonRepositoryImpl.java : 674] condition = {}
2017-06-28 13:35:01,994 INFO [qtp30573934-249] o.a.g.p.dao.CommonRepositoryImpl [CommonRepositoryImpl.java : 482] order = { ORDER BY createDate DESC}
2017-06-28 13:35:01,995 INFO [qtp30573934-249] o.a.g.p.dao.CommonRepositoryImpl [CommonRepositoryImpl.java : 420] list_ql = {FROM AppAndAgent  WHERE 1=1  ORDER BY createDate DESC}
2017-06-28 13:35:01,996 INFO [qtp30573934-249] o.a.g.p.dao.CommonRepositoryImpl [CommonRepositoryImpl.java : 152] count_ql = {SELECT count(*) FROM AppAndAgent  WHERE 1=1 }
2017-06-28 13:35:02,000 INFO [qtp30573934-249] o.a.g.p.dao.CommonRepositoryImpl [CommonRepositoryImpl.java : 737] executeCount totalRows = {2}
2017-06-28 13:35:07,378 INFO [qtp30573934-251] o.a.g.p.dao.CommonRepositoryImpl [CommonRepositoryImpl.java : 497] qlString = {FROM AppAndAgent WHERE 1=1}
2017-06-28 13:35:07,379 INFO [qtp30573934-251] o.a.g.p.dao.CommonRepositoryImpl [CommonRepositoryImpl.java : 701] conIndex = {17}
2017-06-28 13:35:07,380 INFO [qtp30573934-251] o.a.g.p.dao.CommonRepositoryImpl [CommonRepositoryImpl.java : 706] 条件前的?个数：{0}
2017-06-28 13:35:07,381 INFO [qtp30573934-251] o.a.g.p.dao.CommonRepositoryImpl [CommonRepositoryImpl.java : 707] 条件后的?个数：{0}
2017-06-28 13:35:07,382 INFO [qtp30573934-251] o.a.g.p.dao.CommonRepositoryImpl [CommonRepositoryImpl.java : 708] 条件的起始位置：{0}
2017-06-28 13:35:07,383 INFO [qtp30573934-251] o.a.g.p.dao.CommonRepositoryImpl [CommonRepositoryImpl.java : 674] condition = {}
2017-06-28 13:35:07,384 INFO [qtp30573934-251] o.a.g.p.dao.CommonRepositoryImpl [CommonRepositoryImpl.java : 482] order = { ORDER BY createDate DESC}
2017-06-28 13:35:07,385 INFO [qtp30573934-251] o.a.g.p.dao.CommonRepositoryImpl [CommonRepositoryImpl.java : 420] list_ql = {FROM AppAndAgent  WHERE 1=1  ORDER BY createDate DESC}
2017-06-28 13:35:07,386 INFO [qtp30573934-251] o.a.g.p.dao.CommonRepositoryImpl [CommonRepositoryImpl.java : 152] count_ql = {SELECT count(*) FROM AppAndAgent  WHERE 1=1 }
2017-06-28 13:35:07,390 INFO [qtp30573934-251] o.a.g.p.dao.CommonRepositoryImpl [CommonRepositoryImpl.java : 737] executeCount totalRows = {2}
2017-06-28 13:35:14,766 INFO [qtp30573934-152] o.a.g.p.dao.CommonRepositoryImpl [CommonRepositoryImpl.java : 497] qlString = {FROM AppAndAgent WHERE 1=1}
2017-06-28 13:35:14,768 INFO [qtp30573934-152] o.a.g.p.dao.CommonRepositoryImpl [CommonRepositoryImpl.java : 701] conIndex = {17}
2017-06-28 13:35:14,770 INFO [qtp30573934-152] o.a.g.p.dao.CommonRepositoryImpl [CommonRepositoryImpl.java : 706] 条件前的?个数：{0}
2017-06-28 13:35:14,771 INFO [qtp30573934-152] o.a.g.p.dao.CommonRepositoryImpl [CommonRepositoryImpl.java : 707] 条件后的?个数：{0}
2017-06-28 13:35:14,772 INFO [qtp30573934-152] o.a.g.p.dao.CommonRepositoryImpl [CommonRepositoryImpl.java : 708] 条件的起始位置：{0}
2017-06-28 13:35:14,773 INFO [qtp30573934-152] o.a.g.p.dao.CommonRepositoryImpl [CommonRepositoryImpl.java : 674] condition = {}
2017-06-28 13:35:14,774 INFO [qtp30573934-152] o.a.g.p.dao.CommonRepositoryImpl [CommonRepositoryImpl.java : 482] order = { ORDER BY createDate DESC}
2017-06-28 13:35:14,775 INFO [qtp30573934-152] o.a.g.p.dao.CommonRepositoryImpl [CommonRepositoryImpl.java : 420] list_ql = {FROM AppAndAgent  WHERE 1=1  ORDER BY createDate DESC}
2017-06-28 13:35:14,776 INFO [qtp30573934-152] o.a.g.p.dao.CommonRepositoryImpl [CommonRepositoryImpl.java : 152] count_ql = {SELECT count(*) FROM AppAndAgent  WHERE 1=1 }
2017-06-28 13:35:14,780 INFO [qtp30573934-152] o.a.g.p.dao.CommonRepositoryImpl [CommonRepositoryImpl.java : 737] executeCount totalRows = {2}
2017-06-28 13:35:22,347 INFO [qtp30573934-251] o.a.g.p.dao.CommonRepositoryImpl [CommonRepositoryImpl.java : 497] qlString = {FROM AppAndAgent WHERE 1=1}
2017-06-28 13:35:22,347 INFO [qtp30573934-251] o.a.g.p.dao.CommonRepositoryImpl [CommonRepositoryImpl.java : 701] conIndex = {17}
2017-06-28 13:35:22,347 INFO [qtp30573934-251] o.a.g.p.dao.CommonRepositoryImpl [CommonRepositoryImpl.java : 706] 条件前的?个数：{0}
2017-06-28 13:35:22,347 INFO [qtp30573934-251] o.a.g.p.dao.CommonRepositoryImpl [CommonRepositoryImpl.java : 707] 条件后的?个数：{0}
2017-06-28 13:35:22,347 INFO [qtp30573934-251] o.a.g.p.dao.CommonRepositoryImpl [CommonRepositoryImpl.java : 708] 条件的起始位置：{0}
2017-06-28 13:35:22,347 INFO [qtp30573934-251] o.a.g.p.dao.CommonRepositoryImpl [CommonRepositoryImpl.java : 674] condition = {}
2017-06-28 13:35:22,347 INFO [qtp30573934-251] o.a.g.p.dao.CommonRepositoryImpl [CommonRepositoryImpl.java : 482] order = { ORDER BY createDate DESC}
2017-06-28 13:35:22,347 INFO [qtp30573934-251] o.a.g.p.dao.CommonRepositoryImpl [CommonRepositoryImpl.java : 420] list_ql = {FROM AppAndAgent  WHERE 1=1  ORDER BY createDate DESC}
2017-06-28 13:35:22,347 INFO [qtp30573934-251] o.a.g.p.dao.CommonRepositoryImpl [CommonRepositoryImpl.java : 152] count_ql = {SELECT count(*) FROM AppAndAgent  WHERE 1=1 }
2017-06-28 13:35:22,347 INFO [qtp30573934-251] o.a.g.p.dao.CommonRepositoryImpl [CommonRepositoryImpl.java : 737] executeCount totalRows = {2}
2017-06-28 13:35:37,383 INFO [qtp30573934-252] o.a.g.p.dao.CommonRepositoryImpl [CommonRepositoryImpl.java : 497] qlString = {FROM AppAndAgent WHERE 1=1}
2017-06-28 13:35:37,384 INFO [qtp30573934-252] o.a.g.p.dao.CommonRepositoryImpl [CommonRepositoryImpl.java : 701] conIndex = {17}
2017-06-28 13:35:37,385 INFO [qtp30573934-252] o.a.g.p.dao.CommonRepositoryImpl [CommonRepositoryImpl.java : 706] 条件前的?个数：{0}
2017-06-28 13:35:37,386 INFO [qtp30573934-252] o.a.g.p.dao.CommonRepositoryImpl [CommonRepositoryImpl.java : 707] 条件后的?个数：{0}
2017-06-28 13:35:37,387 INFO [qtp30573934-252] o.a.g.p.dao.CommonRepositoryImpl [CommonRepositoryImpl.java : 708] 条件的起始位置：{0}
2017-06-28 13:35:37,388 INFO [qtp30573934-252] o.a.g.p.dao.CommonRepositoryImpl [CommonRepositoryImpl.java : 674] condition = {}
2017-06-28 13:35:37,389 INFO [qtp30573934-252] o.a.g.p.dao.CommonRepositoryImpl [CommonRepositoryImpl.java : 482] order = { ORDER BY createDate DESC}
2017-06-28 13:35:37,390 INFO [qtp30573934-252] o.a.g.p.dao.CommonRepositoryImpl [CommonRepositoryImpl.java : 420] list_ql = {FROM AppAndAgent  WHERE 1=1  ORDER BY createDate DESC}
2017-06-28 13:35:37,391 INFO [qtp30573934-252] o.a.g.p.dao.CommonRepositoryImpl [CommonRepositoryImpl.java : 152] count_ql = {SELECT count(*) FROM AppAndAgent  WHERE 1=1 }
2017-06-28 13:35:37,395 INFO [qtp30573934-252] o.a.g.p.dao.CommonRepositoryImpl [CommonRepositoryImpl.java : 737] executeCount totalRows = {2}
2017-06-28 13:35:52,350 INFO [qtp30573934-253] o.a.g.p.dao.CommonRepositoryImpl [CommonRepositoryImpl.java : 497] qlString = {FROM AppAndAgent WHERE 1=1}
2017-06-28 13:35:52,350 INFO [qtp30573934-253] o.a.g.p.dao.CommonRepositoryImpl [CommonRepositoryImpl.java : 701] conIndex = {17}
2017-06-28 13:35:52,350 INFO [qtp30573934-253] o.a.g.p.dao.CommonRepositoryImpl [CommonRepositoryImpl.java : 706] 条件前的?个数：{0}
2017-06-28 13:35:52,350 INFO [qtp30573934-253] o.a.g.p.dao.CommonRepositoryImpl [CommonRepositoryImpl.java : 707] 条件后的?个数：{0}
2017-06-28 13:35:52,350 INFO [qtp30573934-253] o.a.g.p.dao.CommonRepositoryImpl [CommonRepositoryImpl.java : 708] 条件的起始位置：{0}
2017-06-28 13:35:52,350 INFO [qtp30573934-253] o.a.g.p.dao.CommonRepositoryImpl [CommonRepositoryImpl.java : 674] condition = {}
2017-06-28 13:35:52,350 INFO [qtp30573934-253] o.a.g.p.dao.CommonRepositoryImpl [CommonRepositoryImpl.java : 482] order = { ORDER BY createDate DESC}
2017-06-28 13:35:52,350 INFO [qtp30573934-253] o.a.g.p.dao.CommonRepositoryImpl [CommonRepositoryImpl.java : 420] list_ql = {FROM AppAndAgent  WHERE 1=1  ORDER BY createDate DESC}
2017-06-28 13:35:52,350 INFO [qtp30573934-253] o.a.g.p.dao.CommonRepositoryImpl [CommonRepositoryImpl.java : 152] count_ql = {SELECT count(*) FROM AppAndAgent  WHERE 1=1 }
2017-06-28 13:35:52,350 INFO [qtp30573934-253] o.a.g.p.dao.CommonRepositoryImpl [CommonRepositoryImpl.java : 737] executeCount totalRows = {2}
2017-06-28 13:36:07,348 INFO [qtp30573934-63] o.a.g.p.dao.CommonRepositoryImpl [CommonRepositoryImpl.java : 497] qlString = {FROM AppAndAgent WHERE 1=1}
2017-06-28 13:36:07,348 INFO [qtp30573934-63] o.a.g.p.dao.CommonRepositoryImpl [CommonRepositoryImpl.java : 701] conIndex = {17}
2017-06-28 13:36:07,348 INFO [qtp30573934-63] o.a.g.p.dao.CommonRepositoryImpl [CommonRepositoryImpl.java : 706] 条件前的?个数：{0}
2017-06-28 13:36:07,348 INFO [qtp30573934-63] o.a.g.p.dao.CommonRepositoryImpl [CommonRepositoryImpl.java : 707] 条件后的?个数：{0}
2017-06-28 13:36:07,348 INFO [qtp30573934-63] o.a.g.p.dao.CommonRepositoryImpl [CommonRepositoryImpl.java : 708] 条件的起始位置：{0}
2017-06-28 13:36:07,348 INFO [qtp30573934-63] o.a.g.p.dao.CommonRepositoryImpl [CommonRepositoryImpl.java : 674] condition = {}
2017-06-28 13:36:07,348 INFO [qtp30573934-63] o.a.g.p.dao.CommonRepositoryImpl [CommonRepositoryImpl.java : 482] order = { ORDER BY createDate DESC}
2017-06-28 13:36:07,348 INFO [qtp30573934-63] o.a.g.p.dao.CommonRepositoryImpl [CommonRepositoryImpl.java : 420] list_ql = {FROM AppAndAgent  WHERE 1=1  ORDER BY createDate DESC}
2017-06-28 13:36:07,348 INFO [qtp30573934-63] o.a.g.p.dao.CommonRepositoryImpl [CommonRepositoryImpl.java : 152] count_ql = {SELECT count(*) FROM AppAndAgent  WHERE 1=1 }
2017-06-28 13:36:07,348 INFO [qtp30573934-63] o.a.g.p.dao.CommonRepositoryImpl [CommonRepositoryImpl.java : 737] executeCount totalRows = {2}
2017-06-28 13:36:22,458 INFO [qtp30573934-252] o.a.g.p.dao.CommonRepositoryImpl [CommonRepositoryImpl.java : 497] qlString = {FROM AppAndAgent WHERE 1=1}
2017-06-28 13:36:22,458 INFO [qtp30573934-252] o.a.g.p.dao.CommonRepositoryImpl [CommonRepositoryImpl.java : 701] conIndex = {17}
2017-06-28 13:36:22,458 INFO [qtp30573934-252] o.a.g.p.dao.CommonRepositoryImpl [CommonRepositoryImpl.java : 706] 条件前的?个数：{0}
2017-06-28 13:36:22,458 INFO [qtp30573934-252] o.a.g.p.dao.CommonRepositoryImpl [CommonRepositoryImpl.java : 707] 条件后的?个数：{0}
2017-06-28 13:36:22,458 INFO [qtp30573934-252] o.a.g.p.dao.CommonRepositoryImpl [CommonRepositoryImpl.java : 708] 条件的起始位置：{0}
2017-06-28 13:36:22,458 INFO [qtp30573934-252] o.a.g.p.dao.CommonRepositoryImpl [CommonRepositoryImpl.java : 674] condition = {}
2017-06-28 13:36:22,458 INFO [qtp30573934-252] o.a.g.p.dao.CommonRepositoryImpl [CommonRepositoryImpl.java : 482] order = { ORDER BY createDate DESC}
2017-06-28 13:36:22,474 INFO [qtp30573934-252] o.a.g.p.dao.CommonRepositoryImpl [CommonRepositoryImpl.java : 420] list_ql = {FROM AppAndAgent  WHERE 1=1  ORDER BY createDate DESC}
2017-06-28 13:36:22,474 INFO [qtp30573934-252] o.a.g.p.dao.CommonRepositoryImpl [CommonRepositoryImpl.java : 152] count_ql = {SELECT count(*) FROM AppAndAgent  WHERE 1=1 }
2017-06-28 13:36:22,568 INFO [qtp30573934-252] o.a.g.p.dao.CommonRepositoryImpl [CommonRepositoryImpl.java : 737] executeCount totalRows = {2}
2017-06-28 13:36:37,391 INFO [qtp30573934-249] o.a.g.p.dao.CommonRepositoryImpl [CommonRepositoryImpl.java : 497] qlString = {FROM AppAndAgent WHERE 1=1}
2017-06-28 13:36:37,391 INFO [qtp30573934-249] o.a.g.p.dao.CommonRepositoryImpl [CommonRepositoryImpl.java : 701] conIndex = {17}
2017-06-28 13:36:37,391 INFO [qtp30573934-249] o.a.g.p.dao.CommonRepositoryImpl [CommonRepositoryImpl.java : 706] 条件前的?个数：{0}
2017-06-28 13:36:37,391 INFO [qtp30573934-249] o.a.g.p.dao.CommonRepositoryImpl [CommonRepositoryImpl.java : 707] 条件后的?个数：{0}
2017-06-28 13:36:37,391 INFO [qtp30573934-249] o.a.g.p.dao.CommonRepositoryImpl [CommonRepositoryImpl.java : 708] 条件的起始位置：{0}
2017-06-28 13:36:37,391 INFO [qtp30573934-249] o.a.g.p.dao.CommonRepositoryImpl [CommonRepositoryImpl.java : 674] condition = {}
2017-06-28 13:36:37,407 INFO [qtp30573934-249] o.a.g.p.dao.CommonRepositoryImpl [CommonRepositoryImpl.java : 482] order = { ORDER BY createDate DESC}
2017-06-28 13:36:37,407 INFO [qtp30573934-249] o.a.g.p.dao.CommonRepositoryImpl [CommonRepositoryImpl.java : 420] list_ql = {FROM AppAndAgent  WHERE 1=1  ORDER BY createDate DESC}
2017-06-28 13:36:37,407 INFO [qtp30573934-249] o.a.g.p.dao.CommonRepositoryImpl [CommonRepositoryImpl.java : 152] count_ql = {SELECT count(*) FROM AppAndAgent  WHERE 1=1 }
2017-06-28 13:36:37,407 INFO [qtp30573934-249] o.a.g.p.dao.CommonRepositoryImpl [CommonRepositoryImpl.java : 737] executeCount totalRows = {2}
2017-06-28 13:36:52,389 INFO [qtp30573934-63] o.a.g.p.dao.CommonRepositoryImpl [CommonRepositoryImpl.java : 497] qlString = {FROM AppAndAgent WHERE 1=1}
2017-06-28 13:36:52,390 INFO [qtp30573934-63] o.a.g.p.dao.CommonRepositoryImpl [CommonRepositoryImpl.java : 701] conIndex = {17}
2017-06-28 13:36:52,391 INFO [qtp30573934-63] o.a.g.p.dao.CommonRepositoryImpl [CommonRepositoryImpl.java : 706] 条件前的?个数：{0}
2017-06-28 13:36:52,391 INFO [qtp30573934-63] o.a.g.p.dao.CommonRepositoryImpl [CommonRepositoryImpl.java : 707] 条件后的?个数：{0}
2017-06-28 13:36:52,391 INFO [qtp30573934-63] o.a.g.p.dao.CommonRepositoryImpl [CommonRepositoryImpl.java : 708] 条件的起始位置：{0}
2017-06-28 13:36:52,391 INFO [qtp30573934-63] o.a.g.p.dao.CommonRepositoryImpl [CommonRepositoryImpl.java : 674] condition = {}
2017-06-28 13:36:52,391 INFO [qtp30573934-63] o.a.g.p.dao.CommonRepositoryImpl [CommonRepositoryImpl.java : 482] order = { ORDER BY createDate DESC}
2017-06-28 13:36:52,391 INFO [qtp30573934-63] o.a.g.p.dao.CommonRepositoryImpl [CommonRepositoryImpl.java : 420] list_ql = {FROM AppAndAgent  WHERE 1=1  ORDER BY createDate DESC}
2017-06-28 13:36:52,391 INFO [qtp30573934-63] o.a.g.p.dao.CommonRepositoryImpl [CommonRepositoryImpl.java : 152] count_ql = {SELECT count(*) FROM AppAndAgent  WHERE 1=1 }
2017-06-28 13:36:52,391 INFO [qtp30573934-63] o.a.g.p.dao.CommonRepositoryImpl [CommonRepositoryImpl.java : 737] executeCount totalRows = {2}
2017-06-28 13:37:02,136 INFO [qtp30573934-253] o.a.g.p.dao.CommonRepositoryImpl [CommonRepositoryImpl.java : 497] qlString = {FROM AppAndAgent WHERE 1=1}
2017-06-28 13:37:02,136 INFO [qtp30573934-253] o.a.g.p.dao.CommonRepositoryImpl [CommonRepositoryImpl.java : 701] conIndex = {17}
2017-06-28 13:37:02,136 INFO [qtp30573934-253] o.a.g.p.dao.CommonRepositoryImpl [CommonRepositoryImpl.java : 706] 条件前的?个数：{0}
2017-06-28 13:37:02,136 INFO [qtp30573934-253] o.a.g.p.dao.CommonRepositoryImpl [CommonRepositoryImpl.java : 707] 条件后的?个数：{0}
2017-06-28 13:37:02,152 INFO [qtp30573934-253] o.a.g.p.dao.CommonRepositoryImpl [CommonRepositoryImpl.java : 708] 条件的起始位置：{0}
2017-06-28 13:37:02,153 INFO [qtp30573934-253] o.a.g.p.dao.CommonRepositoryImpl [CommonRepositoryImpl.java : 674] condition = {}
2017-06-28 13:37:02,154 INFO [qtp30573934-253] o.a.g.p.dao.CommonRepositoryImpl [CommonRepositoryImpl.java : 482] order = { ORDER BY createDate DESC}
2017-06-28 13:37:02,155 INFO [qtp30573934-253] o.a.g.p.dao.CommonRepositoryImpl [CommonRepositoryImpl.java : 420] list_ql = {FROM AppAndAgent  WHERE 1=1  ORDER BY createDate DESC}
2017-06-28 13:37:02,156 INFO [qtp30573934-253] o.a.g.p.dao.CommonRepositoryImpl [CommonRepositoryImpl.java : 152] count_ql = {SELECT count(*) FROM AppAndAgent  WHERE 1=1 }
2017-06-28 13:37:02,160 INFO [qtp30573934-253] o.a.g.p.dao.CommonRepositoryImpl [CommonRepositoryImpl.java : 737] executeCount totalRows = {2}
2017-06-28 13:37:07,337 INFO [qtp30573934-252] o.a.g.p.dao.CommonRepositoryImpl [CommonRepositoryImpl.java : 497] qlString = {FROM AppAndAgent WHERE 1=1}
2017-06-28 13:37:07,339 INFO [qtp30573934-252] o.a.g.p.dao.CommonRepositoryImpl [CommonRepositoryImpl.java : 701] conIndex = {17}
2017-06-28 13:37:07,340 INFO [qtp30573934-252] o.a.g.p.dao.CommonRepositoryImpl [CommonRepositoryImpl.java : 706] 条件前的?个数：{0}
2017-06-28 13:37:07,340 INFO [qtp30573934-252] o.a.g.p.dao.CommonRepositoryImpl [CommonRepositoryImpl.java : 707] 条件后的?个数：{0}
2017-06-28 13:37:07,341 INFO [qtp30573934-252] o.a.g.p.dao.CommonRepositoryImpl [CommonRepositoryImpl.java : 708] 条件的起始位置：{0}
2017-06-28 13:37:07,342 INFO [qtp30573934-252] o.a.g.p.dao.CommonRepositoryImpl [CommonRepositoryImpl.java : 674] condition = {}
2017-06-28 13:37:07,343 INFO [qtp30573934-252] o.a.g.p.dao.CommonRepositoryImpl [CommonRepositoryImpl.java : 482] order = { ORDER BY createDate DESC}
2017-06-28 13:37:07,344 INFO [qtp30573934-252] o.a.g.p.dao.CommonRepositoryImpl [CommonRepositoryImpl.java : 420] list_ql = {FROM AppAndAgent  WHERE 1=1  ORDER BY createDate DESC}
2017-06-28 13:37:07,344 INFO [qtp30573934-252] o.a.g.p.dao.CommonRepositoryImpl [CommonRepositoryImpl.java : 152] count_ql = {SELECT count(*) FROM AppAndAgent  WHERE 1=1 }
2017-06-28 13:37:07,348 INFO [qtp30573934-252] o.a.g.p.dao.CommonRepositoryImpl [CommonRepositoryImpl.java : 737] executeCount totalRows = {2}
2017-06-28 13:37:23,256 INFO [qtp30573934-247] o.a.g.p.dao.CommonRepositoryImpl [CommonRepositoryImpl.java : 497] qlString = {FROM AppAndAgent WHERE 1=1}
2017-06-28 13:37:23,256 INFO [qtp30573934-247] o.a.g.p.dao.CommonRepositoryImpl [CommonRepositoryImpl.java : 701] conIndex = {17}
2017-06-28 13:37:23,271 INFO [qtp30573934-247] o.a.g.p.dao.CommonRepositoryImpl [CommonRepositoryImpl.java : 706] 条件前的?个数：{0}
2017-06-28 13:37:23,271 INFO [qtp30573934-247] o.a.g.p.dao.CommonRepositoryImpl [CommonRepositoryImpl.java : 707] 条件后的?个数：{0}
2017-06-28 13:37:23,271 INFO [qtp30573934-247] o.a.g.p.dao.CommonRepositoryImpl [CommonRepositoryImpl.java : 708] 条件的起始位置：{0}
2017-06-28 13:37:23,271 INFO [qtp30573934-247] o.a.g.p.dao.CommonRepositoryImpl [CommonRepositoryImpl.java : 674] condition = {}
2017-06-28 13:37:23,271 INFO [qtp30573934-247] o.a.g.p.dao.CommonRepositoryImpl [CommonRepositoryImpl.java : 482] order = { ORDER BY createDate DESC}
2017-06-28 13:37:23,271 INFO [qtp30573934-247] o.a.g.p.dao.CommonRepositoryImpl [CommonRepositoryImpl.java : 420] list_ql = {FROM AppAndAgent  WHERE 1=1  ORDER BY createDate DESC}
2017-06-28 13:37:23,271 INFO [qtp30573934-247] o.a.g.p.dao.CommonRepositoryImpl [CommonRepositoryImpl.java : 152] count_ql = {SELECT count(*) FROM AppAndAgent  WHERE 1=1 }
2017-06-28 13:37:23,271 INFO [qtp30573934-247] o.a.g.p.dao.CommonRepositoryImpl [CommonRepositoryImpl.java : 737] executeCount totalRows = {2}
2017-06-28 13:37:23,542 INFO [Druid-ConnectionPool-Log-21728526] c.a.d.p.DruidDataSourceStatLoggerImpl [DruidDataSourceStatLoggerImpl.java : 77] {"url":"jdbc:mysql://192.168.0.94:3306/dsgc?useUnicode=true&characterEncoding=utf8&pinGlobalTxToPhysicalConnection=true","dbType":"mysql","name":"DataSource-21728526","activeCount":0,"activePeak":2,"activePeakTime":"2017-06-28 13:36:52","poolingCount":2,"poolingPeak":2,"poolingPeakTime":"2017-06-28 13:34:37","connectCount":48,"closeCount":48,"notEmptyWaitCount":1,"notEmptyWaitMillis":16,"physicalConnectCount":1,"executeCount":179,"commitCount":55,"pstmtCacheHitCount":171,"pstmtCacheMissCount":8,"startTransactionCount":53,"transactionHistogram":[7,11,33,2],"connectionHoldTimeHistogram":[0,0,43,5],"sqlList":[{"sql":"select applicatio0_.id as id1_3_, applicatio0_.context as context2_3_, applicatio0_.createDate as createDa3_3_, applicatio0_.ip as ip4_3_, applicatio0_.name as name5_3_, applicatio0_.port as port6_3_, applicatio0_.status as status7_3_, applicatio0_.statusName as statusNa8_3_ from base_application_agent applicatio0_ order by applicatio0_.createDate asc","executeCount":10,"executeMillisMax":2,"executeMillisTotal":19,"executeHistogram":[0,10],"executeAndResultHoldHistogram":[10],"concurrentMax":1,"fetchRowCount":2,"fetchRowHistogram":[0,10],"inTransactionCount":10},{"sql":"select applicatio0_.id as id1_2_, applicatio0_.context as context2_2_, applicatio0_.createDate as createDa3_2_, applicatio0_.hasJar as hasJar4_2_, applicatio0_.name as name5_2_, applicatio0_.serverType as serverTy6_2_, applicatio0_.serverTypeName as serverTy7_2_ from base_application applicatio0_ order by applicatio0_.createDate asc","executeCount":5,"executeMillisMax":2,"executeMillisTotal":11,"executeHistogram":[0,5],"executeAndResultHoldHistogram":[5],"concurrentMax":1,"fetchRowCount":6,"fetchRowHistogram":[0,5],"inTransactionCount":5},{"sql":"select count(*) as col_0_0_ from base_app_and_agent appandagen0_ where 1=1","executeCount":25,"executeMillisMax":91,"executeMillisTotal":128,"executeHistogram":[0,24,1],"executeAndResultHoldHistogram":[25],"concurrentMax":1,"fetchRowCount":1,"fetchRowHistogram":[0,25],"inTransactionCount":25},{"sql":"select appandagen0_.id as id1_0_, appandagen0_.agentContext as agentCon2_0_, appandagen0_.agentIP as agentIP3_0_, appandagen0_.agentLog as agentLog4_0_, appandagen0_.agentPort as agentPor5_0_, appandagen0_.appDeployDirectory as appDeplo6_0_, appandagen0_.applicationContext as applicat7_0_, appandagen0_.applicationIP as applicat8_0_, appandagen0_.applicationLog as applicat9_0_, appandagen0_.applicationPid as applica10_0_, appandagen0_.applicationPort as applica11_0_, appandagen0_.applicationVersion as applica12_0_, appandagen0_.application_id as applica18_0_, appandagen0_.app_agent_id as app_age19_0_, appandagen0_.createDate as createD13_0_, appandagen0_.operatingSystem as operati14_0_, appandagen0_.startDate as startDa15_0_, appandagen0_.startStatus as startSt16_0_, appandagen0_.startStatusName as startSt17_0_ from base_app_and_agent appandagen0_ where 1=1 order by appandagen0_.createDate DESC limit ?","executeCount":25,"executeMillisMax":91,"executeMillisTotal":162,"executeHistogram":[0,24,1],"executeAndResultHoldHistogram":[25],"concurrentMax":1,"fetchRowCount":2,"fetchRowHistogram":[0,25],"inTransactionCount":25},{"sql":"select applicatio0_.id as id1_2_0_, applicatio0_.context as context2_2_0_, applicatio0_.createDate as createDa3_2_0_, applicatio0_.hasJar as hasJar4_2_0_, applicatio0_.name as name5_2_0_, applicatio0_.serverType as serverTy6_2_0_, applicatio0_.serverTypeName as serverTy7_2_0_ from base_application applicatio0_ where applicatio0_.id=?","executeCount":50,"executeMillisMax":2,"executeMillisTotal":85,"executeHistogram":[0,50],"executeAndResultHoldHistogram":[50],"concurrentMax":1,"fetchRowCount":1,"fetchRowHistogram":[0,50],"inTransactionCount":50},{"sql":"select applicatio0_.id as id1_3_0_, applicatio0_.context as context2_3_0_, applicatio0_.createDate as createDa3_3_0_, applicatio0_.ip as ip4_3_0_, applicatio0_.name as name5_3_0_, applicatio0_.port as port6_3_0_, applicatio0_.status as status7_3_0_, applicatio0_.statusName as statusNa8_3_0_ from base_application_agent applicatio0_ where applicatio0_.id=?","executeCount":50,"executeMillisMax":58,"executeMillisTotal":145,"executeHistogram":[0,49,1],"executeAndResultHoldHistogram":[50],"concurrentMax":1,"fetchRowCount":1,"fetchRowHistogram":[0,50],"inTransactionCount":50},{"sql":"select appandagen0_.id as id1_0_0_, appandagen0_.agentContext as agentCon2_0_0_, appandagen0_.agentIP as agentIP3_0_0_, appandagen0_.agentLog as agentLog4_0_0_, appandagen0_.agentPort as agentPor5_0_0_, appandagen0_.appDeployDirectory as appDeplo6_0_0_, appandagen0_.applicationContext as applicat7_0_0_, appandagen0_.applicationIP as applicat8_0_0_, appandagen0_.applicationLog as applicat9_0_0_, appandagen0_.applicationPid as applica10_0_0_, appandagen0_.applicationPort as applica11_0_0_, appandagen0_.applicationVersion as applica12_0_0_, appandagen0_.application_id as applica18_0_0_, appandagen0_.app_agent_id as app_age19_0_0_, appandagen0_.createDate as createD13_0_0_, appandagen0_.operatingSystem as operati14_0_0_, appandagen0_.startDate as startDa15_0_0_, appandagen0_.startStatus as startSt16_0_0_, appandagen0_.startStatusName as startSt17_0_0_, applicatio1_.id as id1_2_1_, applicatio1_.context as context2_2_1_, applicatio1_.createDate as createDa3_2_1_, applicatio1_.hasJar as hasJar4_2_1_, applicatio1_.name as name5_2_1_, applicatio1_.serverType as serverTy6_2_1_, applicatio1_.serverTypeName as serverTy7_2_1_, applicatio2_.id as id1_3_2_, applicatio2_.context as context2_3_2_, applicatio2_.createDate as createDa3_3_2_, applicatio2_.ip as ip4_3_2_, applicatio2_.name as name5_3_2_, applicatio2_.port as port6_3_2_, applicatio2_.status as status7_3_2_, applicatio2_.statusName as statusNa8_3_2_ from base_app_and_agent appandagen0_ left outer join base_application applicatio1_ on appandagen0_.application_id=applicatio1_.id left outer join base_application_agent applicatio2_ on appandagen0_.app_agent_id=applicatio2_.id where appandagen0_.id=?","executeCount":8,"executeMillisMax":6,"executeMillisTotal":32,"executeHistogram":[0,8],"executeAndResultHoldHistogram":[8],"concurrentMax":2,"fetchRowCount":1,"fetchRowHistogram":[0,8],"inTransactionCount":8},{"sql":"update base_app_and_agent set agentContext=?, agentIP=?, agentLog=?, agentPort=?, appDeployDirectory=?, applicationContext=?, applicationIP=?, applicationLog=?, applicationPid=?, applicationPort=?, applicationVersion=?, application_id=?, app_agent_id=?, createDate=?, operatingSystem=?, startDate=?, startStatus=?, startStatusName=? where id=?","executeCount":6,"executeMillisMax":5,"executeMillisTotal":20,"executeHistogram":[0,6],"executeAndResultHoldHistogram":[0,6],"concurrentMax":2,"updateCount":6,"updateCountMax":1,"updateHistogram":[0,6],"inTransactionCount":6}]}
2017-06-28 13:37:37,334 INFO [qtp30573934-152] o.a.g.p.dao.CommonRepositoryImpl [CommonRepositoryImpl.java : 497] qlString = {FROM AppAndAgent WHERE 1=1}
2017-06-28 13:37:37,334 INFO [qtp30573934-152] o.a.g.p.dao.CommonRepositoryImpl [CommonRepositoryImpl.java : 701] conIndex = {17}
2017-06-28 13:37:37,349 INFO [qtp30573934-152] o.a.g.p.dao.CommonRepositoryImpl [CommonRepositoryImpl.java : 706] 条件前的?个数：{0}
2017-06-28 13:37:37,350 INFO [qtp30573934-152] o.a.g.p.dao.CommonRepositoryImpl [CommonRepositoryImpl.java : 707] 条件后的?个数：{0}
2017-06-28 13:37:37,351 INFO [qtp30573934-152] o.a.g.p.dao.CommonRepositoryImpl [CommonRepositoryImpl.java : 708] 条件的起始位置：{0}
2017-06-28 13:37:37,352 INFO [qtp30573934-152] o.a.g.p.dao.CommonRepositoryImpl [CommonRepositoryImpl.java : 674] condition = {}
2017-06-28 13:37:37,353 INFO [qtp30573934-152] o.a.g.p.dao.CommonRepositoryImpl [CommonRepositoryImpl.java : 482] order = { ORDER BY createDate DESC}
2017-06-28 13:37:37,353 INFO [qtp30573934-152] o.a.g.p.dao.CommonRepositoryImpl [CommonRepositoryImpl.java : 420] list_ql = {FROM AppAndAgent  WHERE 1=1  ORDER BY createDate DESC}
2017-06-28 13:37:37,354 INFO [qtp30573934-152] o.a.g.p.dao.CommonRepositoryImpl [CommonRepositoryImpl.java : 152] count_ql = {SELECT count(*) FROM AppAndAgent  WHERE 1=1 }
2017-06-28 13:37:37,358 INFO [qtp30573934-152] o.a.g.p.dao.CommonRepositoryImpl [CommonRepositoryImpl.java : 737] executeCount totalRows = {2}
2017-06-28 13:37:53,262 INFO [qtp30573934-63] o.a.g.p.dao.CommonRepositoryImpl [CommonRepositoryImpl.java : 497] qlString = {FROM AppAndAgent WHERE 1=1}
2017-06-28 13:37:53,263 INFO [qtp30573934-63] o.a.g.p.dao.CommonRepositoryImpl [CommonRepositoryImpl.java : 701] conIndex = {17}
2017-06-28 13:37:53,264 INFO [qtp30573934-63] o.a.g.p.dao.CommonRepositoryImpl [CommonRepositoryImpl.java : 706] 条件前的?个数：{0}
2017-06-28 13:37:53,264 INFO [qtp30573934-63] o.a.g.p.dao.CommonRepositoryImpl [CommonRepositoryImpl.java : 707] 条件后的?个数：{0}
2017-06-28 13:37:53,265 INFO [qtp30573934-63] o.a.g.p.dao.CommonRepositoryImpl [CommonRepositoryImpl.java : 708] 条件的起始位置：{0}
2017-06-28 13:37:53,266 INFO [qtp30573934-63] o.a.g.p.dao.CommonRepositoryImpl [CommonRepositoryImpl.java : 674] condition = {}
2017-06-28 13:37:53,266 INFO [qtp30573934-63] o.a.g.p.dao.CommonRepositoryImpl [CommonRepositoryImpl.java : 482] order = { ORDER BY createDate DESC}
2017-06-28 13:37:53,267 INFO [qtp30573934-63] o.a.g.p.dao.CommonRepositoryImpl [CommonRepositoryImpl.java : 420] list_ql = {FROM AppAndAgent  WHERE 1=1  ORDER BY createDate DESC}
2017-06-28 13:37:53,268 INFO [qtp30573934-63] o.a.g.p.dao.CommonRepositoryImpl [CommonRepositoryImpl.java : 152] count_ql = {SELECT count(*) FROM AppAndAgent  WHERE 1=1 }
2017-06-28 13:37:53,271 INFO [qtp30573934-63] o.a.g.p.dao.CommonRepositoryImpl [CommonRepositoryImpl.java : 737] executeCount totalRows = {2}
2017-06-28 13:38:07,324 INFO [qtp30573934-17] o.a.g.p.dao.CommonRepositoryImpl [CommonRepositoryImpl.java : 497] qlString = {FROM AppAndAgent WHERE 1=1}
2017-06-28 13:38:07,340 INFO [qtp30573934-17] o.a.g.p.dao.CommonRepositoryImpl [CommonRepositoryImpl.java : 701] conIndex = {17}
2017-06-28 13:38:07,340 INFO [qtp30573934-17] o.a.g.p.dao.CommonRepositoryImpl [CommonRepositoryImpl.java : 706] 条件前的?个数：{0}
2017-06-28 13:38:07,340 INFO [qtp30573934-17] o.a.g.p.dao.CommonRepositoryImpl [CommonRepositoryImpl.java : 707] 条件后的?个数：{0}
2017-06-28 13:38:07,340 INFO [qtp30573934-17] o.a.g.p.dao.CommonRepositoryImpl [CommonRepositoryImpl.java : 708] 条件的起始位置：{0}
2017-06-28 13:38:07,340 INFO [qtp30573934-17] o.a.g.p.dao.CommonRepositoryImpl [CommonRepositoryImpl.java : 674] condition = {}
2017-06-28 13:38:07,340 INFO [qtp30573934-17] o.a.g.p.dao.CommonRepositoryImpl [CommonRepositoryImpl.java : 482] order = { ORDER BY createDate DESC}
2017-06-28 13:38:07,340 INFO [qtp30573934-17] o.a.g.p.dao.CommonRepositoryImpl [CommonRepositoryImpl.java : 420] list_ql = {FROM AppAndAgent  WHERE 1=1  ORDER BY createDate DESC}
2017-06-28 13:38:07,340 INFO [qtp30573934-17] o.a.g.p.dao.CommonRepositoryImpl [CommonRepositoryImpl.java : 152] count_ql = {SELECT count(*) FROM AppAndAgent  WHERE 1=1 }
2017-06-28 13:38:07,340 INFO [qtp30573934-17] o.a.g.p.dao.CommonRepositoryImpl [CommonRepositoryImpl.java : 737] executeCount totalRows = {2}
