2017-06-19 10:13:55,498 INFO [main] o.a.s.m.main.web.test.StartMainWeb [StartupInfoLogger.java : 48] Starting StartMainWeb on wulin with PID 7328 (D:\soft\job\java\javaIDE\eclipse_jee\bjhy_attachment_workspace\server-management-parent\server-management-main-web\target\test-classes started by Administrator in D:\soft\job\java\javaIDE\eclipse_jee\bjhy_attachment_workspace\server-management-parent\server-management-main-web)
2017-06-19 10:13:55,576 INFO [main] o.a.s.m.main.web.test.StartMainWeb [SpringApplication.java : 637] No active profile set, falling back to default profiles: default
2017-06-19 10:13:55,732 INFO [main] o.s.b.c.e.AnnotationConfigEmbeddedWebApplicationContext [AbstractApplicationContext.java : 582] Refreshing org.springframework.boot.context.embedded.AnnotationConfigEmbeddedWebApplicationContext@1d31064: startup date [Mon Jun 19 10:13:55 CST 2017]; root of context hierarchy
2017-06-19 10:13:56,091 INFO [background-preinit] o.h.validator.internal.util.Version [Version.java : 30] HV000001: Hibernate Validator 5.3.4.Final
2017-06-19 10:13:58,369 INFO [main] o.s.b.f.xml.XmlBeanDefinitionReader [XmlBeanDefinitionReader.java : 317] Loading XML bean definitions from file [D:\soft\job\java\javaIDE\eclipse_jee\bjhy_attachment_workspace\server-management-parent\server-management-main-web\target\classes\META-INF\spring\module-server-management-main-web.xml]
2017-06-19 10:13:59,175 INFO [main] o.s.b.f.xml.XmlBeanDefinitionReader [XmlBeanDefinitionReader.java : 317] Loading XML bean definitions from file [D:\soft\job\java\javaIDE\eclipse_jee\bjhy_attachment_workspace\server-management-parent\server-management-main-container\target\classes\META-INF\spring\module-server-management-main-container.xml]
2017-06-19 10:13:59,589 INFO [main] o.s.b.f.xml.XmlBeanDefinitionReader [XmlBeanDefinitionReader.java : 317] Loading XML bean definitions from file [D:\soft\job\java\javaIDE\eclipse_jee\bjhy_attachment_workspace\server-management-parent\server-management-common\target\classes\META-INF\spring\module-server-management-common.xml]
2017-06-19 10:13:59,653 INFO [main] o.s.b.f.xml.XmlBeanDefinitionReader [XmlBeanDefinitionReader.java : 317] Loading XML bean definitions from file [D:\soft\job\java\javaIDE\eclipse_jee\bjhy_attachment_workspace\server-management-parent\server-management-base\target\classes\META-INF\spring\module-server-management-base.xml]
2017-06-19 10:13:59,703 INFO [main] o.s.b.f.xml.XmlBeanDefinitionReader [XmlBeanDefinitionReader.java : 317] Loading XML bean definitions from URL [jar:file:/D:/repository/org/apel/gaia-property-loader/1.0.1-SNAPSHOT/gaia-property-loader-1.0.1-SNAPSHOT.jar!/META-INF/spring/module-property-loader.xml]
2017-06-19 10:13:59,758 INFO [main] o.s.b.f.xml.XmlBeanDefinitionReader [XmlBeanDefinitionReader.java : 317] Loading XML bean definitions from URL [jar:file:/D:/repository/org/apel/gaia-persist/1.0.1-SNAPSHOT/gaia-persist-1.0.1-SNAPSHOT.jar!/META-INF/spring/module-persist.xml]
2017-06-19 10:14:00,299 INFO [main] o.s.b.f.xml.XmlBeanDefinitionReader [XmlBeanDefinitionReader.java : 317] Loading XML bean definitions from URL [jar:file:/D:/repository/org/apel/gaia-infrastructure/1.0.1-SNAPSHOT/gaia-infrastructure-1.0.1-SNAPSHOT.jar!/META-INF/spring/module-gaia-infrastructure.xml]
2017-06-19 10:14:00,351 INFO [main] o.s.b.f.xml.XmlBeanDefinitionReader [XmlBeanDefinitionReader.java : 317] Loading XML bean definitions from URL [jar:file:/D:/repository/org/apel/poseidon-security-commons/1.0.2-SNAPSHOT/poseidon-security-commons-1.0.2-SNAPSHOT.jar!/META-INF/spring/module-poseidon-common.xml]
2017-06-19 10:14:00,392 INFO [main] o.s.b.f.xml.XmlBeanDefinitionReader [XmlBeanDefinitionReader.java : 317] Loading XML bean definitions from URL [jar:file:/D:/repository/org/apel/gaia-container-boot/1.0.1-SNAPSHOT/gaia-container-boot-1.0.1-SNAPSHOT.jar!/META-INF/spring/module-boot.xml]
2017-06-19 10:14:00,468 INFO [main] o.s.b.f.xml.XmlBeanDefinitionReader [XmlBeanDefinitionReader.java : 317] Loading XML bean definitions from URL [jar:file:/D:/repository/org/apel/gaia-container-boot/1.0.1-SNAPSHOT/gaia-container-boot-1.0.1-SNAPSHOT.jar!/META-INF/spring/module-mvc.xml]
2017-06-19 10:14:00,591 INFO [main] o.s.b.f.xml.XmlBeanDefinitionReader [XmlBeanDefinitionReader.java : 317] Loading XML bean definitions from URL [jar:file:/D:/repository/org/apel/gaia-js-lib/1.0.1-SNAPSHOT/gaia-js-lib-1.0.1-SNAPSHOT.jar!/META-INF/spring/module-js-lib.xml]
2017-06-19 10:14:02,518 INFO [main] o.s.b.f.s.DefaultListableBeanFactory [DefaultListableBeanFactory.java : 828] Overriding bean definition for bean 'org.springframework.transaction.config.internalTransactionAdvisor' with a different definition: replacing [Root bean: class [org.springframework.transaction.interceptor.BeanFactoryTransactionAttributeSourceAdvisor]; scope=; abstract=false; lazyInit=false; autowireMode=0; dependencyCheck=0; autowireCandidate=true; primary=false; factoryBeanName=null; factoryMethodName=null; initMethodName=null; destroyMethodName=null] with [Root bean: class [null]; scope=; abstract=false; lazyInit=false; autowireMode=3; dependencyCheck=0; autowireCandidate=true; primary=false; factoryBeanName=org.springframework.transaction.annotation.ProxyTransactionManagementConfiguration; factoryMethodName=transactionAdvisor; initMethodName=null; destroyMethodName=(inferred); defined in class path resource [org/springframework/transaction/annotation/ProxyTransactionManagementConfiguration.class]]
2017-06-19 10:14:02,531 INFO [main] o.s.c.a.ConfigurationClassBeanDefinitionReader [ConfigurationClassBeanDefinitionReader.java : 298] Skipping bean definition for [BeanMethod:name=transactionalEventListenerFactory,declaringClass=org.springframework.transaction.annotation.AbstractTransactionManagementConfiguration]: a definition for bean 'org.springframework.transaction.config.internalTransactionalEventListenerFactory' already exists. This top-level bean definition is considered as an override.
2017-06-19 10:14:03,207 INFO [main] o.s.b.f.s.DefaultListableBeanFactory [DefaultListableBeanFactory.java : 828] Overriding bean definition for bean 'entityManagerFactory' with a different definition: replacing [Root bean: class [null]; scope=; abstract=false; lazyInit=false; autowireMode=3; dependencyCheck=0; autowireCandidate=true; primary=true; factoryBeanName=org.springframework.boot.autoconfigure.orm.jpa.HibernateJpaAutoConfiguration; factoryMethodName=entityManagerFactory; initMethodName=null; destroyMethodName=(inferred); defined in class path resource [org/springframework/boot/autoconfigure/orm/jpa/HibernateJpaAutoConfiguration.class]] with [Root bean: class [null]; scope=; abstract=false; lazyInit=false; autowireMode=3; dependencyCheck=0; autowireCandidate=true; primary=false; factoryBeanName=jpaConfig; factoryMethodName=entityManagerFactory; initMethodName=null; destroyMethodName=(inferred); defined in org.apel.gaia.persist.config.hibernate.JpaConfig]
2017-06-19 10:14:03,239 INFO [main] o.s.b.f.s.DefaultListableBeanFactory [DefaultListableBeanFactory.java : 828] Overriding bean definition for bean 'transactionManager' with a different definition: replacing [Root bean: class [null]; scope=; abstract=false; lazyInit=false; autowireMode=3; dependencyCheck=0; autowireCandidate=true; primary=false; factoryBeanName=org.springframework.boot.autoconfigure.orm.jpa.HibernateJpaAutoConfiguration; factoryMethodName=transactionManager; initMethodName=null; destroyMethodName=(inferred); defined in class path resource [org/springframework/boot/autoconfigure/orm/jpa/HibernateJpaAutoConfiguration.class]] with [Root bean: class [null]; scope=; abstract=false; lazyInit=false; autowireMode=3; dependencyCheck=0; autowireCandidate=true; primary=false; factoryBeanName=txConfig; factoryMethodName=transactionManager; initMethodName=null; destroyMethodName=(inferred); defined in org.apel.gaia.persist.config.hibernate.TxConfig]
2017-06-19 10:14:06,864 INFO [main] o.s.b.f.s.DefaultListableBeanFactory [DefaultListableBeanFactory.java : 828] Overriding bean definition for bean 'dataSource' with a different definition: replacing [Root bean: class [null]; scope=; abstract=false; lazyInit=false; autowireMode=3; dependencyCheck=0; autowireCandidate=true; primary=false; factoryBeanName=org.springframework.boot.autoconfigure.jdbc.EmbeddedDataSourceConfiguration; factoryMethodName=dataSource; initMethodName=null; destroyMethodName=(inferred); defined in class path resource [org/springframework/boot/autoconfigure/jdbc/EmbeddedDataSourceConfiguration.class]] with [Root bean: class [null]; scope=; abstract=false; lazyInit=false; autowireMode=3; dependencyCheck=0; autowireCandidate=true; primary=false; factoryBeanName=DBConfig; factoryMethodName=dataSource; initMethodName=init; destroyMethodName=close; defined in org.apel.gaia.persist.config.db.DBConfig]
2017-06-19 10:14:07,664 WARN [main] o.s.c.a.ConfigurationClassEnhancer [ConfigurationClassEnhancer.java : 350] @Bean method CenterPropertyLoader.propertyPlaceholderConfigurer is non-static and returns an object assignable to Spring's BeanFactoryPostProcessor interface. This will result in a failure to process annotations such as @Autowired, @Resource and @PostConstruct within the method's declaring @Configuration class. Add the 'static' modifier to this method to avoid these container lifecycle issues; see @Bean javadoc for complete details.
2017-06-19 10:14:08,602 WARN [main] o.h.v.m.ParameterMessageInterpolator [ParameterMessageInterpolator.java : 28] HV000184: ParameterMessageInterpolator has been chosen, EL interpolation will not be supported
2017-06-19 10:14:09,135 INFO [main] o.s.c.s.PostProcessorRegistrationDelegate$BeanPostProcessorChecker [PostProcessorRegistrationDelegate.java : 325] Bean 'org.springframework.transaction.annotation.ProxyTransactionManagementConfiguration' of type [org.springframework.transaction.annotation.ProxyTransactionManagementConfiguration$$EnhancerBySpringCGLIB$$f93e7454] is not eligible for getting processed by all BeanPostProcessors (for example: not eligible for auto-proxying)
2017-06-19 10:14:09,714 WARN [main] o.h.v.m.ParameterMessageInterpolator [ParameterMessageInterpolator.java : 28] HV000184: ParameterMessageInterpolator has been chosen, EL interpolation will not be supported
2017-06-19 10:14:10,145 INFO [main] org.eclipse.jetty.util.log [Log.java : 192] Logging initialized @19133ms to org.eclipse.jetty.util.log.Slf4jLog
2017-06-19 10:14:11,445 INFO [main] o.s.b.c.e.j.JettyEmbeddedServletContainerFactory [JettyEmbeddedServletContainerFactory.java : 176] Server initialized with port: 6555
2017-06-19 10:14:11,461 INFO [main] org.eclipse.jetty.server.Server [Server.java : 372] jetty-9.4.2.v20170220
2017-06-19 10:14:11,899 INFO [main] org.eclipse.jetty.server.session [DefaultSessionIdManager.java : 360] DefaultSessionIdManager workerName=node0
2017-06-19 10:14:11,899 INFO [main] org.eclipse.jetty.server.session [DefaultSessionIdManager.java : 365] No SessionScavenger set, using defaults
2017-06-19 10:14:11,899 INFO [main] org.eclipse.jetty.server.session [HouseKeeper.java : 146] Scavenging every 600000ms
2017-06-19 10:14:11,931 INFO [main] o.e.jetty.ContextHandler.application [ContextHandler.java : 2207] Initializing Spring embedded WebApplicationContext
2017-06-19 10:14:11,932 INFO [main] o.s.web.context.ContextLoader [EmbeddedWebApplicationContext.java : 276] Root WebApplicationContext: initialization completed in 16200 ms
2017-06-19 10:14:12,384 INFO [main] o.s.b.w.s.ServletRegistrationBean [ServletRegistrationBean.java : 190] Mapping servlet: 'dispatcherServlet' to [/]
2017-06-19 10:14:12,405 INFO [main] o.s.b.w.s.FilterRegistrationBean [AbstractFilterRegistrationBean.java : 258] Mapping filter: 'characterEncodingFilter' to: [/*]
2017-06-19 10:14:12,406 INFO [main] o.s.b.w.s.FilterRegistrationBean [AbstractFilterRegistrationBean.java : 258] Mapping filter: 'hiddenHttpMethodFilter' to: [/*]
2017-06-19 10:14:12,407 INFO [main] o.s.b.w.s.FilterRegistrationBean [AbstractFilterRegistrationBean.java : 258] Mapping filter: 'httpPutFormContentFilter' to: [/*]
2017-06-19 10:14:12,407 INFO [main] o.s.b.w.s.FilterRegistrationBean [AbstractFilterRegistrationBean.java : 258] Mapping filter: 'requestContextFilter' to: [/*]
2017-06-19 10:14:12,408 INFO [main] o.s.b.w.s.FilterRegistrationBean [AbstractFilterRegistrationBean.java : 258] Mapping filter: 'customUrlDecisionFilter' to: [/*]
2017-06-19 10:14:13,938 INFO [main] o.e.j.server.handler.ContextHandler [ContextHandler.java : 802] Started o.s.b.c.e.j.JettyEmbeddedWebAppContext@1292ec1{/main-container,[file:///C:/Users/Administrator/AppData/Local/Temp/jetty-docbase.465591193459894122.6555/],AVAILABLE}
2017-06-19 10:14:13,938 INFO [main] org.eclipse.jetty.server.Server [Server.java : 444] Started @22922ms
2017-06-19 10:14:18,292 INFO [main] c.alibaba.druid.pool.DruidDataSource [DruidDataSource.java : 669] {dataSource-1} inited
2017-06-19 10:14:18,298 INFO [Druid-ConnectionPool-Log-24061732] c.a.d.p.DruidDataSourceStatLoggerImpl [DruidDataSourceStatLoggerImpl.java : 77] {"url":"jdbc:mysql://192.168.0.94:3306/dsgc?useUnicode=true&characterEncoding=utf8&pinGlobalTxToPhysicalConnection=true","dbType":"mysql","name":"DataSource-24061732","activeCount":0,"poolingCount":1,"poolingPeak":1,"poolingPeakTime":"2017-06-19 10:14:18","connectCount":0,"closeCount":0,"physicalConnectCount":1}
2017-06-19 10:14:19,601 INFO [main] o.s.o.j.LocalContainerEntityManagerFactoryBean [LocalContainerEntityManagerFactoryBean.java : 349] Building JPA container EntityManagerFactory for persistence unit 'platform'
2017-06-19 10:14:19,867 INFO [main] o.h.jpa.internal.util.LogHelper [LogHelper.java : 31] HHH000204: Processing PersistenceUnitInfo [
	name: platform
	...]
2017-06-19 10:14:21,109 INFO [main] org.hibernate.Version [Version.java : 37] HHH000412: Hibernate Core {5.0.12.Final}
2017-06-19 10:14:21,117 INFO [main] org.hibernate.cfg.Environment [Environment.java : 213] HHH000206: hibernate.properties not found
2017-06-19 10:14:21,123 INFO [main] org.hibernate.cfg.Environment [Environment.java : 317] HHH000021: Bytecode provider name : javassist
2017-06-19 10:14:21,508 INFO [main] o.h.annotations.common.Version [JavaReflectionManager.java : 66] HCANN000001: Hibernate Commons Annotations {5.0.1.Final}
2017-06-19 10:14:22,539 INFO [main] org.hibernate.dialect.Dialect [Dialect.java : 156] HHH000400: Using dialect: org.hibernate.dialect.MySQL5Dialect
2017-06-19 10:14:24,532 INFO [main] o.h.cache.spi.UpdateTimestampsCache [UpdateTimestampsCache.java : 55] HHH000250: Starting update timestamps cache at region: org.hibernate.cache.spi.UpdateTimestampsCache
2017-06-19 10:14:24,548 WARN [main] o.h.c.e.AbstractEhcacheRegionFactory [AbstractEhcacheRegionFactory.java : 161] HHH020003: Could not find a specific ehcache configuration for cache named [org.hibernate.cache.spi.UpdateTimestampsCache]; using defaults.
2017-06-19 10:14:24,736 INFO [main] o.h.c.internal.StandardQueryCache [StandardQueryCache.java : 74] HHH000248: Starting query cache at region: org.hibernate.cache.internal.StandardQueryCache
2017-06-19 10:14:24,736 WARN [main] o.h.c.e.AbstractEhcacheRegionFactory [AbstractEhcacheRegionFactory.java : 161] HHH020003: Could not find a specific ehcache configuration for cache named [org.hibernate.cache.internal.StandardQueryCache]; using defaults.
2017-06-19 10:14:25,813 INFO [main] o.h.tool.hbm2ddl.SchemaUpdate [SchemaUpdate.java : 105] HHH000228: Running hbm2ddl schema update
2017-06-19 10:14:26,439 INFO [net.sf.ehcache.CacheManager@bcbbed] net.sf.ehcache.util.UpdateChecker [UpdateChecker.java : 98] New update(s) found: 2.4.7 [http://www.terracotta.org/confluence/display/release/Release+Notes+Ehcache+Core+2.4]. Please check http://ehcache.org for the latest version.
2017-06-19 10:14:26,829 INFO [main] o.s.o.j.LocalContainerEntityManagerFactoryBean [AbstractEntityManagerFactoryBean.java : 379] Initialized JPA EntityManagerFactory for persistence unit 'platform'
2017-06-19 10:14:29,321 INFO [main] o.s.u.f.SpringTemplateLoader [SpringTemplateLoader.java : 61] SpringTemplateLoader for FreeMarker: using resource loader [org.springframework.boot.context.embedded.AnnotationConfigEmbeddedWebApplicationContext@1d31064: startup date [Mon Jun 19 10:13:55 CST 2017]; root of context hierarchy] and template loader path [jar:file:/D:/repository/org/apel/gaia-container-boot/1.0.1-SNAPSHOT/gaia-container-boot-1.0.1-SNAPSHOT.jar!/platform/templates/]
2017-06-19 10:14:29,323 INFO [main] o.s.u.f.SpringTemplateLoader [SpringTemplateLoader.java : 61] SpringTemplateLoader for FreeMarker: using resource loader [org.springframework.boot.context.embedded.AnnotationConfigEmbeddedWebApplicationContext@1d31064: startup date [Mon Jun 19 10:13:55 CST 2017]; root of context hierarchy] and template loader path [classpath:/templates/]
2017-06-19 10:14:29,328 INFO [main] o.s.w.s.v.f.FreeMarkerConfigurer [FreeMarkerConfigurer.java : 127] ClassTemplateLoader for Spring macros added to FreeMarker configuration
2017-06-19 10:14:30,843 INFO [main] o.s.w.s.m.m.a.RequestMappingHandlerAdapter [RequestMappingHandlerAdapter.java : 534] Looking for @ControllerAdvice: org.springframework.boot.context.embedded.AnnotationConfigEmbeddedWebApplicationContext@1d31064: startup date [Mon Jun 19 10:13:55 CST 2017]; root of context hierarchy
2017-06-19 10:14:31,250 INFO [main] o.s.w.s.m.m.a.RequestMappingHandlerMapping [AbstractHandlerMethodMapping.java : 543] Mapped "{[/appAndAgent/index],methods=[GET]}" onto public java.lang.String org.apel.server.management.main.web.AppAndAgentController.index()
2017-06-19 10:14:31,250 INFO [main] o.s.w.s.m.m.a.RequestMappingHandlerMapping [AbstractHandlerMethodMapping.java : 543] Mapped "{[/appAndAgent/{id}],methods=[DELETE]}" onto public org.apel.gaia.commons.i18n.Message org.apel.server.management.main.web.AppAndAgentController.delete(java.lang.String)
2017-06-19 10:14:31,250 INFO [main] o.s.w.s.m.m.a.RequestMappingHandlerMapping [AbstractHandlerMethodMapping.java : 543] Mapped "{[/appAndAgent/{id}],methods=[PUT]}" onto public org.apel.gaia.commons.i18n.Message org.apel.server.management.main.web.AppAndAgentController.create(java.lang.String,org.apel.server.management.main.container.domain.AppAndAgent)
2017-06-19 10:14:31,250 INFO [main] o.s.w.s.m.m.a.RequestMappingHandlerMapping [AbstractHandlerMethodMapping.java : 543] Mapped "{[/appAndAgent],methods=[POST]}" onto public org.apel.gaia.commons.i18n.Message org.apel.server.management.main.web.AppAndAgentController.create(org.apel.server.management.main.container.domain.AppAndAgent)
2017-06-19 10:14:31,250 INFO [main] o.s.w.s.m.m.a.RequestMappingHandlerMapping [AbstractHandlerMethodMapping.java : 543] Mapped "{[/appAndAgent]}" onto public org.apel.gaia.commons.pager.PageBean org.apel.server.management.main.web.AppAndAgentController.list(org.apel.gaia.commons.jqgrid.QueryParams)
2017-06-19 10:14:31,250 INFO [main] o.s.w.s.m.m.a.RequestMappingHandlerMapping [AbstractHandlerMethodMapping.java : 543] Mapped "{[/appAndAgent/{id}],methods=[GET]}" onto public org.apel.server.management.main.container.domain.AppAndAgent org.apel.server.management.main.web.AppAndAgentController.view(java.lang.String)
2017-06-19 10:14:31,250 INFO [main] o.s.w.s.m.m.a.RequestMappingHandlerMapping [AbstractHandlerMethodMapping.java : 543] Mapped "{[/appAndAgent/all],methods=[GET]}" onto public java.util.List<org.apel.server.management.main.container.domain.AppAndAgent> org.apel.server.management.main.web.AppAndAgentController.getAll()
2017-06-19 10:14:31,250 INFO [main] o.s.w.s.m.m.a.RequestMappingHandlerMapping [AbstractHandlerMethodMapping.java : 543] Mapped "{[/appAndAgent],methods=[DELETE]}" onto public org.apel.gaia.commons.i18n.Message org.apel.server.management.main.web.AppAndAgentController.batchDelete(java.lang.String[])
2017-06-19 10:14:31,266 INFO [main] o.s.w.s.m.m.a.RequestMappingHandlerMapping [AbstractHandlerMethodMapping.java : 543] Mapped "{[/applicationAgent/index],methods=[GET]}" onto public java.lang.String org.apel.server.management.main.web.ApplicationAgentController.index()
2017-06-19 10:14:31,266 INFO [main] o.s.w.s.m.m.a.RequestMappingHandlerMapping [AbstractHandlerMethodMapping.java : 543] Mapped "{[/applicationAgent/{id}],methods=[DELETE]}" onto public org.apel.gaia.commons.i18n.Message org.apel.server.management.main.web.ApplicationAgentController.delete(java.lang.String)
2017-06-19 10:14:31,266 INFO [main] o.s.w.s.m.m.a.RequestMappingHandlerMapping [AbstractHandlerMethodMapping.java : 543] Mapped "{[/applicationAgent/{id}],methods=[PUT]}" onto public org.apel.gaia.commons.i18n.Message org.apel.server.management.main.web.ApplicationAgentController.create(java.lang.String,org.apel.server.management.main.container.domain.ApplicationAgent)
2017-06-19 10:14:31,266 INFO [main] o.s.w.s.m.m.a.RequestMappingHandlerMapping [AbstractHandlerMethodMapping.java : 543] Mapped "{[/applicationAgent],methods=[POST]}" onto public org.apel.gaia.commons.i18n.Message org.apel.server.management.main.web.ApplicationAgentController.create(org.apel.server.management.main.container.domain.ApplicationAgent)
2017-06-19 10:14:31,266 INFO [main] o.s.w.s.m.m.a.RequestMappingHandlerMapping [AbstractHandlerMethodMapping.java : 543] Mapped "{[/applicationAgent]}" onto public org.apel.gaia.commons.pager.PageBean org.apel.server.management.main.web.ApplicationAgentController.list(org.apel.gaia.commons.jqgrid.QueryParams)
2017-06-19 10:14:31,266 INFO [main] o.s.w.s.m.m.a.RequestMappingHandlerMapping [AbstractHandlerMethodMapping.java : 543] Mapped "{[/applicationAgent/{id}],methods=[GET]}" onto public org.apel.server.management.main.container.domain.ApplicationAgent org.apel.server.management.main.web.ApplicationAgentController.view(java.lang.String)
2017-06-19 10:14:31,266 INFO [main] o.s.w.s.m.m.a.RequestMappingHandlerMapping [AbstractHandlerMethodMapping.java : 543] Mapped "{[/applicationAgent/all],methods=[GET]}" onto public java.util.List<org.apel.server.management.main.container.domain.ApplicationAgent> org.apel.server.management.main.web.ApplicationAgentController.getAll()
2017-06-19 10:14:31,266 INFO [main] o.s.w.s.m.m.a.RequestMappingHandlerMapping [AbstractHandlerMethodMapping.java : 543] Mapped "{[/applicationAgent],methods=[DELETE]}" onto public org.apel.gaia.commons.i18n.Message org.apel.server.management.main.web.ApplicationAgentController.batchDelete(java.lang.String[])
2017-06-19 10:14:31,281 INFO [main] o.s.w.s.m.m.a.RequestMappingHandlerMapping [AbstractHandlerMethodMapping.java : 543] Mapped "{[/application/index],methods=[GET]}" onto public java.lang.String org.apel.server.management.main.web.ApplicationController.index()
2017-06-19 10:14:31,281 INFO [main] o.s.w.s.m.m.a.RequestMappingHandlerMapping [AbstractHandlerMethodMapping.java : 543] Mapped "{[/application/{id}],methods=[DELETE]}" onto public org.apel.gaia.commons.i18n.Message org.apel.server.management.main.web.ApplicationController.delete(java.lang.String)
2017-06-19 10:14:31,281 INFO [main] o.s.w.s.m.m.a.RequestMappingHandlerMapping [AbstractHandlerMethodMapping.java : 543] Mapped "{[/application/{id}],methods=[PUT]}" onto public org.apel.gaia.commons.i18n.Message org.apel.server.management.main.web.ApplicationController.create(java.lang.String,org.apel.server.management.main.container.domain.Application)
2017-06-19 10:14:31,281 INFO [main] o.s.w.s.m.m.a.RequestMappingHandlerMapping [AbstractHandlerMethodMapping.java : 543] Mapped "{[/application],methods=[POST]}" onto public org.apel.gaia.commons.i18n.Message org.apel.server.management.main.web.ApplicationController.create(org.apel.server.management.main.container.domain.Application)
2017-06-19 10:14:31,281 INFO [main] o.s.w.s.m.m.a.RequestMappingHandlerMapping [AbstractHandlerMethodMapping.java : 543] Mapped "{[/application]}" onto public org.apel.gaia.commons.pager.PageBean org.apel.server.management.main.web.ApplicationController.list(org.apel.gaia.commons.jqgrid.QueryParams)
2017-06-19 10:14:31,281 INFO [main] o.s.w.s.m.m.a.RequestMappingHandlerMapping [AbstractHandlerMethodMapping.java : 543] Mapped "{[/application/{id}],methods=[GET]}" onto public org.apel.server.management.main.container.domain.Application org.apel.server.management.main.web.ApplicationController.view(java.lang.String)
2017-06-19 10:14:31,281 INFO [main] o.s.w.s.m.m.a.RequestMappingHandlerMapping [AbstractHandlerMethodMapping.java : 543] Mapped "{[/application/all],methods=[GET]}" onto public java.util.List<org.apel.server.management.main.container.domain.Application> org.apel.server.management.main.web.ApplicationController.getAll()
2017-06-19 10:14:31,281 INFO [main] o.s.w.s.m.m.a.RequestMappingHandlerMapping [AbstractHandlerMethodMapping.java : 543] Mapped "{[/application],methods=[DELETE]}" onto public org.apel.gaia.commons.i18n.Message org.apel.server.management.main.web.ApplicationController.batchDelete(java.lang.String[])
2017-06-19 10:14:31,297 INFO [main] o.s.w.s.m.m.a.RequestMappingHandlerMapping [AbstractHandlerMethodMapping.java : 543] Mapped "{[/test/index],methods=[GET]}" onto public java.lang.String org.apel.server.management.main.web.TestController.index()
2017-06-19 10:14:31,297 INFO [main] o.s.w.s.m.m.a.RequestMappingHandlerMapping [AbstractHandlerMethodMapping.java : 543] Mapped "{[/test/subContainer],methods=[GET]}" onto public java.lang.String org.apel.server.management.main.web.TestController.subContainer()
2017-06-19 10:14:31,297 INFO [main] o.s.w.s.m.m.a.RequestMappingHandlerMapping [AbstractHandlerMethodMapping.java : 543] Mapped "{[/test/user/{id}],methods=[GET]}" onto public org.springframework.boot.autoconfigure.security.SecurityProperties$User org.apel.server.management.main.web.TestController.findById(java.lang.String)
2017-06-19 10:14:31,297 INFO [main] o.s.w.s.m.m.a.RequestMappingHandlerMapping [AbstractHandlerMethodMapping.java : 543] Mapped "{[/export/jqgrid],methods=[POST]}" onto public org.springframework.http.ResponseEntity<byte[]> org.apel.gaia.infrastructure.ExportController.exportExcel(org.apel.gaia.commons.jqgrid.QueryParams,java.lang.String,java.lang.String,java.lang.String,java.lang.String,java.lang.String,java.lang.String,java.lang.String,java.lang.String) throws java.lang.Exception
2017-06-19 10:14:31,297 INFO [main] o.s.w.s.m.m.a.RequestMappingHandlerMapping [AbstractHandlerMethodMapping.java : 543] Mapped "{[/file_progress]}" onto public java.lang.Integer org.apel.gaia.container.boot.controller.CommonController.netCheck(javax.servlet.http.HttpSession)
2017-06-19 10:14:31,297 INFO [main] o.s.w.s.m.m.a.RequestMappingHandlerMapping [AbstractHandlerMethodMapping.java : 543] Mapped "{[/net_check]}" onto public java.lang.String org.apel.gaia.container.boot.controller.CommonController.netCheck(java.lang.String)
2017-06-19 10:14:31,297 INFO [main] o.s.w.s.m.m.a.RequestMappingHandlerMapping [AbstractHandlerMethodMapping.java : 543] Mapped "{[/net_detect]}" onto public java.lang.String org.apel.gaia.container.boot.controller.CommonController.netDedect()
2017-06-19 10:14:31,297 INFO [main] o.s.w.s.m.m.a.RequestMappingHandlerMapping [AbstractHandlerMethodMapping.java : 543] Mapped "{[/400]}" onto public java.lang.String org.apel.gaia.container.boot.controller.ContainerErrorController._400() throws java.lang.Exception
2017-06-19 10:14:31,297 INFO [main] o.s.w.s.m.m.a.RequestMappingHandlerMapping [AbstractHandlerMethodMapping.java : 543] Mapped "{[/403]}" onto public java.lang.String org.apel.gaia.container.boot.controller.ContainerErrorController._403() throws java.lang.Exception
2017-06-19 10:14:31,297 INFO [main] o.s.w.s.m.m.a.RequestMappingHandlerMapping [AbstractHandlerMethodMapping.java : 543] Mapped "{[/404]}" onto public java.lang.String org.apel.gaia.container.boot.controller.ContainerErrorController._404() throws java.lang.Exception
2017-06-19 10:14:31,312 INFO [main] o.s.w.s.m.m.a.RequestMappingHandlerMapping [AbstractHandlerMethodMapping.java : 543] Mapped "{[/405]}" onto public java.lang.String org.apel.gaia.container.boot.controller.ContainerErrorController._405() throws java.lang.Exception
2017-06-19 10:14:31,312 INFO [main] o.s.w.s.m.m.a.RequestMappingHandlerMapping [AbstractHandlerMethodMapping.java : 543] Mapped "{[/500]}" onto public java.lang.String org.apel.gaia.container.boot.controller.ContainerErrorController._500() throws java.lang.Exception
2017-06-19 10:14:31,312 INFO [main] o.s.w.s.m.m.a.RequestMappingHandlerMapping [AbstractHandlerMethodMapping.java : 543] Mapped "{[/error]}" onto public java.lang.String org.apel.gaia.container.boot.controller.SpringErrorController.error()
2017-06-19 10:14:31,516 INFO [main] o.s.w.s.h.SimpleUrlHandlerMapping [AbstractUrlHandlerMapping.java : 362] Mapped URL path [/webjars/**] onto handler of type [class org.springframework.web.servlet.resource.ResourceHttpRequestHandler]
2017-06-19 10:14:31,516 INFO [main] o.s.w.s.h.SimpleUrlHandlerMapping [AbstractUrlHandlerMapping.java : 362] Mapped URL path [/**] onto handler of type [class org.springframework.web.servlet.resource.ResourceHttpRequestHandler]
2017-06-19 10:14:31,703 INFO [main] o.s.w.s.h.SimpleUrlHandlerMapping [AbstractUrlHandlerMapping.java : 362] Mapped URL path [/**/favicon.ico] onto handler of type [class org.springframework.web.servlet.resource.ResourceHttpRequestHandler]
2017-06-19 10:14:33,844 INFO [main] o.s.j.e.a.AnnotationMBeanExporter [MBeanExporter.java : 431] Registering beans for JMX exposure on startup
2017-06-19 10:14:33,859 INFO [main] o.s.j.e.a.AnnotationMBeanExporter [MBeanExporter.java : 916] Bean with name 'dataSource' has been autodetected for JMX exposure
2017-06-19 10:14:33,876 INFO [main] o.s.j.e.a.AnnotationMBeanExporter [MBeanExporter.java : 671] Located MBean 'dataSource': registering with JMX server as MBean [com.alibaba.druid.pool:name=dataSource,type=DruidDataSource]
2017-06-19 10:14:33,954 INFO [main] o.e.jetty.ContextHandler.application [ContextHandler.java : 2207] Initializing Spring FrameworkServlet 'dispatcherServlet'
2017-06-19 10:14:33,970 INFO [main] o.s.web.servlet.DispatcherServlet [FrameworkServlet.java : 489] FrameworkServlet 'dispatcherServlet': initialization started
2017-06-19 10:14:34,016 INFO [main] o.s.web.servlet.DispatcherServlet [FrameworkServlet.java : 508] FrameworkServlet 'dispatcherServlet': initialization completed in 46 ms
2017-06-19 10:14:34,157 INFO [main] o.e.jetty.server.AbstractConnector [AbstractConnector.java : 280] Started ServerConnector@919a8a{HTTP/1.1,[http/1.1]}{0.0.0.0:6555}
2017-06-19 10:14:34,157 INFO [main] o.s.b.c.e.j.JettyEmbeddedServletContainer [JettyEmbeddedServletContainer.java : 144] Jetty started on port(s) 6555 (http/1.1)
2017-06-19 10:14:34,172 INFO [main] o.a.s.m.main.web.test.StartMainWeb [StartupInfoLogger.java : 57] Started StartMainWeb in 39.752 seconds (JVM running for 43.155)
2017-06-19 10:14:46,992 INFO [qtp10431538-45] o.a.g.p.dao.CommonRepositoryImpl [CommonRepositoryImpl.java : 497] qlString = {FROM Application WHERE 1=1}
2017-06-19 10:14:46,995 INFO [qtp10431538-45] o.a.g.p.dao.CommonRepositoryImpl [CommonRepositoryImpl.java : 701] conIndex = {17}
2017-06-19 10:14:46,996 INFO [qtp10431538-45] o.a.g.p.dao.CommonRepositoryImpl [CommonRepositoryImpl.java : 706] 条件前的?个数：{0}
2017-06-19 10:14:46,997 INFO [qtp10431538-45] o.a.g.p.dao.CommonRepositoryImpl [CommonRepositoryImpl.java : 707] 条件后的?个数：{0}
2017-06-19 10:14:46,999 INFO [qtp10431538-45] o.a.g.p.dao.CommonRepositoryImpl [CommonRepositoryImpl.java : 708] 条件的起始位置：{0}
2017-06-19 10:14:47,000 INFO [qtp10431538-45] o.a.g.p.dao.CommonRepositoryImpl [CommonRepositoryImpl.java : 674] condition = {}
2017-06-19 10:14:47,001 INFO [qtp10431538-45] o.a.g.p.dao.CommonRepositoryImpl [CommonRepositoryImpl.java : 482] order = { ORDER BY createDate DESC}
2017-06-19 10:14:47,002 INFO [qtp10431538-45] o.a.g.p.dao.CommonRepositoryImpl [CommonRepositoryImpl.java : 420] list_ql = {FROM Application  WHERE 1=1  ORDER BY createDate DESC}
2017-06-19 10:14:47,003 INFO [qtp10431538-45] o.a.g.p.dao.CommonRepositoryImpl [CommonRepositoryImpl.java : 152] count_ql = {SELECT count(*) FROM Application  WHERE 1=1 }
2017-06-19 10:14:47,176 INFO [qtp10431538-45] o.h.h.i.QueryTranslatorFactoryInitiator [QueryTranslatorFactoryInitiator.java : 47] HHH000397: Using ASTQueryTranslatorFactory
2017-06-19 10:14:48,489 INFO [qtp10431538-45] o.a.g.p.dao.CommonRepositoryImpl [CommonRepositoryImpl.java : 737] executeCount totalRows = {0}
2017-06-19 10:15:25,902 INFO [qtp10431538-16] o.a.g.p.dao.CommonRepositoryImpl [CommonRepositoryImpl.java : 497] qlString = {FROM Application WHERE 1=1}
2017-06-19 10:15:25,903 INFO [qtp10431538-16] o.a.g.p.dao.CommonRepositoryImpl [CommonRepositoryImpl.java : 701] conIndex = {17}
2017-06-19 10:15:25,904 INFO [qtp10431538-16] o.a.g.p.dao.CommonRepositoryImpl [CommonRepositoryImpl.java : 706] 条件前的?个数：{0}
2017-06-19 10:15:25,905 INFO [qtp10431538-16] o.a.g.p.dao.CommonRepositoryImpl [CommonRepositoryImpl.java : 707] 条件后的?个数：{0}
2017-06-19 10:15:25,906 INFO [qtp10431538-16] o.a.g.p.dao.CommonRepositoryImpl [CommonRepositoryImpl.java : 708] 条件的起始位置：{0}
2017-06-19 10:15:25,908 INFO [qtp10431538-16] o.a.g.p.dao.CommonRepositoryImpl [CommonRepositoryImpl.java : 674] condition = {}
2017-06-19 10:15:25,909 INFO [qtp10431538-16] o.a.g.p.dao.CommonRepositoryImpl [CommonRepositoryImpl.java : 482] order = { ORDER BY createDate DESC}
2017-06-19 10:15:25,910 INFO [qtp10431538-16] o.a.g.p.dao.CommonRepositoryImpl [CommonRepositoryImpl.java : 420] list_ql = {FROM Application  WHERE 1=1  ORDER BY createDate DESC}
2017-06-19 10:15:25,911 INFO [qtp10431538-16] o.a.g.p.dao.CommonRepositoryImpl [CommonRepositoryImpl.java : 152] count_ql = {SELECT count(*) FROM Application  WHERE 1=1 }
2017-06-19 10:15:25,915 INFO [qtp10431538-16] o.a.g.p.dao.CommonRepositoryImpl [CommonRepositoryImpl.java : 737] executeCount totalRows = {0}
2017-06-19 10:15:35,158 WARN [qtp10431538-21] org.eclipse.jetty.server.HttpChannel [HttpChannel.java : 507] /main-container/applicationAgent
org.springframework.web.util.NestedServletException: Request processing failed; nested exception is org.springframework.web.client.ResourceAccessException: I/O error on GET request for "http://192.168.0.33:5555/sub-container/restSub/accessCheck": Connection refused: connect; nested exception is java.net.ConnectException: Connection refused: connect
	at org.springframework.web.servlet.FrameworkServlet.processRequest(FrameworkServlet.java:982)
	at org.springframework.web.servlet.FrameworkServlet.doGet(FrameworkServlet.java:861)
	at javax.servlet.http.HttpServlet.service(HttpServlet.java:687)
	at org.springframework.web.servlet.FrameworkServlet.service(FrameworkServlet.java:846)
	at javax.servlet.http.HttpServlet.service(HttpServlet.java:790)
	at org.eclipse.jetty.servlet.ServletHolder.handle(ServletHolder.java:841)
	at org.eclipse.jetty.servlet.ServletHandler$CachedChain.doFilter(ServletHandler.java:1634)
	at org.eclipse.jetty.websocket.server.WebSocketUpgradeFilter.doFilter(WebSocketUpgradeFilter.java:206)
	at org.eclipse.jetty.servlet.ServletHandler$CachedChain.doFilter(ServletHandler.java:1621)
	at org.apel.poseidon.security.commons.filter.CustomUrlDecisionFilter.doFilter(CustomUrlDecisionFilter.java:41)
	at org.eclipse.jetty.servlet.ServletHandler$CachedChain.doFilter(ServletHandler.java:1621)
	at org.springframework.web.filter.RequestContextFilter.doFilterInternal(RequestContextFilter.java:99)
	at org.springframework.web.filter.OncePerRequestFilter.doFilter(OncePerRequestFilter.java:107)
	at org.eclipse.jetty.servlet.ServletHandler$CachedChain.doFilter(ServletHandler.java:1621)
	at org.springframework.web.filter.HttpPutFormContentFilter.doFilterInternal(HttpPutFormContentFilter.java:105)
	at org.springframework.web.filter.OncePerRequestFilter.doFilter(OncePerRequestFilter.java:107)
	at org.eclipse.jetty.servlet.ServletHandler$CachedChain.doFilter(ServletHandler.java:1621)
	at org.springframework.web.filter.HiddenHttpMethodFilter.doFilterInternal(HiddenHttpMethodFilter.java:81)
	at org.springframework.web.filter.OncePerRequestFilter.doFilter(OncePerRequestFilter.java:107)
	at org.eclipse.jetty.servlet.ServletHandler$CachedChain.doFilter(ServletHandler.java:1621)
	at org.springframework.web.filter.CharacterEncodingFilter.doFilterInternal(CharacterEncodingFilter.java:197)
	at org.springframework.web.filter.OncePerRequestFilter.doFilter(OncePerRequestFilter.java:107)
	at org.eclipse.jetty.servlet.ServletHandler$CachedChain.doFilter(ServletHandler.java:1621)
	at org.eclipse.jetty.servlet.ServletHandler.doHandle(ServletHandler.java:541)
	at org.eclipse.jetty.server.handler.ScopedHandler.handle(ScopedHandler.java:143)
	at org.eclipse.jetty.security.SecurityHandler.handle(SecurityHandler.java:548)
	at org.eclipse.jetty.server.handler.HandlerWrapper.handle(HandlerWrapper.java:132)
	at org.eclipse.jetty.server.handler.ScopedHandler.nextHandle(ScopedHandler.java:190)
	at org.eclipse.jetty.server.session.SessionHandler.doHandle(SessionHandler.java:1592)
	at org.eclipse.jetty.server.handler.ScopedHandler.nextHandle(ScopedHandler.java:188)
	at org.eclipse.jetty.server.handler.ContextHandler.doHandle(ContextHandler.java:1239)
	at org.eclipse.jetty.server.handler.ScopedHandler.nextScope(ScopedHandler.java:168)
	at org.eclipse.jetty.servlet.ServletHandler.doScope(ServletHandler.java:481)
	at org.eclipse.jetty.server.session.SessionHandler.doScope(SessionHandler.java:1561)
	at org.eclipse.jetty.server.handler.ScopedHandler.nextScope(ScopedHandler.java:166)
	at org.eclipse.jetty.server.handler.ContextHandler.doScope(ContextHandler.java:1141)
	at org.eclipse.jetty.server.handler.ScopedHandler.handle(ScopedHandler.java:141)
	at org.eclipse.jetty.server.handler.HandlerWrapper.handle(HandlerWrapper.java:132)
	at org.eclipse.jetty.server.Server.handle(Server.java:564)
	at org.eclipse.jetty.server.HttpChannel.handle(HttpChannel.java:320)
	at org.eclipse.jetty.server.HttpConnection.onFillable(HttpConnection.java:251)
	at org.eclipse.jetty.io.AbstractConnection$ReadCallback.succeeded(AbstractConnection.java:279)
	at org.eclipse.jetty.io.FillInterest.fillable(FillInterest.java:110)
	at org.eclipse.jetty.io.ChannelEndPoint$2.run(ChannelEndPoint.java:124)
	at org.eclipse.jetty.util.thread.QueuedThreadPool.runJob(QueuedThreadPool.java:672)
	at org.eclipse.jetty.util.thread.QueuedThreadPool$2.run(QueuedThreadPool.java:590)
	at java.lang.Thread.run(Unknown Source)
Caused by: org.springframework.web.client.ResourceAccessException: I/O error on GET request for "http://192.168.0.33:5555/sub-container/restSub/accessCheck": Connection refused: connect; nested exception is java.net.ConnectException: Connection refused: connect
	at org.springframework.web.client.RestTemplate.doExecute(RestTemplate.java:666)
	at org.springframework.web.client.RestTemplate.execute(RestTemplate.java:613)
	at org.springframework.web.client.RestTemplate.getForObject(RestTemplate.java:287)
	at org.apel.server.management.main.container.restful.RestSubClient.accessCheck(RestSubClient.java:24)
	at org.apel.server.management.main.container.service.impl.ApplicationAgentServiceImpl.pageQuery(ApplicationAgentServiceImpl.java:24)
	at org.apel.server.management.main.container.service.impl.ApplicationAgentServiceImpl$$FastClassBySpringCGLIB$$6c6e113f.invoke(<generated>)
	at org.springframework.cglib.proxy.MethodProxy.invoke(MethodProxy.java:204)
	at org.springframework.aop.framework.CglibAopProxy$CglibMethodInvocation.invokeJoinpoint(CglibAopProxy.java:721)
	at org.springframework.aop.framework.ReflectiveMethodInvocation.proceed(ReflectiveMethodInvocation.java:157)
	at org.springframework.transaction.interceptor.TransactionInterceptor$1.proceedWithInvocation(TransactionInterceptor.java:99)
	at org.springframework.transaction.interceptor.TransactionAspectSupport.invokeWithinTransaction(TransactionAspectSupport.java:282)
	at org.springframework.transaction.interceptor.TransactionInterceptor.invoke(TransactionInterceptor.java:96)
	at org.springframework.aop.framework.ReflectiveMethodInvocation.proceed(ReflectiveMethodInvocation.java:179)
	at org.springframework.aop.framework.CglibAopProxy$DynamicAdvisedInterceptor.intercept(CglibAopProxy.java:656)
	at org.apel.server.management.main.container.service.impl.ApplicationAgentServiceImpl$$EnhancerBySpringCGLIB$$6a7a292c.pageQuery(<generated>)
	at org.apel.server.management.main.web.ApplicationAgentController.list(ApplicationAgentController.java:42)
	at sun.reflect.NativeMethodAccessorImpl.invoke0(Native Method)
	at sun.reflect.NativeMethodAccessorImpl.invoke(Unknown Source)
	at sun.reflect.DelegatingMethodAccessorImpl.invoke(Unknown Source)
	at java.lang.reflect.Method.invoke(Unknown Source)
	at org.springframework.web.method.support.InvocableHandlerMethod.doInvoke(InvocableHandlerMethod.java:205)
	at org.springframework.web.method.support.InvocableHandlerMethod.invokeForRequest(InvocableHandlerMethod.java:133)
	at org.springframework.web.servlet.mvc.method.annotation.ServletInvocableHandlerMethod.invokeAndHandle(ServletInvocableHandlerMethod.java:116)
	at org.springframework.web.servlet.mvc.method.annotation.RequestMappingHandlerAdapter.invokeHandlerMethod(RequestMappingHandlerAdapter.java:827)
	at org.springframework.web.servlet.mvc.method.annotation.RequestMappingHandlerAdapter.handleInternal(RequestMappingHandlerAdapter.java:738)
	at org.springframework.web.servlet.mvc.method.AbstractHandlerMethodAdapter.handle(AbstractHandlerMethodAdapter.java:85)
	at org.springframework.web.servlet.DispatcherServlet.doDispatch(DispatcherServlet.java:963)
	at org.springframework.web.servlet.DispatcherServlet.doService(DispatcherServlet.java:897)
	at org.springframework.web.servlet.FrameworkServlet.processRequest(FrameworkServlet.java:970)
	... 46 common frames omitted
Caused by: java.net.ConnectException: Connection refused: connect
	at java.net.DualStackPlainSocketImpl.connect0(Native Method)
	at java.net.DualStackPlainSocketImpl.socketConnect(Unknown Source)
	at java.net.AbstractPlainSocketImpl.doConnect(Unknown Source)
	at java.net.AbstractPlainSocketImpl.connectToAddress(Unknown Source)
	at java.net.AbstractPlainSocketImpl.connect(Unknown Source)
	at java.net.PlainSocketImpl.connect(Unknown Source)
	at java.net.SocksSocketImpl.connect(Unknown Source)
	at java.net.Socket.connect(Unknown Source)
	at java.net.Socket.connect(Unknown Source)
	at sun.net.NetworkClient.doConnect(Unknown Source)
	at sun.net.www.http.HttpClient.openServer(Unknown Source)
	at sun.net.www.http.HttpClient.openServer(Unknown Source)
	at sun.net.www.http.HttpClient.<init>(Unknown Source)
	at sun.net.www.http.HttpClient.New(Unknown Source)
	at sun.net.www.http.HttpClient.New(Unknown Source)
	at sun.net.www.protocol.http.HttpURLConnection.getNewHttpClient(Unknown Source)
	at sun.net.www.protocol.http.HttpURLConnection.plainConnect0(Unknown Source)
	at sun.net.www.protocol.http.HttpURLConnection.plainConnect(Unknown Source)
	at sun.net.www.protocol.http.HttpURLConnection.connect(Unknown Source)
	at org.springframework.http.client.SimpleBufferingClientHttpRequest.executeInternal(SimpleBufferingClientHttpRequest.java:78)
	at org.springframework.http.client.AbstractBufferingClientHttpRequest.executeInternal(AbstractBufferingClientHttpRequest.java:48)
	at org.springframework.http.client.AbstractClientHttpRequest.execute(AbstractClientHttpRequest.java:53)
	at org.springframework.web.client.RestTemplate.doExecute(RestTemplate.java:652)
	... 74 common frames omitted
2017-06-19 10:16:50,207 INFO [qtp10431538-22] o.a.g.p.dao.CommonRepositoryImpl [CommonRepositoryImpl.java : 497] qlString = {FROM Application WHERE 1=1}
2017-06-19 10:16:50,207 INFO [qtp10431538-22] o.a.g.p.dao.CommonRepositoryImpl [CommonRepositoryImpl.java : 701] conIndex = {17}
2017-06-19 10:16:50,207 INFO [qtp10431538-22] o.a.g.p.dao.CommonRepositoryImpl [CommonRepositoryImpl.java : 706] 条件前的?个数：{0}
2017-06-19 10:16:50,207 INFO [qtp10431538-22] o.a.g.p.dao.CommonRepositoryImpl [CommonRepositoryImpl.java : 707] 条件后的?个数：{0}
2017-06-19 10:16:50,207 INFO [qtp10431538-22] o.a.g.p.dao.CommonRepositoryImpl [CommonRepositoryImpl.java : 708] 条件的起始位置：{0}
2017-06-19 10:16:50,207 INFO [qtp10431538-22] o.a.g.p.dao.CommonRepositoryImpl [CommonRepositoryImpl.java : 674] condition = {}
2017-06-19 10:16:50,207 INFO [qtp10431538-22] o.a.g.p.dao.CommonRepositoryImpl [CommonRepositoryImpl.java : 482] order = { ORDER BY createDate DESC}
2017-06-19 10:16:50,207 INFO [qtp10431538-22] o.a.g.p.dao.CommonRepositoryImpl [CommonRepositoryImpl.java : 420] list_ql = {FROM Application  WHERE 1=1  ORDER BY createDate DESC}
2017-06-19 10:16:50,207 INFO [qtp10431538-22] o.a.g.p.dao.CommonRepositoryImpl [CommonRepositoryImpl.java : 152] count_ql = {SELECT count(*) FROM Application  WHERE 1=1 }
2017-06-19 10:16:50,223 INFO [qtp10431538-22] o.a.g.p.dao.CommonRepositoryImpl [CommonRepositoryImpl.java : 737] executeCount totalRows = {1}
2017-06-19 10:19:18,298 INFO [Druid-ConnectionPool-Log-24061732] c.a.d.p.DruidDataSourceStatLoggerImpl [DruidDataSourceStatLoggerImpl.java : 77] {"url":"jdbc:mysql://192.168.0.94:3306/dsgc?useUnicode=true&characterEncoding=utf8&pinGlobalTxToPhysicalConnection=true","dbType":"mysql","name":"DataSource-24061732","activeCount":0,"activePeak":2,"activePeakTime":"2017-06-19 10:14:25","poolingCount":2,"poolingPeak":2,"poolingPeakTime":"2017-06-19 10:14:26","connectCount":9,"closeCount":9,"notEmptyWaitCount":1,"notEmptyWaitMillis":28,"physicalConnectCount":1,"executeCount":7,"commitCount":4,"pstmtCacheHitCount":4,"pstmtCacheMissCount":3,"startTransactionCount":4,"transactionHistogram":[0,1,2,1],"connectionHoldTimeHistogram":[0,1,1,5,2],"sqlList":[{"sql":"select count(*) as col_0_0_ from base_application applicatio0_ where 1=1","executeCount":3,"executeMillisMax":18,"executeMillisTotal":21,"executeHistogram":[0,2,1],"executeAndResultHoldHistogram":[3],"concurrentMax":1,"fetchRowCount":1,"fetchRowHistogram":[0,3],"inTransactionCount":3},{"sql":"select applicatio0_.id as id1_2_, applicatio0_.context as context2_2_, applicatio0_.createDate as createDa3_2_, applicatio0_.hasJar as hasJar4_2_, applicatio0_.name as name5_2_, applicatio0_.serverType as serverTy6_2_, applicatio0_.serverTypeName as serverTy7_2_ from base_application applicatio0_ where 1=1 order by applicatio0_.createDate DESC limit ?","executeCount":3,"executeMillisMax":1,"executeMillisTotal":5,"executeHistogram":[0,3],"executeAndResultHoldHistogram":[3],"concurrentMax":1,"fetchRowCount":1,"fetchRowHistogram":[2,1],"inTransactionCount":3},{"sql":"insert into base_application (context, createDate, hasJar, name, serverType, serverTypeName, id) values (?, ?, ?, ?, ?, ?, ?)","executeCount":1,"executeMillisMax":3,"executeMillisTotal":3,"executeHistogram":[0,1],"executeAndResultHoldHistogram":[0,1],"concurrentMax":1,"updateCount":1,"updateCountMax":1,"updateHistogram":[0,1],"inTransactionCount":1}]}
2017-06-19 10:24:18,299 INFO [Druid-ConnectionPool-Log-24061732] c.a.d.p.DruidDataSourceStatLoggerImpl [DruidDataSourceStatLoggerImpl.java : 77] {"url":"jdbc:mysql://192.168.0.94:3306/dsgc?useUnicode=true&characterEncoding=utf8&pinGlobalTxToPhysicalConnection=true","dbType":"mysql","name":"DataSource-24061732","activeCount":0,"poolingCount":1,"connectCount":0,"closeCount":0,"physicalCloseCount":1}
2017-06-19 10:29:18,315 INFO [Druid-ConnectionPool-Log-24061732] c.a.d.p.DruidDataSourceStatLoggerImpl [DruidDataSourceStatLoggerImpl.java : 77] {"url":"jdbc:mysql://192.168.0.94:3306/dsgc?useUnicode=true&characterEncoding=utf8&pinGlobalTxToPhysicalConnection=true","dbType":"mysql","name":"DataSource-24061732","activeCount":0,"poolingCount":1,"connectCount":0,"closeCount":0}
2017-06-19 10:34:18,316 INFO [Druid-ConnectionPool-Log-24061732] c.a.d.p.DruidDataSourceStatLoggerImpl [DruidDataSourceStatLoggerImpl.java : 77] {"url":"jdbc:mysql://192.168.0.94:3306/dsgc?useUnicode=true&characterEncoding=utf8&pinGlobalTxToPhysicalConnection=true","dbType":"mysql","name":"DataSource-24061732","activeCount":0,"poolingCount":1,"connectCount":0,"closeCount":0}
2017-06-19 10:36:01,644 INFO [qtp10431538-42] o.a.g.p.dao.CommonRepositoryImpl [CommonRepositoryImpl.java : 497] qlString = {FROM Application WHERE 1=1}
2017-06-19 10:36:01,645 INFO [qtp10431538-42] o.a.g.p.dao.CommonRepositoryImpl [CommonRepositoryImpl.java : 701] conIndex = {17}
2017-06-19 10:36:01,646 INFO [qtp10431538-42] o.a.g.p.dao.CommonRepositoryImpl [CommonRepositoryImpl.java : 706] 条件前的?个数：{0}
2017-06-19 10:36:01,647 INFO [qtp10431538-42] o.a.g.p.dao.CommonRepositoryImpl [CommonRepositoryImpl.java : 707] 条件后的?个数：{0}
2017-06-19 10:36:01,648 INFO [qtp10431538-42] o.a.g.p.dao.CommonRepositoryImpl [CommonRepositoryImpl.java : 708] 条件的起始位置：{0}
2017-06-19 10:36:01,649 INFO [qtp10431538-42] o.a.g.p.dao.CommonRepositoryImpl [CommonRepositoryImpl.java : 674] condition = {}
2017-06-19 10:36:01,650 INFO [qtp10431538-42] o.a.g.p.dao.CommonRepositoryImpl [CommonRepositoryImpl.java : 482] order = { ORDER BY createDate DESC}
2017-06-19 10:36:01,651 INFO [qtp10431538-42] o.a.g.p.dao.CommonRepositoryImpl [CommonRepositoryImpl.java : 420] list_ql = {FROM Application  WHERE 1=1  ORDER BY createDate DESC}
2017-06-19 10:36:01,653 INFO [qtp10431538-42] o.a.g.p.dao.CommonRepositoryImpl [CommonRepositoryImpl.java : 152] count_ql = {SELECT count(*) FROM Application  WHERE 1=1 }
2017-06-19 10:36:01,660 INFO [qtp10431538-42] o.a.g.p.dao.CommonRepositoryImpl [CommonRepositoryImpl.java : 737] executeCount totalRows = {1}
2017-06-19 10:37:29,277 INFO [qtp10431538-50] o.a.g.p.dao.CommonRepositoryImpl [CommonRepositoryImpl.java : 497] qlString = {FROM Application WHERE 1=1}
2017-06-19 10:37:29,278 INFO [qtp10431538-50] o.a.g.p.dao.CommonRepositoryImpl [CommonRepositoryImpl.java : 701] conIndex = {17}
2017-06-19 10:37:29,280 INFO [qtp10431538-50] o.a.g.p.dao.CommonRepositoryImpl [CommonRepositoryImpl.java : 706] 条件前的?个数：{0}
2017-06-19 10:37:29,281 INFO [qtp10431538-50] o.a.g.p.dao.CommonRepositoryImpl [CommonRepositoryImpl.java : 707] 条件后的?个数：{0}
2017-06-19 10:37:29,282 INFO [qtp10431538-50] o.a.g.p.dao.CommonRepositoryImpl [CommonRepositoryImpl.java : 708] 条件的起始位置：{0}
2017-06-19 10:37:29,283 INFO [qtp10431538-50] o.a.g.p.dao.CommonRepositoryImpl [CommonRepositoryImpl.java : 674] condition = {}
2017-06-19 10:37:29,284 INFO [qtp10431538-50] o.a.g.p.dao.CommonRepositoryImpl [CommonRepositoryImpl.java : 482] order = { ORDER BY createDate DESC}
2017-06-19 10:37:29,286 INFO [qtp10431538-50] o.a.g.p.dao.CommonRepositoryImpl [CommonRepositoryImpl.java : 420] list_ql = {FROM Application  WHERE 1=1  ORDER BY createDate DESC}
2017-06-19 10:37:29,287 INFO [qtp10431538-50] o.a.g.p.dao.CommonRepositoryImpl [CommonRepositoryImpl.java : 152] count_ql = {SELECT count(*) FROM Application  WHERE 1=1 }
2017-06-19 10:37:29,293 INFO [qtp10431538-50] o.a.g.p.dao.CommonRepositoryImpl [CommonRepositoryImpl.java : 737] executeCount totalRows = {1}
2017-06-19 10:38:25,470 INFO [qtp10431538-42] o.a.g.p.dao.CommonRepositoryImpl [CommonRepositoryImpl.java : 497] qlString = {FROM Application WHERE 1=1}
2017-06-19 10:38:25,471 INFO [qtp10431538-42] o.a.g.p.dao.CommonRepositoryImpl [CommonRepositoryImpl.java : 701] conIndex = {17}
2017-06-19 10:38:25,473 INFO [qtp10431538-42] o.a.g.p.dao.CommonRepositoryImpl [CommonRepositoryImpl.java : 706] 条件前的?个数：{0}
2017-06-19 10:38:25,474 INFO [qtp10431538-42] o.a.g.p.dao.CommonRepositoryImpl [CommonRepositoryImpl.java : 707] 条件后的?个数：{0}
2017-06-19 10:38:25,475 INFO [qtp10431538-42] o.a.g.p.dao.CommonRepositoryImpl [CommonRepositoryImpl.java : 708] 条件的起始位置：{0}
2017-06-19 10:38:25,475 INFO [qtp10431538-42] o.a.g.p.dao.CommonRepositoryImpl [CommonRepositoryImpl.java : 674] condition = {}
2017-06-19 10:38:25,476 INFO [qtp10431538-42] o.a.g.p.dao.CommonRepositoryImpl [CommonRepositoryImpl.java : 482] order = { ORDER BY createDate DESC}
2017-06-19 10:38:25,478 INFO [qtp10431538-42] o.a.g.p.dao.CommonRepositoryImpl [CommonRepositoryImpl.java : 420] list_ql = {FROM Application  WHERE 1=1  ORDER BY createDate DESC}
2017-06-19 10:38:25,480 INFO [qtp10431538-42] o.a.g.p.dao.CommonRepositoryImpl [CommonRepositoryImpl.java : 152] count_ql = {SELECT count(*) FROM Application  WHERE 1=1 }
2017-06-19 10:38:25,484 INFO [qtp10431538-42] o.a.g.p.dao.CommonRepositoryImpl [CommonRepositoryImpl.java : 737] executeCount totalRows = {1}
2017-06-19 10:38:43,935 INFO [qtp10431538-45] o.a.g.p.dao.CommonRepositoryImpl [CommonRepositoryImpl.java : 497] qlString = {FROM Application WHERE 1=1}
2017-06-19 10:38:43,936 INFO [qtp10431538-45] o.a.g.p.dao.CommonRepositoryImpl [CommonRepositoryImpl.java : 701] conIndex = {17}
2017-06-19 10:38:43,937 INFO [qtp10431538-45] o.a.g.p.dao.CommonRepositoryImpl [CommonRepositoryImpl.java : 706] 条件前的?个数：{0}
2017-06-19 10:38:43,939 INFO [qtp10431538-45] o.a.g.p.dao.CommonRepositoryImpl [CommonRepositoryImpl.java : 707] 条件后的?个数：{0}
2017-06-19 10:38:43,940 INFO [qtp10431538-45] o.a.g.p.dao.CommonRepositoryImpl [CommonRepositoryImpl.java : 708] 条件的起始位置：{0}
2017-06-19 10:38:43,941 INFO [qtp10431538-45] o.a.g.p.dao.CommonRepositoryImpl [CommonRepositoryImpl.java : 674] condition = {}
2017-06-19 10:38:43,942 INFO [qtp10431538-45] o.a.g.p.dao.CommonRepositoryImpl [CommonRepositoryImpl.java : 482] order = { ORDER BY createDate DESC}
2017-06-19 10:38:43,943 INFO [qtp10431538-45] o.a.g.p.dao.CommonRepositoryImpl [CommonRepositoryImpl.java : 420] list_ql = {FROM Application  WHERE 1=1  ORDER BY createDate DESC}
2017-06-19 10:38:43,944 INFO [qtp10431538-45] o.a.g.p.dao.CommonRepositoryImpl [CommonRepositoryImpl.java : 152] count_ql = {SELECT count(*) FROM Application  WHERE 1=1 }
2017-06-19 10:38:43,950 INFO [qtp10431538-45] o.a.g.p.dao.CommonRepositoryImpl [CommonRepositoryImpl.java : 737] executeCount totalRows = {2}
2017-06-19 10:39:13,722 INFO [qtp10431538-42] o.a.g.p.dao.CommonRepositoryImpl [CommonRepositoryImpl.java : 497] qlString = {FROM Application WHERE 1=1}
2017-06-19 10:39:13,724 INFO [qtp10431538-42] o.a.g.p.dao.CommonRepositoryImpl [CommonRepositoryImpl.java : 701] conIndex = {17}
2017-06-19 10:39:13,725 INFO [qtp10431538-42] o.a.g.p.dao.CommonRepositoryImpl [CommonRepositoryImpl.java : 706] 条件前的?个数：{0}
2017-06-19 10:39:13,726 INFO [qtp10431538-42] o.a.g.p.dao.CommonRepositoryImpl [CommonRepositoryImpl.java : 707] 条件后的?个数：{0}
2017-06-19 10:39:13,727 INFO [qtp10431538-42] o.a.g.p.dao.CommonRepositoryImpl [CommonRepositoryImpl.java : 708] 条件的起始位置：{0}
2017-06-19 10:39:13,728 INFO [qtp10431538-42] o.a.g.p.dao.CommonRepositoryImpl [CommonRepositoryImpl.java : 674] condition = {}
2017-06-19 10:39:13,729 INFO [qtp10431538-42] o.a.g.p.dao.CommonRepositoryImpl [CommonRepositoryImpl.java : 482] order = { ORDER BY createDate DESC}
2017-06-19 10:39:13,730 INFO [qtp10431538-42] o.a.g.p.dao.CommonRepositoryImpl [CommonRepositoryImpl.java : 420] list_ql = {FROM Application  WHERE 1=1  ORDER BY createDate DESC}
2017-06-19 10:39:13,732 INFO [qtp10431538-42] o.a.g.p.dao.CommonRepositoryImpl [CommonRepositoryImpl.java : 152] count_ql = {SELECT count(*) FROM Application  WHERE 1=1 }
2017-06-19 10:39:13,737 INFO [qtp10431538-42] o.a.g.p.dao.CommonRepositoryImpl [CommonRepositoryImpl.java : 737] executeCount totalRows = {2}
2017-06-19 10:39:18,331 INFO [Druid-ConnectionPool-Log-24061732] c.a.d.p.DruidDataSourceStatLoggerImpl [DruidDataSourceStatLoggerImpl.java : 77] {"url":"jdbc:mysql://192.168.0.94:3306/dsgc?useUnicode=true&characterEncoding=utf8&pinGlobalTxToPhysicalConnection=true","dbType":"mysql","name":"DataSource-24061732","activeCount":0,"activePeak":1,"activePeakTime":"2017-06-19 10:36:01","poolingCount":1,"poolingPeak":1,"poolingPeakTime":"2017-06-19 10:36:01","connectCount":6,"closeCount":6,"executeCount":11,"commitCount":6,"pstmtCacheHitCount":11,"startTransactionCount":6,"transactionHistogram":[0,1,5],"connectionHoldTimeHistogram":[0,0,6],"sqlList":[{"sql":"select count(*) as col_0_0_ from base_application applicatio0_ where 1=1","executeCount":5,"executeMillisMax":4,"executeMillisTotal":10,"executeHistogram":[0,5],"executeAndResultHoldHistogram":[5],"concurrentMax":1,"fetchRowCount":1,"fetchRowHistogram":[0,5],"inTransactionCount":5},{"sql":"select applicatio0_.id as id1_2_, applicatio0_.context as context2_2_, applicatio0_.createDate as createDa3_2_, applicatio0_.hasJar as hasJar4_2_, applicatio0_.name as name5_2_, applicatio0_.serverType as serverTy6_2_, applicatio0_.serverTypeName as serverTy7_2_ from base_application applicatio0_ where 1=1 order by applicatio0_.createDate DESC limit ?","executeCount":5,"executeMillisMax":2,"executeMillisTotal":11,"executeHistogram":[0,5],"executeAndResultHoldHistogram":[5],"concurrentMax":1,"fetchRowCount":2,"fetchRowHistogram":[0,5],"inTransactionCount":5},{"sql":"insert into base_application (context, createDate, hasJar, name, serverType, serverTypeName, id) values (?, ?, ?, ?, ?, ?, ?)","executeCount":1,"executeMillisMax":3,"executeMillisTotal":3,"executeHistogram":[0,1],"executeAndResultHoldHistogram":[0,1],"concurrentMax":1,"updateCount":1,"updateCountMax":1,"updateHistogram":[0,1],"inTransactionCount":1}]}
2017-06-19 10:44:18,340 INFO [Druid-ConnectionPool-Log-24061732] c.a.d.p.DruidDataSourceStatLoggerImpl [DruidDataSourceStatLoggerImpl.java : 77] {"url":"jdbc:mysql://192.168.0.94:3306/dsgc?useUnicode=true&characterEncoding=utf8&pinGlobalTxToPhysicalConnection=true","dbType":"mysql","name":"DataSource-24061732","activeCount":0,"activePeak":1,"activePeakTime":"2017-06-19 10:40:12","poolingCount":1,"poolingPeak":1,"poolingPeakTime":"2017-06-19 10:40:12","connectCount":1,"closeCount":1,"executeCount":1,"commitCount":1,"pstmtCacheMissCount":1,"startTransactionCount":1,"transactionHistogram":[0,0,1],"connectionHoldTimeHistogram":[0,0,0,1],"sqlList":[{"sql":"select applicatio0_.id as id1_2_0_, applicatio0_.context as context2_2_0_, applicatio0_.createDate as createDa3_2_0_, applicatio0_.hasJar as hasJar4_2_0_, applicatio0_.name as name5_2_0_, applicatio0_.serverType as serverTy6_2_0_, applicatio0_.serverTypeName as serverTy7_2_0_ from base_application applicatio0_ where applicatio0_.id=?","executeCount":1,"executeMillisMax":1,"executeMillisTotal":1,"executeHistogram":[0,1],"executeAndResultHoldHistogram":[1],"concurrentMax":1,"fetchRowCount":1,"fetchRowHistogram":[0,1],"inTransactionCount":1}]}
2017-06-19 10:49:18,341 INFO [Druid-ConnectionPool-Log-24061732] c.a.d.p.DruidDataSourceStatLoggerImpl [DruidDataSourceStatLoggerImpl.java : 77] {"url":"jdbc:mysql://192.168.0.94:3306/dsgc?useUnicode=true&characterEncoding=utf8&pinGlobalTxToPhysicalConnection=true","dbType":"mysql","name":"DataSource-24061732","activeCount":0,"poolingCount":1,"connectCount":0,"closeCount":0}
2017-06-19 10:49:22,217 INFO [qtp10431538-56] o.a.g.p.dao.CommonRepositoryImpl [CommonRepositoryImpl.java : 497] qlString = {FROM Application WHERE 1=1}
2017-06-19 10:49:22,219 INFO [qtp10431538-56] o.a.g.p.dao.CommonRepositoryImpl [CommonRepositoryImpl.java : 701] conIndex = {17}
2017-06-19 10:49:22,220 INFO [qtp10431538-56] o.a.g.p.dao.CommonRepositoryImpl [CommonRepositoryImpl.java : 706] 条件前的?个数：{0}
2017-06-19 10:49:22,221 INFO [qtp10431538-56] o.a.g.p.dao.CommonRepositoryImpl [CommonRepositoryImpl.java : 707] 条件后的?个数：{0}
2017-06-19 10:49:22,222 INFO [qtp10431538-56] o.a.g.p.dao.CommonRepositoryImpl [CommonRepositoryImpl.java : 708] 条件的起始位置：{0}
2017-06-19 10:49:22,223 INFO [qtp10431538-56] o.a.g.p.dao.CommonRepositoryImpl [CommonRepositoryImpl.java : 674] condition = {}
2017-06-19 10:49:22,224 INFO [qtp10431538-56] o.a.g.p.dao.CommonRepositoryImpl [CommonRepositoryImpl.java : 482] order = { ORDER BY createDate DESC}
2017-06-19 10:49:22,225 INFO [qtp10431538-56] o.a.g.p.dao.CommonRepositoryImpl [CommonRepositoryImpl.java : 420] list_ql = {FROM Application  WHERE 1=1  ORDER BY createDate DESC}
2017-06-19 10:49:22,226 INFO [qtp10431538-56] o.a.g.p.dao.CommonRepositoryImpl [CommonRepositoryImpl.java : 152] count_ql = {SELECT count(*) FROM Application  WHERE 1=1 }
2017-06-19 10:49:22,231 INFO [qtp10431538-56] o.a.g.p.dao.CommonRepositoryImpl [CommonRepositoryImpl.java : 737] executeCount totalRows = {2}
2017-06-19 10:50:33,185 INFO [qtp10431538-15] o.a.g.p.dao.CommonRepositoryImpl [CommonRepositoryImpl.java : 497] qlString = {FROM Application WHERE 1=1}
2017-06-19 10:50:33,187 INFO [qtp10431538-15] o.a.g.p.dao.CommonRepositoryImpl [CommonRepositoryImpl.java : 701] conIndex = {17}
2017-06-19 10:50:33,188 INFO [qtp10431538-15] o.a.g.p.dao.CommonRepositoryImpl [CommonRepositoryImpl.java : 706] 条件前的?个数：{0}
2017-06-19 10:50:33,189 INFO [qtp10431538-15] o.a.g.p.dao.CommonRepositoryImpl [CommonRepositoryImpl.java : 707] 条件后的?个数：{0}
2017-06-19 10:50:33,190 INFO [qtp10431538-15] o.a.g.p.dao.CommonRepositoryImpl [CommonRepositoryImpl.java : 708] 条件的起始位置：{0}
2017-06-19 10:50:33,191 INFO [qtp10431538-15] o.a.g.p.dao.CommonRepositoryImpl [CommonRepositoryImpl.java : 674] condition = {}
2017-06-19 10:50:33,192 INFO [qtp10431538-15] o.a.g.p.dao.CommonRepositoryImpl [CommonRepositoryImpl.java : 482] order = { ORDER BY createDate DESC}
2017-06-19 10:50:33,193 INFO [qtp10431538-15] o.a.g.p.dao.CommonRepositoryImpl [CommonRepositoryImpl.java : 420] list_ql = {FROM Application  WHERE 1=1  ORDER BY createDate DESC}
2017-06-19 10:50:33,194 INFO [qtp10431538-15] o.a.g.p.dao.CommonRepositoryImpl [CommonRepositoryImpl.java : 152] count_ql = {SELECT count(*) FROM Application  WHERE 1=1 }
2017-06-19 10:50:33,198 INFO [qtp10431538-15] o.a.g.p.dao.CommonRepositoryImpl [CommonRepositoryImpl.java : 737] executeCount totalRows = {2}
2017-06-19 10:52:08,027 INFO [qtp10431538-57] o.a.g.p.dao.CommonRepositoryImpl [CommonRepositoryImpl.java : 497] qlString = {FROM Application WHERE 1=1}
2017-06-19 10:52:08,028 INFO [qtp10431538-57] o.a.g.p.dao.CommonRepositoryImpl [CommonRepositoryImpl.java : 701] conIndex = {17}
2017-06-19 10:52:08,029 INFO [qtp10431538-57] o.a.g.p.dao.CommonRepositoryImpl [CommonRepositoryImpl.java : 706] 条件前的?个数：{0}
2017-06-19 10:52:08,031 INFO [qtp10431538-57] o.a.g.p.dao.CommonRepositoryImpl [CommonRepositoryImpl.java : 707] 条件后的?个数：{0}
2017-06-19 10:52:08,032 INFO [qtp10431538-57] o.a.g.p.dao.CommonRepositoryImpl [CommonRepositoryImpl.java : 708] 条件的起始位置：{0}
2017-06-19 10:52:08,033 INFO [qtp10431538-57] o.a.g.p.dao.CommonRepositoryImpl [CommonRepositoryImpl.java : 674] condition = {}
2017-06-19 10:52:08,036 INFO [qtp10431538-57] o.a.g.p.dao.CommonRepositoryImpl [CommonRepositoryImpl.java : 482] order = { ORDER BY createDate DESC}
2017-06-19 10:52:08,037 INFO [qtp10431538-57] o.a.g.p.dao.CommonRepositoryImpl [CommonRepositoryImpl.java : 420] list_ql = {FROM Application  WHERE 1=1  ORDER BY createDate DESC}
2017-06-19 10:52:08,041 INFO [qtp10431538-57] o.a.g.p.dao.CommonRepositoryImpl [CommonRepositoryImpl.java : 152] count_ql = {SELECT count(*) FROM Application  WHERE 1=1 }
2017-06-19 10:52:08,046 INFO [qtp10431538-57] o.a.g.p.dao.CommonRepositoryImpl [CommonRepositoryImpl.java : 737] executeCount totalRows = {2}
2017-06-19 10:53:30,907 INFO [qtp10431538-45] o.a.g.p.dao.CommonRepositoryImpl [CommonRepositoryImpl.java : 497] qlString = {FROM Application WHERE 1=1}
2017-06-19 10:53:30,908 INFO [qtp10431538-45] o.a.g.p.dao.CommonRepositoryImpl [CommonRepositoryImpl.java : 701] conIndex = {17}
2017-06-19 10:53:30,909 INFO [qtp10431538-45] o.a.g.p.dao.CommonRepositoryImpl [CommonRepositoryImpl.java : 706] 条件前的?个数：{0}
2017-06-19 10:53:30,910 INFO [qtp10431538-45] o.a.g.p.dao.CommonRepositoryImpl [CommonRepositoryImpl.java : 707] 条件后的?个数：{0}
2017-06-19 10:53:30,911 INFO [qtp10431538-45] o.a.g.p.dao.CommonRepositoryImpl [CommonRepositoryImpl.java : 708] 条件的起始位置：{0}
2017-06-19 10:53:30,912 INFO [qtp10431538-45] o.a.g.p.dao.CommonRepositoryImpl [CommonRepositoryImpl.java : 674] condition = {}
2017-06-19 10:53:30,913 INFO [qtp10431538-45] o.a.g.p.dao.CommonRepositoryImpl [CommonRepositoryImpl.java : 482] order = { ORDER BY createDate DESC}
2017-06-19 10:53:30,914 INFO [qtp10431538-45] o.a.g.p.dao.CommonRepositoryImpl [CommonRepositoryImpl.java : 420] list_ql = {FROM Application  WHERE 1=1  ORDER BY createDate DESC}
2017-06-19 10:53:30,915 INFO [qtp10431538-45] o.a.g.p.dao.CommonRepositoryImpl [CommonRepositoryImpl.java : 152] count_ql = {SELECT count(*) FROM Application  WHERE 1=1 }
2017-06-19 10:53:30,918 INFO [qtp10431538-45] o.a.g.p.dao.CommonRepositoryImpl [CommonRepositoryImpl.java : 737] executeCount totalRows = {2}
2017-06-19 10:54:18,349 INFO [Druid-ConnectionPool-Log-24061732] c.a.d.p.DruidDataSourceStatLoggerImpl [DruidDataSourceStatLoggerImpl.java : 77] {"url":"jdbc:mysql://192.168.0.94:3306/dsgc?useUnicode=true&characterEncoding=utf8&pinGlobalTxToPhysicalConnection=true","dbType":"mysql","name":"DataSource-24061732","activeCount":0,"activePeak":1,"activePeakTime":"2017-06-19 10:49:22","poolingCount":1,"poolingPeak":1,"poolingPeakTime":"2017-06-19 10:49:22","connectCount":4,"closeCount":4,"executeCount":8,"commitCount":4,"pstmtCacheHitCount":8,"startTransactionCount":4,"transactionHistogram":[0,0,4],"connectionHoldTimeHistogram":[0,0,4],"sqlList":[{"sql":"select count(*) as col_0_0_ from base_application applicatio0_ where 1=1","executeCount":4,"executeMillisMax":1,"executeMillisTotal":6,"executeHistogram":[0,4],"executeAndResultHoldHistogram":[4],"concurrentMax":1,"fetchRowCount":1,"fetchRowHistogram":[0,4],"inTransactionCount":4},{"sql":"select applicatio0_.id as id1_2_, applicatio0_.context as context2_2_, applicatio0_.createDate as createDa3_2_, applicatio0_.hasJar as hasJar4_2_, applicatio0_.name as name5_2_, applicatio0_.serverType as serverTy6_2_, applicatio0_.serverTypeName as serverTy7_2_ from base_application applicatio0_ where 1=1 order by applicatio0_.createDate DESC limit ?","executeCount":4,"executeMillisMax":2,"executeMillisTotal":8,"executeHistogram":[0,4],"executeAndResultHoldHistogram":[4],"concurrentMax":1,"fetchRowCount":2,"fetchRowHistogram":[0,4],"inTransactionCount":4}]}
2017-06-19 10:59:18,352 INFO [Druid-ConnectionPool-Log-24061732] c.a.d.p.DruidDataSourceStatLoggerImpl [DruidDataSourceStatLoggerImpl.java : 77] {"url":"jdbc:mysql://192.168.0.94:3306/dsgc?useUnicode=true&characterEncoding=utf8&pinGlobalTxToPhysicalConnection=true","dbType":"mysql","name":"DataSource-24061732","activeCount":0,"poolingCount":1,"connectCount":0,"closeCount":0}
2017-06-19 10:59:36,239 WARN [qtp10431538-15] org.eclipse.jetty.server.HttpChannel [HttpChannel.java : 507] /main-container/applicationAgent
org.springframework.web.util.NestedServletException: Request processing failed; nested exception is org.springframework.web.client.ResourceAccessException: I/O error on GET request for "http://192.168.0.33:5555/sub-container/restSub/accessCheck": Connection refused: connect; nested exception is java.net.ConnectException: Connection refused: connect
	at org.springframework.web.servlet.FrameworkServlet.processRequest(FrameworkServlet.java:982)
	at org.springframework.web.servlet.FrameworkServlet.doGet(FrameworkServlet.java:861)
	at javax.servlet.http.HttpServlet.service(HttpServlet.java:687)
	at org.springframework.web.servlet.FrameworkServlet.service(FrameworkServlet.java:846)
	at javax.servlet.http.HttpServlet.service(HttpServlet.java:790)
	at org.eclipse.jetty.servlet.ServletHolder.handle(ServletHolder.java:841)
	at org.eclipse.jetty.servlet.ServletHandler$CachedChain.doFilter(ServletHandler.java:1634)
	at org.eclipse.jetty.websocket.server.WebSocketUpgradeFilter.doFilter(WebSocketUpgradeFilter.java:206)
	at org.eclipse.jetty.servlet.ServletHandler$CachedChain.doFilter(ServletHandler.java:1621)
	at org.apel.poseidon.security.commons.filter.CustomUrlDecisionFilter.doFilter(CustomUrlDecisionFilter.java:41)
	at org.eclipse.jetty.servlet.ServletHandler$CachedChain.doFilter(ServletHandler.java:1621)
	at org.springframework.web.filter.RequestContextFilter.doFilterInternal(RequestContextFilter.java:99)
	at org.springframework.web.filter.OncePerRequestFilter.doFilter(OncePerRequestFilter.java:107)
	at org.eclipse.jetty.servlet.ServletHandler$CachedChain.doFilter(ServletHandler.java:1621)
	at org.springframework.web.filter.HttpPutFormContentFilter.doFilterInternal(HttpPutFormContentFilter.java:105)
	at org.springframework.web.filter.OncePerRequestFilter.doFilter(OncePerRequestFilter.java:107)
	at org.eclipse.jetty.servlet.ServletHandler$CachedChain.doFilter(ServletHandler.java:1621)
	at org.springframework.web.filter.HiddenHttpMethodFilter.doFilterInternal(HiddenHttpMethodFilter.java:81)
	at org.springframework.web.filter.OncePerRequestFilter.doFilter(OncePerRequestFilter.java:107)
	at org.eclipse.jetty.servlet.ServletHandler$CachedChain.doFilter(ServletHandler.java:1621)
	at org.springframework.web.filter.CharacterEncodingFilter.doFilterInternal(CharacterEncodingFilter.java:197)
	at org.springframework.web.filter.OncePerRequestFilter.doFilter(OncePerRequestFilter.java:107)
	at org.eclipse.jetty.servlet.ServletHandler$CachedChain.doFilter(ServletHandler.java:1621)
	at org.eclipse.jetty.servlet.ServletHandler.doHandle(ServletHandler.java:541)
	at org.eclipse.jetty.server.handler.ScopedHandler.handle(ScopedHandler.java:143)
	at org.eclipse.jetty.security.SecurityHandler.handle(SecurityHandler.java:548)
	at org.eclipse.jetty.server.handler.HandlerWrapper.handle(HandlerWrapper.java:132)
	at org.eclipse.jetty.server.handler.ScopedHandler.nextHandle(ScopedHandler.java:190)
	at org.eclipse.jetty.server.session.SessionHandler.doHandle(SessionHandler.java:1592)
	at org.eclipse.jetty.server.handler.ScopedHandler.nextHandle(ScopedHandler.java:188)
	at org.eclipse.jetty.server.handler.ContextHandler.doHandle(ContextHandler.java:1239)
	at org.eclipse.jetty.server.handler.ScopedHandler.nextScope(ScopedHandler.java:168)
	at org.eclipse.jetty.servlet.ServletHandler.doScope(ServletHandler.java:481)
	at org.eclipse.jetty.server.session.SessionHandler.doScope(SessionHandler.java:1561)
	at org.eclipse.jetty.server.handler.ScopedHandler.nextScope(ScopedHandler.java:166)
	at org.eclipse.jetty.server.handler.ContextHandler.doScope(ContextHandler.java:1141)
	at org.eclipse.jetty.server.handler.ScopedHandler.handle(ScopedHandler.java:141)
	at org.eclipse.jetty.server.handler.HandlerWrapper.handle(HandlerWrapper.java:132)
	at org.eclipse.jetty.server.Server.handle(Server.java:564)
	at org.eclipse.jetty.server.HttpChannel.handle(HttpChannel.java:320)
	at org.eclipse.jetty.server.HttpConnection.onFillable(HttpConnection.java:251)
	at org.eclipse.jetty.io.AbstractConnection$ReadCallback.succeeded(AbstractConnection.java:279)
	at org.eclipse.jetty.io.FillInterest.fillable(FillInterest.java:110)
	at org.eclipse.jetty.io.ChannelEndPoint$2.run(ChannelEndPoint.java:124)
	at org.eclipse.jetty.util.thread.Invocable.invokePreferred(Invocable.java:122)
	at org.eclipse.jetty.util.thread.strategy.ExecutingExecutionStrategy.invoke(ExecutingExecutionStrategy.java:58)
	at org.eclipse.jetty.util.thread.strategy.ExecuteProduceConsume.produceConsume(ExecuteProduceConsume.java:201)
	at org.eclipse.jetty.util.thread.strategy.ExecuteProduceConsume.run(ExecuteProduceConsume.java:133)
	at org.eclipse.jetty.util.thread.QueuedThreadPool.runJob(QueuedThreadPool.java:672)
	at org.eclipse.jetty.util.thread.QueuedThreadPool$2.run(QueuedThreadPool.java:590)
	at java.lang.Thread.run(Unknown Source)
Caused by: org.springframework.web.client.ResourceAccessException: I/O error on GET request for "http://192.168.0.33:5555/sub-container/restSub/accessCheck": Connection refused: connect; nested exception is java.net.ConnectException: Connection refused: connect
	at org.springframework.web.client.RestTemplate.doExecute(RestTemplate.java:666)
	at org.springframework.web.client.RestTemplate.execute(RestTemplate.java:613)
	at org.springframework.web.client.RestTemplate.getForObject(RestTemplate.java:287)
	at org.apel.server.management.main.container.restful.RestSubClient.accessCheck(RestSubClient.java:24)
	at org.apel.server.management.main.container.service.impl.ApplicationAgentServiceImpl.pageQuery(ApplicationAgentServiceImpl.java:24)
	at org.apel.server.management.main.container.service.impl.ApplicationAgentServiceImpl$$FastClassBySpringCGLIB$$6c6e113f.invoke(<generated>)
	at org.springframework.cglib.proxy.MethodProxy.invoke(MethodProxy.java:204)
	at org.springframework.aop.framework.CglibAopProxy$CglibMethodInvocation.invokeJoinpoint(CglibAopProxy.java:721)
	at org.springframework.aop.framework.ReflectiveMethodInvocation.proceed(ReflectiveMethodInvocation.java:157)
	at org.springframework.transaction.interceptor.TransactionInterceptor$1.proceedWithInvocation(TransactionInterceptor.java:99)
	at org.springframework.transaction.interceptor.TransactionAspectSupport.invokeWithinTransaction(TransactionAspectSupport.java:282)
	at org.springframework.transaction.interceptor.TransactionInterceptor.invoke(TransactionInterceptor.java:96)
	at org.springframework.aop.framework.ReflectiveMethodInvocation.proceed(ReflectiveMethodInvocation.java:179)
	at org.springframework.aop.framework.CglibAopProxy$DynamicAdvisedInterceptor.intercept(CglibAopProxy.java:656)
	at org.apel.server.management.main.container.service.impl.ApplicationAgentServiceImpl$$EnhancerBySpringCGLIB$$6a7a292c.pageQuery(<generated>)
	at org.apel.server.management.main.web.ApplicationAgentController.list(ApplicationAgentController.java:42)
	at sun.reflect.NativeMethodAccessorImpl.invoke0(Native Method)
	at sun.reflect.NativeMethodAccessorImpl.invoke(Unknown Source)
	at sun.reflect.DelegatingMethodAccessorImpl.invoke(Unknown Source)
	at java.lang.reflect.Method.invoke(Unknown Source)
	at org.springframework.web.method.support.InvocableHandlerMethod.doInvoke(InvocableHandlerMethod.java:205)
	at org.springframework.web.method.support.InvocableHandlerMethod.invokeForRequest(InvocableHandlerMethod.java:133)
	at org.springframework.web.servlet.mvc.method.annotation.ServletInvocableHandlerMethod.invokeAndHandle(ServletInvocableHandlerMethod.java:116)
	at org.springframework.web.servlet.mvc.method.annotation.RequestMappingHandlerAdapter.invokeHandlerMethod(RequestMappingHandlerAdapter.java:827)
	at org.springframework.web.servlet.mvc.method.annotation.RequestMappingHandlerAdapter.handleInternal(RequestMappingHandlerAdapter.java:738)
	at org.springframework.web.servlet.mvc.method.AbstractHandlerMethodAdapter.handle(AbstractHandlerMethodAdapter.java:85)
	at org.springframework.web.servlet.DispatcherServlet.doDispatch(DispatcherServlet.java:963)
	at org.springframework.web.servlet.DispatcherServlet.doService(DispatcherServlet.java:897)
	at org.springframework.web.servlet.FrameworkServlet.processRequest(FrameworkServlet.java:970)
	... 50 common frames omitted
Caused by: java.net.ConnectException: Connection refused: connect
	at java.net.DualStackPlainSocketImpl.connect0(Native Method)
	at java.net.DualStackPlainSocketImpl.socketConnect(Unknown Source)
	at java.net.AbstractPlainSocketImpl.doConnect(Unknown Source)
	at java.net.AbstractPlainSocketImpl.connectToAddress(Unknown Source)
	at java.net.AbstractPlainSocketImpl.connect(Unknown Source)
	at java.net.PlainSocketImpl.connect(Unknown Source)
	at java.net.SocksSocketImpl.connect(Unknown Source)
	at java.net.Socket.connect(Unknown Source)
	at java.net.Socket.connect(Unknown Source)
	at sun.net.NetworkClient.doConnect(Unknown Source)
	at sun.net.www.http.HttpClient.openServer(Unknown Source)
	at sun.net.www.http.HttpClient.openServer(Unknown Source)
	at sun.net.www.http.HttpClient.<init>(Unknown Source)
	at sun.net.www.http.HttpClient.New(Unknown Source)
	at sun.net.www.http.HttpClient.New(Unknown Source)
	at sun.net.www.protocol.http.HttpURLConnection.getNewHttpClient(Unknown Source)
	at sun.net.www.protocol.http.HttpURLConnection.plainConnect0(Unknown Source)
	at sun.net.www.protocol.http.HttpURLConnection.plainConnect(Unknown Source)
	at sun.net.www.protocol.http.HttpURLConnection.connect(Unknown Source)
	at org.springframework.http.client.SimpleBufferingClientHttpRequest.executeInternal(SimpleBufferingClientHttpRequest.java:78)
	at org.springframework.http.client.AbstractBufferingClientHttpRequest.executeInternal(AbstractBufferingClientHttpRequest.java:48)
	at org.springframework.http.client.AbstractClientHttpRequest.execute(AbstractClientHttpRequest.java:53)
	at org.springframework.web.client.RestTemplate.doExecute(RestTemplate.java:652)
	... 78 common frames omitted
