2017-06-16 10:01:44,808 INFO [main] o.a.s.m.main.web.test.StartMainWeb [StartupInfoLogger.java : 48] Starting StartMainWeb on wulin with PID 7296 (D:\soft\job\java\javaIDE\eclipse_jee\bjhy_attachment_workspace\server-management-parent\server-management-main-web\target\test-classes started by Administrator in D:\soft\job\java\javaIDE\eclipse_jee\bjhy_attachment_workspace\server-management-parent\server-management-main-web)
2017-06-16 10:01:44,979 INFO [main] o.a.s.m.main.web.test.StartMainWeb [SpringApplication.java : 637] No active profile set, falling back to default profiles: default
2017-06-16 10:01:45,229 INFO [main] o.s.b.c.e.AnnotationConfigEmbeddedWebApplicationContext [AbstractApplicationContext.java : 582] Refreshing org.springframework.boot.context.embedded.AnnotationConfigEmbeddedWebApplicationContext@57ae10: startup date [Fri Jun 16 10:01:45 CST 2017]; root of context hierarchy
2017-06-16 10:01:45,998 INFO [background-preinit] o.h.validator.internal.util.Version [Version.java : 30] HV000001: Hibernate Validator 5.3.4.Final
2017-06-16 10:01:48,776 INFO [main] o.s.b.f.xml.XmlBeanDefinitionReader [XmlBeanDefinitionReader.java : 317] Loading XML bean definitions from file [D:\soft\job\java\javaIDE\eclipse_jee\bjhy_attachment_workspace\server-management-parent\server-management-main-web\target\classes\META-INF\spring\module-server-management-main-web.xml]
2017-06-16 10:01:49,635 INFO [main] o.s.b.f.xml.XmlBeanDefinitionReader [XmlBeanDefinitionReader.java : 317] Loading XML bean definitions from file [D:\soft\job\java\javaIDE\eclipse_jee\bjhy_attachment_workspace\server-management-parent\server-management-main-container\target\classes\META-INF\spring\module-server-management-main-container.xml]
2017-06-16 10:01:49,729 INFO [main] o.s.b.f.xml.XmlBeanDefinitionReader [XmlBeanDefinitionReader.java : 317] Loading XML bean definitions from file [D:\soft\job\java\javaIDE\eclipse_jee\bjhy_attachment_workspace\server-management-parent\server-management-common\target\classes\META-INF\spring\module-server-management-common.xml]
2017-06-16 10:01:49,807 INFO [main] o.s.b.f.xml.XmlBeanDefinitionReader [XmlBeanDefinitionReader.java : 317] Loading XML bean definitions from file [D:\soft\job\java\javaIDE\eclipse_jee\bjhy_attachment_workspace\server-management-parent\server-management-base\target\classes\META-INF\spring\module-server-management-base.xml]
2017-06-16 10:01:49,964 INFO [main] o.s.b.f.xml.XmlBeanDefinitionReader [XmlBeanDefinitionReader.java : 317] Loading XML bean definitions from URL [jar:file:/D:/repository/org/apel/gaia-property-loader/1.0.1-SNAPSHOT/gaia-property-loader-1.0.1-SNAPSHOT.jar!/META-INF/spring/module-property-loader.xml]
2017-06-16 10:01:50,010 INFO [main] o.s.b.f.xml.XmlBeanDefinitionReader [XmlBeanDefinitionReader.java : 317] Loading XML bean definitions from URL [jar:file:/D:/repository/org/apel/gaia-persist/1.0.1-SNAPSHOT/gaia-persist-1.0.1-SNAPSHOT.jar!/META-INF/spring/module-persist.xml]
2017-06-16 10:01:50,244 INFO [main] o.s.b.f.xml.XmlBeanDefinitionReader [XmlBeanDefinitionReader.java : 317] Loading XML bean definitions from URL [jar:file:/D:/repository/org/apel/gaia-infrastructure/1.0.1-SNAPSHOT/gaia-infrastructure-1.0.1-SNAPSHOT.jar!/META-INF/spring/module-gaia-infrastructure.xml]
2017-06-16 10:01:50,291 INFO [main] o.s.b.f.xml.XmlBeanDefinitionReader [XmlBeanDefinitionReader.java : 317] Loading XML bean definitions from URL [jar:file:/D:/repository/org/apel/poseidon-security-commons/1.0.2-SNAPSHOT/poseidon-security-commons-1.0.2-SNAPSHOT.jar!/META-INF/spring/module-poseidon-common.xml]
2017-06-16 10:01:50,338 INFO [main] o.s.b.f.xml.XmlBeanDefinitionReader [XmlBeanDefinitionReader.java : 317] Loading XML bean definitions from URL [jar:file:/D:/repository/org/apel/gaia-container-boot/1.0.1-SNAPSHOT/gaia-container-boot-1.0.1-SNAPSHOT.jar!/META-INF/spring/module-boot.xml]
2017-06-16 10:01:50,400 INFO [main] o.s.b.f.xml.XmlBeanDefinitionReader [XmlBeanDefinitionReader.java : 317] Loading XML bean definitions from URL [jar:file:/D:/repository/org/apel/gaia-container-boot/1.0.1-SNAPSHOT/gaia-container-boot-1.0.1-SNAPSHOT.jar!/META-INF/spring/module-mvc.xml]
2017-06-16 10:01:50,589 INFO [main] o.s.b.f.xml.XmlBeanDefinitionReader [XmlBeanDefinitionReader.java : 317] Loading XML bean definitions from URL [jar:file:/D:/repository/org/apel/gaia-js-lib/1.0.1-SNAPSHOT/gaia-js-lib-1.0.1-SNAPSHOT.jar!/META-INF/spring/module-js-lib.xml]
2017-06-16 10:01:51,603 INFO [main] o.s.b.f.s.DefaultListableBeanFactory [DefaultListableBeanFactory.java : 828] Overriding bean definition for bean 'org.springframework.transaction.config.internalTransactionAdvisor' with a different definition: replacing [Root bean: class [org.springframework.transaction.interceptor.BeanFactoryTransactionAttributeSourceAdvisor]; scope=; abstract=false; lazyInit=false; autowireMode=0; dependencyCheck=0; autowireCandidate=true; primary=false; factoryBeanName=null; factoryMethodName=null; initMethodName=null; destroyMethodName=null] with [Root bean: class [null]; scope=; abstract=false; lazyInit=false; autowireMode=3; dependencyCheck=0; autowireCandidate=true; primary=false; factoryBeanName=org.springframework.transaction.annotation.ProxyTransactionManagementConfiguration; factoryMethodName=transactionAdvisor; initMethodName=null; destroyMethodName=(inferred); defined in class path resource [org/springframework/transaction/annotation/ProxyTransactionManagementConfiguration.class]]
2017-06-16 10:01:51,650 INFO [main] o.s.c.a.ConfigurationClassBeanDefinitionReader [ConfigurationClassBeanDefinitionReader.java : 298] Skipping bean definition for [BeanMethod:name=transactionalEventListenerFactory,declaringClass=org.springframework.transaction.annotation.AbstractTransactionManagementConfiguration]: a definition for bean 'org.springframework.transaction.config.internalTransactionalEventListenerFactory' already exists. This top-level bean definition is considered as an override.
2017-06-16 10:01:52,040 INFO [main] o.s.b.f.s.DefaultListableBeanFactory [DefaultListableBeanFactory.java : 828] Overriding bean definition for bean 'entityManagerFactory' with a different definition: replacing [Root bean: class [null]; scope=; abstract=false; lazyInit=false; autowireMode=3; dependencyCheck=0; autowireCandidate=true; primary=true; factoryBeanName=org.springframework.boot.autoconfigure.orm.jpa.HibernateJpaAutoConfiguration; factoryMethodName=entityManagerFactory; initMethodName=null; destroyMethodName=(inferred); defined in class path resource [org/springframework/boot/autoconfigure/orm/jpa/HibernateJpaAutoConfiguration.class]] with [Root bean: class [null]; scope=; abstract=false; lazyInit=false; autowireMode=3; dependencyCheck=0; autowireCandidate=true; primary=false; factoryBeanName=jpaConfig; factoryMethodName=entityManagerFactory; initMethodName=null; destroyMethodName=(inferred); defined in org.apel.gaia.persist.config.hibernate.JpaConfig]
2017-06-16 10:01:52,072 INFO [main] o.s.b.f.s.DefaultListableBeanFactory [DefaultListableBeanFactory.java : 828] Overriding bean definition for bean 'transactionManager' with a different definition: replacing [Root bean: class [null]; scope=; abstract=false; lazyInit=false; autowireMode=3; dependencyCheck=0; autowireCandidate=true; primary=false; factoryBeanName=org.springframework.boot.autoconfigure.orm.jpa.HibernateJpaAutoConfiguration; factoryMethodName=transactionManager; initMethodName=null; destroyMethodName=(inferred); defined in class path resource [org/springframework/boot/autoconfigure/orm/jpa/HibernateJpaAutoConfiguration.class]] with [Root bean: class [null]; scope=; abstract=false; lazyInit=false; autowireMode=3; dependencyCheck=0; autowireCandidate=true; primary=false; factoryBeanName=txConfig; factoryMethodName=transactionManager; initMethodName=null; destroyMethodName=(inferred); defined in org.apel.gaia.persist.config.hibernate.TxConfig]
2017-06-16 10:01:53,258 INFO [main] o.s.b.f.s.DefaultListableBeanFactory [DefaultListableBeanFactory.java : 828] Overriding bean definition for bean 'dataSource' with a different definition: replacing [Root bean: class [null]; scope=; abstract=false; lazyInit=false; autowireMode=3; dependencyCheck=0; autowireCandidate=true; primary=false; factoryBeanName=org.springframework.boot.autoconfigure.jdbc.EmbeddedDataSourceConfiguration; factoryMethodName=dataSource; initMethodName=null; destroyMethodName=(inferred); defined in class path resource [org/springframework/boot/autoconfigure/jdbc/EmbeddedDataSourceConfiguration.class]] with [Root bean: class [null]; scope=; abstract=false; lazyInit=false; autowireMode=3; dependencyCheck=0; autowireCandidate=true; primary=false; factoryBeanName=DBConfig; factoryMethodName=dataSource; initMethodName=init; destroyMethodName=close; defined in org.apel.gaia.persist.config.db.DBConfig]
2017-06-16 10:01:54,273 WARN [main] o.s.c.a.ConfigurationClassEnhancer [ConfigurationClassEnhancer.java : 350] @Bean method CenterPropertyLoader.propertyPlaceholderConfigurer is non-static and returns an object assignable to Spring's BeanFactoryPostProcessor interface. This will result in a failure to process annotations such as @Autowired, @Resource and @PostConstruct within the method's declaring @Configuration class. Add the 'static' modifier to this method to avoid these container lifecycle issues; see @Bean javadoc for complete details.
2017-06-16 10:01:54,898 WARN [main] o.h.v.m.ParameterMessageInterpolator [ParameterMessageInterpolator.java : 28] HV000184: ParameterMessageInterpolator has been chosen, EL interpolation will not be supported
2017-06-16 10:01:55,491 INFO [main] o.s.c.s.PostProcessorRegistrationDelegate$BeanPostProcessorChecker [PostProcessorRegistrationDelegate.java : 325] Bean 'org.springframework.transaction.annotation.ProxyTransactionManagementConfiguration' of type [org.springframework.transaction.annotation.ProxyTransactionManagementConfiguration$$EnhancerBySpringCGLIB$$1896d901] is not eligible for getting processed by all BeanPostProcessors (for example: not eligible for auto-proxying)
2017-06-16 10:01:56,023 WARN [main] o.h.v.m.ParameterMessageInterpolator [ParameterMessageInterpolator.java : 28] HV000184: ParameterMessageInterpolator has been chosen, EL interpolation will not be supported
2017-06-16 10:01:56,491 INFO [main] org.eclipse.jetty.util.log [Log.java : 192] Logging initialized @16315ms to org.eclipse.jetty.util.log.Slf4jLog
2017-06-16 10:01:57,973 INFO [main] o.s.b.c.e.j.JettyEmbeddedServletContainerFactory [JettyEmbeddedServletContainerFactory.java : 176] Server initialized with port: 6555
2017-06-16 10:01:57,988 INFO [main] org.eclipse.jetty.server.Server [Server.java : 372] jetty-9.4.2.v20170220
2017-06-16 10:01:58,535 INFO [main] org.eclipse.jetty.server.session [DefaultSessionIdManager.java : 360] DefaultSessionIdManager workerName=node0
2017-06-16 10:01:58,535 INFO [main] org.eclipse.jetty.server.session [DefaultSessionIdManager.java : 365] No SessionScavenger set, using defaults
2017-06-16 10:01:58,551 INFO [main] org.eclipse.jetty.server.session [HouseKeeper.java : 146] Scavenging every 600000ms
2017-06-16 10:01:58,598 INFO [main] o.e.jetty.ContextHandler.application [ContextHandler.java : 2207] Initializing Spring embedded WebApplicationContext
2017-06-16 10:01:58,598 INFO [main] o.s.web.context.ContextLoader [EmbeddedWebApplicationContext.java : 276] Root WebApplicationContext: initialization completed in 13369 ms
2017-06-16 10:01:59,097 INFO [main] o.s.b.w.s.ServletRegistrationBean [ServletRegistrationBean.java : 190] Mapping servlet: 'dispatcherServlet' to [/]
2017-06-16 10:01:59,112 INFO [main] o.s.b.w.s.FilterRegistrationBean [AbstractFilterRegistrationBean.java : 258] Mapping filter: 'characterEncodingFilter' to: [/*]
2017-06-16 10:01:59,112 INFO [main] o.s.b.w.s.FilterRegistrationBean [AbstractFilterRegistrationBean.java : 258] Mapping filter: 'hiddenHttpMethodFilter' to: [/*]
2017-06-16 10:01:59,112 INFO [main] o.s.b.w.s.FilterRegistrationBean [AbstractFilterRegistrationBean.java : 258] Mapping filter: 'httpPutFormContentFilter' to: [/*]
2017-06-16 10:01:59,112 INFO [main] o.s.b.w.s.FilterRegistrationBean [AbstractFilterRegistrationBean.java : 258] Mapping filter: 'requestContextFilter' to: [/*]
2017-06-16 10:01:59,112 INFO [main] o.s.b.w.s.FilterRegistrationBean [AbstractFilterRegistrationBean.java : 258] Mapping filter: 'customUrlDecisionFilter' to: [/*]
2017-06-16 10:02:01,127 INFO [main] o.e.j.server.handler.ContextHandler [ContextHandler.java : 802] Started o.s.b.c.e.j.JettyEmbeddedWebAppContext@4fda47{/main-container,[file:///C:/Users/Administrator/AppData/Local/Temp/jetty-docbase.8404441644108872799.6555/],AVAILABLE}
2017-06-16 10:02:01,127 INFO [main] org.eclipse.jetty.server.Server [Server.java : 444] Started @20955ms
2017-06-16 10:02:05,138 INFO [main] c.alibaba.druid.pool.DruidDataSource [DruidDataSource.java : 669] {dataSource-1} inited
2017-06-16 10:02:05,138 INFO [Druid-ConnectionPool-Log-2585257] c.a.d.p.DruidDataSourceStatLoggerImpl [DruidDataSourceStatLoggerImpl.java : 77] {"url":"jdbc:mysql://192.168.0.94:3306/dsgc?useUnicode=true&characterEncoding=utf8&pinGlobalTxToPhysicalConnection=true","dbType":"mysql","name":"DataSource-2585257","activeCount":0,"poolingCount":1,"poolingPeak":1,"poolingPeakTime":"2017-06-16 10:02:05","connectCount":0,"closeCount":0,"physicalConnectCount":1}
2017-06-16 10:02:06,153 INFO [main] o.s.o.j.LocalContainerEntityManagerFactoryBean [LocalContainerEntityManagerFactoryBean.java : 349] Building JPA container EntityManagerFactory for persistence unit 'platform'
2017-06-16 10:02:06,279 INFO [main] o.h.jpa.internal.util.LogHelper [LogHelper.java : 31] HHH000204: Processing PersistenceUnitInfo [
	name: platform
	...]
2017-06-16 10:02:06,810 INFO [main] org.hibernate.Version [Version.java : 37] HHH000412: Hibernate Core {5.0.12.Final}
2017-06-16 10:02:06,810 INFO [main] org.hibernate.cfg.Environment [Environment.java : 213] HHH000206: hibernate.properties not found
2017-06-16 10:02:06,826 INFO [main] org.hibernate.cfg.Environment [Environment.java : 317] HHH000021: Bytecode provider name : javassist
2017-06-16 10:02:07,263 INFO [main] o.h.annotations.common.Version [JavaReflectionManager.java : 66] HCANN000001: Hibernate Commons Annotations {5.0.1.Final}
2017-06-16 10:02:08,216 INFO [main] org.hibernate.dialect.Dialect [Dialect.java : 156] HHH000400: Using dialect: org.hibernate.dialect.MySQL5Dialect
2017-06-16 10:02:10,106 INFO [main] o.h.cache.spi.UpdateTimestampsCache [UpdateTimestampsCache.java : 55] HHH000250: Starting update timestamps cache at region: org.hibernate.cache.spi.UpdateTimestampsCache
2017-06-16 10:02:10,121 WARN [main] o.h.c.e.AbstractEhcacheRegionFactory [AbstractEhcacheRegionFactory.java : 161] HHH020003: Could not find a specific ehcache configuration for cache named [org.hibernate.cache.spi.UpdateTimestampsCache]; using defaults.
2017-06-16 10:02:10,310 INFO [main] o.h.c.internal.StandardQueryCache [StandardQueryCache.java : 74] HHH000248: Starting query cache at region: org.hibernate.cache.internal.StandardQueryCache
2017-06-16 10:02:10,310 WARN [main] o.h.c.e.AbstractEhcacheRegionFactory [AbstractEhcacheRegionFactory.java : 161] HHH020003: Could not find a specific ehcache configuration for cache named [org.hibernate.cache.internal.StandardQueryCache]; using defaults.
2017-06-16 10:02:11,403 INFO [main] o.h.tool.hbm2ddl.SchemaUpdate [SchemaUpdate.java : 105] HHH000228: Running hbm2ddl schema update
2017-06-16 10:02:11,497 INFO [main] o.h.t.s.e.i.InformationExtractorJdbcDatabaseMetaDataImpl [InformationExtractorJdbcDatabaseMetaDataImpl.java : 365] HHH000262: Table not found: base_application
2017-06-16 10:02:11,497 INFO [main] o.h.t.s.e.i.InformationExtractorJdbcDatabaseMetaDataImpl [InformationExtractorJdbcDatabaseMetaDataImpl.java : 365] HHH000262: Table not found: base_application
2017-06-16 10:02:11,951 INFO [main] o.h.t.s.e.i.InformationExtractorJdbcDatabaseMetaDataImpl [InformationExtractorJdbcDatabaseMetaDataImpl.java : 365] HHH000262: Table not found: base_main_container
2017-06-16 10:02:11,951 INFO [main] o.h.t.s.e.i.InformationExtractorJdbcDatabaseMetaDataImpl [InformationExtractorJdbcDatabaseMetaDataImpl.java : 365] HHH000262: Table not found: base_main_container
2017-06-16 10:02:11,982 INFO [main] o.h.t.s.e.i.InformationExtractorJdbcDatabaseMetaDataImpl [InformationExtractorJdbcDatabaseMetaDataImpl.java : 365] HHH000262: Table not found: base_sub_container
2017-06-16 10:02:11,982 INFO [main] o.h.t.s.e.i.InformationExtractorJdbcDatabaseMetaDataImpl [InformationExtractorJdbcDatabaseMetaDataImpl.java : 365] HHH000262: Table not found: base_sub_container
2017-06-16 10:02:12,247 INFO [main] o.s.o.j.LocalContainerEntityManagerFactoryBean [AbstractEntityManagerFactoryBean.java : 379] Initialized JPA EntityManagerFactory for persistence unit 'platform'
2017-06-16 10:02:14,420 INFO [main] o.s.u.f.SpringTemplateLoader [SpringTemplateLoader.java : 61] SpringTemplateLoader for FreeMarker: using resource loader [org.springframework.boot.context.embedded.AnnotationConfigEmbeddedWebApplicationContext@57ae10: startup date [Fri Jun 16 10:01:45 CST 2017]; root of context hierarchy] and template loader path [jar:file:/D:/repository/org/apel/gaia-container-boot/1.0.1-SNAPSHOT/gaia-container-boot-1.0.1-SNAPSHOT.jar!/platform/templates/]
2017-06-16 10:02:14,420 INFO [main] o.s.u.f.SpringTemplateLoader [SpringTemplateLoader.java : 61] SpringTemplateLoader for FreeMarker: using resource loader [org.springframework.boot.context.embedded.AnnotationConfigEmbeddedWebApplicationContext@57ae10: startup date [Fri Jun 16 10:01:45 CST 2017]; root of context hierarchy] and template loader path [classpath:/templates/]
2017-06-16 10:02:14,420 INFO [main] o.s.w.s.v.f.FreeMarkerConfigurer [FreeMarkerConfigurer.java : 127] ClassTemplateLoader for Spring macros added to FreeMarker configuration
2017-06-16 10:02:15,981 INFO [main] o.s.w.s.m.m.a.RequestMappingHandlerAdapter [RequestMappingHandlerAdapter.java : 534] Looking for @ControllerAdvice: org.springframework.boot.context.embedded.AnnotationConfigEmbeddedWebApplicationContext@57ae10: startup date [Fri Jun 16 10:01:45 CST 2017]; root of context hierarchy
2017-06-16 10:02:16,388 INFO [main] o.s.w.s.m.m.a.RequestMappingHandlerMapping [AbstractHandlerMethodMapping.java : 543] Mapped "{[/application/index],methods=[GET]}" onto public java.lang.String org.apel.server.management.main.web.ApplicationController.index()
2017-06-16 10:02:16,388 INFO [main] o.s.w.s.m.m.a.RequestMappingHandlerMapping [AbstractHandlerMethodMapping.java : 543] Mapped "{[/application/{id}],methods=[DELETE]}" onto public org.apel.gaia.commons.i18n.Message org.apel.server.management.main.web.ApplicationController.delete(java.lang.String)
2017-06-16 10:02:16,388 INFO [main] o.s.w.s.m.m.a.RequestMappingHandlerMapping [AbstractHandlerMethodMapping.java : 543] Mapped "{[/application/{id}],methods=[PUT]}" onto public org.apel.gaia.commons.i18n.Message org.apel.server.management.main.web.ApplicationController.create(java.lang.String,org.apel.server.management.main.container.domain.Application)
2017-06-16 10:02:16,388 INFO [main] o.s.w.s.m.m.a.RequestMappingHandlerMapping [AbstractHandlerMethodMapping.java : 543] Mapped "{[/application],methods=[POST]}" onto public org.apel.gaia.commons.i18n.Message org.apel.server.management.main.web.ApplicationController.create(org.apel.server.management.main.container.domain.Application)
2017-06-16 10:02:16,388 INFO [main] o.s.w.s.m.m.a.RequestMappingHandlerMapping [AbstractHandlerMethodMapping.java : 543] Mapped "{[/application]}" onto public org.apel.gaia.commons.pager.PageBean org.apel.server.management.main.web.ApplicationController.list(org.apel.gaia.commons.jqgrid.QueryParams)
2017-06-16 10:02:16,388 INFO [main] o.s.w.s.m.m.a.RequestMappingHandlerMapping [AbstractHandlerMethodMapping.java : 543] Mapped "{[/application/{id}],methods=[GET]}" onto public org.apel.server.management.main.container.domain.Application org.apel.server.management.main.web.ApplicationController.view(java.lang.String)
2017-06-16 10:02:16,388 INFO [main] o.s.w.s.m.m.a.RequestMappingHandlerMapping [AbstractHandlerMethodMapping.java : 543] Mapped "{[/application/all],methods=[GET]}" onto public java.util.List<org.apel.server.management.main.container.domain.Application> org.apel.server.management.main.web.ApplicationController.getAll()
2017-06-16 10:02:16,388 INFO [main] o.s.w.s.m.m.a.RequestMappingHandlerMapping [AbstractHandlerMethodMapping.java : 543] Mapped "{[/application],methods=[DELETE]}" onto public org.apel.gaia.commons.i18n.Message org.apel.server.management.main.web.ApplicationController.batchDelete(java.lang.String[])
2017-06-16 10:02:16,404 INFO [main] o.s.w.s.m.m.a.RequestMappingHandlerMapping [AbstractHandlerMethodMapping.java : 543] Mapped "{[/test/index],methods=[GET]}" onto public java.lang.String org.apel.server.management.main.web.TestController.index()
2017-06-16 10:02:16,404 INFO [main] o.s.w.s.m.m.a.RequestMappingHandlerMapping [AbstractHandlerMethodMapping.java : 543] Mapped "{[/test/user/{id}],methods=[GET]}" onto public org.springframework.boot.autoconfigure.security.SecurityProperties$User org.apel.server.management.main.web.TestController.findById(java.lang.String)
2017-06-16 10:02:16,404 INFO [main] o.s.w.s.m.m.a.RequestMappingHandlerMapping [AbstractHandlerMethodMapping.java : 543] Mapped "{[/test/subContainer],methods=[GET]}" onto public java.lang.String org.apel.server.management.main.web.TestController.subContainer()
2017-06-16 10:02:16,404 INFO [main] o.s.w.s.m.m.a.RequestMappingHandlerMapping [AbstractHandlerMethodMapping.java : 543] Mapped "{[/export/jqgrid],methods=[POST]}" onto public org.springframework.http.ResponseEntity<byte[]> org.apel.gaia.infrastructure.ExportController.exportExcel(org.apel.gaia.commons.jqgrid.QueryParams,java.lang.String,java.lang.String,java.lang.String,java.lang.String,java.lang.String,java.lang.String,java.lang.String,java.lang.String) throws java.lang.Exception
2017-06-16 10:02:16,404 INFO [main] o.s.w.s.m.m.a.RequestMappingHandlerMapping [AbstractHandlerMethodMapping.java : 543] Mapped "{[/file_progress]}" onto public java.lang.Integer org.apel.gaia.container.boot.controller.CommonController.netCheck(javax.servlet.http.HttpSession)
2017-06-16 10:02:16,404 INFO [main] o.s.w.s.m.m.a.RequestMappingHandlerMapping [AbstractHandlerMethodMapping.java : 543] Mapped "{[/net_check]}" onto public java.lang.String org.apel.gaia.container.boot.controller.CommonController.netCheck(java.lang.String)
2017-06-16 10:02:16,404 INFO [main] o.s.w.s.m.m.a.RequestMappingHandlerMapping [AbstractHandlerMethodMapping.java : 543] Mapped "{[/net_detect]}" onto public java.lang.String org.apel.gaia.container.boot.controller.CommonController.netDedect()
2017-06-16 10:02:16,419 INFO [main] o.s.w.s.m.m.a.RequestMappingHandlerMapping [AbstractHandlerMethodMapping.java : 543] Mapped "{[/400]}" onto public java.lang.String org.apel.gaia.container.boot.controller.ContainerErrorController._400() throws java.lang.Exception
2017-06-16 10:02:16,419 INFO [main] o.s.w.s.m.m.a.RequestMappingHandlerMapping [AbstractHandlerMethodMapping.java : 543] Mapped "{[/403]}" onto public java.lang.String org.apel.gaia.container.boot.controller.ContainerErrorController._403() throws java.lang.Exception
2017-06-16 10:02:16,419 INFO [main] o.s.w.s.m.m.a.RequestMappingHandlerMapping [AbstractHandlerMethodMapping.java : 543] Mapped "{[/404]}" onto public java.lang.String org.apel.gaia.container.boot.controller.ContainerErrorController._404() throws java.lang.Exception
2017-06-16 10:02:16,419 INFO [main] o.s.w.s.m.m.a.RequestMappingHandlerMapping [AbstractHandlerMethodMapping.java : 543] Mapped "{[/405]}" onto public java.lang.String org.apel.gaia.container.boot.controller.ContainerErrorController._405() throws java.lang.Exception
2017-06-16 10:02:16,419 INFO [main] o.s.w.s.m.m.a.RequestMappingHandlerMapping [AbstractHandlerMethodMapping.java : 543] Mapped "{[/500]}" onto public java.lang.String org.apel.gaia.container.boot.controller.ContainerErrorController._500() throws java.lang.Exception
2017-06-16 10:02:16,419 INFO [main] o.s.w.s.m.m.a.RequestMappingHandlerMapping [AbstractHandlerMethodMapping.java : 543] Mapped "{[/error]}" onto public java.lang.String org.apel.gaia.container.boot.controller.SpringErrorController.error()
2017-06-16 10:02:16,606 INFO [main] o.s.w.s.h.SimpleUrlHandlerMapping [AbstractUrlHandlerMapping.java : 362] Mapped URL path [/webjars/**] onto handler of type [class org.springframework.web.servlet.resource.ResourceHttpRequestHandler]
2017-06-16 10:02:16,606 INFO [main] o.s.w.s.h.SimpleUrlHandlerMapping [AbstractUrlHandlerMapping.java : 362] Mapped URL path [/**] onto handler of type [class org.springframework.web.servlet.resource.ResourceHttpRequestHandler]
2017-06-16 10:02:16,856 INFO [main] o.s.w.s.h.SimpleUrlHandlerMapping [AbstractUrlHandlerMapping.java : 362] Mapped URL path [/**/favicon.ico] onto handler of type [class org.springframework.web.servlet.resource.ResourceHttpRequestHandler]
2017-06-16 10:02:18,890 INFO [main] o.s.j.e.a.AnnotationMBeanExporter [MBeanExporter.java : 431] Registering beans for JMX exposure on startup
2017-06-16 10:02:18,906 INFO [main] o.s.j.e.a.AnnotationMBeanExporter [MBeanExporter.java : 916] Bean with name 'dataSource' has been autodetected for JMX exposure
2017-06-16 10:02:18,922 INFO [main] o.s.j.e.a.AnnotationMBeanExporter [MBeanExporter.java : 671] Located MBean 'dataSource': registering with JMX server as MBean [com.alibaba.druid.pool:name=dataSource,type=DruidDataSource]
2017-06-16 10:02:18,985 INFO [main] o.e.jetty.ContextHandler.application [ContextHandler.java : 2207] Initializing Spring FrameworkServlet 'dispatcherServlet'
2017-06-16 10:02:18,985 INFO [main] o.s.web.servlet.DispatcherServlet [FrameworkServlet.java : 489] FrameworkServlet 'dispatcherServlet': initialization started
2017-06-16 10:02:19,031 INFO [main] o.s.web.servlet.DispatcherServlet [FrameworkServlet.java : 508] FrameworkServlet 'dispatcherServlet': initialization completed in 46 ms
2017-06-16 10:02:19,125 INFO [main] o.e.jetty.server.AbstractConnector [AbstractConnector.java : 280] Started ServerConnector@ff1db3{HTTP/1.1,[http/1.1]}{0.0.0.0:6555}
2017-06-16 10:02:19,125 INFO [main] o.s.b.c.e.j.JettyEmbeddedServletContainer [JettyEmbeddedServletContainer.java : 144] Jetty started on port(s) 6555 (http/1.1)
2017-06-16 10:02:19,141 INFO [main] o.a.s.m.main.web.test.StartMainWeb [StartupInfoLogger.java : 57] Started StartMainWeb in 36.222 seconds (JVM running for 38.968)
2017-06-16 10:03:18,494 INFO [qtp26662900-46] o.a.g.p.dao.CommonRepositoryImpl [CommonRepositoryImpl.java : 497] qlString = {FROM Application WHERE 1=1}
2017-06-16 10:03:18,496 INFO [qtp26662900-46] o.a.g.p.dao.CommonRepositoryImpl [CommonRepositoryImpl.java : 701] conIndex = {17}
2017-06-16 10:03:18,498 INFO [qtp26662900-46] o.a.g.p.dao.CommonRepositoryImpl [CommonRepositoryImpl.java : 706] 条件前的?个数：{0}
2017-06-16 10:03:18,499 INFO [qtp26662900-46] o.a.g.p.dao.CommonRepositoryImpl [CommonRepositoryImpl.java : 707] 条件后的?个数：{0}
2017-06-16 10:03:18,500 INFO [qtp26662900-46] o.a.g.p.dao.CommonRepositoryImpl [CommonRepositoryImpl.java : 708] 条件的起始位置：{0}
2017-06-16 10:03:18,501 INFO [qtp26662900-46] o.a.g.p.dao.CommonRepositoryImpl [CommonRepositoryImpl.java : 674] condition = {}
2017-06-16 10:03:18,502 INFO [qtp26662900-46] o.a.g.p.dao.CommonRepositoryImpl [CommonRepositoryImpl.java : 482] order = { ORDER BY createDate DESC}
2017-06-16 10:03:18,503 INFO [qtp26662900-46] o.a.g.p.dao.CommonRepositoryImpl [CommonRepositoryImpl.java : 420] list_ql = {FROM Application  WHERE 1=1  ORDER BY createDate DESC}
2017-06-16 10:03:18,504 INFO [qtp26662900-46] o.a.g.p.dao.CommonRepositoryImpl [CommonRepositoryImpl.java : 152] count_ql = {SELECT count(*) FROM Application  WHERE 1=1 }
2017-06-16 10:03:18,613 INFO [qtp26662900-46] o.h.h.i.QueryTranslatorFactoryInitiator [QueryTranslatorFactoryInitiator.java : 47] HHH000397: Using ASTQueryTranslatorFactory
2017-06-16 10:03:20,301 INFO [qtp26662900-46] o.a.g.p.dao.CommonRepositoryImpl [CommonRepositoryImpl.java : 737] executeCount totalRows = {0}
2017-06-16 10:07:05,159 INFO [Druid-ConnectionPool-Log-2585257] c.a.d.p.DruidDataSourceStatLoggerImpl [DruidDataSourceStatLoggerImpl.java : 77] {"url":"jdbc:mysql://192.168.0.94:3306/dsgc?useUnicode=true&characterEncoding=utf8&pinGlobalTxToPhysicalConnection=true","dbType":"mysql","name":"DataSource-2585257","activeCount":0,"activePeak":2,"activePeakTime":"2017-06-16 10:02:11","poolingCount":2,"poolingPeak":2,"poolingPeakTime":"2017-06-16 10:02:12","connectCount":5,"closeCount":5,"notEmptyWaitCount":1,"notEmptyWaitMillis":30,"physicalConnectCount":1,"executeCount":6,"commitCount":1,"pstmtCacheMissCount":2,"startTransactionCount":1,"transactionHistogram":[0,0,0,1],"connectionHoldTimeHistogram":[0,1,0,3,1],"sqlList":[{"sql":"create table base_application (id varchar(255) not null, context varchar(255), createDate datetime, hasJar bit, name varchar(255), serverType varchar(255), serverTypeName varchar(255), primary key (id))","executeCount":4,"executeMillisMax":449,"executeMillisTotal":508,"executeHistogram":[0,0,3,1],"executeAndResultHoldHistogram":[0,0,3,1],"concurrentMax":1},{"sql":"select count(*) as col_0_0_ from base_application applicatio0_ where 1=1","executeCount":1,"executeMillisMax":12,"executeMillisTotal":12,"executeHistogram":[0,0,1],"executeAndResultHoldHistogram":[1],"concurrentMax":1,"fetchRowCount":1,"fetchRowHistogram":[0,1],"inTransactionCount":1},{"sql":"select applicatio0_.id as id1_0_, applicatio0_.context as context2_0_, applicatio0_.createDate as createDa3_0_, applicatio0_.hasJar as hasJar4_0_, applicatio0_.name as name5_0_, applicatio0_.serverType as serverTy6_0_, applicatio0_.serverTypeName as serverTy7_0_ from base_application applicatio0_ where 1=1 order by applicatio0_.createDate DESC limit ?","executeCount":1,"executeMillisMax":1,"executeMillisTotal":1,"executeHistogram":[0,1],"executeAndResultHoldHistogram":[1],"concurrentMax":1,"inTransactionCount":1}]}
2017-06-16 10:07:58,013 INFO [qtp26662900-22] o.a.g.p.dao.CommonRepositoryImpl [CommonRepositoryImpl.java : 497] qlString = {FROM Application WHERE 1=1}
2017-06-16 10:07:58,014 INFO [qtp26662900-22] o.a.g.p.dao.CommonRepositoryImpl [CommonRepositoryImpl.java : 701] conIndex = {17}
2017-06-16 10:07:58,015 INFO [qtp26662900-22] o.a.g.p.dao.CommonRepositoryImpl [CommonRepositoryImpl.java : 706] 条件前的?个数：{0}
2017-06-16 10:07:58,016 INFO [qtp26662900-22] o.a.g.p.dao.CommonRepositoryImpl [CommonRepositoryImpl.java : 707] 条件后的?个数：{0}
2017-06-16 10:07:58,017 INFO [qtp26662900-22] o.a.g.p.dao.CommonRepositoryImpl [CommonRepositoryImpl.java : 708] 条件的起始位置：{0}
2017-06-16 10:07:58,019 INFO [qtp26662900-22] o.a.g.p.dao.CommonRepositoryImpl [CommonRepositoryImpl.java : 674] condition = {}
2017-06-16 10:07:58,020 INFO [qtp26662900-22] o.a.g.p.dao.CommonRepositoryImpl [CommonRepositoryImpl.java : 482] order = { ORDER BY createDate DESC}
2017-06-16 10:07:58,022 INFO [qtp26662900-22] o.a.g.p.dao.CommonRepositoryImpl [CommonRepositoryImpl.java : 420] list_ql = {FROM Application  WHERE 1=1  ORDER BY createDate DESC}
2017-06-16 10:07:58,023 INFO [qtp26662900-22] o.a.g.p.dao.CommonRepositoryImpl [CommonRepositoryImpl.java : 152] count_ql = {SELECT count(*) FROM Application  WHERE 1=1 }
2017-06-16 10:07:58,027 INFO [qtp26662900-22] o.a.g.p.dao.CommonRepositoryImpl [CommonRepositoryImpl.java : 737] executeCount totalRows = {0}
2017-06-16 10:12:05,161 INFO [Druid-ConnectionPool-Log-2585257] c.a.d.p.DruidDataSourceStatLoggerImpl [DruidDataSourceStatLoggerImpl.java : 77] {"url":"jdbc:mysql://192.168.0.94:3306/dsgc?useUnicode=true&characterEncoding=utf8&pinGlobalTxToPhysicalConnection=true","dbType":"mysql","name":"DataSource-2585257","activeCount":0,"activePeak":1,"activePeakTime":"2017-06-16 10:07:58","poolingCount":1,"poolingPeak":2,"poolingPeakTime":"2017-06-16 10:07:58","connectCount":1,"closeCount":1,"physicalCloseCount":1,"executeCount":2,"commitCount":1,"pstmtCacheHitCount":2,"startTransactionCount":1,"transactionHistogram":[0,0,1],"connectionHoldTimeHistogram":[0,0,1],"sqlList":[{"sql":"select count(*) as col_0_0_ from base_application applicatio0_ where 1=1","executeCount":1,"executeMillisMax":1,"executeMillisTotal":1,"executeHistogram":[0,1],"executeAndResultHoldHistogram":[1],"concurrentMax":1,"fetchRowCount":1,"fetchRowHistogram":[0,1],"inTransactionCount":1},{"sql":"select applicatio0_.id as id1_0_, applicatio0_.context as context2_0_, applicatio0_.createDate as createDa3_0_, applicatio0_.hasJar as hasJar4_0_, applicatio0_.name as name5_0_, applicatio0_.serverType as serverTy6_0_, applicatio0_.serverTypeName as serverTy7_0_ from base_application applicatio0_ where 1=1 order by applicatio0_.createDate DESC limit ?","executeCount":1,"executeMillisMax":2,"executeMillisTotal":2,"executeHistogram":[0,1],"executeAndResultHoldHistogram":[1],"concurrentMax":1,"inTransactionCount":1}]}
2017-06-16 10:17:05,162 INFO [Druid-ConnectionPool-Log-2585257] c.a.d.p.DruidDataSourceStatLoggerImpl [DruidDataSourceStatLoggerImpl.java : 77] {"url":"jdbc:mysql://192.168.0.94:3306/dsgc?useUnicode=true&characterEncoding=utf8&pinGlobalTxToPhysicalConnection=true","dbType":"mysql","name":"DataSource-2585257","activeCount":0,"poolingCount":1,"connectCount":0,"closeCount":0}
2017-06-16 10:18:10,143 INFO [qtp26662900-56] o.a.g.p.dao.CommonRepositoryImpl [CommonRepositoryImpl.java : 497] qlString = {FROM Application WHERE 1=1}
2017-06-16 10:18:10,148 INFO [qtp26662900-56] o.a.g.p.dao.CommonRepositoryImpl [CommonRepositoryImpl.java : 701] conIndex = {17}
2017-06-16 10:18:10,150 INFO [qtp26662900-56] o.a.g.p.dao.CommonRepositoryImpl [CommonRepositoryImpl.java : 706] 条件前的?个数：{0}
2017-06-16 10:18:10,152 INFO [qtp26662900-56] o.a.g.p.dao.CommonRepositoryImpl [CommonRepositoryImpl.java : 707] 条件后的?个数：{0}
2017-06-16 10:18:10,153 INFO [qtp26662900-56] o.a.g.p.dao.CommonRepositoryImpl [CommonRepositoryImpl.java : 708] 条件的起始位置：{0}
2017-06-16 10:18:10,154 INFO [qtp26662900-56] o.a.g.p.dao.CommonRepositoryImpl [CommonRepositoryImpl.java : 674] condition = {}
2017-06-16 10:18:10,155 INFO [qtp26662900-56] o.a.g.p.dao.CommonRepositoryImpl [CommonRepositoryImpl.java : 482] order = { ORDER BY createDate DESC}
2017-06-16 10:18:10,157 INFO [qtp26662900-56] o.a.g.p.dao.CommonRepositoryImpl [CommonRepositoryImpl.java : 420] list_ql = {FROM Application  WHERE 1=1  ORDER BY createDate DESC}
2017-06-16 10:18:10,158 INFO [qtp26662900-56] o.a.g.p.dao.CommonRepositoryImpl [CommonRepositoryImpl.java : 152] count_ql = {SELECT count(*) FROM Application  WHERE 1=1 }
2017-06-16 10:18:10,163 INFO [qtp26662900-56] o.a.g.p.dao.CommonRepositoryImpl [CommonRepositoryImpl.java : 737] executeCount totalRows = {0}
2017-06-16 10:19:08,247 INFO [qtp26662900-22] o.a.g.p.dao.CommonRepositoryImpl [CommonRepositoryImpl.java : 497] qlString = {FROM Application WHERE 1=1}
2017-06-16 10:19:08,249 INFO [qtp26662900-22] o.a.g.p.dao.CommonRepositoryImpl [CommonRepositoryImpl.java : 701] conIndex = {17}
2017-06-16 10:19:08,250 INFO [qtp26662900-22] o.a.g.p.dao.CommonRepositoryImpl [CommonRepositoryImpl.java : 706] 条件前的?个数：{0}
2017-06-16 10:19:08,251 INFO [qtp26662900-22] o.a.g.p.dao.CommonRepositoryImpl [CommonRepositoryImpl.java : 707] 条件后的?个数：{0}
2017-06-16 10:19:08,252 INFO [qtp26662900-22] o.a.g.p.dao.CommonRepositoryImpl [CommonRepositoryImpl.java : 708] 条件的起始位置：{0}
2017-06-16 10:19:08,252 INFO [qtp26662900-22] o.a.g.p.dao.CommonRepositoryImpl [CommonRepositoryImpl.java : 674] condition = {}
2017-06-16 10:19:08,253 INFO [qtp26662900-22] o.a.g.p.dao.CommonRepositoryImpl [CommonRepositoryImpl.java : 482] order = { ORDER BY createDate DESC}
2017-06-16 10:19:08,254 INFO [qtp26662900-22] o.a.g.p.dao.CommonRepositoryImpl [CommonRepositoryImpl.java : 420] list_ql = {FROM Application  WHERE 1=1  ORDER BY createDate DESC}
2017-06-16 10:19:08,255 INFO [qtp26662900-22] o.a.g.p.dao.CommonRepositoryImpl [CommonRepositoryImpl.java : 152] count_ql = {SELECT count(*) FROM Application  WHERE 1=1 }
2017-06-16 10:19:08,259 INFO [qtp26662900-22] o.a.g.p.dao.CommonRepositoryImpl [CommonRepositoryImpl.java : 737] executeCount totalRows = {0}
2017-06-16 10:19:18,753 INFO [qtp26662900-53] o.a.g.p.dao.CommonRepositoryImpl [CommonRepositoryImpl.java : 497] qlString = {FROM Application WHERE 1=1}
2017-06-16 10:19:18,755 INFO [qtp26662900-53] o.a.g.p.dao.CommonRepositoryImpl [CommonRepositoryImpl.java : 701] conIndex = {17}
2017-06-16 10:19:18,756 INFO [qtp26662900-53] o.a.g.p.dao.CommonRepositoryImpl [CommonRepositoryImpl.java : 706] 条件前的?个数：{0}
2017-06-16 10:19:18,758 INFO [qtp26662900-53] o.a.g.p.dao.CommonRepositoryImpl [CommonRepositoryImpl.java : 707] 条件后的?个数：{0}
2017-06-16 10:19:18,759 INFO [qtp26662900-53] o.a.g.p.dao.CommonRepositoryImpl [CommonRepositoryImpl.java : 708] 条件的起始位置：{0}
2017-06-16 10:19:18,759 INFO [qtp26662900-53] o.a.g.p.dao.CommonRepositoryImpl [CommonRepositoryImpl.java : 674] condition = {}
2017-06-16 10:19:18,760 INFO [qtp26662900-53] o.a.g.p.dao.CommonRepositoryImpl [CommonRepositoryImpl.java : 482] order = { ORDER BY createDate DESC}
2017-06-16 10:19:18,761 INFO [qtp26662900-53] o.a.g.p.dao.CommonRepositoryImpl [CommonRepositoryImpl.java : 420] list_ql = {FROM Application  WHERE 1=1  ORDER BY createDate DESC}
2017-06-16 10:19:18,762 INFO [qtp26662900-53] o.a.g.p.dao.CommonRepositoryImpl [CommonRepositoryImpl.java : 152] count_ql = {SELECT count(*) FROM Application  WHERE 1=1 }
2017-06-16 10:19:18,767 INFO [qtp26662900-53] o.a.g.p.dao.CommonRepositoryImpl [CommonRepositoryImpl.java : 737] executeCount totalRows = {0}
2017-06-16 10:19:46,958 INFO [qtp26662900-21] o.a.g.p.dao.CommonRepositoryImpl [CommonRepositoryImpl.java : 497] qlString = {FROM Application WHERE 1=1}
2017-06-16 10:19:46,960 INFO [qtp26662900-21] o.a.g.p.dao.CommonRepositoryImpl [CommonRepositoryImpl.java : 701] conIndex = {17}
2017-06-16 10:19:46,961 INFO [qtp26662900-21] o.a.g.p.dao.CommonRepositoryImpl [CommonRepositoryImpl.java : 706] 条件前的?个数：{0}
2017-06-16 10:19:46,962 INFO [qtp26662900-21] o.a.g.p.dao.CommonRepositoryImpl [CommonRepositoryImpl.java : 707] 条件后的?个数：{0}
2017-06-16 10:19:46,962 INFO [qtp26662900-21] o.a.g.p.dao.CommonRepositoryImpl [CommonRepositoryImpl.java : 708] 条件的起始位置：{0}
2017-06-16 10:19:46,963 INFO [qtp26662900-21] o.a.g.p.dao.CommonRepositoryImpl [CommonRepositoryImpl.java : 674] condition = {}
2017-06-16 10:19:46,964 INFO [qtp26662900-21] o.a.g.p.dao.CommonRepositoryImpl [CommonRepositoryImpl.java : 482] order = { ORDER BY createDate DESC}
2017-06-16 10:19:46,965 INFO [qtp26662900-21] o.a.g.p.dao.CommonRepositoryImpl [CommonRepositoryImpl.java : 420] list_ql = {FROM Application  WHERE 1=1  ORDER BY createDate DESC}
2017-06-16 10:19:46,966 INFO [qtp26662900-21] o.a.g.p.dao.CommonRepositoryImpl [CommonRepositoryImpl.java : 152] count_ql = {SELECT count(*) FROM Application  WHERE 1=1 }
2017-06-16 10:19:46,970 INFO [qtp26662900-21] o.a.g.p.dao.CommonRepositoryImpl [CommonRepositoryImpl.java : 737] executeCount totalRows = {0}
2017-06-16 10:20:09,033 INFO [qtp26662900-57] o.a.g.p.dao.CommonRepositoryImpl [CommonRepositoryImpl.java : 497] qlString = {FROM Application WHERE 1=1}
2017-06-16 10:20:09,035 INFO [qtp26662900-57] o.a.g.p.dao.CommonRepositoryImpl [CommonRepositoryImpl.java : 701] conIndex = {17}
2017-06-16 10:20:09,036 INFO [qtp26662900-57] o.a.g.p.dao.CommonRepositoryImpl [CommonRepositoryImpl.java : 706] 条件前的?个数：{0}
2017-06-16 10:20:09,037 INFO [qtp26662900-57] o.a.g.p.dao.CommonRepositoryImpl [CommonRepositoryImpl.java : 707] 条件后的?个数：{0}
2017-06-16 10:20:09,038 INFO [qtp26662900-57] o.a.g.p.dao.CommonRepositoryImpl [CommonRepositoryImpl.java : 708] 条件的起始位置：{0}
2017-06-16 10:20:09,039 INFO [qtp26662900-57] o.a.g.p.dao.CommonRepositoryImpl [CommonRepositoryImpl.java : 674] condition = {}
2017-06-16 10:20:09,040 INFO [qtp26662900-57] o.a.g.p.dao.CommonRepositoryImpl [CommonRepositoryImpl.java : 482] order = { ORDER BY createDate DESC}
2017-06-16 10:20:09,041 INFO [qtp26662900-57] o.a.g.p.dao.CommonRepositoryImpl [CommonRepositoryImpl.java : 420] list_ql = {FROM Application  WHERE 1=1  ORDER BY createDate DESC}
2017-06-16 10:20:09,042 INFO [qtp26662900-57] o.a.g.p.dao.CommonRepositoryImpl [CommonRepositoryImpl.java : 152] count_ql = {SELECT count(*) FROM Application  WHERE 1=1 }
2017-06-16 10:20:09,046 INFO [qtp26662900-57] o.a.g.p.dao.CommonRepositoryImpl [CommonRepositoryImpl.java : 737] executeCount totalRows = {1}
2017-06-16 10:21:20,910 INFO [qtp26662900-49] o.a.g.p.dao.CommonRepositoryImpl [CommonRepositoryImpl.java : 497] qlString = {FROM Application WHERE 1=1}
2017-06-16 10:21:20,911 INFO [qtp26662900-49] o.a.g.p.dao.CommonRepositoryImpl [CommonRepositoryImpl.java : 701] conIndex = {17}
2017-06-16 10:21:20,912 INFO [qtp26662900-49] o.a.g.p.dao.CommonRepositoryImpl [CommonRepositoryImpl.java : 706] 条件前的?个数：{0}
2017-06-16 10:21:20,913 INFO [qtp26662900-49] o.a.g.p.dao.CommonRepositoryImpl [CommonRepositoryImpl.java : 707] 条件后的?个数：{0}
2017-06-16 10:21:20,914 INFO [qtp26662900-49] o.a.g.p.dao.CommonRepositoryImpl [CommonRepositoryImpl.java : 708] 条件的起始位置：{0}
2017-06-16 10:21:20,915 INFO [qtp26662900-49] o.a.g.p.dao.CommonRepositoryImpl [CommonRepositoryImpl.java : 674] condition = {}
2017-06-16 10:21:20,916 INFO [qtp26662900-49] o.a.g.p.dao.CommonRepositoryImpl [CommonRepositoryImpl.java : 482] order = { ORDER BY createDate DESC}
2017-06-16 10:21:20,917 INFO [qtp26662900-49] o.a.g.p.dao.CommonRepositoryImpl [CommonRepositoryImpl.java : 420] list_ql = {FROM Application  WHERE 1=1  ORDER BY createDate DESC}
2017-06-16 10:21:20,918 INFO [qtp26662900-49] o.a.g.p.dao.CommonRepositoryImpl [CommonRepositoryImpl.java : 152] count_ql = {SELECT count(*) FROM Application  WHERE 1=1 }
2017-06-16 10:21:20,923 INFO [qtp26662900-49] o.a.g.p.dao.CommonRepositoryImpl [CommonRepositoryImpl.java : 737] executeCount totalRows = {1}
2017-06-16 10:22:05,164 INFO [Druid-ConnectionPool-Log-2585257] c.a.d.p.DruidDataSourceStatLoggerImpl [DruidDataSourceStatLoggerImpl.java : 77] {"url":"jdbc:mysql://192.168.0.94:3306/dsgc?useUnicode=true&characterEncoding=utf8&pinGlobalTxToPhysicalConnection=true","dbType":"mysql","name":"DataSource-2585257","activeCount":0,"activePeak":1,"activePeakTime":"2017-06-16 10:18:10","poolingCount":1,"poolingPeak":1,"poolingPeakTime":"2017-06-16 10:18:10","connectCount":7,"closeCount":7,"executeCount":13,"commitCount":7,"pstmtCacheHitCount":12,"pstmtCacheMissCount":1,"startTransactionCount":7,"transactionHistogram":[0,1,6],"connectionHoldTimeHistogram":[0,0,6,1],"sqlList":[{"sql":"select count(*) as col_0_0_ from base_application applicatio0_ where 1=1","executeCount":6,"executeMillisMax":2,"executeMillisTotal":10,"executeHistogram":[0,6],"executeAndResultHoldHistogram":[6],"concurrentMax":1,"fetchRowCount":1,"fetchRowHistogram":[0,6],"inTransactionCount":6},{"sql":"select applicatio0_.id as id1_0_, applicatio0_.context as context2_0_, applicatio0_.createDate as createDa3_0_, applicatio0_.hasJar as hasJar4_0_, applicatio0_.name as name5_0_, applicatio0_.serverType as serverTy6_0_, applicatio0_.serverTypeName as serverTy7_0_ from base_application applicatio0_ where 1=1 order by applicatio0_.createDate DESC limit ?","executeCount":6,"executeMillisMax":5,"executeMillisTotal":15,"executeHistogram":[0,6],"executeAndResultHoldHistogram":[6],"concurrentMax":1,"fetchRowCount":1,"fetchRowHistogram":[4,2],"inTransactionCount":6},{"sql":"insert into base_application (context, createDate, hasJar, name, serverType, serverTypeName, id) values (?, ?, ?, ?, ?, ?, ?)","executeCount":1,"executeMillisMax":3,"executeMillisTotal":3,"executeHistogram":[0,1],"executeAndResultHoldHistogram":[0,1],"concurrentMax":1,"updateCount":1,"updateCountMax":1,"updateHistogram":[0,1],"inTransactionCount":1}]}
2017-06-16 10:27:05,165 INFO [Druid-ConnectionPool-Log-2585257] c.a.d.p.DruidDataSourceStatLoggerImpl [DruidDataSourceStatLoggerImpl.java : 77] {"url":"jdbc:mysql://192.168.0.94:3306/dsgc?useUnicode=true&characterEncoding=utf8&pinGlobalTxToPhysicalConnection=true","dbType":"mysql","name":"DataSource-2585257","activeCount":0,"poolingCount":1,"connectCount":0,"closeCount":0}
2017-06-16 10:32:05,166 INFO [Druid-ConnectionPool-Log-2585257] c.a.d.p.DruidDataSourceStatLoggerImpl [DruidDataSourceStatLoggerImpl.java : 77] {"url":"jdbc:mysql://192.168.0.94:3306/dsgc?useUnicode=true&characterEncoding=utf8&pinGlobalTxToPhysicalConnection=true","dbType":"mysql","name":"DataSource-2585257","activeCount":0,"poolingCount":1,"connectCount":0,"closeCount":0}
2017-06-16 10:37:05,167 INFO [Druid-ConnectionPool-Log-2585257] c.a.d.p.DruidDataSourceStatLoggerImpl [DruidDataSourceStatLoggerImpl.java : 77] {"url":"jdbc:mysql://192.168.0.94:3306/dsgc?useUnicode=true&characterEncoding=utf8&pinGlobalTxToPhysicalConnection=true","dbType":"mysql","name":"DataSource-2585257","activeCount":0,"poolingCount":1,"connectCount":0,"closeCount":0}
2017-06-16 10:41:05,045 INFO [qtp26662900-48] o.a.g.p.dao.CommonRepositoryImpl [CommonRepositoryImpl.java : 497] qlString = {FROM Application WHERE 1=1}
2017-06-16 10:41:05,047 INFO [qtp26662900-48] o.a.g.p.dao.CommonRepositoryImpl [CommonRepositoryImpl.java : 701] conIndex = {17}
2017-06-16 10:41:05,047 INFO [qtp26662900-48] o.a.g.p.dao.CommonRepositoryImpl [CommonRepositoryImpl.java : 706] 条件前的?个数：{0}
2017-06-16 10:41:05,048 INFO [qtp26662900-48] o.a.g.p.dao.CommonRepositoryImpl [CommonRepositoryImpl.java : 707] 条件后的?个数：{0}
2017-06-16 10:41:05,049 INFO [qtp26662900-48] o.a.g.p.dao.CommonRepositoryImpl [CommonRepositoryImpl.java : 708] 条件的起始位置：{0}
2017-06-16 10:41:05,050 INFO [qtp26662900-48] o.a.g.p.dao.CommonRepositoryImpl [CommonRepositoryImpl.java : 674] condition = {}
2017-06-16 10:41:05,051 INFO [qtp26662900-48] o.a.g.p.dao.CommonRepositoryImpl [CommonRepositoryImpl.java : 482] order = { ORDER BY createDate DESC}
2017-06-16 10:41:05,051 INFO [qtp26662900-48] o.a.g.p.dao.CommonRepositoryImpl [CommonRepositoryImpl.java : 420] list_ql = {FROM Application  WHERE 1=1  ORDER BY createDate DESC}
2017-06-16 10:41:05,052 INFO [qtp26662900-48] o.a.g.p.dao.CommonRepositoryImpl [CommonRepositoryImpl.java : 152] count_ql = {SELECT count(*) FROM Application  WHERE 1=1 }
2017-06-16 10:41:05,056 INFO [qtp26662900-48] o.a.g.p.dao.CommonRepositoryImpl [CommonRepositoryImpl.java : 737] executeCount totalRows = {1}
2017-06-16 10:41:54,629 INFO [main] o.a.s.m.main.web.test.StartMainWeb [StartupInfoLogger.java : 48] Starting StartMainWeb on wulin with PID 7776 (D:\soft\job\java\javaIDE\eclipse_jee\bjhy_attachment_workspace\server-management-parent\server-management-main-web\target\test-classes started by Administrator in D:\soft\job\java\javaIDE\eclipse_jee\bjhy_attachment_workspace\server-management-parent\server-management-main-web)
2017-06-16 10:41:54,645 INFO [main] o.a.s.m.main.web.test.StartMainWeb [SpringApplication.java : 637] No active profile set, falling back to default profiles: default
2017-06-16 10:41:54,848 INFO [main] o.s.b.c.e.AnnotationConfigEmbeddedWebApplicationContext [AbstractApplicationContext.java : 582] Refreshing org.springframework.boot.context.embedded.AnnotationConfigEmbeddedWebApplicationContext@f782af: startup date [Fri Jun 16 10:41:54 CST 2017]; root of context hierarchy
2017-06-16 10:41:55,565 INFO [background-preinit] o.h.validator.internal.util.Version [Version.java : 30] HV000001: Hibernate Validator 5.3.4.Final
2017-06-16 10:41:57,548 INFO [main] o.s.b.f.xml.XmlBeanDefinitionReader [XmlBeanDefinitionReader.java : 317] Loading XML bean definitions from file [D:\soft\job\java\javaIDE\eclipse_jee\bjhy_attachment_workspace\server-management-parent\server-management-main-web\target\classes\META-INF\spring\module-server-management-main-web.xml]
2017-06-16 10:41:58,362 INFO [main] o.s.b.f.xml.XmlBeanDefinitionReader [XmlBeanDefinitionReader.java : 317] Loading XML bean definitions from file [D:\soft\job\java\javaIDE\eclipse_jee\bjhy_attachment_workspace\server-management-parent\server-management-main-container\target\classes\META-INF\spring\module-server-management-main-container.xml]
2017-06-16 10:41:58,533 INFO [main] o.s.b.f.xml.XmlBeanDefinitionReader [XmlBeanDefinitionReader.java : 317] Loading XML bean definitions from file [D:\soft\job\java\javaIDE\eclipse_jee\bjhy_attachment_workspace\server-management-parent\server-management-common\target\classes\META-INF\spring\module-server-management-common.xml]
2017-06-16 10:41:58,596 INFO [main] o.s.b.f.xml.XmlBeanDefinitionReader [XmlBeanDefinitionReader.java : 317] Loading XML bean definitions from file [D:\soft\job\java\javaIDE\eclipse_jee\bjhy_attachment_workspace\server-management-parent\server-management-base\target\classes\META-INF\spring\module-server-management-base.xml]
2017-06-16 10:41:58,674 INFO [main] o.s.b.f.xml.XmlBeanDefinitionReader [XmlBeanDefinitionReader.java : 317] Loading XML bean definitions from URL [jar:file:/D:/repository/org/apel/gaia-property-loader/1.0.1-SNAPSHOT/gaia-property-loader-1.0.1-SNAPSHOT.jar!/META-INF/spring/module-property-loader.xml]
2017-06-16 10:41:58,737 INFO [main] o.s.b.f.xml.XmlBeanDefinitionReader [XmlBeanDefinitionReader.java : 317] Loading XML bean definitions from URL [jar:file:/D:/repository/org/apel/gaia-persist/1.0.1-SNAPSHOT/gaia-persist-1.0.1-SNAPSHOT.jar!/META-INF/spring/module-persist.xml]
2017-06-16 10:41:58,893 INFO [main] o.s.b.f.xml.XmlBeanDefinitionReader [XmlBeanDefinitionReader.java : 317] Loading XML bean definitions from URL [jar:file:/D:/repository/org/apel/gaia-infrastructure/1.0.1-SNAPSHOT/gaia-infrastructure-1.0.1-SNAPSHOT.jar!/META-INF/spring/module-gaia-infrastructure.xml]
2017-06-16 10:41:58,956 INFO [main] o.s.b.f.xml.XmlBeanDefinitionReader [XmlBeanDefinitionReader.java : 317] Loading XML bean definitions from URL [jar:file:/D:/repository/org/apel/poseidon-security-commons/1.0.2-SNAPSHOT/poseidon-security-commons-1.0.2-SNAPSHOT.jar!/META-INF/spring/module-poseidon-common.xml]
2017-06-16 10:41:58,987 INFO [main] o.s.b.f.xml.XmlBeanDefinitionReader [XmlBeanDefinitionReader.java : 317] Loading XML bean definitions from URL [jar:file:/D:/repository/org/apel/gaia-container-boot/1.0.1-SNAPSHOT/gaia-container-boot-1.0.1-SNAPSHOT.jar!/META-INF/spring/module-boot.xml]
2017-06-16 10:41:59,049 INFO [main] o.s.b.f.xml.XmlBeanDefinitionReader [XmlBeanDefinitionReader.java : 317] Loading XML bean definitions from URL [jar:file:/D:/repository/org/apel/gaia-container-boot/1.0.1-SNAPSHOT/gaia-container-boot-1.0.1-SNAPSHOT.jar!/META-INF/spring/module-mvc.xml]
2017-06-16 10:41:59,174 INFO [main] o.s.b.f.xml.XmlBeanDefinitionReader [XmlBeanDefinitionReader.java : 317] Loading XML bean definitions from URL [jar:file:/D:/repository/org/apel/gaia-js-lib/1.0.1-SNAPSHOT/gaia-js-lib-1.0.1-SNAPSHOT.jar!/META-INF/spring/module-js-lib.xml]
2017-06-16 10:41:59,923 INFO [main] o.s.b.f.s.DefaultListableBeanFactory [DefaultListableBeanFactory.java : 828] Overriding bean definition for bean 'org.springframework.transaction.config.internalTransactionAdvisor' with a different definition: replacing [Root bean: class [org.springframework.transaction.interceptor.BeanFactoryTransactionAttributeSourceAdvisor]; scope=; abstract=false; lazyInit=false; autowireMode=0; dependencyCheck=0; autowireCandidate=true; primary=false; factoryBeanName=null; factoryMethodName=null; initMethodName=null; destroyMethodName=null] with [Root bean: class [null]; scope=; abstract=false; lazyInit=false; autowireMode=3; dependencyCheck=0; autowireCandidate=true; primary=false; factoryBeanName=org.springframework.transaction.annotation.ProxyTransactionManagementConfiguration; factoryMethodName=transactionAdvisor; initMethodName=null; destroyMethodName=(inferred); defined in class path resource [org/springframework/transaction/annotation/ProxyTransactionManagementConfiguration.class]]
2017-06-16 10:41:59,955 INFO [main] o.s.c.a.ConfigurationClassBeanDefinitionReader [ConfigurationClassBeanDefinitionReader.java : 298] Skipping bean definition for [BeanMethod:name=transactionalEventListenerFactory,declaringClass=org.springframework.transaction.annotation.AbstractTransactionManagementConfiguration]: a definition for bean 'org.springframework.transaction.config.internalTransactionalEventListenerFactory' already exists. This top-level bean definition is considered as an override.
2017-06-16 10:42:00,361 INFO [main] o.s.b.f.s.DefaultListableBeanFactory [DefaultListableBeanFactory.java : 828] Overriding bean definition for bean 'entityManagerFactory' with a different definition: replacing [Root bean: class [null]; scope=; abstract=false; lazyInit=false; autowireMode=3; dependencyCheck=0; autowireCandidate=true; primary=true; factoryBeanName=org.springframework.boot.autoconfigure.orm.jpa.HibernateJpaAutoConfiguration; factoryMethodName=entityManagerFactory; initMethodName=null; destroyMethodName=(inferred); defined in class path resource [org/springframework/boot/autoconfigure/orm/jpa/HibernateJpaAutoConfiguration.class]] with [Root bean: class [null]; scope=; abstract=false; lazyInit=false; autowireMode=3; dependencyCheck=0; autowireCandidate=true; primary=false; factoryBeanName=jpaConfig; factoryMethodName=entityManagerFactory; initMethodName=null; destroyMethodName=(inferred); defined in org.apel.gaia.persist.config.hibernate.JpaConfig]
2017-06-16 10:42:00,376 INFO [main] o.s.b.f.s.DefaultListableBeanFactory [DefaultListableBeanFactory.java : 828] Overriding bean definition for bean 'transactionManager' with a different definition: replacing [Root bean: class [null]; scope=; abstract=false; lazyInit=false; autowireMode=3; dependencyCheck=0; autowireCandidate=true; primary=false; factoryBeanName=org.springframework.boot.autoconfigure.orm.jpa.HibernateJpaAutoConfiguration; factoryMethodName=transactionManager; initMethodName=null; destroyMethodName=(inferred); defined in class path resource [org/springframework/boot/autoconfigure/orm/jpa/HibernateJpaAutoConfiguration.class]] with [Root bean: class [null]; scope=; abstract=false; lazyInit=false; autowireMode=3; dependencyCheck=0; autowireCandidate=true; primary=false; factoryBeanName=txConfig; factoryMethodName=transactionManager; initMethodName=null; destroyMethodName=(inferred); defined in org.apel.gaia.persist.config.hibernate.TxConfig]
2017-06-16 10:42:01,955 INFO [main] o.s.b.f.s.DefaultListableBeanFactory [DefaultListableBeanFactory.java : 828] Overriding bean definition for bean 'dataSource' with a different definition: replacing [Root bean: class [null]; scope=; abstract=false; lazyInit=false; autowireMode=3; dependencyCheck=0; autowireCandidate=true; primary=false; factoryBeanName=org.springframework.boot.autoconfigure.jdbc.EmbeddedDataSourceConfiguration; factoryMethodName=dataSource; initMethodName=null; destroyMethodName=(inferred); defined in class path resource [org/springframework/boot/autoconfigure/jdbc/EmbeddedDataSourceConfiguration.class]] with [Root bean: class [null]; scope=; abstract=false; lazyInit=false; autowireMode=3; dependencyCheck=0; autowireCandidate=true; primary=false; factoryBeanName=DBConfig; factoryMethodName=dataSource; initMethodName=init; destroyMethodName=close; defined in org.apel.gaia.persist.config.db.DBConfig]
2017-06-16 10:42:02,767 WARN [main] o.s.c.a.ConfigurationClassEnhancer [ConfigurationClassEnhancer.java : 350] @Bean method CenterPropertyLoader.propertyPlaceholderConfigurer is non-static and returns an object assignable to Spring's BeanFactoryPostProcessor interface. This will result in a failure to process annotations such as @Autowired, @Resource and @PostConstruct within the method's declaring @Configuration class. Add the 'static' modifier to this method to avoid these container lifecycle issues; see @Bean javadoc for complete details.
2017-06-16 10:42:03,360 WARN [main] o.h.v.m.ParameterMessageInterpolator [ParameterMessageInterpolator.java : 28] HV000184: ParameterMessageInterpolator has been chosen, EL interpolation will not be supported
2017-06-16 10:42:03,939 INFO [main] o.s.c.s.PostProcessorRegistrationDelegate$BeanPostProcessorChecker [PostProcessorRegistrationDelegate.java : 325] Bean 'org.springframework.transaction.annotation.ProxyTransactionManagementConfiguration' of type [org.springframework.transaction.annotation.ProxyTransactionManagementConfiguration$$EnhancerBySpringCGLIB$$95c685cd] is not eligible for getting processed by all BeanPostProcessors (for example: not eligible for auto-proxying)
2017-06-16 10:42:04,376 WARN [main] o.h.v.m.ParameterMessageInterpolator [ParameterMessageInterpolator.java : 28] HV000184: ParameterMessageInterpolator has been chosen, EL interpolation will not be supported
2017-06-16 10:42:04,845 INFO [main] org.eclipse.jetty.util.log [Log.java : 192] Logging initialized @13809ms to org.eclipse.jetty.util.log.Slf4jLog
2017-06-16 10:42:06,420 INFO [main] o.s.b.c.e.j.JettyEmbeddedServletContainerFactory [JettyEmbeddedServletContainerFactory.java : 176] Server initialized with port: 6555
2017-06-16 10:42:06,420 INFO [main] org.eclipse.jetty.server.Server [Server.java : 372] jetty-9.4.2.v20170220
2017-06-16 10:42:06,921 INFO [main] org.eclipse.jetty.server.session [DefaultSessionIdManager.java : 360] DefaultSessionIdManager workerName=node0
2017-06-16 10:42:06,921 INFO [main] org.eclipse.jetty.server.session [DefaultSessionIdManager.java : 365] No SessionScavenger set, using defaults
2017-06-16 10:42:06,936 INFO [main] org.eclipse.jetty.server.session [HouseKeeper.java : 146] Scavenging every 660000ms
2017-06-16 10:42:06,983 INFO [main] o.e.jetty.ContextHandler.application [ContextHandler.java : 2207] Initializing Spring embedded WebApplicationContext
2017-06-16 10:42:06,983 INFO [main] o.s.web.context.ContextLoader [EmbeddedWebApplicationContext.java : 276] Root WebApplicationContext: initialization completed in 12135 ms
2017-06-16 10:42:07,467 INFO [main] o.s.b.w.s.ServletRegistrationBean [ServletRegistrationBean.java : 190] Mapping servlet: 'dispatcherServlet' to [/]
2017-06-16 10:42:07,467 INFO [main] o.s.b.w.s.FilterRegistrationBean [AbstractFilterRegistrationBean.java : 258] Mapping filter: 'characterEncodingFilter' to: [/*]
2017-06-16 10:42:07,482 INFO [main] o.s.b.w.s.FilterRegistrationBean [AbstractFilterRegistrationBean.java : 258] Mapping filter: 'hiddenHttpMethodFilter' to: [/*]
2017-06-16 10:42:07,482 INFO [main] o.s.b.w.s.FilterRegistrationBean [AbstractFilterRegistrationBean.java : 258] Mapping filter: 'httpPutFormContentFilter' to: [/*]
2017-06-16 10:42:07,482 INFO [main] o.s.b.w.s.FilterRegistrationBean [AbstractFilterRegistrationBean.java : 258] Mapping filter: 'requestContextFilter' to: [/*]
2017-06-16 10:42:07,482 INFO [main] o.s.b.w.s.FilterRegistrationBean [AbstractFilterRegistrationBean.java : 258] Mapping filter: 'customUrlDecisionFilter' to: [/*]
2017-06-16 10:42:09,466 INFO [main] o.e.j.server.handler.ContextHandler [ContextHandler.java : 802] Started o.s.b.c.e.j.JettyEmbeddedWebAppContext@1f03c23{/main-container,[file:///C:/Users/Administrator/AppData/Local/Temp/jetty-docbase.6344418838857333809.6555/],AVAILABLE}
2017-06-16 10:42:09,466 INFO [main] org.eclipse.jetty.server.Server [Server.java : 444] Started @18435ms
2017-06-16 10:42:13,523 INFO [main] c.alibaba.druid.pool.DruidDataSource [DruidDataSource.java : 669] {dataSource-1} inited
2017-06-16 10:42:13,523 INFO [Druid-ConnectionPool-Log-28739226] c.a.d.p.DruidDataSourceStatLoggerImpl [DruidDataSourceStatLoggerImpl.java : 77] {"url":"jdbc:mysql://192.168.0.94:3306/dsgc?useUnicode=true&characterEncoding=utf8&pinGlobalTxToPhysicalConnection=true","dbType":"mysql","name":"DataSource-28739226","activeCount":0,"poolingCount":1,"poolingPeak":1,"poolingPeakTime":"2017-06-16 10:42:13","connectCount":0,"closeCount":0,"physicalConnectCount":1}
2017-06-16 10:42:14,632 INFO [main] o.s.o.j.LocalContainerEntityManagerFactoryBean [LocalContainerEntityManagerFactoryBean.java : 349] Building JPA container EntityManagerFactory for persistence unit 'platform'
2017-06-16 10:42:14,773 INFO [main] o.h.jpa.internal.util.LogHelper [LogHelper.java : 31] HHH000204: Processing PersistenceUnitInfo [
	name: platform
	...]
2017-06-16 10:42:15,243 INFO [main] org.hibernate.Version [Version.java : 37] HHH000412: Hibernate Core {5.0.12.Final}
2017-06-16 10:42:15,259 INFO [main] org.hibernate.cfg.Environment [Environment.java : 213] HHH000206: hibernate.properties not found
2017-06-16 10:42:15,259 INFO [main] org.hibernate.cfg.Environment [Environment.java : 317] HHH000021: Bytecode provider name : javassist
2017-06-16 10:42:15,633 INFO [main] o.h.annotations.common.Version [JavaReflectionManager.java : 66] HCANN000001: Hibernate Commons Annotations {5.0.1.Final}
2017-06-16 10:42:16,446 INFO [main] org.hibernate.dialect.Dialect [Dialect.java : 156] HHH000400: Using dialect: org.hibernate.dialect.MySQL5Dialect
2017-06-16 10:42:18,240 INFO [main] o.h.cache.spi.UpdateTimestampsCache [UpdateTimestampsCache.java : 55] HHH000250: Starting update timestamps cache at region: org.hibernate.cache.spi.UpdateTimestampsCache
2017-06-16 10:42:18,255 WARN [main] o.h.c.e.AbstractEhcacheRegionFactory [AbstractEhcacheRegionFactory.java : 161] HHH020003: Could not find a specific ehcache configuration for cache named [org.hibernate.cache.spi.UpdateTimestampsCache]; using defaults.
2017-06-16 10:42:18,350 INFO [main] o.h.c.internal.StandardQueryCache [StandardQueryCache.java : 74] HHH000248: Starting query cache at region: org.hibernate.cache.internal.StandardQueryCache
2017-06-16 10:42:18,350 WARN [main] o.h.c.e.AbstractEhcacheRegionFactory [AbstractEhcacheRegionFactory.java : 161] HHH020003: Could not find a specific ehcache configuration for cache named [org.hibernate.cache.internal.StandardQueryCache]; using defaults.
2017-06-16 10:42:19,225 INFO [main] o.h.tool.hbm2ddl.SchemaUpdate [SchemaUpdate.java : 105] HHH000228: Running hbm2ddl schema update
2017-06-16 10:42:19,475 INFO [main] o.h.t.s.e.i.InformationExtractorJdbcDatabaseMetaDataImpl [InformationExtractorJdbcDatabaseMetaDataImpl.java : 365] HHH000262: Table not found: base_application_agent
2017-06-16 10:42:19,475 INFO [main] o.h.t.s.e.i.InformationExtractorJdbcDatabaseMetaDataImpl [InformationExtractorJdbcDatabaseMetaDataImpl.java : 365] HHH000262: Table not found: base_application_agent
2017-06-16 10:42:19,960 INFO [main] o.s.o.j.LocalContainerEntityManagerFactoryBean [AbstractEntityManagerFactoryBean.java : 379] Initialized JPA EntityManagerFactory for persistence unit 'platform'
2017-06-16 10:42:22,081 INFO [main] o.s.u.f.SpringTemplateLoader [SpringTemplateLoader.java : 61] SpringTemplateLoader for FreeMarker: using resource loader [org.springframework.boot.context.embedded.AnnotationConfigEmbeddedWebApplicationContext@f782af: startup date [Fri Jun 16 10:41:54 CST 2017]; root of context hierarchy] and template loader path [jar:file:/D:/repository/org/apel/gaia-container-boot/1.0.1-SNAPSHOT/gaia-container-boot-1.0.1-SNAPSHOT.jar!/platform/templates/]
2017-06-16 10:42:22,081 INFO [main] o.s.u.f.SpringTemplateLoader [SpringTemplateLoader.java : 61] SpringTemplateLoader for FreeMarker: using resource loader [org.springframework.boot.context.embedded.AnnotationConfigEmbeddedWebApplicationContext@f782af: startup date [Fri Jun 16 10:41:54 CST 2017]; root of context hierarchy] and template loader path [classpath:/templates/]
2017-06-16 10:42:22,081 INFO [main] o.s.w.s.v.f.FreeMarkerConfigurer [FreeMarkerConfigurer.java : 127] ClassTemplateLoader for Spring macros added to FreeMarker configuration
2017-06-16 10:42:23,553 INFO [main] o.s.w.s.m.m.a.RequestMappingHandlerAdapter [RequestMappingHandlerAdapter.java : 534] Looking for @ControllerAdvice: org.springframework.boot.context.embedded.AnnotationConfigEmbeddedWebApplicationContext@f782af: startup date [Fri Jun 16 10:41:54 CST 2017]; root of context hierarchy
2017-06-16 10:42:23,917 INFO [main] o.s.w.s.m.m.a.RequestMappingHandlerMapping [AbstractHandlerMethodMapping.java : 543] Mapped "{[/applicationAgent/index],methods=[GET]}" onto public java.lang.String org.apel.server.management.main.web.ApplicationAgentController.index()
2017-06-16 10:42:23,917 INFO [main] o.s.w.s.m.m.a.RequestMappingHandlerMapping [AbstractHandlerMethodMapping.java : 543] Mapped "{[/applicationAgent/{id}],methods=[DELETE]}" onto public org.apel.gaia.commons.i18n.Message org.apel.server.management.main.web.ApplicationAgentController.delete(java.lang.String)
2017-06-16 10:42:23,917 INFO [main] o.s.w.s.m.m.a.RequestMappingHandlerMapping [AbstractHandlerMethodMapping.java : 543] Mapped "{[/applicationAgent/{id}],methods=[PUT]}" onto public org.apel.gaia.commons.i18n.Message org.apel.server.management.main.web.ApplicationAgentController.create(java.lang.String,org.apel.server.management.main.container.domain.ApplicationAgent)
2017-06-16 10:42:23,917 INFO [main] o.s.w.s.m.m.a.RequestMappingHandlerMapping [AbstractHandlerMethodMapping.java : 543] Mapped "{[/applicationAgent],methods=[POST]}" onto public org.apel.gaia.commons.i18n.Message org.apel.server.management.main.web.ApplicationAgentController.create(org.apel.server.management.main.container.domain.ApplicationAgent)
2017-06-16 10:42:23,917 INFO [main] o.s.w.s.m.m.a.RequestMappingHandlerMapping [AbstractHandlerMethodMapping.java : 543] Mapped "{[/applicationAgent]}" onto public org.apel.gaia.commons.pager.PageBean org.apel.server.management.main.web.ApplicationAgentController.list(org.apel.gaia.commons.jqgrid.QueryParams)
2017-06-16 10:42:23,917 INFO [main] o.s.w.s.m.m.a.RequestMappingHandlerMapping [AbstractHandlerMethodMapping.java : 543] Mapped "{[/applicationAgent/{id}],methods=[GET]}" onto public org.apel.server.management.main.container.domain.ApplicationAgent org.apel.server.management.main.web.ApplicationAgentController.view(java.lang.String)
2017-06-16 10:42:23,917 INFO [main] o.s.w.s.m.m.a.RequestMappingHandlerMapping [AbstractHandlerMethodMapping.java : 543] Mapped "{[/applicationAgent/all],methods=[GET]}" onto public java.util.List<org.apel.server.management.main.container.domain.ApplicationAgent> org.apel.server.management.main.web.ApplicationAgentController.getAll()
2017-06-16 10:42:23,917 INFO [main] o.s.w.s.m.m.a.RequestMappingHandlerMapping [AbstractHandlerMethodMapping.java : 543] Mapped "{[/applicationAgent],methods=[DELETE]}" onto public org.apel.gaia.commons.i18n.Message org.apel.server.management.main.web.ApplicationAgentController.batchDelete(java.lang.String[])
2017-06-16 10:42:23,932 INFO [main] o.s.w.s.m.m.a.RequestMappingHandlerMapping [AbstractHandlerMethodMapping.java : 543] Mapped "{[/application/index],methods=[GET]}" onto public java.lang.String org.apel.server.management.main.web.ApplicationController.index()
2017-06-16 10:42:23,932 INFO [main] o.s.w.s.m.m.a.RequestMappingHandlerMapping [AbstractHandlerMethodMapping.java : 543] Mapped "{[/application/{id}],methods=[DELETE]}" onto public org.apel.gaia.commons.i18n.Message org.apel.server.management.main.web.ApplicationController.delete(java.lang.String)
2017-06-16 10:42:23,932 INFO [main] o.s.w.s.m.m.a.RequestMappingHandlerMapping [AbstractHandlerMethodMapping.java : 543] Mapped "{[/application/{id}],methods=[PUT]}" onto public org.apel.gaia.commons.i18n.Message org.apel.server.management.main.web.ApplicationController.create(java.lang.String,org.apel.server.management.main.container.domain.Application)
2017-06-16 10:42:23,932 INFO [main] o.s.w.s.m.m.a.RequestMappingHandlerMapping [AbstractHandlerMethodMapping.java : 543] Mapped "{[/application],methods=[POST]}" onto public org.apel.gaia.commons.i18n.Message org.apel.server.management.main.web.ApplicationController.create(org.apel.server.management.main.container.domain.Application)
2017-06-16 10:42:23,932 INFO [main] o.s.w.s.m.m.a.RequestMappingHandlerMapping [AbstractHandlerMethodMapping.java : 543] Mapped "{[/application]}" onto public org.apel.gaia.commons.pager.PageBean org.apel.server.management.main.web.ApplicationController.list(org.apel.gaia.commons.jqgrid.QueryParams)
2017-06-16 10:42:23,932 INFO [main] o.s.w.s.m.m.a.RequestMappingHandlerMapping [AbstractHandlerMethodMapping.java : 543] Mapped "{[/application/{id}],methods=[GET]}" onto public org.apel.server.management.main.container.domain.Application org.apel.server.management.main.web.ApplicationController.view(java.lang.String)
2017-06-16 10:42:23,932 INFO [main] o.s.w.s.m.m.a.RequestMappingHandlerMapping [AbstractHandlerMethodMapping.java : 543] Mapped "{[/application/all],methods=[GET]}" onto public java.util.List<org.apel.server.management.main.container.domain.Application> org.apel.server.management.main.web.ApplicationController.getAll()
2017-06-16 10:42:23,932 INFO [main] o.s.w.s.m.m.a.RequestMappingHandlerMapping [AbstractHandlerMethodMapping.java : 543] Mapped "{[/application],methods=[DELETE]}" onto public org.apel.gaia.commons.i18n.Message org.apel.server.management.main.web.ApplicationController.batchDelete(java.lang.String[])
2017-06-16 10:42:23,948 INFO [main] o.s.w.s.m.m.a.RequestMappingHandlerMapping [AbstractHandlerMethodMapping.java : 543] Mapped "{[/test/index],methods=[GET]}" onto public java.lang.String org.apel.server.management.main.web.TestController.index()
2017-06-16 10:42:23,948 INFO [main] o.s.w.s.m.m.a.RequestMappingHandlerMapping [AbstractHandlerMethodMapping.java : 543] Mapped "{[/test/user/{id}],methods=[GET]}" onto public org.springframework.boot.autoconfigure.security.SecurityProperties$User org.apel.server.management.main.web.TestController.findById(java.lang.String)
2017-06-16 10:42:23,948 INFO [main] o.s.w.s.m.m.a.RequestMappingHandlerMapping [AbstractHandlerMethodMapping.java : 543] Mapped "{[/test/subContainer],methods=[GET]}" onto public java.lang.String org.apel.server.management.main.web.TestController.subContainer()
2017-06-16 10:42:23,948 INFO [main] o.s.w.s.m.m.a.RequestMappingHandlerMapping [AbstractHandlerMethodMapping.java : 543] Mapped "{[/export/jqgrid],methods=[POST]}" onto public org.springframework.http.ResponseEntity<byte[]> org.apel.gaia.infrastructure.ExportController.exportExcel(org.apel.gaia.commons.jqgrid.QueryParams,java.lang.String,java.lang.String,java.lang.String,java.lang.String,java.lang.String,java.lang.String,java.lang.String,java.lang.String) throws java.lang.Exception
2017-06-16 10:42:23,948 INFO [main] o.s.w.s.m.m.a.RequestMappingHandlerMapping [AbstractHandlerMethodMapping.java : 543] Mapped "{[/file_progress]}" onto public java.lang.Integer org.apel.gaia.container.boot.controller.CommonController.netCheck(javax.servlet.http.HttpSession)
2017-06-16 10:42:23,948 INFO [main] o.s.w.s.m.m.a.RequestMappingHandlerMapping [AbstractHandlerMethodMapping.java : 543] Mapped "{[/net_check]}" onto public java.lang.String org.apel.gaia.container.boot.controller.CommonController.netCheck(java.lang.String)
2017-06-16 10:42:23,948 INFO [main] o.s.w.s.m.m.a.RequestMappingHandlerMapping [AbstractHandlerMethodMapping.java : 543] Mapped "{[/net_detect]}" onto public java.lang.String org.apel.gaia.container.boot.controller.CommonController.netDedect()
2017-06-16 10:42:23,964 INFO [main] o.s.w.s.m.m.a.RequestMappingHandlerMapping [AbstractHandlerMethodMapping.java : 543] Mapped "{[/400]}" onto public java.lang.String org.apel.gaia.container.boot.controller.ContainerErrorController._400() throws java.lang.Exception
2017-06-16 10:42:23,964 INFO [main] o.s.w.s.m.m.a.RequestMappingHandlerMapping [AbstractHandlerMethodMapping.java : 543] Mapped "{[/403]}" onto public java.lang.String org.apel.gaia.container.boot.controller.ContainerErrorController._403() throws java.lang.Exception
2017-06-16 10:42:23,964 INFO [main] o.s.w.s.m.m.a.RequestMappingHandlerMapping [AbstractHandlerMethodMapping.java : 543] Mapped "{[/404]}" onto public java.lang.String org.apel.gaia.container.boot.controller.ContainerErrorController._404() throws java.lang.Exception
2017-06-16 10:42:23,964 INFO [main] o.s.w.s.m.m.a.RequestMappingHandlerMapping [AbstractHandlerMethodMapping.java : 543] Mapped "{[/405]}" onto public java.lang.String org.apel.gaia.container.boot.controller.ContainerErrorController._405() throws java.lang.Exception
2017-06-16 10:42:23,964 INFO [main] o.s.w.s.m.m.a.RequestMappingHandlerMapping [AbstractHandlerMethodMapping.java : 543] Mapped "{[/500]}" onto public java.lang.String org.apel.gaia.container.boot.controller.ContainerErrorController._500() throws java.lang.Exception
2017-06-16 10:42:23,964 INFO [main] o.s.w.s.m.m.a.RequestMappingHandlerMapping [AbstractHandlerMethodMapping.java : 543] Mapped "{[/error]}" onto public java.lang.String org.apel.gaia.container.boot.controller.SpringErrorController.error()
2017-06-16 10:42:24,166 INFO [main] o.s.w.s.h.SimpleUrlHandlerMapping [AbstractUrlHandlerMapping.java : 362] Mapped URL path [/webjars/**] onto handler of type [class org.springframework.web.servlet.resource.ResourceHttpRequestHandler]
2017-06-16 10:42:24,166 INFO [main] o.s.w.s.h.SimpleUrlHandlerMapping [AbstractUrlHandlerMapping.java : 362] Mapped URL path [/**] onto handler of type [class org.springframework.web.servlet.resource.ResourceHttpRequestHandler]
2017-06-16 10:42:24,400 INFO [main] o.s.w.s.h.SimpleUrlHandlerMapping [AbstractUrlHandlerMapping.java : 362] Mapped URL path [/**/favicon.ico] onto handler of type [class org.springframework.web.servlet.resource.ResourceHttpRequestHandler]
2017-06-16 10:42:26,366 INFO [main] o.s.j.e.a.AnnotationMBeanExporter [MBeanExporter.java : 431] Registering beans for JMX exposure on startup
2017-06-16 10:42:26,366 INFO [main] o.s.j.e.a.AnnotationMBeanExporter [MBeanExporter.java : 916] Bean with name 'dataSource' has been autodetected for JMX exposure
2017-06-16 10:42:26,398 INFO [main] o.s.j.e.a.AnnotationMBeanExporter [MBeanExporter.java : 671] Located MBean 'dataSource': registering with JMX server as MBean [com.alibaba.druid.pool:name=dataSource,type=DruidDataSource]
2017-06-16 10:42:26,429 INFO [main] o.e.jetty.ContextHandler.application [ContextHandler.java : 2207] Initializing Spring FrameworkServlet 'dispatcherServlet'
2017-06-16 10:42:26,429 INFO [main] o.s.web.servlet.DispatcherServlet [FrameworkServlet.java : 489] FrameworkServlet 'dispatcherServlet': initialization started
2017-06-16 10:42:26,476 INFO [main] o.s.web.servlet.DispatcherServlet [FrameworkServlet.java : 508] FrameworkServlet 'dispatcherServlet': initialization completed in 47 ms
2017-06-16 10:42:26,601 INFO [main] o.e.jetty.server.AbstractConnector [AbstractConnector.java : 280] Started ServerConnector@1299197{HTTP/1.1,[http/1.1]}{0.0.0.0:6555}
2017-06-16 10:42:26,601 INFO [main] o.s.b.c.e.j.JettyEmbeddedServletContainer [JettyEmbeddedServletContainer.java : 144] Jetty started on port(s) 6555 (http/1.1)
2017-06-16 10:42:26,617 INFO [main] o.a.s.m.main.web.test.StartMainWeb [StartupInfoLogger.java : 57] Started StartMainWeb in 33.455 seconds (JVM running for 35.585)
2017-06-16 10:44:33,284 INFO [qtp31567969-45] o.a.g.p.dao.CommonRepositoryImpl [CommonRepositoryImpl.java : 497] qlString = {FROM ApplicationAgent WHERE 1=1}
2017-06-16 10:44:33,285 INFO [qtp31567969-45] o.a.g.p.dao.CommonRepositoryImpl [CommonRepositoryImpl.java : 701] conIndex = {22}
2017-06-16 10:44:33,288 INFO [qtp31567969-45] o.a.g.p.dao.CommonRepositoryImpl [CommonRepositoryImpl.java : 706] 条件前的?个数：{0}
2017-06-16 10:44:33,290 INFO [qtp31567969-45] o.a.g.p.dao.CommonRepositoryImpl [CommonRepositoryImpl.java : 707] 条件后的?个数：{0}
2017-06-16 10:44:33,292 INFO [qtp31567969-45] o.a.g.p.dao.CommonRepositoryImpl [CommonRepositoryImpl.java : 708] 条件的起始位置：{0}
2017-06-16 10:44:33,293 INFO [qtp31567969-45] o.a.g.p.dao.CommonRepositoryImpl [CommonRepositoryImpl.java : 674] condition = {}
2017-06-16 10:44:33,295 INFO [qtp31567969-45] o.a.g.p.dao.CommonRepositoryImpl [CommonRepositoryImpl.java : 482] order = { ORDER BY createDate DESC}
2017-06-16 10:44:33,297 INFO [qtp31567969-45] o.a.g.p.dao.CommonRepositoryImpl [CommonRepositoryImpl.java : 420] list_ql = {FROM ApplicationAgent  WHERE 1=1  ORDER BY createDate DESC}
2017-06-16 10:44:33,298 INFO [qtp31567969-45] o.a.g.p.dao.CommonRepositoryImpl [CommonRepositoryImpl.java : 152] count_ql = {SELECT count(*) FROM ApplicationAgent  WHERE 1=1 }
2017-06-16 10:44:33,490 INFO [qtp31567969-45] o.h.h.i.QueryTranslatorFactoryInitiator [QueryTranslatorFactoryInitiator.java : 47] HHH000397: Using ASTQueryTranslatorFactory
2017-06-16 10:44:34,596 INFO [qtp31567969-45] o.a.g.p.dao.CommonRepositoryImpl [CommonRepositoryImpl.java : 737] executeCount totalRows = {0}
2017-06-16 10:44:57,106 INFO [qtp31567969-15] o.a.g.p.dao.CommonRepositoryImpl [CommonRepositoryImpl.java : 497] qlString = {FROM ApplicationAgent WHERE 1=1}
2017-06-16 10:44:57,108 INFO [qtp31567969-15] o.a.g.p.dao.CommonRepositoryImpl [CommonRepositoryImpl.java : 701] conIndex = {22}
2017-06-16 10:44:57,109 INFO [qtp31567969-15] o.a.g.p.dao.CommonRepositoryImpl [CommonRepositoryImpl.java : 706] 条件前的?个数：{0}
2017-06-16 10:44:57,111 INFO [qtp31567969-15] o.a.g.p.dao.CommonRepositoryImpl [CommonRepositoryImpl.java : 707] 条件后的?个数：{0}
2017-06-16 10:44:57,111 INFO [qtp31567969-15] o.a.g.p.dao.CommonRepositoryImpl [CommonRepositoryImpl.java : 708] 条件的起始位置：{0}
2017-06-16 10:44:57,112 INFO [qtp31567969-15] o.a.g.p.dao.CommonRepositoryImpl [CommonRepositoryImpl.java : 674] condition = {}
2017-06-16 10:44:57,113 INFO [qtp31567969-15] o.a.g.p.dao.CommonRepositoryImpl [CommonRepositoryImpl.java : 482] order = { ORDER BY createDate DESC}
2017-06-16 10:44:57,114 INFO [qtp31567969-15] o.a.g.p.dao.CommonRepositoryImpl [CommonRepositoryImpl.java : 420] list_ql = {FROM ApplicationAgent  WHERE 1=1  ORDER BY createDate DESC}
2017-06-16 10:44:57,115 INFO [qtp31567969-15] o.a.g.p.dao.CommonRepositoryImpl [CommonRepositoryImpl.java : 152] count_ql = {SELECT count(*) FROM ApplicationAgent  WHERE 1=1 }
2017-06-16 10:44:57,119 INFO [qtp31567969-15] o.a.g.p.dao.CommonRepositoryImpl [CommonRepositoryImpl.java : 737] executeCount totalRows = {1}
2017-06-16 10:47:13,532 INFO [Druid-ConnectionPool-Log-28739226] c.a.d.p.DruidDataSourceStatLoggerImpl [DruidDataSourceStatLoggerImpl.java : 77] {"url":"jdbc:mysql://192.168.0.94:3306/dsgc?useUnicode=true&characterEncoding=utf8&pinGlobalTxToPhysicalConnection=true","dbType":"mysql","name":"DataSource-28739226","activeCount":0,"activePeak":2,"activePeakTime":"2017-06-16 10:42:19","poolingCount":2,"poolingPeak":2,"poolingPeakTime":"2017-06-16 10:42:19","connectCount":7,"closeCount":7,"notEmptyWaitCount":1,"notEmptyWaitMillis":31,"physicalConnectCount":1,"executeCount":6,"commitCount":3,"pstmtCacheHitCount":2,"pstmtCacheMissCount":3,"startTransactionCount":3,"transactionHistogram":[0,0,2,1],"connectionHoldTimeHistogram":[0,1,1,4,1],"sqlList":[{"sql":"create table base_application_agent (id varchar(255) not null, createDate datetime, ip varchar(255), name varchar(255), status varchar(255), primary key (id))","executeCount":1,"executeMillisMax":255,"executeMillisTotal":255,"executeHistogram":[0,0,0,1],"executeAndResultHoldHistogram":[0,0,0,1],"concurrentMax":1},{"sql":"select count(*) as col_0_0_ from base_application_agent applicatio0_ where 1=1","executeCount":2,"executeMillisMax":15,"executeMillisTotal":16,"executeHistogram":[0,1,1],"executeAndResultHoldHistogram":[2],"concurrentMax":1,"fetchRowCount":1,"fetchRowHistogram":[0,2],"inTransactionCount":2},{"sql":"select applicatio0_.id as id1_1_, applicatio0_.createDate as createDa2_1_, applicatio0_.ip as ip3_1_, applicatio0_.name as name4_1_, applicatio0_.status as status5_1_ from base_application_agent applicatio0_ where 1=1 order by applicatio0_.createDate DESC limit ?","executeCount":2,"executeMillisMax":1,"executeMillisTotal":3,"executeHistogram":[0,2],"executeAndResultHoldHistogram":[2],"concurrentMax":1,"fetchRowCount":1,"fetchRowHistogram":[1,1],"inTransactionCount":2},{"sql":"insert into base_application_agent (createDate, ip, name, status, id) values (?, ?, ?, ?, ?)","executeCount":1,"executeMillisMax":3,"executeMillisTotal":3,"executeHistogram":[0,1],"executeAndResultHoldHistogram":[0,1],"concurrentMax":1,"updateCount":1,"updateCountMax":1,"updateHistogram":[0,1],"inTransactionCount":1}]}
2017-06-16 10:52:13,535 INFO [Druid-ConnectionPool-Log-28739226] c.a.d.p.DruidDataSourceStatLoggerImpl [DruidDataSourceStatLoggerImpl.java : 77] {"url":"jdbc:mysql://192.168.0.94:3306/dsgc?useUnicode=true&characterEncoding=utf8&pinGlobalTxToPhysicalConnection=true","dbType":"mysql","name":"DataSource-28739226","activeCount":0,"poolingCount":1,"connectCount":0,"closeCount":0,"physicalCloseCount":1}
2017-06-16 10:57:13,539 INFO [Druid-ConnectionPool-Log-28739226] c.a.d.p.DruidDataSourceStatLoggerImpl [DruidDataSourceStatLoggerImpl.java : 77] {"url":"jdbc:mysql://192.168.0.94:3306/dsgc?useUnicode=true&characterEncoding=utf8&pinGlobalTxToPhysicalConnection=true","dbType":"mysql","name":"DataSource-28739226","activeCount":0,"poolingCount":1,"connectCount":0,"closeCount":0}
