2017-06-19 12:04:18,419 INFO [Druid-ConnectionPool-Log-24061732] c.a.d.p.DruidDataSourceStatLoggerImpl [DruidDataSourceStatLoggerImpl.java : 77] {"url":"jdbc:mysql://192.168.0.94:3306/dsgc?useUnicode=true&characterEncoding=utf8&pinGlobalTxToPhysicalConnection=true","dbType":"mysql","name":"DataSource-24061732","activeCount":0,"poolingCount":1,"connectCount":0,"closeCount":0}
2017-06-19 12:09:18,779 INFO [Druid-ConnectionPool-Log-24061732] c.a.d.p.DruidDataSourceStatLoggerImpl [DruidDataSourceStatLoggerImpl.java : 77] {"url":"jdbc:mysql://192.168.0.94:3306/dsgc?useUnicode=true&characterEncoding=utf8&pinGlobalTxToPhysicalConnection=true","dbType":"mysql","name":"DataSource-24061732","activeCount":0,"poolingCount":1,"connectCount":0,"closeCount":0}
2017-06-19 12:14:18,781 INFO [Druid-ConnectionPool-Log-24061732] c.a.d.p.DruidDataSourceStatLoggerImpl [DruidDataSourceStatLoggerImpl.java : 77] {"url":"jdbc:mysql://192.168.0.94:3306/dsgc?useUnicode=true&characterEncoding=utf8&pinGlobalTxToPhysicalConnection=true","dbType":"mysql","name":"DataSource-24061732","activeCount":0,"poolingCount":1,"connectCount":0,"closeCount":0}
2017-06-19 12:19:18,785 INFO [Druid-ConnectionPool-Log-24061732] c.a.d.p.DruidDataSourceStatLoggerImpl [DruidDataSourceStatLoggerImpl.java : 77] {"url":"jdbc:mysql://192.168.0.94:3306/dsgc?useUnicode=true&characterEncoding=utf8&pinGlobalTxToPhysicalConnection=true","dbType":"mysql","name":"DataSource-24061732","activeCount":0,"poolingCount":1,"connectCount":0,"closeCount":0}
2017-06-19 12:24:18,797 INFO [Druid-ConnectionPool-Log-24061732] c.a.d.p.DruidDataSourceStatLoggerImpl [DruidDataSourceStatLoggerImpl.java : 77] {"url":"jdbc:mysql://192.168.0.94:3306/dsgc?useUnicode=true&characterEncoding=utf8&pinGlobalTxToPhysicalConnection=true","dbType":"mysql","name":"DataSource-24061732","activeCount":0,"poolingCount":1,"connectCount":0,"closeCount":0}
2017-06-19 12:29:18,804 INFO [Druid-ConnectionPool-Log-24061732] c.a.d.p.DruidDataSourceStatLoggerImpl [DruidDataSourceStatLoggerImpl.java : 77] {"url":"jdbc:mysql://192.168.0.94:3306/dsgc?useUnicode=true&characterEncoding=utf8&pinGlobalTxToPhysicalConnection=true","dbType":"mysql","name":"DataSource-24061732","activeCount":0,"poolingCount":1,"connectCount":0,"closeCount":0}
2017-06-19 12:34:18,811 INFO [Druid-ConnectionPool-Log-24061732] c.a.d.p.DruidDataSourceStatLoggerImpl [DruidDataSourceStatLoggerImpl.java : 77] {"url":"jdbc:mysql://192.168.0.94:3306/dsgc?useUnicode=true&characterEncoding=utf8&pinGlobalTxToPhysicalConnection=true","dbType":"mysql","name":"DataSource-24061732","activeCount":0,"poolingCount":1,"connectCount":0,"closeCount":0}
2017-06-19 12:39:18,819 INFO [Druid-ConnectionPool-Log-24061732] c.a.d.p.DruidDataSourceStatLoggerImpl [DruidDataSourceStatLoggerImpl.java : 77] {"url":"jdbc:mysql://192.168.0.94:3306/dsgc?useUnicode=true&characterEncoding=utf8&pinGlobalTxToPhysicalConnection=true","dbType":"mysql","name":"DataSource-24061732","activeCount":0,"poolingCount":1,"connectCount":0,"closeCount":0}
2017-06-19 12:42:36,548 INFO [qtp10431538-107] o.a.g.p.dao.CommonRepositoryImpl [CommonRepositoryImpl.java : 497] qlString = {FROM Application WHERE 1=1}
2017-06-19 12:42:36,550 INFO [qtp10431538-107] o.a.g.p.dao.CommonRepositoryImpl [CommonRepositoryImpl.java : 701] conIndex = {17}
2017-06-19 12:42:36,551 INFO [qtp10431538-107] o.a.g.p.dao.CommonRepositoryImpl [CommonRepositoryImpl.java : 706] 条件前的?个数：{0}
2017-06-19 12:42:36,552 INFO [qtp10431538-107] o.a.g.p.dao.CommonRepositoryImpl [CommonRepositoryImpl.java : 707] 条件后的?个数：{0}
2017-06-19 12:42:36,553 INFO [qtp10431538-107] o.a.g.p.dao.CommonRepositoryImpl [CommonRepositoryImpl.java : 708] 条件的起始位置：{0}
2017-06-19 12:42:36,553 INFO [qtp10431538-107] o.a.g.p.dao.CommonRepositoryImpl [CommonRepositoryImpl.java : 674] condition = {}
2017-06-19 12:42:36,554 INFO [qtp10431538-107] o.a.g.p.dao.CommonRepositoryImpl [CommonRepositoryImpl.java : 482] order = { ORDER BY createDate DESC}
2017-06-19 12:42:36,556 INFO [qtp10431538-107] o.a.g.p.dao.CommonRepositoryImpl [CommonRepositoryImpl.java : 420] list_ql = {FROM Application  WHERE 1=1  ORDER BY createDate DESC}
2017-06-19 12:42:36,557 INFO [qtp10431538-107] o.a.g.p.dao.CommonRepositoryImpl [CommonRepositoryImpl.java : 152] count_ql = {SELECT count(*) FROM Application  WHERE 1=1 }
2017-06-19 12:42:37,327 INFO [qtp10431538-107] o.a.g.p.dao.CommonRepositoryImpl [CommonRepositoryImpl.java : 737] executeCount totalRows = {2}
2017-06-19 12:43:14,276 WARN [qtp10431538-109] org.eclipse.jetty.server.HttpChannel [HttpChannel.java : 507] /main-container/applicationAgent
org.springframework.web.util.NestedServletException: Request processing failed; nested exception is org.springframework.web.client.ResourceAccessException: I/O error on GET request for "http://192.168.0.33:5555/sub-container/restSub/accessCheck": Connection refused: connect; nested exception is java.net.ConnectException: Connection refused: connect
	at org.springframework.web.servlet.FrameworkServlet.processRequest(FrameworkServlet.java:982)
	at org.springframework.web.servlet.FrameworkServlet.doGet(FrameworkServlet.java:861)
	at javax.servlet.http.HttpServlet.service(HttpServlet.java:687)
	at org.springframework.web.servlet.FrameworkServlet.service(FrameworkServlet.java:846)
	at javax.servlet.http.HttpServlet.service(HttpServlet.java:790)
	at org.eclipse.jetty.servlet.ServletHolder.handle(ServletHolder.java:841)
	at org.eclipse.jetty.servlet.ServletHandler$CachedChain.doFilter(ServletHandler.java:1634)
	at org.eclipse.jetty.websocket.server.WebSocketUpgradeFilter.doFilter(WebSocketUpgradeFilter.java:206)
	at org.eclipse.jetty.servlet.ServletHandler$CachedChain.doFilter(ServletHandler.java:1621)
	at org.apel.poseidon.security.commons.filter.CustomUrlDecisionFilter.doFilter(CustomUrlDecisionFilter.java:41)
	at org.eclipse.jetty.servlet.ServletHandler$CachedChain.doFilter(ServletHandler.java:1621)
	at org.springframework.web.filter.RequestContextFilter.doFilterInternal(RequestContextFilter.java:99)
	at org.springframework.web.filter.OncePerRequestFilter.doFilter(OncePerRequestFilter.java:107)
	at org.eclipse.jetty.servlet.ServletHandler$CachedChain.doFilter(ServletHandler.java:1621)
	at org.springframework.web.filter.HttpPutFormContentFilter.doFilterInternal(HttpPutFormContentFilter.java:105)
	at org.springframework.web.filter.OncePerRequestFilter.doFilter(OncePerRequestFilter.java:107)
	at org.eclipse.jetty.servlet.ServletHandler$CachedChain.doFilter(ServletHandler.java:1621)
	at org.springframework.web.filter.HiddenHttpMethodFilter.doFilterInternal(HiddenHttpMethodFilter.java:81)
	at org.springframework.web.filter.OncePerRequestFilter.doFilter(OncePerRequestFilter.java:107)
	at org.eclipse.jetty.servlet.ServletHandler$CachedChain.doFilter(ServletHandler.java:1621)
	at org.springframework.web.filter.CharacterEncodingFilter.doFilterInternal(CharacterEncodingFilter.java:197)
	at org.springframework.web.filter.OncePerRequestFilter.doFilter(OncePerRequestFilter.java:107)
	at org.eclipse.jetty.servlet.ServletHandler$CachedChain.doFilter(ServletHandler.java:1621)
	at org.eclipse.jetty.servlet.ServletHandler.doHandle(ServletHandler.java:541)
	at org.eclipse.jetty.server.handler.ScopedHandler.handle(ScopedHandler.java:143)
	at org.eclipse.jetty.security.SecurityHandler.handle(SecurityHandler.java:548)
	at org.eclipse.jetty.server.handler.HandlerWrapper.handle(HandlerWrapper.java:132)
	at org.eclipse.jetty.server.handler.ScopedHandler.nextHandle(ScopedHandler.java:190)
	at org.eclipse.jetty.server.session.SessionHandler.doHandle(SessionHandler.java:1592)
	at org.eclipse.jetty.server.handler.ScopedHandler.nextHandle(ScopedHandler.java:188)
	at org.eclipse.jetty.server.handler.ContextHandler.doHandle(ContextHandler.java:1239)
	at org.eclipse.jetty.server.handler.ScopedHandler.nextScope(ScopedHandler.java:168)
	at org.eclipse.jetty.servlet.ServletHandler.doScope(ServletHandler.java:481)
	at org.eclipse.jetty.server.session.SessionHandler.doScope(SessionHandler.java:1561)
	at org.eclipse.jetty.server.handler.ScopedHandler.nextScope(ScopedHandler.java:166)
	at org.eclipse.jetty.server.handler.ContextHandler.doScope(ContextHandler.java:1141)
	at org.eclipse.jetty.server.handler.ScopedHandler.handle(ScopedHandler.java:141)
	at org.eclipse.jetty.server.handler.HandlerWrapper.handle(HandlerWrapper.java:132)
	at org.eclipse.jetty.server.Server.handle(Server.java:564)
	at org.eclipse.jetty.server.HttpChannel.handle(HttpChannel.java:320)
	at org.eclipse.jetty.server.HttpConnection.onFillable(HttpConnection.java:251)
	at org.eclipse.jetty.io.AbstractConnection$ReadCallback.succeeded(AbstractConnection.java:279)
	at org.eclipse.jetty.io.FillInterest.fillable(FillInterest.java:110)
	at org.eclipse.jetty.io.ChannelEndPoint$2.run(ChannelEndPoint.java:124)
	at org.eclipse.jetty.util.thread.QueuedThreadPool.runJob(QueuedThreadPool.java:672)
	at org.eclipse.jetty.util.thread.QueuedThreadPool$2.run(QueuedThreadPool.java:590)
	at java.lang.Thread.run(Unknown Source)
Caused by: org.springframework.web.client.ResourceAccessException: I/O error on GET request for "http://192.168.0.33:5555/sub-container/restSub/accessCheck": Connection refused: connect; nested exception is java.net.ConnectException: Connection refused: connect
	at org.springframework.web.client.RestTemplate.doExecute(RestTemplate.java:666)
	at org.springframework.web.client.RestTemplate.execute(RestTemplate.java:613)
	at org.springframework.web.client.RestTemplate.getForObject(RestTemplate.java:287)
	at org.apel.server.management.main.container.restful.RestSubClient.accessCheck(RestSubClient.java:24)
	at org.apel.server.management.main.container.service.impl.ApplicationAgentServiceImpl.pageQuery(ApplicationAgentServiceImpl.java:24)
	at org.apel.server.management.main.container.service.impl.ApplicationAgentServiceImpl$$FastClassBySpringCGLIB$$6c6e113f.invoke(<generated>)
	at org.springframework.cglib.proxy.MethodProxy.invoke(MethodProxy.java:204)
	at org.springframework.aop.framework.CglibAopProxy$CglibMethodInvocation.invokeJoinpoint(CglibAopProxy.java:721)
	at org.springframework.aop.framework.ReflectiveMethodInvocation.proceed(ReflectiveMethodInvocation.java:157)
	at org.springframework.transaction.interceptor.TransactionInterceptor$1.proceedWithInvocation(TransactionInterceptor.java:99)
	at org.springframework.transaction.interceptor.TransactionAspectSupport.invokeWithinTransaction(TransactionAspectSupport.java:282)
	at org.springframework.transaction.interceptor.TransactionInterceptor.invoke(TransactionInterceptor.java:96)
	at org.springframework.aop.framework.ReflectiveMethodInvocation.proceed(ReflectiveMethodInvocation.java:179)
	at org.springframework.aop.framework.CglibAopProxy$DynamicAdvisedInterceptor.intercept(CglibAopProxy.java:656)
	at org.apel.server.management.main.container.service.impl.ApplicationAgentServiceImpl$$EnhancerBySpringCGLIB$$6a7a292c.pageQuery(<generated>)
	at org.apel.server.management.main.web.ApplicationAgentController.list(ApplicationAgentController.java:42)
	at sun.reflect.NativeMethodAccessorImpl.invoke0(Native Method)
	at sun.reflect.NativeMethodAccessorImpl.invoke(Unknown Source)
	at sun.reflect.DelegatingMethodAccessorImpl.invoke(Unknown Source)
	at java.lang.reflect.Method.invoke(Unknown Source)
	at org.springframework.web.method.support.InvocableHandlerMethod.doInvoke(InvocableHandlerMethod.java:205)
	at org.springframework.web.method.support.InvocableHandlerMethod.invokeForRequest(InvocableHandlerMethod.java:133)
	at org.springframework.web.servlet.mvc.method.annotation.ServletInvocableHandlerMethod.invokeAndHandle(ServletInvocableHandlerMethod.java:116)
	at org.springframework.web.servlet.mvc.method.annotation.RequestMappingHandlerAdapter.invokeHandlerMethod(RequestMappingHandlerAdapter.java:827)
	at org.springframework.web.servlet.mvc.method.annotation.RequestMappingHandlerAdapter.handleInternal(RequestMappingHandlerAdapter.java:738)
	at org.springframework.web.servlet.mvc.method.AbstractHandlerMethodAdapter.handle(AbstractHandlerMethodAdapter.java:85)
	at org.springframework.web.servlet.DispatcherServlet.doDispatch(DispatcherServlet.java:963)
	at org.springframework.web.servlet.DispatcherServlet.doService(DispatcherServlet.java:897)
	at org.springframework.web.servlet.FrameworkServlet.processRequest(FrameworkServlet.java:970)
	... 46 common frames omitted
Caused by: java.net.ConnectException: Connection refused: connect
	at java.net.DualStackPlainSocketImpl.connect0(Native Method)
	at java.net.DualStackPlainSocketImpl.socketConnect(Unknown Source)
	at java.net.AbstractPlainSocketImpl.doConnect(Unknown Source)
	at java.net.AbstractPlainSocketImpl.connectToAddress(Unknown Source)
	at java.net.AbstractPlainSocketImpl.connect(Unknown Source)
	at java.net.PlainSocketImpl.connect(Unknown Source)
	at java.net.SocksSocketImpl.connect(Unknown Source)
	at java.net.Socket.connect(Unknown Source)
	at java.net.Socket.connect(Unknown Source)
	at sun.net.NetworkClient.doConnect(Unknown Source)
	at sun.net.www.http.HttpClient.openServer(Unknown Source)
	at sun.net.www.http.HttpClient.openServer(Unknown Source)
	at sun.net.www.http.HttpClient.<init>(Unknown Source)
	at sun.net.www.http.HttpClient.New(Unknown Source)
	at sun.net.www.http.HttpClient.New(Unknown Source)
	at sun.net.www.protocol.http.HttpURLConnection.getNewHttpClient(Unknown Source)
	at sun.net.www.protocol.http.HttpURLConnection.plainConnect0(Unknown Source)
	at sun.net.www.protocol.http.HttpURLConnection.plainConnect(Unknown Source)
	at sun.net.www.protocol.http.HttpURLConnection.connect(Unknown Source)
	at org.springframework.http.client.SimpleBufferingClientHttpRequest.executeInternal(SimpleBufferingClientHttpRequest.java:78)
	at org.springframework.http.client.AbstractBufferingClientHttpRequest.executeInternal(AbstractBufferingClientHttpRequest.java:48)
	at org.springframework.http.client.AbstractClientHttpRequest.execute(AbstractClientHttpRequest.java:53)
	at org.springframework.web.client.RestTemplate.doExecute(RestTemplate.java:652)
	... 74 common frames omitted
2017-06-19 12:43:15,267 INFO [qtp10431538-106] o.a.g.p.dao.CommonRepositoryImpl [CommonRepositoryImpl.java : 497] qlString = {FROM Application WHERE 1=1}
2017-06-19 12:43:15,268 INFO [qtp10431538-106] o.a.g.p.dao.CommonRepositoryImpl [CommonRepositoryImpl.java : 701] conIndex = {17}
2017-06-19 12:43:15,269 INFO [qtp10431538-106] o.a.g.p.dao.CommonRepositoryImpl [CommonRepositoryImpl.java : 706] 条件前的?个数：{0}
2017-06-19 12:43:15,270 INFO [qtp10431538-106] o.a.g.p.dao.CommonRepositoryImpl [CommonRepositoryImpl.java : 707] 条件后的?个数：{0}
2017-06-19 12:43:15,272 INFO [qtp10431538-106] o.a.g.p.dao.CommonRepositoryImpl [CommonRepositoryImpl.java : 708] 条件的起始位置：{0}
2017-06-19 12:43:15,272 INFO [qtp10431538-106] o.a.g.p.dao.CommonRepositoryImpl [CommonRepositoryImpl.java : 674] condition = {}
2017-06-19 12:43:15,273 INFO [qtp10431538-106] o.a.g.p.dao.CommonRepositoryImpl [CommonRepositoryImpl.java : 482] order = { ORDER BY createDate DESC}
2017-06-19 12:43:15,274 INFO [qtp10431538-106] o.a.g.p.dao.CommonRepositoryImpl [CommonRepositoryImpl.java : 420] list_ql = {FROM Application  WHERE 1=1  ORDER BY createDate DESC}
2017-06-19 12:43:15,275 INFO [qtp10431538-106] o.a.g.p.dao.CommonRepositoryImpl [CommonRepositoryImpl.java : 152] count_ql = {SELECT count(*) FROM Application  WHERE 1=1 }
2017-06-19 12:43:15,278 INFO [qtp10431538-106] o.a.g.p.dao.CommonRepositoryImpl [CommonRepositoryImpl.java : 737] executeCount totalRows = {2}
2017-06-19 12:44:13,744 INFO [qtp10431538-103] o.a.g.p.dao.CommonRepositoryImpl [CommonRepositoryImpl.java : 497] qlString = {FROM Application WHERE 1=1}
2017-06-19 12:44:13,745 INFO [qtp10431538-103] o.a.g.p.dao.CommonRepositoryImpl [CommonRepositoryImpl.java : 701] conIndex = {17}
2017-06-19 12:44:13,746 INFO [qtp10431538-103] o.a.g.p.dao.CommonRepositoryImpl [CommonRepositoryImpl.java : 706] 条件前的?个数：{0}
2017-06-19 12:44:13,747 INFO [qtp10431538-103] o.a.g.p.dao.CommonRepositoryImpl [CommonRepositoryImpl.java : 707] 条件后的?个数：{0}
2017-06-19 12:44:13,748 INFO [qtp10431538-103] o.a.g.p.dao.CommonRepositoryImpl [CommonRepositoryImpl.java : 708] 条件的起始位置：{0}
2017-06-19 12:44:13,750 INFO [qtp10431538-103] o.a.g.p.dao.CommonRepositoryImpl [CommonRepositoryImpl.java : 674] condition = {}
2017-06-19 12:44:13,751 INFO [qtp10431538-103] o.a.g.p.dao.CommonRepositoryImpl [CommonRepositoryImpl.java : 482] order = { ORDER BY createDate DESC}
2017-06-19 12:44:13,752 INFO [qtp10431538-103] o.a.g.p.dao.CommonRepositoryImpl [CommonRepositoryImpl.java : 420] list_ql = {FROM Application  WHERE 1=1  ORDER BY createDate DESC}
2017-06-19 12:44:13,753 INFO [qtp10431538-103] o.a.g.p.dao.CommonRepositoryImpl [CommonRepositoryImpl.java : 152] count_ql = {SELECT count(*) FROM Application  WHERE 1=1 }
2017-06-19 12:44:13,756 INFO [qtp10431538-103] o.a.g.p.dao.CommonRepositoryImpl [CommonRepositoryImpl.java : 737] executeCount totalRows = {2}
2017-06-19 12:44:18,820 INFO [Druid-ConnectionPool-Log-24061732] c.a.d.p.DruidDataSourceStatLoggerImpl [DruidDataSourceStatLoggerImpl.java : 77] {"url":"jdbc:mysql://192.168.0.94:3306/dsgc?useUnicode=true&characterEncoding=utf8&pinGlobalTxToPhysicalConnection=true","dbType":"mysql","name":"DataSource-24061732","activeCount":0,"activePeak":1,"activePeakTime":"2017-06-19 12:42:36","poolingCount":1,"poolingPeak":1,"poolingPeakTime":"2017-06-19 12:42:37","connectCount":4,"closeCount":4,"executeCount":6,"commitCount":3,"pstmtCacheHitCount":6,"startTransactionCount":3,"transactionHistogram":[0,0,3],"connectionHoldTimeHistogram":[0,0,2,1,1],"sqlList":[{"sql":"select count(*) as col_0_0_ from base_application applicatio0_ where 1=1","executeCount":3,"executeMillisMax":1,"executeMillisTotal":4,"executeHistogram":[0,3],"executeAndResultHoldHistogram":[3],"concurrentMax":1,"fetchRowCount":1,"fetchRowHistogram":[0,3],"inTransactionCount":3},{"sql":"select applicatio0_.id as id1_2_, applicatio0_.context as context2_2_, applicatio0_.createDate as createDa3_2_, applicatio0_.hasJar as hasJar4_2_, applicatio0_.name as name5_2_, applicatio0_.serverType as serverTy6_2_, applicatio0_.serverTypeName as serverTy7_2_ from base_application applicatio0_ where 1=1 order by applicatio0_.createDate DESC limit ?","executeCount":3,"executeMillisMax":2,"executeMillisTotal":6,"executeHistogram":[0,3],"executeAndResultHoldHistogram":[3],"concurrentMax":1,"fetchRowCount":2,"fetchRowHistogram":[0,3],"inTransactionCount":3}]}
2017-06-19 12:45:14,605 INFO [qtp10431538-99] o.a.g.p.dao.CommonRepositoryImpl [CommonRepositoryImpl.java : 497] qlString = {FROM Application WHERE 1=1}
2017-06-19 12:45:14,609 INFO [qtp10431538-99] o.a.g.p.dao.CommonRepositoryImpl [CommonRepositoryImpl.java : 701] conIndex = {17}
2017-06-19 12:45:14,611 INFO [qtp10431538-99] o.a.g.p.dao.CommonRepositoryImpl [CommonRepositoryImpl.java : 706] 条件前的?个数：{0}
2017-06-19 12:45:14,612 INFO [qtp10431538-99] o.a.g.p.dao.CommonRepositoryImpl [CommonRepositoryImpl.java : 707] 条件后的?个数：{0}
2017-06-19 12:45:14,614 INFO [qtp10431538-99] o.a.g.p.dao.CommonRepositoryImpl [CommonRepositoryImpl.java : 708] 条件的起始位置：{0}
2017-06-19 12:45:14,615 INFO [qtp10431538-99] o.a.g.p.dao.CommonRepositoryImpl [CommonRepositoryImpl.java : 674] condition = {}
2017-06-19 12:45:14,616 INFO [qtp10431538-99] o.a.g.p.dao.CommonRepositoryImpl [CommonRepositoryImpl.java : 482] order = { ORDER BY createDate DESC}
2017-06-19 12:45:14,617 INFO [qtp10431538-99] o.a.g.p.dao.CommonRepositoryImpl [CommonRepositoryImpl.java : 420] list_ql = {FROM Application  WHERE 1=1  ORDER BY createDate DESC}
2017-06-19 12:45:14,619 INFO [qtp10431538-99] o.a.g.p.dao.CommonRepositoryImpl [CommonRepositoryImpl.java : 152] count_ql = {SELECT count(*) FROM Application  WHERE 1=1 }
2017-06-19 12:45:14,623 INFO [qtp10431538-99] o.a.g.p.dao.CommonRepositoryImpl [CommonRepositoryImpl.java : 737] executeCount totalRows = {2}
2017-06-19 12:45:35,062 INFO [qtp10431538-96] o.a.g.p.dao.CommonRepositoryImpl [CommonRepositoryImpl.java : 497] qlString = {FROM Application WHERE 1=1}
2017-06-19 12:45:35,064 INFO [qtp10431538-96] o.a.g.p.dao.CommonRepositoryImpl [CommonRepositoryImpl.java : 701] conIndex = {17}
2017-06-19 12:45:35,065 INFO [qtp10431538-96] o.a.g.p.dao.CommonRepositoryImpl [CommonRepositoryImpl.java : 706] 条件前的?个数：{0}
2017-06-19 12:45:35,066 INFO [qtp10431538-96] o.a.g.p.dao.CommonRepositoryImpl [CommonRepositoryImpl.java : 707] 条件后的?个数：{0}
2017-06-19 12:45:35,066 INFO [qtp10431538-96] o.a.g.p.dao.CommonRepositoryImpl [CommonRepositoryImpl.java : 708] 条件的起始位置：{0}
2017-06-19 12:45:35,067 INFO [qtp10431538-96] o.a.g.p.dao.CommonRepositoryImpl [CommonRepositoryImpl.java : 674] condition = {}
2017-06-19 12:45:35,068 INFO [qtp10431538-96] o.a.g.p.dao.CommonRepositoryImpl [CommonRepositoryImpl.java : 482] order = { ORDER BY createDate DESC}
2017-06-19 12:45:35,069 INFO [qtp10431538-96] o.a.g.p.dao.CommonRepositoryImpl [CommonRepositoryImpl.java : 420] list_ql = {FROM Application  WHERE 1=1  ORDER BY createDate DESC}
2017-06-19 12:45:35,070 INFO [qtp10431538-96] o.a.g.p.dao.CommonRepositoryImpl [CommonRepositoryImpl.java : 152] count_ql = {SELECT count(*) FROM Application  WHERE 1=1 }
2017-06-19 12:45:35,074 INFO [qtp10431538-96] o.a.g.p.dao.CommonRepositoryImpl [CommonRepositoryImpl.java : 737] executeCount totalRows = {2}
2017-06-19 12:45:58,188 INFO [qtp10431538-103] o.a.g.p.dao.CommonRepositoryImpl [CommonRepositoryImpl.java : 497] qlString = {FROM Application WHERE 1=1}
2017-06-19 12:45:58,190 INFO [qtp10431538-103] o.a.g.p.dao.CommonRepositoryImpl [CommonRepositoryImpl.java : 701] conIndex = {17}
2017-06-19 12:45:58,191 INFO [qtp10431538-103] o.a.g.p.dao.CommonRepositoryImpl [CommonRepositoryImpl.java : 706] 条件前的?个数：{0}
2017-06-19 12:45:58,191 INFO [qtp10431538-103] o.a.g.p.dao.CommonRepositoryImpl [CommonRepositoryImpl.java : 707] 条件后的?个数：{0}
2017-06-19 12:45:58,192 INFO [qtp10431538-103] o.a.g.p.dao.CommonRepositoryImpl [CommonRepositoryImpl.java : 708] 条件的起始位置：{0}
2017-06-19 12:45:58,193 INFO [qtp10431538-103] o.a.g.p.dao.CommonRepositoryImpl [CommonRepositoryImpl.java : 674] condition = {}
2017-06-19 12:45:58,194 INFO [qtp10431538-103] o.a.g.p.dao.CommonRepositoryImpl [CommonRepositoryImpl.java : 482] order = { ORDER BY createDate DESC}
2017-06-19 12:45:58,195 INFO [qtp10431538-103] o.a.g.p.dao.CommonRepositoryImpl [CommonRepositoryImpl.java : 420] list_ql = {FROM Application  WHERE 1=1  ORDER BY createDate DESC}
2017-06-19 12:45:58,196 INFO [qtp10431538-103] o.a.g.p.dao.CommonRepositoryImpl [CommonRepositoryImpl.java : 152] count_ql = {SELECT count(*) FROM Application  WHERE 1=1 }
2017-06-19 12:45:58,199 INFO [qtp10431538-103] o.a.g.p.dao.CommonRepositoryImpl [CommonRepositoryImpl.java : 737] executeCount totalRows = {2}
2017-06-19 12:46:32,158 INFO [qtp10431538-109] o.a.g.p.dao.CommonRepositoryImpl [CommonRepositoryImpl.java : 497] qlString = {FROM Application WHERE 1=1}
2017-06-19 12:46:32,160 INFO [qtp10431538-109] o.a.g.p.dao.CommonRepositoryImpl [CommonRepositoryImpl.java : 701] conIndex = {17}
2017-06-19 12:46:32,161 INFO [qtp10431538-109] o.a.g.p.dao.CommonRepositoryImpl [CommonRepositoryImpl.java : 706] 条件前的?个数：{0}
2017-06-19 12:46:32,162 INFO [qtp10431538-109] o.a.g.p.dao.CommonRepositoryImpl [CommonRepositoryImpl.java : 707] 条件后的?个数：{0}
2017-06-19 12:46:32,163 INFO [qtp10431538-109] o.a.g.p.dao.CommonRepositoryImpl [CommonRepositoryImpl.java : 708] 条件的起始位置：{0}
2017-06-19 12:46:32,164 INFO [qtp10431538-109] o.a.g.p.dao.CommonRepositoryImpl [CommonRepositoryImpl.java : 674] condition = {}
2017-06-19 12:46:32,165 INFO [qtp10431538-109] o.a.g.p.dao.CommonRepositoryImpl [CommonRepositoryImpl.java : 482] order = { ORDER BY createDate DESC}
2017-06-19 12:46:32,166 INFO [qtp10431538-109] o.a.g.p.dao.CommonRepositoryImpl [CommonRepositoryImpl.java : 420] list_ql = {FROM Application  WHERE 1=1  ORDER BY createDate DESC}
2017-06-19 12:46:32,167 INFO [qtp10431538-109] o.a.g.p.dao.CommonRepositoryImpl [CommonRepositoryImpl.java : 152] count_ql = {SELECT count(*) FROM Application  WHERE 1=1 }
2017-06-19 12:46:32,171 INFO [qtp10431538-109] o.a.g.p.dao.CommonRepositoryImpl [CommonRepositoryImpl.java : 737] executeCount totalRows = {2}
2017-06-19 12:47:59,221 INFO [qtp10431538-99] o.a.g.p.dao.CommonRepositoryImpl [CommonRepositoryImpl.java : 497] qlString = {FROM Application WHERE 1=1}
2017-06-19 12:47:59,222 INFO [qtp10431538-99] o.a.g.p.dao.CommonRepositoryImpl [CommonRepositoryImpl.java : 701] conIndex = {17}
2017-06-19 12:47:59,223 INFO [qtp10431538-99] o.a.g.p.dao.CommonRepositoryImpl [CommonRepositoryImpl.java : 706] 条件前的?个数：{0}
2017-06-19 12:47:59,224 INFO [qtp10431538-99] o.a.g.p.dao.CommonRepositoryImpl [CommonRepositoryImpl.java : 707] 条件后的?个数：{0}
2017-06-19 12:47:59,225 INFO [qtp10431538-99] o.a.g.p.dao.CommonRepositoryImpl [CommonRepositoryImpl.java : 708] 条件的起始位置：{0}
2017-06-19 12:47:59,226 INFO [qtp10431538-99] o.a.g.p.dao.CommonRepositoryImpl [CommonRepositoryImpl.java : 674] condition = {}
2017-06-19 12:47:59,227 INFO [qtp10431538-99] o.a.g.p.dao.CommonRepositoryImpl [CommonRepositoryImpl.java : 482] order = { ORDER BY createDate DESC}
2017-06-19 12:47:59,228 INFO [qtp10431538-99] o.a.g.p.dao.CommonRepositoryImpl [CommonRepositoryImpl.java : 420] list_ql = {FROM Application  WHERE 1=1  ORDER BY createDate DESC}
2017-06-19 12:47:59,230 INFO [qtp10431538-99] o.a.g.p.dao.CommonRepositoryImpl [CommonRepositoryImpl.java : 152] count_ql = {SELECT count(*) FROM Application  WHERE 1=1 }
2017-06-19 12:47:59,234 INFO [qtp10431538-99] o.a.g.p.dao.CommonRepositoryImpl [CommonRepositoryImpl.java : 737] executeCount totalRows = {2}
2017-06-19 12:48:48,138 INFO [qtp10431538-99] o.a.g.p.dao.CommonRepositoryImpl [CommonRepositoryImpl.java : 497] qlString = {FROM Application WHERE 1=1}
2017-06-19 12:48:48,140 INFO [qtp10431538-99] o.a.g.p.dao.CommonRepositoryImpl [CommonRepositoryImpl.java : 701] conIndex = {17}
2017-06-19 12:48:48,141 INFO [qtp10431538-99] o.a.g.p.dao.CommonRepositoryImpl [CommonRepositoryImpl.java : 706] 条件前的?个数：{0}
2017-06-19 12:48:48,142 INFO [qtp10431538-99] o.a.g.p.dao.CommonRepositoryImpl [CommonRepositoryImpl.java : 707] 条件后的?个数：{0}
2017-06-19 12:48:48,143 INFO [qtp10431538-99] o.a.g.p.dao.CommonRepositoryImpl [CommonRepositoryImpl.java : 708] 条件的起始位置：{0}
2017-06-19 12:48:48,144 INFO [qtp10431538-99] o.a.g.p.dao.CommonRepositoryImpl [CommonRepositoryImpl.java : 674] condition = {}
2017-06-19 12:48:48,145 INFO [qtp10431538-99] o.a.g.p.dao.CommonRepositoryImpl [CommonRepositoryImpl.java : 482] order = { ORDER BY createDate DESC}
2017-06-19 12:48:48,146 INFO [qtp10431538-99] o.a.g.p.dao.CommonRepositoryImpl [CommonRepositoryImpl.java : 420] list_ql = {FROM Application  WHERE 1=1  ORDER BY createDate DESC}
2017-06-19 12:48:48,147 INFO [qtp10431538-99] o.a.g.p.dao.CommonRepositoryImpl [CommonRepositoryImpl.java : 152] count_ql = {SELECT count(*) FROM Application  WHERE 1=1 }
2017-06-19 12:48:48,151 INFO [qtp10431538-99] o.a.g.p.dao.CommonRepositoryImpl [CommonRepositoryImpl.java : 737] executeCount totalRows = {2}
2017-06-19 12:49:18,826 INFO [Druid-ConnectionPool-Log-24061732] c.a.d.p.DruidDataSourceStatLoggerImpl [DruidDataSourceStatLoggerImpl.java : 77] {"url":"jdbc:mysql://192.168.0.94:3306/dsgc?useUnicode=true&characterEncoding=utf8&pinGlobalTxToPhysicalConnection=true","dbType":"mysql","name":"DataSource-24061732","activeCount":0,"activePeak":1,"activePeakTime":"2017-06-19 12:45:14","poolingCount":1,"poolingPeak":1,"poolingPeakTime":"2017-06-19 12:45:14","connectCount":6,"closeCount":6,"executeCount":12,"commitCount":6,"pstmtCacheHitCount":12,"startTransactionCount":6,"transactionHistogram":[0,0,6],"connectionHoldTimeHistogram":[0,0,6],"sqlList":[{"sql":"select count(*) as col_0_0_ from base_application applicatio0_ where 1=1","executeCount":6,"executeMillisMax":1,"executeMillisTotal":8,"executeHistogram":[0,6],"executeAndResultHoldHistogram":[6],"concurrentMax":1,"fetchRowCount":1,"fetchRowHistogram":[0,6],"inTransactionCount":6},{"sql":"select applicatio0_.id as id1_2_, applicatio0_.context as context2_2_, applicatio0_.createDate as createDa3_2_, applicatio0_.hasJar as hasJar4_2_, applicatio0_.name as name5_2_, applicatio0_.serverType as serverTy6_2_, applicatio0_.serverTypeName as serverTy7_2_ from base_application applicatio0_ where 1=1 order by applicatio0_.createDate DESC limit ?","executeCount":6,"executeMillisMax":2,"executeMillisTotal":12,"executeHistogram":[0,6],"executeAndResultHoldHistogram":[6],"concurrentMax":1,"fetchRowCount":2,"fetchRowHistogram":[0,6],"inTransactionCount":6}]}
2017-06-19 12:52:45,468 INFO [qtp10431538-99] o.a.g.p.dao.CommonRepositoryImpl [CommonRepositoryImpl.java : 497] qlString = {FROM Application WHERE 1=1}
2017-06-19 12:52:45,469 INFO [qtp10431538-99] o.a.g.p.dao.CommonRepositoryImpl [CommonRepositoryImpl.java : 701] conIndex = {17}
2017-06-19 12:52:45,470 INFO [qtp10431538-99] o.a.g.p.dao.CommonRepositoryImpl [CommonRepositoryImpl.java : 706] 条件前的?个数：{0}
2017-06-19 12:52:45,471 INFO [qtp10431538-99] o.a.g.p.dao.CommonRepositoryImpl [CommonRepositoryImpl.java : 707] 条件后的?个数：{0}
2017-06-19 12:52:45,472 INFO [qtp10431538-99] o.a.g.p.dao.CommonRepositoryImpl [CommonRepositoryImpl.java : 708] 条件的起始位置：{0}
2017-06-19 12:52:45,473 INFO [qtp10431538-99] o.a.g.p.dao.CommonRepositoryImpl [CommonRepositoryImpl.java : 674] condition = {}
2017-06-19 12:52:45,474 INFO [qtp10431538-99] o.a.g.p.dao.CommonRepositoryImpl [CommonRepositoryImpl.java : 482] order = { ORDER BY createDate DESC}
2017-06-19 12:52:45,475 INFO [qtp10431538-99] o.a.g.p.dao.CommonRepositoryImpl [CommonRepositoryImpl.java : 420] list_ql = {FROM Application  WHERE 1=1  ORDER BY createDate DESC}
2017-06-19 12:52:45,476 INFO [qtp10431538-99] o.a.g.p.dao.CommonRepositoryImpl [CommonRepositoryImpl.java : 152] count_ql = {SELECT count(*) FROM Application  WHERE 1=1 }
2017-06-19 12:52:45,480 INFO [qtp10431538-99] o.a.g.p.dao.CommonRepositoryImpl [CommonRepositoryImpl.java : 737] executeCount totalRows = {2}
