2017-06-19 11:03:40,302 INFO [qtp10431538-62] o.a.g.p.dao.CommonRepositoryImpl [CommonRepositoryImpl.java : 497] qlString = {FROM Application WHERE 1=1}
2017-06-19 11:03:40,309 INFO [qtp10431538-62] o.a.g.p.dao.CommonRepositoryImpl [CommonRepositoryImpl.java : 701] conIndex = {17}
2017-06-19 11:03:40,310 INFO [qtp10431538-62] o.a.g.p.dao.CommonRepositoryImpl [CommonRepositoryImpl.java : 706] 条件前的?个数：{0}
2017-06-19 11:03:40,312 INFO [qtp10431538-62] o.a.g.p.dao.CommonRepositoryImpl [CommonRepositoryImpl.java : 707] 条件后的?个数：{0}
2017-06-19 11:03:40,314 INFO [qtp10431538-62] o.a.g.p.dao.CommonRepositoryImpl [CommonRepositoryImpl.java : 708] 条件的起始位置：{0}
2017-06-19 11:03:40,316 INFO [qtp10431538-62] o.a.g.p.dao.CommonRepositoryImpl [CommonRepositoryImpl.java : 674] condition = {}
2017-06-19 11:03:40,317 INFO [qtp10431538-62] o.a.g.p.dao.CommonRepositoryImpl [CommonRepositoryImpl.java : 482] order = { ORDER BY createDate DESC}
2017-06-19 11:03:40,319 INFO [qtp10431538-62] o.a.g.p.dao.CommonRepositoryImpl [CommonRepositoryImpl.java : 420] list_ql = {FROM Application  WHERE 1=1  ORDER BY createDate DESC}
2017-06-19 11:03:40,320 INFO [qtp10431538-62] o.a.g.p.dao.CommonRepositoryImpl [CommonRepositoryImpl.java : 152] count_ql = {SELECT count(*) FROM Application  WHERE 1=1 }
2017-06-19 11:03:40,325 INFO [qtp10431538-62] o.a.g.p.dao.CommonRepositoryImpl [CommonRepositoryImpl.java : 737] executeCount totalRows = {2}
2017-06-19 11:04:18,352 INFO [Druid-ConnectionPool-Log-24061732] c.a.d.p.DruidDataSourceStatLoggerImpl [DruidDataSourceStatLoggerImpl.java : 77] {"url":"jdbc:mysql://192.168.0.94:3306/dsgc?useUnicode=true&characterEncoding=utf8&pinGlobalTxToPhysicalConnection=true","dbType":"mysql","name":"DataSource-24061732","activeCount":0,"activePeak":1,"activePeakTime":"2017-06-19 10:59:35","poolingCount":1,"poolingPeak":1,"poolingPeakTime":"2017-06-19 10:59:36","connectCount":2,"closeCount":2,"executeCount":2,"commitCount":1,"pstmtCacheHitCount":2,"startTransactionCount":1,"transactionHistogram":[0,0,1],"connectionHoldTimeHistogram":[0,0,1,0,1],"sqlList":[{"sql":"select count(*) as col_0_0_ from base_application applicatio0_ where 1=1","executeCount":1,"executeMillisMax":2,"executeMillisTotal":2,"executeHistogram":[0,1],"executeAndResultHoldHistogram":[1],"concurrentMax":1,"fetchRowCount":1,"fetchRowHistogram":[0,1],"inTransactionCount":1},{"sql":"select applicatio0_.id as id1_2_, applicatio0_.context as context2_2_, applicatio0_.createDate as createDa3_2_, applicatio0_.hasJar as hasJar4_2_, applicatio0_.name as name5_2_, applicatio0_.serverType as serverTy6_2_, applicatio0_.serverTypeName as serverTy7_2_ from base_application applicatio0_ where 1=1 order by applicatio0_.createDate DESC limit ?","executeCount":1,"executeMillisMax":2,"executeMillisTotal":2,"executeHistogram":[0,1],"executeAndResultHoldHistogram":[1],"concurrentMax":1,"fetchRowCount":2,"fetchRowHistogram":[0,1],"inTransactionCount":1}]}
2017-06-19 11:04:44,993 INFO [qtp10431538-15] o.a.g.p.dao.CommonRepositoryImpl [CommonRepositoryImpl.java : 497] qlString = {FROM Application WHERE 1=1}
2017-06-19 11:04:44,995 INFO [qtp10431538-15] o.a.g.p.dao.CommonRepositoryImpl [CommonRepositoryImpl.java : 701] conIndex = {17}
2017-06-19 11:04:44,996 INFO [qtp10431538-15] o.a.g.p.dao.CommonRepositoryImpl [CommonRepositoryImpl.java : 706] 条件前的?个数：{0}
2017-06-19 11:04:44,997 INFO [qtp10431538-15] o.a.g.p.dao.CommonRepositoryImpl [CommonRepositoryImpl.java : 707] 条件后的?个数：{0}
2017-06-19 11:04:44,998 INFO [qtp10431538-15] o.a.g.p.dao.CommonRepositoryImpl [CommonRepositoryImpl.java : 708] 条件的起始位置：{0}
2017-06-19 11:04:44,999 INFO [qtp10431538-15] o.a.g.p.dao.CommonRepositoryImpl [CommonRepositoryImpl.java : 674] condition = {}
2017-06-19 11:04:45,002 INFO [qtp10431538-15] o.a.g.p.dao.CommonRepositoryImpl [CommonRepositoryImpl.java : 482] order = { ORDER BY createDate DESC}
2017-06-19 11:04:45,003 INFO [qtp10431538-15] o.a.g.p.dao.CommonRepositoryImpl [CommonRepositoryImpl.java : 420] list_ql = {FROM Application  WHERE 1=1  ORDER BY createDate DESC}
2017-06-19 11:04:45,004 INFO [qtp10431538-15] o.a.g.p.dao.CommonRepositoryImpl [CommonRepositoryImpl.java : 152] count_ql = {SELECT count(*) FROM Application  WHERE 1=1 }
2017-06-19 11:04:45,008 INFO [qtp10431538-15] o.a.g.p.dao.CommonRepositoryImpl [CommonRepositoryImpl.java : 737] executeCount totalRows = {2}
2017-06-19 11:05:16,257 INFO [qtp10431538-61] o.a.g.p.dao.CommonRepositoryImpl [CommonRepositoryImpl.java : 497] qlString = {FROM Application WHERE 1=1}
2017-06-19 11:05:16,259 INFO [qtp10431538-61] o.a.g.p.dao.CommonRepositoryImpl [CommonRepositoryImpl.java : 701] conIndex = {17}
2017-06-19 11:05:16,261 INFO [qtp10431538-61] o.a.g.p.dao.CommonRepositoryImpl [CommonRepositoryImpl.java : 706] 条件前的?个数：{0}
2017-06-19 11:05:16,273 INFO [qtp10431538-61] o.a.g.p.dao.CommonRepositoryImpl [CommonRepositoryImpl.java : 707] 条件后的?个数：{0}
2017-06-19 11:05:16,274 INFO [qtp10431538-61] o.a.g.p.dao.CommonRepositoryImpl [CommonRepositoryImpl.java : 708] 条件的起始位置：{0}
2017-06-19 11:05:16,275 INFO [qtp10431538-61] o.a.g.p.dao.CommonRepositoryImpl [CommonRepositoryImpl.java : 674] condition = {}
2017-06-19 11:05:16,276 INFO [qtp10431538-61] o.a.g.p.dao.CommonRepositoryImpl [CommonRepositoryImpl.java : 482] order = { ORDER BY createDate DESC}
2017-06-19 11:05:16,277 INFO [qtp10431538-61] o.a.g.p.dao.CommonRepositoryImpl [CommonRepositoryImpl.java : 420] list_ql = {FROM Application  WHERE 1=1  ORDER BY createDate DESC}
2017-06-19 11:05:16,278 INFO [qtp10431538-61] o.a.g.p.dao.CommonRepositoryImpl [CommonRepositoryImpl.java : 152] count_ql = {SELECT count(*) FROM Application  WHERE 1=1 }
2017-06-19 11:05:16,282 INFO [qtp10431538-61] o.a.g.p.dao.CommonRepositoryImpl [CommonRepositoryImpl.java : 737] executeCount totalRows = {2}
2017-06-19 11:07:26,249 INFO [qtp10431538-65] o.a.g.p.dao.CommonRepositoryImpl [CommonRepositoryImpl.java : 497] qlString = {FROM Application WHERE 1=1}
2017-06-19 11:07:26,250 INFO [qtp10431538-65] o.a.g.p.dao.CommonRepositoryImpl [CommonRepositoryImpl.java : 701] conIndex = {17}
2017-06-19 11:07:26,252 INFO [qtp10431538-65] o.a.g.p.dao.CommonRepositoryImpl [CommonRepositoryImpl.java : 706] 条件前的?个数：{0}
2017-06-19 11:07:26,253 INFO [qtp10431538-65] o.a.g.p.dao.CommonRepositoryImpl [CommonRepositoryImpl.java : 707] 条件后的?个数：{0}
2017-06-19 11:07:26,254 INFO [qtp10431538-65] o.a.g.p.dao.CommonRepositoryImpl [CommonRepositoryImpl.java : 708] 条件的起始位置：{0}
2017-06-19 11:07:26,255 INFO [qtp10431538-65] o.a.g.p.dao.CommonRepositoryImpl [CommonRepositoryImpl.java : 674] condition = {}
2017-06-19 11:07:26,256 INFO [qtp10431538-65] o.a.g.p.dao.CommonRepositoryImpl [CommonRepositoryImpl.java : 482] order = { ORDER BY createDate DESC}
2017-06-19 11:07:26,257 INFO [qtp10431538-65] o.a.g.p.dao.CommonRepositoryImpl [CommonRepositoryImpl.java : 420] list_ql = {FROM Application  WHERE 1=1  ORDER BY createDate DESC}
2017-06-19 11:07:26,258 INFO [qtp10431538-65] o.a.g.p.dao.CommonRepositoryImpl [CommonRepositoryImpl.java : 152] count_ql = {SELECT count(*) FROM Application  WHERE 1=1 }
2017-06-19 11:07:26,262 INFO [qtp10431538-65] o.a.g.p.dao.CommonRepositoryImpl [CommonRepositoryImpl.java : 737] executeCount totalRows = {2}
2017-06-19 11:07:42,741 INFO [qtp10431538-70] o.a.g.p.dao.CommonRepositoryImpl [CommonRepositoryImpl.java : 497] qlString = {FROM Application WHERE 1=1}
2017-06-19 11:07:42,743 INFO [qtp10431538-70] o.a.g.p.dao.CommonRepositoryImpl [CommonRepositoryImpl.java : 701] conIndex = {17}
2017-06-19 11:07:42,744 INFO [qtp10431538-70] o.a.g.p.dao.CommonRepositoryImpl [CommonRepositoryImpl.java : 706] 条件前的?个数：{0}
2017-06-19 11:07:42,745 INFO [qtp10431538-70] o.a.g.p.dao.CommonRepositoryImpl [CommonRepositoryImpl.java : 707] 条件后的?个数：{0}
2017-06-19 11:07:42,746 INFO [qtp10431538-70] o.a.g.p.dao.CommonRepositoryImpl [CommonRepositoryImpl.java : 708] 条件的起始位置：{0}
2017-06-19 11:07:42,747 INFO [qtp10431538-70] o.a.g.p.dao.CommonRepositoryImpl [CommonRepositoryImpl.java : 674] condition = {}
2017-06-19 11:07:42,748 INFO [qtp10431538-70] o.a.g.p.dao.CommonRepositoryImpl [CommonRepositoryImpl.java : 482] order = { ORDER BY createDate DESC}
2017-06-19 11:07:42,749 INFO [qtp10431538-70] o.a.g.p.dao.CommonRepositoryImpl [CommonRepositoryImpl.java : 420] list_ql = {FROM Application  WHERE 1=1  ORDER BY createDate DESC}
2017-06-19 11:07:42,750 INFO [qtp10431538-70] o.a.g.p.dao.CommonRepositoryImpl [CommonRepositoryImpl.java : 152] count_ql = {SELECT count(*) FROM Application  WHERE 1=1 }
2017-06-19 11:07:42,754 INFO [qtp10431538-70] o.a.g.p.dao.CommonRepositoryImpl [CommonRepositoryImpl.java : 737] executeCount totalRows = {2}
2017-06-19 11:08:03,860 INFO [qtp10431538-57] o.a.g.p.dao.CommonRepositoryImpl [CommonRepositoryImpl.java : 497] qlString = {FROM Application WHERE 1=1}
2017-06-19 11:08:03,861 INFO [qtp10431538-57] o.a.g.p.dao.CommonRepositoryImpl [CommonRepositoryImpl.java : 701] conIndex = {17}
2017-06-19 11:08:03,863 INFO [qtp10431538-57] o.a.g.p.dao.CommonRepositoryImpl [CommonRepositoryImpl.java : 706] 条件前的?个数：{0}
2017-06-19 11:08:03,864 INFO [qtp10431538-57] o.a.g.p.dao.CommonRepositoryImpl [CommonRepositoryImpl.java : 707] 条件后的?个数：{0}
2017-06-19 11:08:03,865 INFO [qtp10431538-57] o.a.g.p.dao.CommonRepositoryImpl [CommonRepositoryImpl.java : 708] 条件的起始位置：{0}
2017-06-19 11:08:03,866 INFO [qtp10431538-57] o.a.g.p.dao.CommonRepositoryImpl [CommonRepositoryImpl.java : 674] condition = {}
2017-06-19 11:08:03,867 INFO [qtp10431538-57] o.a.g.p.dao.CommonRepositoryImpl [CommonRepositoryImpl.java : 482] order = { ORDER BY createDate DESC}
2017-06-19 11:08:03,868 INFO [qtp10431538-57] o.a.g.p.dao.CommonRepositoryImpl [CommonRepositoryImpl.java : 420] list_ql = {FROM Application  WHERE 1=1  ORDER BY createDate DESC}
2017-06-19 11:08:03,870 INFO [qtp10431538-57] o.a.g.p.dao.CommonRepositoryImpl [CommonRepositoryImpl.java : 152] count_ql = {SELECT count(*) FROM Application  WHERE 1=1 }
2017-06-19 11:08:03,874 INFO [qtp10431538-57] o.a.g.p.dao.CommonRepositoryImpl [CommonRepositoryImpl.java : 737] executeCount totalRows = {2}
2017-06-19 11:09:18,361 INFO [Druid-ConnectionPool-Log-24061732] c.a.d.p.DruidDataSourceStatLoggerImpl [DruidDataSourceStatLoggerImpl.java : 77] {"url":"jdbc:mysql://192.168.0.94:3306/dsgc?useUnicode=true&characterEncoding=utf8&pinGlobalTxToPhysicalConnection=true","dbType":"mysql","name":"DataSource-24061732","activeCount":0,"activePeak":1,"activePeakTime":"2017-06-19 11:04:44","poolingCount":1,"poolingPeak":1,"poolingPeakTime":"2017-06-19 11:04:45","connectCount":5,"closeCount":5,"executeCount":10,"commitCount":5,"pstmtCacheHitCount":10,"startTransactionCount":5,"transactionHistogram":[0,0,5],"connectionHoldTimeHistogram":[0,0,5],"sqlList":[{"sql":"select count(*) as col_0_0_ from base_application applicatio0_ where 1=1","executeCount":5,"executeMillisMax":2,"executeMillisTotal":7,"executeHistogram":[0,5],"executeAndResultHoldHistogram":[5],"concurrentMax":1,"fetchRowCount":1,"fetchRowHistogram":[0,5],"inTransactionCount":5},{"sql":"select applicatio0_.id as id1_2_, applicatio0_.context as context2_2_, applicatio0_.createDate as createDa3_2_, applicatio0_.hasJar as hasJar4_2_, applicatio0_.name as name5_2_, applicatio0_.serverType as serverTy6_2_, applicatio0_.serverTypeName as serverTy7_2_ from base_application applicatio0_ where 1=1 order by applicatio0_.createDate DESC limit ?","executeCount":5,"executeMillisMax":2,"executeMillisTotal":9,"executeHistogram":[0,5],"executeAndResultHoldHistogram":[5],"concurrentMax":1,"fetchRowCount":2,"fetchRowHistogram":[0,5],"inTransactionCount":5}]}
2017-06-19 11:12:39,375 INFO [qtp10431538-73] o.a.g.p.dao.CommonRepositoryImpl [CommonRepositoryImpl.java : 497] qlString = {FROM Application WHERE 1=1}
2017-06-19 11:12:39,377 INFO [qtp10431538-73] o.a.g.p.dao.CommonRepositoryImpl [CommonRepositoryImpl.java : 701] conIndex = {17}
2017-06-19 11:12:39,379 INFO [qtp10431538-73] o.a.g.p.dao.CommonRepositoryImpl [CommonRepositoryImpl.java : 706] 条件前的?个数：{0}
2017-06-19 11:12:39,381 INFO [qtp10431538-73] o.a.g.p.dao.CommonRepositoryImpl [CommonRepositoryImpl.java : 707] 条件后的?个数：{0}
2017-06-19 11:12:39,382 INFO [qtp10431538-73] o.a.g.p.dao.CommonRepositoryImpl [CommonRepositoryImpl.java : 708] 条件的起始位置：{0}
2017-06-19 11:12:39,383 INFO [qtp10431538-73] o.a.g.p.dao.CommonRepositoryImpl [CommonRepositoryImpl.java : 674] condition = {}
2017-06-19 11:12:39,384 INFO [qtp10431538-73] o.a.g.p.dao.CommonRepositoryImpl [CommonRepositoryImpl.java : 482] order = { ORDER BY createDate DESC}
2017-06-19 11:12:39,385 INFO [qtp10431538-73] o.a.g.p.dao.CommonRepositoryImpl [CommonRepositoryImpl.java : 420] list_ql = {FROM Application  WHERE 1=1  ORDER BY createDate DESC}
2017-06-19 11:12:39,387 INFO [qtp10431538-73] o.a.g.p.dao.CommonRepositoryImpl [CommonRepositoryImpl.java : 152] count_ql = {SELECT count(*) FROM Application  WHERE 1=1 }
2017-06-19 11:12:39,391 INFO [qtp10431538-73] o.a.g.p.dao.CommonRepositoryImpl [CommonRepositoryImpl.java : 737] executeCount totalRows = {2}
2017-06-19 11:14:18,368 INFO [Druid-ConnectionPool-Log-24061732] c.a.d.p.DruidDataSourceStatLoggerImpl [DruidDataSourceStatLoggerImpl.java : 77] {"url":"jdbc:mysql://192.168.0.94:3306/dsgc?useUnicode=true&characterEncoding=utf8&pinGlobalTxToPhysicalConnection=true","dbType":"mysql","name":"DataSource-24061732","activeCount":0,"activePeak":1,"activePeakTime":"2017-06-19 11:12:39","poolingCount":1,"poolingPeak":1,"poolingPeakTime":"2017-06-19 11:12:39","connectCount":1,"closeCount":1,"executeCount":2,"commitCount":1,"pstmtCacheHitCount":2,"startTransactionCount":1,"transactionHistogram":[0,0,1],"connectionHoldTimeHistogram":[0,0,1],"sqlList":[{"sql":"select count(*) as col_0_0_ from base_application applicatio0_ where 1=1","executeCount":1,"executeMillisMax":1,"executeMillisTotal":1,"executeHistogram":[0,1],"executeAndResultHoldHistogram":[1],"concurrentMax":1,"fetchRowCount":1,"fetchRowHistogram":[0,1],"inTransactionCount":1},{"sql":"select applicatio0_.id as id1_2_, applicatio0_.context as context2_2_, applicatio0_.createDate as createDa3_2_, applicatio0_.hasJar as hasJar4_2_, applicatio0_.name as name5_2_, applicatio0_.serverType as serverTy6_2_, applicatio0_.serverTypeName as serverTy7_2_ from base_application applicatio0_ where 1=1 order by applicatio0_.createDate DESC limit ?","executeCount":1,"executeMillisMax":1,"executeMillisTotal":1,"executeHistogram":[0,1],"executeAndResultHoldHistogram":[1],"concurrentMax":1,"fetchRowCount":2,"fetchRowHistogram":[0,1],"inTransactionCount":1}]}
2017-06-19 11:14:26,951 INFO [qtp10431538-76] o.a.g.p.dao.CommonRepositoryImpl [CommonRepositoryImpl.java : 497] qlString = {FROM Application WHERE 1=1}
2017-06-19 11:14:26,952 INFO [qtp10431538-76] o.a.g.p.dao.CommonRepositoryImpl [CommonRepositoryImpl.java : 701] conIndex = {17}
2017-06-19 11:14:26,954 INFO [qtp10431538-76] o.a.g.p.dao.CommonRepositoryImpl [CommonRepositoryImpl.java : 706] 条件前的?个数：{0}
2017-06-19 11:14:26,955 INFO [qtp10431538-76] o.a.g.p.dao.CommonRepositoryImpl [CommonRepositoryImpl.java : 707] 条件后的?个数：{0}
2017-06-19 11:14:26,956 INFO [qtp10431538-76] o.a.g.p.dao.CommonRepositoryImpl [CommonRepositoryImpl.java : 708] 条件的起始位置：{0}
2017-06-19 11:14:26,957 INFO [qtp10431538-76] o.a.g.p.dao.CommonRepositoryImpl [CommonRepositoryImpl.java : 674] condition = {}
2017-06-19 11:14:26,958 INFO [qtp10431538-76] o.a.g.p.dao.CommonRepositoryImpl [CommonRepositoryImpl.java : 482] order = { ORDER BY createDate DESC}
2017-06-19 11:14:26,961 INFO [qtp10431538-76] o.a.g.p.dao.CommonRepositoryImpl [CommonRepositoryImpl.java : 420] list_ql = {FROM Application  WHERE 1=1  ORDER BY createDate DESC}
2017-06-19 11:14:26,962 INFO [qtp10431538-76] o.a.g.p.dao.CommonRepositoryImpl [CommonRepositoryImpl.java : 152] count_ql = {SELECT count(*) FROM Application  WHERE 1=1 }
2017-06-19 11:14:26,966 INFO [qtp10431538-76] o.a.g.p.dao.CommonRepositoryImpl [CommonRepositoryImpl.java : 737] executeCount totalRows = {2}
2017-06-19 11:15:08,759 INFO [qtp10431538-76] o.a.g.p.dao.CommonRepositoryImpl [CommonRepositoryImpl.java : 497] qlString = {FROM Application WHERE 1=1}
2017-06-19 11:15:08,771 INFO [qtp10431538-76] o.a.g.p.dao.CommonRepositoryImpl [CommonRepositoryImpl.java : 701] conIndex = {17}
2017-06-19 11:15:08,772 INFO [qtp10431538-76] o.a.g.p.dao.CommonRepositoryImpl [CommonRepositoryImpl.java : 706] 条件前的?个数：{0}
2017-06-19 11:15:08,773 INFO [qtp10431538-76] o.a.g.p.dao.CommonRepositoryImpl [CommonRepositoryImpl.java : 707] 条件后的?个数：{0}
2017-06-19 11:15:08,774 INFO [qtp10431538-76] o.a.g.p.dao.CommonRepositoryImpl [CommonRepositoryImpl.java : 708] 条件的起始位置：{0}
2017-06-19 11:15:08,775 INFO [qtp10431538-76] o.a.g.p.dao.CommonRepositoryImpl [CommonRepositoryImpl.java : 674] condition = {}
2017-06-19 11:15:08,776 INFO [qtp10431538-76] o.a.g.p.dao.CommonRepositoryImpl [CommonRepositoryImpl.java : 482] order = { ORDER BY createDate DESC}
2017-06-19 11:15:08,776 INFO [qtp10431538-76] o.a.g.p.dao.CommonRepositoryImpl [CommonRepositoryImpl.java : 420] list_ql = {FROM Application  WHERE 1=1  ORDER BY createDate DESC}
2017-06-19 11:15:08,777 INFO [qtp10431538-76] o.a.g.p.dao.CommonRepositoryImpl [CommonRepositoryImpl.java : 152] count_ql = {SELECT count(*) FROM Application  WHERE 1=1 }
2017-06-19 11:15:08,781 INFO [qtp10431538-76] o.a.g.p.dao.CommonRepositoryImpl [CommonRepositoryImpl.java : 737] executeCount totalRows = {2}
2017-06-19 11:15:57,498 INFO [qtp10431538-73] o.a.g.p.dao.CommonRepositoryImpl [CommonRepositoryImpl.java : 497] qlString = {FROM Application WHERE 1=1}
2017-06-19 11:15:57,500 INFO [qtp10431538-73] o.a.g.p.dao.CommonRepositoryImpl [CommonRepositoryImpl.java : 701] conIndex = {17}
2017-06-19 11:15:57,501 INFO [qtp10431538-73] o.a.g.p.dao.CommonRepositoryImpl [CommonRepositoryImpl.java : 706] 条件前的?个数：{0}
2017-06-19 11:15:57,502 INFO [qtp10431538-73] o.a.g.p.dao.CommonRepositoryImpl [CommonRepositoryImpl.java : 707] 条件后的?个数：{0}
2017-06-19 11:15:57,503 INFO [qtp10431538-73] o.a.g.p.dao.CommonRepositoryImpl [CommonRepositoryImpl.java : 708] 条件的起始位置：{0}
2017-06-19 11:15:57,504 INFO [qtp10431538-73] o.a.g.p.dao.CommonRepositoryImpl [CommonRepositoryImpl.java : 674] condition = {}
2017-06-19 11:15:57,504 INFO [qtp10431538-73] o.a.g.p.dao.CommonRepositoryImpl [CommonRepositoryImpl.java : 482] order = { ORDER BY createDate DESC}
2017-06-19 11:15:57,505 INFO [qtp10431538-73] o.a.g.p.dao.CommonRepositoryImpl [CommonRepositoryImpl.java : 420] list_ql = {FROM Application  WHERE 1=1  ORDER BY createDate DESC}
2017-06-19 11:15:57,506 INFO [qtp10431538-73] o.a.g.p.dao.CommonRepositoryImpl [CommonRepositoryImpl.java : 152] count_ql = {SELECT count(*) FROM Application  WHERE 1=1 }
2017-06-19 11:15:57,511 INFO [qtp10431538-73] o.a.g.p.dao.CommonRepositoryImpl [CommonRepositoryImpl.java : 737] executeCount totalRows = {2}
2017-06-19 11:16:20,709 INFO [qtp10431538-79] o.a.g.p.dao.CommonRepositoryImpl [CommonRepositoryImpl.java : 497] qlString = {FROM Application WHERE 1=1}
2017-06-19 11:16:20,710 INFO [qtp10431538-79] o.a.g.p.dao.CommonRepositoryImpl [CommonRepositoryImpl.java : 701] conIndex = {17}
2017-06-19 11:16:20,712 INFO [qtp10431538-79] o.a.g.p.dao.CommonRepositoryImpl [CommonRepositoryImpl.java : 706] 条件前的?个数：{0}
2017-06-19 11:16:20,713 INFO [qtp10431538-79] o.a.g.p.dao.CommonRepositoryImpl [CommonRepositoryImpl.java : 707] 条件后的?个数：{0}
2017-06-19 11:16:20,714 INFO [qtp10431538-79] o.a.g.p.dao.CommonRepositoryImpl [CommonRepositoryImpl.java : 708] 条件的起始位置：{0}
2017-06-19 11:16:20,715 INFO [qtp10431538-79] o.a.g.p.dao.CommonRepositoryImpl [CommonRepositoryImpl.java : 674] condition = {}
2017-06-19 11:16:20,716 INFO [qtp10431538-79] o.a.g.p.dao.CommonRepositoryImpl [CommonRepositoryImpl.java : 482] order = { ORDER BY createDate DESC}
2017-06-19 11:16:20,717 INFO [qtp10431538-79] o.a.g.p.dao.CommonRepositoryImpl [CommonRepositoryImpl.java : 420] list_ql = {FROM Application  WHERE 1=1  ORDER BY createDate DESC}
2017-06-19 11:16:20,718 INFO [qtp10431538-79] o.a.g.p.dao.CommonRepositoryImpl [CommonRepositoryImpl.java : 152] count_ql = {SELECT count(*) FROM Application  WHERE 1=1 }
2017-06-19 11:16:20,724 INFO [qtp10431538-79] o.a.g.p.dao.CommonRepositoryImpl [CommonRepositoryImpl.java : 737] executeCount totalRows = {2}
2017-06-19 11:19:18,384 INFO [Druid-ConnectionPool-Log-24061732] c.a.d.p.DruidDataSourceStatLoggerImpl [DruidDataSourceStatLoggerImpl.java : 77] {"url":"jdbc:mysql://192.168.0.94:3306/dsgc?useUnicode=true&characterEncoding=utf8&pinGlobalTxToPhysicalConnection=true","dbType":"mysql","name":"DataSource-24061732","activeCount":0,"activePeak":1,"activePeakTime":"2017-06-19 11:14:26","poolingCount":1,"poolingPeak":1,"poolingPeakTime":"2017-06-19 11:14:26","connectCount":4,"closeCount":4,"executeCount":8,"commitCount":4,"pstmtCacheHitCount":8,"startTransactionCount":4,"transactionHistogram":[0,0,4],"connectionHoldTimeHistogram":[0,0,4],"sqlList":[{"sql":"select count(*) as col_0_0_ from base_application applicatio0_ where 1=1","executeCount":4,"executeMillisMax":3,"executeMillisTotal":8,"executeHistogram":[0,4],"executeAndResultHoldHistogram":[4],"concurrentMax":1,"fetchRowCount":1,"fetchRowHistogram":[0,4],"inTransactionCount":4},{"sql":"select applicatio0_.id as id1_2_, applicatio0_.context as context2_2_, applicatio0_.createDate as createDa3_2_, applicatio0_.hasJar as hasJar4_2_, applicatio0_.name as name5_2_, applicatio0_.serverType as serverTy6_2_, applicatio0_.serverTypeName as serverTy7_2_ from base_application applicatio0_ where 1=1 order by applicatio0_.createDate DESC limit ?","executeCount":4,"executeMillisMax":3,"executeMillisTotal":9,"executeHistogram":[0,4],"executeAndResultHoldHistogram":[4],"concurrentMax":1,"fetchRowCount":2,"fetchRowHistogram":[0,4],"inTransactionCount":4}]}
2017-06-19 11:24:04,067 INFO [qtp10431538-84] o.a.g.p.dao.CommonRepositoryImpl [CommonRepositoryImpl.java : 497] qlString = {FROM Application WHERE 1=1}
2017-06-19 11:24:04,068 INFO [qtp10431538-84] o.a.g.p.dao.CommonRepositoryImpl [CommonRepositoryImpl.java : 701] conIndex = {17}
2017-06-19 11:24:04,069 INFO [qtp10431538-84] o.a.g.p.dao.CommonRepositoryImpl [CommonRepositoryImpl.java : 706] 条件前的?个数：{0}
2017-06-19 11:24:04,070 INFO [qtp10431538-84] o.a.g.p.dao.CommonRepositoryImpl [CommonRepositoryImpl.java : 707] 条件后的?个数：{0}
2017-06-19 11:24:04,071 INFO [qtp10431538-84] o.a.g.p.dao.CommonRepositoryImpl [CommonRepositoryImpl.java : 708] 条件的起始位置：{0}
2017-06-19 11:24:04,072 INFO [qtp10431538-84] o.a.g.p.dao.CommonRepositoryImpl [CommonRepositoryImpl.java : 674] condition = {}
2017-06-19 11:24:04,073 INFO [qtp10431538-84] o.a.g.p.dao.CommonRepositoryImpl [CommonRepositoryImpl.java : 482] order = { ORDER BY createDate DESC}
2017-06-19 11:24:04,074 INFO [qtp10431538-84] o.a.g.p.dao.CommonRepositoryImpl [CommonRepositoryImpl.java : 420] list_ql = {FROM Application  WHERE 1=1  ORDER BY createDate DESC}
2017-06-19 11:24:04,074 INFO [qtp10431538-84] o.a.g.p.dao.CommonRepositoryImpl [CommonRepositoryImpl.java : 152] count_ql = {SELECT count(*) FROM Application  WHERE 1=1 }
2017-06-19 11:24:04,078 INFO [qtp10431538-84] o.a.g.p.dao.CommonRepositoryImpl [CommonRepositoryImpl.java : 737] executeCount totalRows = {2}
2017-06-19 11:24:18,385 INFO [Druid-ConnectionPool-Log-24061732] c.a.d.p.DruidDataSourceStatLoggerImpl [DruidDataSourceStatLoggerImpl.java : 77] {"url":"jdbc:mysql://192.168.0.94:3306/dsgc?useUnicode=true&characterEncoding=utf8&pinGlobalTxToPhysicalConnection=true","dbType":"mysql","name":"DataSource-24061732","activeCount":0,"activePeak":1,"activePeakTime":"2017-06-19 11:24:04","poolingCount":1,"poolingPeak":1,"poolingPeakTime":"2017-06-19 11:24:04","connectCount":1,"closeCount":1,"executeCount":2,"commitCount":1,"pstmtCacheHitCount":2,"startTransactionCount":1,"transactionHistogram":[0,0,1],"connectionHoldTimeHistogram":[0,0,1],"sqlList":[{"sql":"select count(*) as col_0_0_ from base_application applicatio0_ where 1=1","executeCount":1,"executeMillisMax":1,"executeMillisTotal":1,"executeHistogram":[0,1],"executeAndResultHoldHistogram":[1],"concurrentMax":1,"fetchRowCount":1,"fetchRowHistogram":[0,1],"inTransactionCount":1},{"sql":"select applicatio0_.id as id1_2_, applicatio0_.context as context2_2_, applicatio0_.createDate as createDa3_2_, applicatio0_.hasJar as hasJar4_2_, applicatio0_.name as name5_2_, applicatio0_.serverType as serverTy6_2_, applicatio0_.serverTypeName as serverTy7_2_ from base_application applicatio0_ where 1=1 order by applicatio0_.createDate DESC limit ?","executeCount":1,"executeMillisMax":1,"executeMillisTotal":1,"executeHistogram":[0,1],"executeAndResultHoldHistogram":[1],"concurrentMax":1,"fetchRowCount":2,"fetchRowHistogram":[0,1],"inTransactionCount":1}]}
2017-06-19 11:26:04,920 INFO [qtp10431538-82] o.a.g.p.dao.CommonRepositoryImpl [CommonRepositoryImpl.java : 497] qlString = {FROM Application WHERE 1=1}
2017-06-19 11:26:04,922 INFO [qtp10431538-82] o.a.g.p.dao.CommonRepositoryImpl [CommonRepositoryImpl.java : 701] conIndex = {17}
2017-06-19 11:26:04,923 INFO [qtp10431538-82] o.a.g.p.dao.CommonRepositoryImpl [CommonRepositoryImpl.java : 706] 条件前的?个数：{0}
2017-06-19 11:26:04,924 INFO [qtp10431538-82] o.a.g.p.dao.CommonRepositoryImpl [CommonRepositoryImpl.java : 707] 条件后的?个数：{0}
2017-06-19 11:26:04,925 INFO [qtp10431538-82] o.a.g.p.dao.CommonRepositoryImpl [CommonRepositoryImpl.java : 708] 条件的起始位置：{0}
2017-06-19 11:26:04,926 INFO [qtp10431538-82] o.a.g.p.dao.CommonRepositoryImpl [CommonRepositoryImpl.java : 674] condition = {}
2017-06-19 11:26:04,927 INFO [qtp10431538-82] o.a.g.p.dao.CommonRepositoryImpl [CommonRepositoryImpl.java : 482] order = { ORDER BY createDate DESC}
2017-06-19 11:26:04,928 INFO [qtp10431538-82] o.a.g.p.dao.CommonRepositoryImpl [CommonRepositoryImpl.java : 420] list_ql = {FROM Application  WHERE 1=1  ORDER BY createDate DESC}
2017-06-19 11:26:04,929 INFO [qtp10431538-82] o.a.g.p.dao.CommonRepositoryImpl [CommonRepositoryImpl.java : 152] count_ql = {SELECT count(*) FROM Application  WHERE 1=1 }
2017-06-19 11:26:04,933 INFO [qtp10431538-82] o.a.g.p.dao.CommonRepositoryImpl [CommonRepositoryImpl.java : 737] executeCount totalRows = {2}
2017-06-19 11:29:18,393 INFO [Druid-ConnectionPool-Log-24061732] c.a.d.p.DruidDataSourceStatLoggerImpl [DruidDataSourceStatLoggerImpl.java : 77] {"url":"jdbc:mysql://192.168.0.94:3306/dsgc?useUnicode=true&characterEncoding=utf8&pinGlobalTxToPhysicalConnection=true","dbType":"mysql","name":"DataSource-24061732","activeCount":0,"activePeak":1,"activePeakTime":"2017-06-19 11:26:04","poolingCount":1,"poolingPeak":1,"poolingPeakTime":"2017-06-19 11:26:04","connectCount":1,"closeCount":1,"executeCount":2,"commitCount":1,"pstmtCacheHitCount":2,"startTransactionCount":1,"transactionHistogram":[0,0,1],"connectionHoldTimeHistogram":[0,0,1],"sqlList":[{"sql":"select count(*) as col_0_0_ from base_application applicatio0_ where 1=1","executeCount":1,"executeMillisMax":1,"executeMillisTotal":1,"executeHistogram":[0,1],"executeAndResultHoldHistogram":[1],"concurrentMax":1,"fetchRowCount":1,"fetchRowHistogram":[0,1],"inTransactionCount":1},{"sql":"select applicatio0_.id as id1_2_, applicatio0_.context as context2_2_, applicatio0_.createDate as createDa3_2_, applicatio0_.hasJar as hasJar4_2_, applicatio0_.name as name5_2_, applicatio0_.serverType as serverTy6_2_, applicatio0_.serverTypeName as serverTy7_2_ from base_application applicatio0_ where 1=1 order by applicatio0_.createDate DESC limit ?","executeCount":1,"executeMillisMax":1,"executeMillisTotal":1,"executeHistogram":[0,1],"executeAndResultHoldHistogram":[1],"concurrentMax":1,"fetchRowCount":2,"fetchRowHistogram":[0,1],"inTransactionCount":1}]}
2017-06-19 11:29:51,651 INFO [qtp10431538-88] o.a.g.p.dao.CommonRepositoryImpl [CommonRepositoryImpl.java : 497] qlString = {FROM Application WHERE 1=1}
2017-06-19 11:29:51,653 INFO [qtp10431538-88] o.a.g.p.dao.CommonRepositoryImpl [CommonRepositoryImpl.java : 701] conIndex = {17}
2017-06-19 11:29:51,654 INFO [qtp10431538-88] o.a.g.p.dao.CommonRepositoryImpl [CommonRepositoryImpl.java : 706] 条件前的?个数：{0}
2017-06-19 11:29:51,655 INFO [qtp10431538-88] o.a.g.p.dao.CommonRepositoryImpl [CommonRepositoryImpl.java : 707] 条件后的?个数：{0}
2017-06-19 11:29:51,656 INFO [qtp10431538-88] o.a.g.p.dao.CommonRepositoryImpl [CommonRepositoryImpl.java : 708] 条件的起始位置：{0}
2017-06-19 11:29:51,657 INFO [qtp10431538-88] o.a.g.p.dao.CommonRepositoryImpl [CommonRepositoryImpl.java : 674] condition = {}
2017-06-19 11:29:51,658 INFO [qtp10431538-88] o.a.g.p.dao.CommonRepositoryImpl [CommonRepositoryImpl.java : 482] order = { ORDER BY createDate DESC}
2017-06-19 11:29:51,659 INFO [qtp10431538-88] o.a.g.p.dao.CommonRepositoryImpl [CommonRepositoryImpl.java : 420] list_ql = {FROM Application  WHERE 1=1  ORDER BY createDate DESC}
2017-06-19 11:29:51,660 INFO [qtp10431538-88] o.a.g.p.dao.CommonRepositoryImpl [CommonRepositoryImpl.java : 152] count_ql = {SELECT count(*) FROM Application  WHERE 1=1 }
2017-06-19 11:29:51,663 INFO [qtp10431538-88] o.a.g.p.dao.CommonRepositoryImpl [CommonRepositoryImpl.java : 737] executeCount totalRows = {2}
2017-06-19 11:32:41,354 INFO [qtp10431538-88] o.a.g.p.dao.CommonRepositoryImpl [CommonRepositoryImpl.java : 497] qlString = {FROM Application WHERE 1=1}
2017-06-19 11:32:41,356 INFO [qtp10431538-88] o.a.g.p.dao.CommonRepositoryImpl [CommonRepositoryImpl.java : 701] conIndex = {17}
2017-06-19 11:32:41,357 INFO [qtp10431538-88] o.a.g.p.dao.CommonRepositoryImpl [CommonRepositoryImpl.java : 706] 条件前的?个数：{0}
2017-06-19 11:32:41,358 INFO [qtp10431538-88] o.a.g.p.dao.CommonRepositoryImpl [CommonRepositoryImpl.java : 707] 条件后的?个数：{0}
2017-06-19 11:32:41,360 INFO [qtp10431538-88] o.a.g.p.dao.CommonRepositoryImpl [CommonRepositoryImpl.java : 708] 条件的起始位置：{0}
2017-06-19 11:32:41,362 INFO [qtp10431538-88] o.a.g.p.dao.CommonRepositoryImpl [CommonRepositoryImpl.java : 674] condition = {}
2017-06-19 11:32:41,363 INFO [qtp10431538-88] o.a.g.p.dao.CommonRepositoryImpl [CommonRepositoryImpl.java : 482] order = { ORDER BY createDate DESC}
2017-06-19 11:32:41,365 INFO [qtp10431538-88] o.a.g.p.dao.CommonRepositoryImpl [CommonRepositoryImpl.java : 420] list_ql = {FROM Application  WHERE 1=1  ORDER BY createDate DESC}
2017-06-19 11:32:41,366 INFO [qtp10431538-88] o.a.g.p.dao.CommonRepositoryImpl [CommonRepositoryImpl.java : 152] count_ql = {SELECT count(*) FROM Application  WHERE 1=1 }
2017-06-19 11:32:41,369 INFO [qtp10431538-88] o.a.g.p.dao.CommonRepositoryImpl [CommonRepositoryImpl.java : 737] executeCount totalRows = {2}
2017-06-19 11:34:18,395 INFO [Druid-ConnectionPool-Log-24061732] c.a.d.p.DruidDataSourceStatLoggerImpl [DruidDataSourceStatLoggerImpl.java : 77] {"url":"jdbc:mysql://192.168.0.94:3306/dsgc?useUnicode=true&characterEncoding=utf8&pinGlobalTxToPhysicalConnection=true","dbType":"mysql","name":"DataSource-24061732","activeCount":0,"activePeak":1,"activePeakTime":"2017-06-19 11:29:51","poolingCount":1,"poolingPeak":1,"poolingPeakTime":"2017-06-19 11:29:51","connectCount":2,"closeCount":2,"executeCount":4,"commitCount":2,"pstmtCacheHitCount":4,"startTransactionCount":2,"transactionHistogram":[0,0,2],"connectionHoldTimeHistogram":[0,0,2],"sqlList":[{"sql":"select count(*) as col_0_0_ from base_application applicatio0_ where 1=1","executeCount":2,"executeMillisMax":1,"executeMillisTotal":2,"executeHistogram":[0,2],"executeAndResultHoldHistogram":[2],"concurrentMax":1,"fetchRowCount":1,"fetchRowHistogram":[0,2],"inTransactionCount":2},{"sql":"select applicatio0_.id as id1_2_, applicatio0_.context as context2_2_, applicatio0_.createDate as createDa3_2_, applicatio0_.hasJar as hasJar4_2_, applicatio0_.name as name5_2_, applicatio0_.serverType as serverTy6_2_, applicatio0_.serverTypeName as serverTy7_2_ from base_application applicatio0_ where 1=1 order by applicatio0_.createDate DESC limit ?","executeCount":2,"executeMillisMax":1,"executeMillisTotal":3,"executeHistogram":[0,2],"executeAndResultHoldHistogram":[2],"concurrentMax":1,"fetchRowCount":2,"fetchRowHistogram":[0,2],"inTransactionCount":2}]}
2017-06-19 11:39:18,397 INFO [Druid-ConnectionPool-Log-24061732] c.a.d.p.DruidDataSourceStatLoggerImpl [DruidDataSourceStatLoggerImpl.java : 77] {"url":"jdbc:mysql://192.168.0.94:3306/dsgc?useUnicode=true&characterEncoding=utf8&pinGlobalTxToPhysicalConnection=true","dbType":"mysql","name":"DataSource-24061732","activeCount":0,"poolingCount":1,"connectCount":0,"closeCount":0}
2017-06-19 11:44:18,401 INFO [Druid-ConnectionPool-Log-24061732] c.a.d.p.DruidDataSourceStatLoggerImpl [DruidDataSourceStatLoggerImpl.java : 77] {"url":"jdbc:mysql://192.168.0.94:3306/dsgc?useUnicode=true&characterEncoding=utf8&pinGlobalTxToPhysicalConnection=true","dbType":"mysql","name":"DataSource-24061732","activeCount":0,"poolingCount":1,"connectCount":0,"closeCount":0}
2017-06-19 11:49:18,401 INFO [Druid-ConnectionPool-Log-24061732] c.a.d.p.DruidDataSourceStatLoggerImpl [DruidDataSourceStatLoggerImpl.java : 77] {"url":"jdbc:mysql://192.168.0.94:3306/dsgc?useUnicode=true&characterEncoding=utf8&pinGlobalTxToPhysicalConnection=true","dbType":"mysql","name":"DataSource-24061732","activeCount":0,"poolingCount":1,"connectCount":0,"closeCount":0}
2017-06-19 11:52:52,385 INFO [qtp10431538-94] o.a.g.p.dao.CommonRepositoryImpl [CommonRepositoryImpl.java : 497] qlString = {FROM Application WHERE 1=1}
2017-06-19 11:52:52,386 INFO [qtp10431538-94] o.a.g.p.dao.CommonRepositoryImpl [CommonRepositoryImpl.java : 701] conIndex = {17}
2017-06-19 11:52:52,387 INFO [qtp10431538-94] o.a.g.p.dao.CommonRepositoryImpl [CommonRepositoryImpl.java : 706] 条件前的?个数：{0}
2017-06-19 11:52:52,388 INFO [qtp10431538-94] o.a.g.p.dao.CommonRepositoryImpl [CommonRepositoryImpl.java : 707] 条件后的?个数：{0}
2017-06-19 11:52:52,389 INFO [qtp10431538-94] o.a.g.p.dao.CommonRepositoryImpl [CommonRepositoryImpl.java : 708] 条件的起始位置：{0}
2017-06-19 11:52:52,390 INFO [qtp10431538-94] o.a.g.p.dao.CommonRepositoryImpl [CommonRepositoryImpl.java : 674] condition = {}
2017-06-19 11:52:52,391 INFO [qtp10431538-94] o.a.g.p.dao.CommonRepositoryImpl [CommonRepositoryImpl.java : 482] order = { ORDER BY createDate DESC}
2017-06-19 11:52:52,392 INFO [qtp10431538-94] o.a.g.p.dao.CommonRepositoryImpl [CommonRepositoryImpl.java : 420] list_ql = {FROM Application  WHERE 1=1  ORDER BY createDate DESC}
2017-06-19 11:52:52,393 INFO [qtp10431538-94] o.a.g.p.dao.CommonRepositoryImpl [CommonRepositoryImpl.java : 152] count_ql = {SELECT count(*) FROM Application  WHERE 1=1 }
2017-06-19 11:52:52,397 INFO [qtp10431538-94] o.a.g.p.dao.CommonRepositoryImpl [CommonRepositoryImpl.java : 737] executeCount totalRows = {2}
2017-06-19 11:54:18,410 INFO [Druid-ConnectionPool-Log-24061732] c.a.d.p.DruidDataSourceStatLoggerImpl [DruidDataSourceStatLoggerImpl.java : 77] {"url":"jdbc:mysql://192.168.0.94:3306/dsgc?useUnicode=true&characterEncoding=utf8&pinGlobalTxToPhysicalConnection=true","dbType":"mysql","name":"DataSource-24061732","activeCount":0,"activePeak":1,"activePeakTime":"2017-06-19 11:52:52","poolingCount":1,"poolingPeak":1,"poolingPeakTime":"2017-06-19 11:52:52","connectCount":1,"closeCount":1,"executeCount":2,"commitCount":1,"pstmtCacheHitCount":2,"startTransactionCount":1,"transactionHistogram":[0,0,1],"connectionHoldTimeHistogram":[0,0,1],"sqlList":[{"sql":"select count(*) as col_0_0_ from base_application applicatio0_ where 1=1","executeCount":1,"executeMillisMax":2,"executeMillisTotal":2,"executeHistogram":[0,1],"executeAndResultHoldHistogram":[1],"concurrentMax":1,"fetchRowCount":1,"fetchRowHistogram":[0,1],"inTransactionCount":1},{"sql":"select applicatio0_.id as id1_2_, applicatio0_.context as context2_2_, applicatio0_.createDate as createDa3_2_, applicatio0_.hasJar as hasJar4_2_, applicatio0_.name as name5_2_, applicatio0_.serverType as serverTy6_2_, applicatio0_.serverTypeName as serverTy7_2_ from base_application applicatio0_ where 1=1 order by applicatio0_.createDate DESC limit ?","executeCount":1,"executeMillisMax":2,"executeMillisTotal":2,"executeHistogram":[0,1],"executeAndResultHoldHistogram":[1],"concurrentMax":1,"fetchRowCount":2,"fetchRowHistogram":[0,1],"inTransactionCount":1}]}
2017-06-19 11:55:55,656 INFO [qtp10431538-101] o.a.g.p.dao.CommonRepositoryImpl [CommonRepositoryImpl.java : 497] qlString = {FROM Application WHERE 1=1}
2017-06-19 11:55:55,658 INFO [qtp10431538-101] o.a.g.p.dao.CommonRepositoryImpl [CommonRepositoryImpl.java : 701] conIndex = {17}
2017-06-19 11:55:55,659 INFO [qtp10431538-101] o.a.g.p.dao.CommonRepositoryImpl [CommonRepositoryImpl.java : 706] 条件前的?个数：{0}
2017-06-19 11:55:55,660 INFO [qtp10431538-101] o.a.g.p.dao.CommonRepositoryImpl [CommonRepositoryImpl.java : 707] 条件后的?个数：{0}
2017-06-19 11:55:55,661 INFO [qtp10431538-101] o.a.g.p.dao.CommonRepositoryImpl [CommonRepositoryImpl.java : 708] 条件的起始位置：{0}
2017-06-19 11:55:55,662 INFO [qtp10431538-101] o.a.g.p.dao.CommonRepositoryImpl [CommonRepositoryImpl.java : 674] condition = {}
2017-06-19 11:55:55,663 INFO [qtp10431538-101] o.a.g.p.dao.CommonRepositoryImpl [CommonRepositoryImpl.java : 482] order = { ORDER BY createDate DESC}
2017-06-19 11:55:55,664 INFO [qtp10431538-101] o.a.g.p.dao.CommonRepositoryImpl [CommonRepositoryImpl.java : 420] list_ql = {FROM Application  WHERE 1=1  ORDER BY createDate DESC}
2017-06-19 11:55:55,665 INFO [qtp10431538-101] o.a.g.p.dao.CommonRepositoryImpl [CommonRepositoryImpl.java : 152] count_ql = {SELECT count(*) FROM Application  WHERE 1=1 }
2017-06-19 11:55:55,668 INFO [qtp10431538-101] o.a.g.p.dao.CommonRepositoryImpl [CommonRepositoryImpl.java : 737] executeCount totalRows = {2}
2017-06-19 11:57:11,321 INFO [qtp10431538-94] o.a.g.p.dao.CommonRepositoryImpl [CommonRepositoryImpl.java : 497] qlString = {FROM Application WHERE 1=1}
2017-06-19 11:57:11,323 INFO [qtp10431538-94] o.a.g.p.dao.CommonRepositoryImpl [CommonRepositoryImpl.java : 701] conIndex = {17}
2017-06-19 11:57:11,324 INFO [qtp10431538-94] o.a.g.p.dao.CommonRepositoryImpl [CommonRepositoryImpl.java : 706] 条件前的?个数：{0}
2017-06-19 11:57:11,325 INFO [qtp10431538-94] o.a.g.p.dao.CommonRepositoryImpl [CommonRepositoryImpl.java : 707] 条件后的?个数：{0}
2017-06-19 11:57:11,326 INFO [qtp10431538-94] o.a.g.p.dao.CommonRepositoryImpl [CommonRepositoryImpl.java : 708] 条件的起始位置：{0}
2017-06-19 11:57:11,327 INFO [qtp10431538-94] o.a.g.p.dao.CommonRepositoryImpl [CommonRepositoryImpl.java : 674] condition = {}
2017-06-19 11:57:11,328 INFO [qtp10431538-94] o.a.g.p.dao.CommonRepositoryImpl [CommonRepositoryImpl.java : 482] order = { ORDER BY createDate DESC}
2017-06-19 11:57:11,329 INFO [qtp10431538-94] o.a.g.p.dao.CommonRepositoryImpl [CommonRepositoryImpl.java : 420] list_ql = {FROM Application  WHERE 1=1  ORDER BY createDate DESC}
2017-06-19 11:57:11,330 INFO [qtp10431538-94] o.a.g.p.dao.CommonRepositoryImpl [CommonRepositoryImpl.java : 152] count_ql = {SELECT count(*) FROM Application  WHERE 1=1 }
2017-06-19 11:57:11,334 INFO [qtp10431538-94] o.a.g.p.dao.CommonRepositoryImpl [CommonRepositoryImpl.java : 737] executeCount totalRows = {2}
2017-06-19 11:58:48,436 INFO [qtp10431538-92] o.a.g.p.dao.CommonRepositoryImpl [CommonRepositoryImpl.java : 497] qlString = {FROM Application WHERE 1=1}
2017-06-19 11:58:48,437 INFO [qtp10431538-92] o.a.g.p.dao.CommonRepositoryImpl [CommonRepositoryImpl.java : 701] conIndex = {17}
2017-06-19 11:58:48,438 INFO [qtp10431538-92] o.a.g.p.dao.CommonRepositoryImpl [CommonRepositoryImpl.java : 706] 条件前的?个数：{0}
2017-06-19 11:58:48,439 INFO [qtp10431538-92] o.a.g.p.dao.CommonRepositoryImpl [CommonRepositoryImpl.java : 707] 条件后的?个数：{0}
2017-06-19 11:58:48,439 INFO [qtp10431538-92] o.a.g.p.dao.CommonRepositoryImpl [CommonRepositoryImpl.java : 708] 条件的起始位置：{0}
2017-06-19 11:58:48,440 INFO [qtp10431538-92] o.a.g.p.dao.CommonRepositoryImpl [CommonRepositoryImpl.java : 674] condition = {}
2017-06-19 11:58:48,441 INFO [qtp10431538-92] o.a.g.p.dao.CommonRepositoryImpl [CommonRepositoryImpl.java : 482] order = { ORDER BY createDate DESC}
2017-06-19 11:58:48,442 INFO [qtp10431538-92] o.a.g.p.dao.CommonRepositoryImpl [CommonRepositoryImpl.java : 420] list_ql = {FROM Application  WHERE 1=1  ORDER BY createDate DESC}
2017-06-19 11:58:48,443 INFO [qtp10431538-92] o.a.g.p.dao.CommonRepositoryImpl [CommonRepositoryImpl.java : 152] count_ql = {SELECT count(*) FROM Application  WHERE 1=1 }
2017-06-19 11:58:48,447 INFO [qtp10431538-92] o.a.g.p.dao.CommonRepositoryImpl [CommonRepositoryImpl.java : 737] executeCount totalRows = {2}
2017-06-19 11:59:11,035 INFO [qtp10431538-87] o.a.g.p.dao.CommonRepositoryImpl [CommonRepositoryImpl.java : 497] qlString = {FROM Application WHERE 1=1}
2017-06-19 11:59:11,037 INFO [qtp10431538-87] o.a.g.p.dao.CommonRepositoryImpl [CommonRepositoryImpl.java : 701] conIndex = {17}
2017-06-19 11:59:11,041 INFO [qtp10431538-87] o.a.g.p.dao.CommonRepositoryImpl [CommonRepositoryImpl.java : 706] 条件前的?个数：{0}
2017-06-19 11:59:11,042 INFO [qtp10431538-87] o.a.g.p.dao.CommonRepositoryImpl [CommonRepositoryImpl.java : 707] 条件后的?个数：{0}
2017-06-19 11:59:11,044 INFO [qtp10431538-87] o.a.g.p.dao.CommonRepositoryImpl [CommonRepositoryImpl.java : 708] 条件的起始位置：{0}
2017-06-19 11:59:11,044 INFO [qtp10431538-87] o.a.g.p.dao.CommonRepositoryImpl [CommonRepositoryImpl.java : 674] condition = {}
2017-06-19 11:59:11,045 INFO [qtp10431538-87] o.a.g.p.dao.CommonRepositoryImpl [CommonRepositoryImpl.java : 482] order = { ORDER BY createDate DESC}
2017-06-19 11:59:11,046 INFO [qtp10431538-87] o.a.g.p.dao.CommonRepositoryImpl [CommonRepositoryImpl.java : 420] list_ql = {FROM Application  WHERE 1=1  ORDER BY createDate DESC}
2017-06-19 11:59:11,047 INFO [qtp10431538-87] o.a.g.p.dao.CommonRepositoryImpl [CommonRepositoryImpl.java : 152] count_ql = {SELECT count(*) FROM Application  WHERE 1=1 }
2017-06-19 11:59:11,051 INFO [qtp10431538-87] o.a.g.p.dao.CommonRepositoryImpl [CommonRepositoryImpl.java : 737] executeCount totalRows = {2}
2017-06-19 11:59:18,410 INFO [Druid-ConnectionPool-Log-24061732] c.a.d.p.DruidDataSourceStatLoggerImpl [DruidDataSourceStatLoggerImpl.java : 77] {"url":"jdbc:mysql://192.168.0.94:3306/dsgc?useUnicode=true&characterEncoding=utf8&pinGlobalTxToPhysicalConnection=true","dbType":"mysql","name":"DataSource-24061732","activeCount":0,"activePeak":1,"activePeakTime":"2017-06-19 11:55:55","poolingCount":1,"poolingPeak":1,"poolingPeakTime":"2017-06-19 11:55:55","connectCount":4,"closeCount":4,"executeCount":8,"commitCount":4,"pstmtCacheHitCount":8,"startTransactionCount":4,"transactionHistogram":[0,0,4],"connectionHoldTimeHistogram":[0,0,4],"sqlList":[{"sql":"select count(*) as col_0_0_ from base_application applicatio0_ where 1=1","executeCount":4,"executeMillisMax":1,"executeMillisTotal":6,"executeHistogram":[0,4],"executeAndResultHoldHistogram":[4],"concurrentMax":1,"fetchRowCount":1,"fetchRowHistogram":[0,4],"inTransactionCount":4},{"sql":"select applicatio0_.id as id1_2_, applicatio0_.context as context2_2_, applicatio0_.createDate as createDa3_2_, applicatio0_.hasJar as hasJar4_2_, applicatio0_.name as name5_2_, applicatio0_.serverType as serverTy6_2_, applicatio0_.serverTypeName as serverTy7_2_ from base_application applicatio0_ where 1=1 order by applicatio0_.createDate DESC limit ?","executeCount":4,"executeMillisMax":2,"executeMillisTotal":8,"executeHistogram":[0,4],"executeAndResultHoldHistogram":[4],"concurrentMax":1,"fetchRowCount":2,"fetchRowHistogram":[0,4],"inTransactionCount":4}]}
