2017-06-21 14:03:27,846 INFO [Druid-ConnectionPool-Log-18492802] c.a.d.p.DruidDataSourceStatLoggerImpl [DruidDataSourceStatLoggerImpl.java : 77] {"url":"jdbc:mysql://192.168.0.94:3306/dsgc?useUnicode=true&characterEncoding=utf8&pinGlobalTxToPhysicalConnection=true","dbType":"mysql","name":"DataSource-18492802","activeCount":0,"poolingCount":1,"connectCount":0,"closeCount":0}
2017-06-21 14:12:29,570 INFO [main] o.a.s.m.main.web.test.StartMainWeb [StartupInfoLogger.java : 48] Starting StartMainWeb on wulin with PID 12032 (D:\soft\job\java\javaIDE\eclipse_jee\bjhy_attachment_workspace\server-management-parent\server-management-main-web\target\test-classes started by Administrator in D:\soft\job\java\javaIDE\eclipse_jee\bjhy_attachment_workspace\server-management-parent\server-management-main-web)
2017-06-21 14:12:29,607 INFO [main] o.a.s.m.main.web.test.StartMainWeb [SpringApplication.java : 637] No active profile set, falling back to default profiles: default
2017-06-21 14:12:29,817 INFO [main] o.s.b.c.e.AnnotationConfigEmbeddedWebApplicationContext [AbstractApplicationContext.java : 582] Refreshing org.springframework.boot.context.embedded.AnnotationConfigEmbeddedWebApplicationContext@1d31064: startup date [Wed Jun 21 14:12:29 CST 2017]; root of context hierarchy
2017-06-21 14:12:30,570 INFO [background-preinit] o.h.validator.internal.util.Version [Version.java : 30] HV000001: Hibernate Validator 5.3.4.Final
2017-06-21 14:12:32,173 INFO [main] o.s.b.f.xml.XmlBeanDefinitionReader [XmlBeanDefinitionReader.java : 317] Loading XML bean definitions from file [D:\soft\job\java\javaIDE\eclipse_jee\bjhy_attachment_workspace\server-management-parent\server-management-main-web\target\classes\META-INF\spring\module-server-management-main-web.xml]
2017-06-21 14:12:32,977 INFO [main] o.s.b.f.xml.XmlBeanDefinitionReader [XmlBeanDefinitionReader.java : 317] Loading XML bean definitions from file [D:\soft\job\java\javaIDE\eclipse_jee\bjhy_attachment_workspace\server-management-parent\server-management-main-container\target\classes\META-INF\spring\module-server-management-main-container.xml]
2017-06-21 14:12:33,383 INFO [main] o.s.b.f.xml.XmlBeanDefinitionReader [XmlBeanDefinitionReader.java : 317] Loading XML bean definitions from file [D:\soft\job\java\javaIDE\eclipse_jee\bjhy_attachment_workspace\server-management-parent\server-management-common\target\classes\META-INF\spring\module-server-management-common.xml]
2017-06-21 14:12:33,461 INFO [main] o.s.b.f.xml.XmlBeanDefinitionReader [XmlBeanDefinitionReader.java : 317] Loading XML bean definitions from file [D:\soft\job\java\javaIDE\eclipse_jee\bjhy_attachment_workspace\server-management-parent\server-management-base\target\classes\META-INF\spring\module-server-management-base.xml]
2017-06-21 14:12:33,664 INFO [main] o.s.b.f.xml.XmlBeanDefinitionReader [XmlBeanDefinitionReader.java : 317] Loading XML bean definitions from URL [jar:file:/D:/repository/org/apel/gaia-property-loader/1.0.1-SNAPSHOT/gaia-property-loader-1.0.1-SNAPSHOT.jar!/META-INF/spring/module-property-loader.xml]
2017-06-21 14:12:33,705 INFO [main] o.s.b.f.xml.XmlBeanDefinitionReader [XmlBeanDefinitionReader.java : 317] Loading XML bean definitions from URL [jar:file:/D:/repository/org/apel/gaia-persist/1.0.1-SNAPSHOT/gaia-persist-1.0.1-SNAPSHOT.jar!/META-INF/spring/module-persist.xml]
2017-06-21 14:12:33,852 INFO [main] o.s.b.f.xml.XmlBeanDefinitionReader [XmlBeanDefinitionReader.java : 317] Loading XML bean definitions from URL [jar:file:/D:/repository/org/apel/gaia-infrastructure/1.0.1-SNAPSHOT/gaia-infrastructure-1.0.1-SNAPSHOT.jar!/META-INF/spring/module-gaia-infrastructure.xml]
2017-06-21 14:12:33,901 INFO [main] o.s.b.f.xml.XmlBeanDefinitionReader [XmlBeanDefinitionReader.java : 317] Loading XML bean definitions from URL [jar:file:/D:/repository/org/apel/poseidon-security-commons/1.0.2-SNAPSHOT/poseidon-security-commons-1.0.2-SNAPSHOT.jar!/META-INF/spring/module-poseidon-common.xml]
2017-06-21 14:12:33,941 INFO [main] o.s.b.f.xml.XmlBeanDefinitionReader [XmlBeanDefinitionReader.java : 317] Loading XML bean definitions from URL [jar:file:/D:/repository/org/apel/gaia-container-boot/1.0.1-SNAPSHOT/gaia-container-boot-1.0.1-SNAPSHOT.jar!/META-INF/spring/module-boot.xml]
2017-06-21 14:12:34,017 INFO [main] o.s.b.f.xml.XmlBeanDefinitionReader [XmlBeanDefinitionReader.java : 317] Loading XML bean definitions from URL [jar:file:/D:/repository/org/apel/gaia-container-boot/1.0.1-SNAPSHOT/gaia-container-boot-1.0.1-SNAPSHOT.jar!/META-INF/spring/module-mvc.xml]
2017-06-21 14:12:34,135 INFO [main] o.s.b.f.xml.XmlBeanDefinitionReader [XmlBeanDefinitionReader.java : 317] Loading XML bean definitions from URL [jar:file:/D:/repository/org/apel/gaia-js-lib/1.0.1-SNAPSHOT/gaia-js-lib-1.0.1-SNAPSHOT.jar!/META-INF/spring/module-js-lib.xml]
2017-06-21 14:12:34,868 INFO [main] o.s.b.f.s.DefaultListableBeanFactory [DefaultListableBeanFactory.java : 828] Overriding bean definition for bean 'org.springframework.transaction.config.internalTransactionAdvisor' with a different definition: replacing [Root bean: class [org.springframework.transaction.interceptor.BeanFactoryTransactionAttributeSourceAdvisor]; scope=; abstract=false; lazyInit=false; autowireMode=0; dependencyCheck=0; autowireCandidate=true; primary=false; factoryBeanName=null; factoryMethodName=null; initMethodName=null; destroyMethodName=null] with [Root bean: class [null]; scope=; abstract=false; lazyInit=false; autowireMode=3; dependencyCheck=0; autowireCandidate=true; primary=false; factoryBeanName=org.springframework.transaction.annotation.ProxyTransactionManagementConfiguration; factoryMethodName=transactionAdvisor; initMethodName=null; destroyMethodName=(inferred); defined in class path resource [org/springframework/transaction/annotation/ProxyTransactionManagementConfiguration.class]]
2017-06-21 14:12:34,926 INFO [main] o.s.c.a.ConfigurationClassBeanDefinitionReader [ConfigurationClassBeanDefinitionReader.java : 298] Skipping bean definition for [BeanMethod:name=transactionalEventListenerFactory,declaringClass=org.springframework.transaction.annotation.AbstractTransactionManagementConfiguration]: a definition for bean 'org.springframework.transaction.config.internalTransactionalEventListenerFactory' already exists. This top-level bean definition is considered as an override.
2017-06-21 14:12:35,453 INFO [main] o.s.b.f.s.DefaultListableBeanFactory [DefaultListableBeanFactory.java : 828] Overriding bean definition for bean 'entityManagerFactory' with a different definition: replacing [Root bean: class [null]; scope=; abstract=false; lazyInit=false; autowireMode=3; dependencyCheck=0; autowireCandidate=true; primary=true; factoryBeanName=org.springframework.boot.autoconfigure.orm.jpa.HibernateJpaAutoConfiguration; factoryMethodName=entityManagerFactory; initMethodName=null; destroyMethodName=(inferred); defined in class path resource [org/springframework/boot/autoconfigure/orm/jpa/HibernateJpaAutoConfiguration.class]] with [Root bean: class [null]; scope=; abstract=false; lazyInit=false; autowireMode=3; dependencyCheck=0; autowireCandidate=true; primary=false; factoryBeanName=jpaConfig; factoryMethodName=entityManagerFactory; initMethodName=null; destroyMethodName=(inferred); defined in org.apel.gaia.persist.config.hibernate.JpaConfig]
2017-06-21 14:12:35,498 INFO [main] o.s.b.f.s.DefaultListableBeanFactory [DefaultListableBeanFactory.java : 828] Overriding bean definition for bean 'transactionManager' with a different definition: replacing [Root bean: class [null]; scope=; abstract=false; lazyInit=false; autowireMode=3; dependencyCheck=0; autowireCandidate=true; primary=false; factoryBeanName=org.springframework.boot.autoconfigure.orm.jpa.HibernateJpaAutoConfiguration; factoryMethodName=transactionManager; initMethodName=null; destroyMethodName=(inferred); defined in class path resource [org/springframework/boot/autoconfigure/orm/jpa/HibernateJpaAutoConfiguration.class]] with [Root bean: class [null]; scope=; abstract=false; lazyInit=false; autowireMode=3; dependencyCheck=0; autowireCandidate=true; primary=false; factoryBeanName=txConfig; factoryMethodName=transactionManager; initMethodName=null; destroyMethodName=(inferred); defined in org.apel.gaia.persist.config.hibernate.TxConfig]
2017-06-21 14:12:37,994 INFO [main] o.s.b.f.s.DefaultListableBeanFactory [DefaultListableBeanFactory.java : 828] Overriding bean definition for bean 'dataSource' with a different definition: replacing [Root bean: class [null]; scope=; abstract=false; lazyInit=false; autowireMode=3; dependencyCheck=0; autowireCandidate=true; primary=false; factoryBeanName=org.springframework.boot.autoconfigure.jdbc.EmbeddedDataSourceConfiguration; factoryMethodName=dataSource; initMethodName=null; destroyMethodName=(inferred); defined in class path resource [org/springframework/boot/autoconfigure/jdbc/EmbeddedDataSourceConfiguration.class]] with [Root bean: class [null]; scope=; abstract=false; lazyInit=false; autowireMode=3; dependencyCheck=0; autowireCandidate=true; primary=false; factoryBeanName=DBConfig; factoryMethodName=dataSource; initMethodName=init; destroyMethodName=close; defined in org.apel.gaia.persist.config.db.DBConfig]
2017-06-21 14:12:38,897 WARN [main] o.s.c.a.ConfigurationClassEnhancer [ConfigurationClassEnhancer.java : 350] @Bean method CenterPropertyLoader.propertyPlaceholderConfigurer is non-static and returns an object assignable to Spring's BeanFactoryPostProcessor interface. This will result in a failure to process annotations such as @Autowired, @Resource and @PostConstruct within the method's declaring @Configuration class. Add the 'static' modifier to this method to avoid these container lifecycle issues; see @Bean javadoc for complete details.
2017-06-21 14:12:39,539 WARN [main] o.h.v.m.ParameterMessageInterpolator [ParameterMessageInterpolator.java : 28] HV000184: ParameterMessageInterpolator has been chosen, EL interpolation will not be supported
2017-06-21 14:12:40,093 INFO [main] o.s.c.s.PostProcessorRegistrationDelegate$BeanPostProcessorChecker [PostProcessorRegistrationDelegate.java : 325] Bean 'org.springframework.transaction.annotation.ProxyTransactionManagementConfiguration' of type [org.springframework.transaction.annotation.ProxyTransactionManagementConfiguration$$EnhancerBySpringCGLIB$$a4c9aa60] is not eligible for getting processed by all BeanPostProcessors (for example: not eligible for auto-proxying)
2017-06-21 14:12:40,591 WARN [main] o.h.v.m.ParameterMessageInterpolator [ParameterMessageInterpolator.java : 28] HV000184: ParameterMessageInterpolator has been chosen, EL interpolation will not be supported
2017-06-21 14:12:41,106 INFO [main] org.eclipse.jetty.util.log [Log.java : 192] Logging initialized @17032ms to org.eclipse.jetty.util.log.Slf4jLog
2017-06-21 14:12:42,668 INFO [main] o.s.b.c.e.j.JettyEmbeddedServletContainerFactory [JettyEmbeddedServletContainerFactory.java : 176] Server initialized with port: 6555
2017-06-21 14:12:42,675 INFO [main] org.eclipse.jetty.server.Server [Server.java : 372] jetty-9.4.2.v20170220
2017-06-21 14:12:43,325 INFO [main] org.eclipse.jetty.server.session [DefaultSessionIdManager.java : 360] DefaultSessionIdManager workerName=node0
2017-06-21 14:12:43,326 INFO [main] org.eclipse.jetty.server.session [DefaultSessionIdManager.java : 365] No SessionScavenger set, using defaults
2017-06-21 14:12:43,386 INFO [main] org.eclipse.jetty.server.session [HouseKeeper.java : 146] Scavenging every 660000ms
2017-06-21 14:12:43,414 INFO [main] o.e.jetty.ContextHandler.application [ContextHandler.java : 2207] Initializing Spring embedded WebApplicationContext
2017-06-21 14:12:43,415 INFO [main] o.s.web.context.ContextLoader [EmbeddedWebApplicationContext.java : 276] Root WebApplicationContext: initialization completed in 13599 ms
2017-06-21 14:12:43,914 INFO [main] o.s.b.w.s.ServletRegistrationBean [ServletRegistrationBean.java : 190] Mapping servlet: 'dispatcherServlet' to [/]
2017-06-21 14:12:43,933 INFO [main] o.s.b.w.s.FilterRegistrationBean [AbstractFilterRegistrationBean.java : 258] Mapping filter: 'characterEncodingFilter' to: [/*]
2017-06-21 14:12:43,934 INFO [main] o.s.b.w.s.FilterRegistrationBean [AbstractFilterRegistrationBean.java : 258] Mapping filter: 'hiddenHttpMethodFilter' to: [/*]
2017-06-21 14:12:43,935 INFO [main] o.s.b.w.s.FilterRegistrationBean [AbstractFilterRegistrationBean.java : 258] Mapping filter: 'httpPutFormContentFilter' to: [/*]
2017-06-21 14:12:43,936 INFO [main] o.s.b.w.s.FilterRegistrationBean [AbstractFilterRegistrationBean.java : 258] Mapping filter: 'requestContextFilter' to: [/*]
2017-06-21 14:12:43,937 INFO [main] o.s.b.w.s.FilterRegistrationBean [AbstractFilterRegistrationBean.java : 258] Mapping filter: 'customUrlDecisionFilter' to: [/*]
2017-06-21 14:12:46,144 INFO [main] o.e.j.server.handler.ContextHandler [ContextHandler.java : 802] Started o.s.b.c.e.j.JettyEmbeddedWebAppContext@8b33ba{/main-container,[file:///C:/Users/Administrator/AppData/Local/Temp/jetty-docbase.2243103849899402612.6555/],AVAILABLE}
2017-06-21 14:12:46,145 INFO [main] org.eclipse.jetty.server.Server [Server.java : 444] Started @22071ms
2017-06-21 14:12:49,892 INFO [main] c.alibaba.druid.pool.DruidDataSource [DruidDataSource.java : 669] {dataSource-1} inited
2017-06-21 14:12:49,898 INFO [Druid-ConnectionPool-Log-16017225] c.a.d.p.DruidDataSourceStatLoggerImpl [DruidDataSourceStatLoggerImpl.java : 77] {"url":"jdbc:mysql://192.168.0.94:3306/dsgc?useUnicode=true&characterEncoding=utf8&pinGlobalTxToPhysicalConnection=true","dbType":"mysql","name":"DataSource-16017225","activeCount":0,"poolingCount":1,"poolingPeak":1,"poolingPeakTime":"2017-06-21 14:12:49","connectCount":0,"closeCount":0,"physicalConnectCount":1}
2017-06-21 14:12:51,012 INFO [main] o.s.o.j.LocalContainerEntityManagerFactoryBean [LocalContainerEntityManagerFactoryBean.java : 349] Building JPA container EntityManagerFactory for persistence unit 'platform'
2017-06-21 14:12:51,125 INFO [main] o.h.jpa.internal.util.LogHelper [LogHelper.java : 31] HHH000204: Processing PersistenceUnitInfo [
	name: platform
	...]
2017-06-21 14:12:51,667 INFO [main] org.hibernate.Version [Version.java : 37] HHH000412: Hibernate Core {5.0.12.Final}
2017-06-21 14:12:51,675 INFO [main] org.hibernate.cfg.Environment [Environment.java : 213] HHH000206: hibernate.properties not found
2017-06-21 14:12:51,681 INFO [main] org.hibernate.cfg.Environment [Environment.java : 317] HHH000021: Bytecode provider name : javassist
2017-06-21 14:12:52,177 INFO [main] o.h.annotations.common.Version [JavaReflectionManager.java : 66] HCANN000001: Hibernate Commons Annotations {5.0.1.Final}
2017-06-21 14:12:53,016 INFO [main] org.hibernate.dialect.Dialect [Dialect.java : 156] HHH000400: Using dialect: org.hibernate.dialect.MySQL5Dialect
2017-06-21 14:12:56,061 INFO [main] o.h.cache.spi.UpdateTimestampsCache [UpdateTimestampsCache.java : 55] HHH000250: Starting update timestamps cache at region: org.hibernate.cache.spi.UpdateTimestampsCache
2017-06-21 14:12:56,071 WARN [main] o.h.c.e.AbstractEhcacheRegionFactory [AbstractEhcacheRegionFactory.java : 161] HHH020003: Could not find a specific ehcache configuration for cache named [org.hibernate.cache.spi.UpdateTimestampsCache]; using defaults.
2017-06-21 14:12:56,229 INFO [main] o.h.c.internal.StandardQueryCache [StandardQueryCache.java : 74] HHH000248: Starting query cache at region: org.hibernate.cache.internal.StandardQueryCache
2017-06-21 14:12:56,232 WARN [main] o.h.c.e.AbstractEhcacheRegionFactory [AbstractEhcacheRegionFactory.java : 161] HHH020003: Could not find a specific ehcache configuration for cache named [org.hibernate.cache.internal.StandardQueryCache]; using defaults.
2017-06-21 14:12:57,816 INFO [main] o.h.tool.hbm2ddl.SchemaUpdate [SchemaUpdate.java : 105] HHH000228: Running hbm2ddl schema update
2017-06-21 14:12:58,841 INFO [main] o.s.o.j.LocalContainerEntityManagerFactoryBean [AbstractEntityManagerFactoryBean.java : 379] Initialized JPA EntityManagerFactory for persistence unit 'platform'
2017-06-21 14:12:59,386 INFO [net.sf.ehcache.CacheManager@1482f82] net.sf.ehcache.util.UpdateChecker [UpdateChecker.java : 98] New update(s) found: 2.4.7 [http://www.terracotta.org/confluence/display/release/Release+Notes+Ehcache+Core+2.4]. Please check http://ehcache.org for the latest version.
2017-06-21 14:13:00,135 INFO [main] o.h.h.i.QueryTranslatorFactoryInitiator [QueryTranslatorFactoryInitiator.java : 47] HHH000397: Using ASTQueryTranslatorFactory
2017-06-21 14:13:01,879 INFO [main] o.s.u.f.SpringTemplateLoader [SpringTemplateLoader.java : 61] SpringTemplateLoader for FreeMarker: using resource loader [org.springframework.boot.context.embedded.AnnotationConfigEmbeddedWebApplicationContext@1d31064: startup date [Wed Jun 21 14:12:29 CST 2017]; root of context hierarchy] and template loader path [jar:file:/D:/repository/org/apel/gaia-container-boot/1.0.1-SNAPSHOT/gaia-container-boot-1.0.1-SNAPSHOT.jar!/platform/templates/]
2017-06-21 14:13:01,880 INFO [main] o.s.u.f.SpringTemplateLoader [SpringTemplateLoader.java : 61] SpringTemplateLoader for FreeMarker: using resource loader [org.springframework.boot.context.embedded.AnnotationConfigEmbeddedWebApplicationContext@1d31064: startup date [Wed Jun 21 14:12:29 CST 2017]; root of context hierarchy] and template loader path [classpath:/templates/]
2017-06-21 14:13:01,886 INFO [main] o.s.w.s.v.f.FreeMarkerConfigurer [FreeMarkerConfigurer.java : 127] ClassTemplateLoader for Spring macros added to FreeMarker configuration
2017-06-21 14:13:03,319 INFO [main] o.s.w.s.m.m.a.RequestMappingHandlerAdapter [RequestMappingHandlerAdapter.java : 534] Looking for @ControllerAdvice: org.springframework.boot.context.embedded.AnnotationConfigEmbeddedWebApplicationContext@1d31064: startup date [Wed Jun 21 14:12:29 CST 2017]; root of context hierarchy
2017-06-21 14:13:03,706 INFO [main] o.s.w.s.m.m.a.RequestMappingHandlerMapping [AbstractHandlerMethodMapping.java : 543] Mapped "{[/appAndAgent/index],methods=[GET]}" onto public java.lang.String org.apel.server.management.main.web.AppAndAgentController.index()
2017-06-21 14:13:03,710 INFO [main] o.s.w.s.m.m.a.RequestMappingHandlerMapping [AbstractHandlerMethodMapping.java : 543] Mapped "{[/appAndAgent/{id}],methods=[DELETE]}" onto public org.apel.gaia.commons.i18n.Message org.apel.server.management.main.web.AppAndAgentController.delete(java.lang.String)
2017-06-21 14:13:03,711 INFO [main] o.s.w.s.m.m.a.RequestMappingHandlerMapping [AbstractHandlerMethodMapping.java : 543] Mapped "{[/appAndAgent/{id}],methods=[PUT]}" onto public org.apel.gaia.commons.i18n.Message org.apel.server.management.main.web.AppAndAgentController.create(java.lang.String,org.apel.server.management.main.container.domain.AppAndAgent)
2017-06-21 14:13:03,712 INFO [main] o.s.w.s.m.m.a.RequestMappingHandlerMapping [AbstractHandlerMethodMapping.java : 543] Mapped "{[/appAndAgent],methods=[POST]}" onto public org.apel.gaia.commons.i18n.Message org.apel.server.management.main.web.AppAndAgentController.create(org.apel.server.management.main.container.domain.AppAndAgent)
2017-06-21 14:13:03,713 INFO [main] o.s.w.s.m.m.a.RequestMappingHandlerMapping [AbstractHandlerMethodMapping.java : 543] Mapped "{[/appAndAgent]}" onto public org.apel.gaia.commons.pager.PageBean org.apel.server.management.main.web.AppAndAgentController.list(org.apel.gaia.commons.jqgrid.QueryParams)
2017-06-21 14:13:03,714 INFO [main] o.s.w.s.m.m.a.RequestMappingHandlerMapping [AbstractHandlerMethodMapping.java : 543] Mapped "{[/appAndAgent/{id}],methods=[GET]}" onto public org.apel.server.management.main.container.domain.AppAndAgent org.apel.server.management.main.web.AppAndAgentController.view(java.lang.String)
2017-06-21 14:13:03,715 INFO [main] o.s.w.s.m.m.a.RequestMappingHandlerMapping [AbstractHandlerMethodMapping.java : 543] Mapped "{[/appAndAgent/all],methods=[GET]}" onto public java.util.List<org.apel.server.management.main.container.domain.AppAndAgent> org.apel.server.management.main.web.AppAndAgentController.getAll()
2017-06-21 14:13:03,716 INFO [main] o.s.w.s.m.m.a.RequestMappingHandlerMapping [AbstractHandlerMethodMapping.java : 543] Mapped "{[/appAndAgent/getAllAgent],methods=[GET]}" onto public java.util.List<java.util.Map<java.lang.String, java.lang.Object>> org.apel.server.management.main.web.AppAndAgentController.getAllAgent()
2017-06-21 14:13:03,717 INFO [main] o.s.w.s.m.m.a.RequestMappingHandlerMapping [AbstractHandlerMethodMapping.java : 543] Mapped "{[/appAndAgent/getAllAppVersion],methods=[GET]}" onto public java.util.List<java.util.Map<java.lang.String, java.lang.Object>> org.apel.server.management.main.web.AppAndAgentController.getAllAppVersion(java.lang.String)
2017-06-21 14:13:03,718 INFO [main] o.s.w.s.m.m.a.RequestMappingHandlerMapping [AbstractHandlerMethodMapping.java : 543] Mapped "{[/appAndAgent],methods=[DELETE]}" onto public org.apel.gaia.commons.i18n.Message org.apel.server.management.main.web.AppAndAgentController.batchDelete(java.lang.String[])
2017-06-21 14:13:03,719 INFO [main] o.s.w.s.m.m.a.RequestMappingHandlerMapping [AbstractHandlerMethodMapping.java : 543] Mapped "{[/appAndAgent/getAllApplication],methods=[GET]}" onto public java.util.List<java.util.Map<java.lang.String, java.lang.Object>> org.apel.server.management.main.web.AppAndAgentController.getAllApplication()
2017-06-21 14:13:03,732 INFO [main] o.s.w.s.m.m.a.RequestMappingHandlerMapping [AbstractHandlerMethodMapping.java : 543] Mapped "{[/applicationAgent/index],methods=[GET]}" onto public java.lang.String org.apel.server.management.main.web.ApplicationAgentController.index()
2017-06-21 14:13:03,733 INFO [main] o.s.w.s.m.m.a.RequestMappingHandlerMapping [AbstractHandlerMethodMapping.java : 543] Mapped "{[/applicationAgent/{id}],methods=[DELETE]}" onto public org.apel.gaia.commons.i18n.Message org.apel.server.management.main.web.ApplicationAgentController.delete(java.lang.String)
2017-06-21 14:13:03,734 INFO [main] o.s.w.s.m.m.a.RequestMappingHandlerMapping [AbstractHandlerMethodMapping.java : 543] Mapped "{[/applicationAgent/{id}],methods=[PUT]}" onto public org.apel.gaia.commons.i18n.Message org.apel.server.management.main.web.ApplicationAgentController.create(java.lang.String,org.apel.server.management.main.container.domain.ApplicationAgent)
2017-06-21 14:13:03,735 INFO [main] o.s.w.s.m.m.a.RequestMappingHandlerMapping [AbstractHandlerMethodMapping.java : 543] Mapped "{[/applicationAgent],methods=[POST]}" onto public org.apel.gaia.commons.i18n.Message org.apel.server.management.main.web.ApplicationAgentController.create(org.apel.server.management.main.container.domain.ApplicationAgent)
2017-06-21 14:13:03,737 INFO [main] o.s.w.s.m.m.a.RequestMappingHandlerMapping [AbstractHandlerMethodMapping.java : 543] Mapped "{[/applicationAgent]}" onto public org.apel.gaia.commons.pager.PageBean org.apel.server.management.main.web.ApplicationAgentController.list(org.apel.gaia.commons.jqgrid.QueryParams)
2017-06-21 14:13:03,738 INFO [main] o.s.w.s.m.m.a.RequestMappingHandlerMapping [AbstractHandlerMethodMapping.java : 543] Mapped "{[/applicationAgent/{id}],methods=[GET]}" onto public org.apel.server.management.main.container.domain.ApplicationAgent org.apel.server.management.main.web.ApplicationAgentController.view(java.lang.String)
2017-06-21 14:13:03,739 INFO [main] o.s.w.s.m.m.a.RequestMappingHandlerMapping [AbstractHandlerMethodMapping.java : 543] Mapped "{[/applicationAgent/all],methods=[GET]}" onto public java.util.List<org.apel.server.management.main.container.domain.ApplicationAgent> org.apel.server.management.main.web.ApplicationAgentController.getAll()
2017-06-21 14:13:03,740 INFO [main] o.s.w.s.m.m.a.RequestMappingHandlerMapping [AbstractHandlerMethodMapping.java : 543] Mapped "{[/applicationAgent],methods=[DELETE]}" onto public org.apel.gaia.commons.i18n.Message org.apel.server.management.main.web.ApplicationAgentController.batchDelete(java.lang.String[])
2017-06-21 14:13:03,741 INFO [main] o.s.w.s.m.m.a.RequestMappingHandlerMapping [AbstractHandlerMethodMapping.java : 543] Mapped "{[/applicationAgent/getAgentStatus],methods=[GET]}" onto public java.util.List<java.util.Map<java.lang.String, java.lang.Object>> org.apel.server.management.main.web.ApplicationAgentController.getAgentStatus()
2017-06-21 14:13:03,749 INFO [main] o.s.w.s.m.m.a.RequestMappingHandlerMapping [AbstractHandlerMethodMapping.java : 543] Mapped "{[/application/index],methods=[GET]}" onto public java.lang.String org.apel.server.management.main.web.ApplicationController.index()
2017-06-21 14:13:03,750 INFO [main] o.s.w.s.m.m.a.RequestMappingHandlerMapping [AbstractHandlerMethodMapping.java : 543] Mapped "{[/application/{id}],methods=[DELETE]}" onto public org.apel.gaia.commons.i18n.Message org.apel.server.management.main.web.ApplicationController.delete(java.lang.String)
2017-06-21 14:13:03,751 INFO [main] o.s.w.s.m.m.a.RequestMappingHandlerMapping [AbstractHandlerMethodMapping.java : 543] Mapped "{[/application/{id}],methods=[PUT]}" onto public org.apel.gaia.commons.i18n.Message org.apel.server.management.main.web.ApplicationController.create(java.lang.String,org.apel.server.management.main.container.domain.Application)
2017-06-21 14:13:03,752 INFO [main] o.s.w.s.m.m.a.RequestMappingHandlerMapping [AbstractHandlerMethodMapping.java : 543] Mapped "{[/application],methods=[POST]}" onto public org.apel.gaia.commons.i18n.Message org.apel.server.management.main.web.ApplicationController.create(org.apel.server.management.main.container.domain.Application)
2017-06-21 14:13:03,753 INFO [main] o.s.w.s.m.m.a.RequestMappingHandlerMapping [AbstractHandlerMethodMapping.java : 543] Mapped "{[/application]}" onto public org.apel.gaia.commons.pager.PageBean org.apel.server.management.main.web.ApplicationController.list(org.apel.gaia.commons.jqgrid.QueryParams)
2017-06-21 14:13:03,754 INFO [main] o.s.w.s.m.m.a.RequestMappingHandlerMapping [AbstractHandlerMethodMapping.java : 543] Mapped "{[/application/{id}],methods=[GET]}" onto public org.apel.server.management.main.container.domain.Application org.apel.server.management.main.web.ApplicationController.view(java.lang.String)
2017-06-21 14:13:03,755 INFO [main] o.s.w.s.m.m.a.RequestMappingHandlerMapping [AbstractHandlerMethodMapping.java : 543] Mapped "{[/application/all],methods=[GET]}" onto public java.util.List<org.apel.server.management.main.container.domain.Application> org.apel.server.management.main.web.ApplicationController.getAll()
2017-06-21 14:13:03,756 INFO [main] o.s.w.s.m.m.a.RequestMappingHandlerMapping [AbstractHandlerMethodMapping.java : 543] Mapped "{[/application/upload/{id}],methods=[POST]}" onto public org.apel.gaia.commons.i18n.Message org.apel.server.management.main.web.ApplicationController.upload(java.lang.String,org.springframework.web.multipart.MultipartFile)
2017-06-21 14:13:03,757 INFO [main] o.s.w.s.m.m.a.RequestMappingHandlerMapping [AbstractHandlerMethodMapping.java : 543] Mapped "{[/application],methods=[DELETE]}" onto public org.apel.gaia.commons.i18n.Message org.apel.server.management.main.web.ApplicationController.batchDelete(java.lang.String[])
2017-06-21 14:13:03,758 INFO [main] o.s.w.s.m.m.a.RequestMappingHandlerMapping [AbstractHandlerMethodMapping.java : 543] Mapped "{[/application/getServerType],methods=[GET]}" onto public java.util.List<java.util.Map<java.lang.String, java.lang.Object>> org.apel.server.management.main.web.ApplicationController.getServerType()
2017-06-21 14:13:03,766 INFO [main] o.s.w.s.m.m.a.RequestMappingHandlerMapping [AbstractHandlerMethodMapping.java : 543] Mapped "{[/test/index],methods=[GET]}" onto public java.lang.String org.apel.server.management.main.web.TestController.index()
2017-06-21 14:13:03,767 INFO [main] o.s.w.s.m.m.a.RequestMappingHandlerMapping [AbstractHandlerMethodMapping.java : 543] Mapped "{[/test/user/{id}],methods=[GET]}" onto public org.springframework.boot.autoconfigure.security.SecurityProperties$User org.apel.server.management.main.web.TestController.findById(java.lang.String)
2017-06-21 14:13:03,768 INFO [main] o.s.w.s.m.m.a.RequestMappingHandlerMapping [AbstractHandlerMethodMapping.java : 543] Mapped "{[/test/subContainer],methods=[GET]}" onto public java.lang.String org.apel.server.management.main.web.TestController.subContainer()
2017-06-21 14:13:03,772 INFO [main] o.s.w.s.m.m.a.RequestMappingHandlerMapping [AbstractHandlerMethodMapping.java : 543] Mapped "{[/export/jqgrid],methods=[POST]}" onto public org.springframework.http.ResponseEntity<byte[]> org.apel.gaia.infrastructure.ExportController.exportExcel(org.apel.gaia.commons.jqgrid.QueryParams,java.lang.String,java.lang.String,java.lang.String,java.lang.String,java.lang.String,java.lang.String,java.lang.String,java.lang.String) throws java.lang.Exception
2017-06-21 14:13:03,775 INFO [main] o.s.w.s.m.m.a.RequestMappingHandlerMapping [AbstractHandlerMethodMapping.java : 543] Mapped "{[/file_progress]}" onto public java.lang.Integer org.apel.gaia.container.boot.controller.CommonController.netCheck(javax.servlet.http.HttpSession)
2017-06-21 14:13:03,776 INFO [main] o.s.w.s.m.m.a.RequestMappingHandlerMapping [AbstractHandlerMethodMapping.java : 543] Mapped "{[/net_check]}" onto public java.lang.String org.apel.gaia.container.boot.controller.CommonController.netCheck(java.lang.String)
2017-06-21 14:13:03,777 INFO [main] o.s.w.s.m.m.a.RequestMappingHandlerMapping [AbstractHandlerMethodMapping.java : 543] Mapped "{[/net_detect]}" onto public java.lang.String org.apel.gaia.container.boot.controller.CommonController.netDedect()
2017-06-21 14:13:03,781 INFO [main] o.s.w.s.m.m.a.RequestMappingHandlerMapping [AbstractHandlerMethodMapping.java : 543] Mapped "{[/400]}" onto public java.lang.String org.apel.gaia.container.boot.controller.ContainerErrorController._400() throws java.lang.Exception
2017-06-21 14:13:03,782 INFO [main] o.s.w.s.m.m.a.RequestMappingHandlerMapping [AbstractHandlerMethodMapping.java : 543] Mapped "{[/403]}" onto public java.lang.String org.apel.gaia.container.boot.controller.ContainerErrorController._403() throws java.lang.Exception
2017-06-21 14:13:03,782 INFO [main] o.s.w.s.m.m.a.RequestMappingHandlerMapping [AbstractHandlerMethodMapping.java : 543] Mapped "{[/404]}" onto public java.lang.String org.apel.gaia.container.boot.controller.ContainerErrorController._404() throws java.lang.Exception
2017-06-21 14:13:03,783 INFO [main] o.s.w.s.m.m.a.RequestMappingHandlerMapping [AbstractHandlerMethodMapping.java : 543] Mapped "{[/405]}" onto public java.lang.String org.apel.gaia.container.boot.controller.ContainerErrorController._405() throws java.lang.Exception
2017-06-21 14:13:03,784 INFO [main] o.s.w.s.m.m.a.RequestMappingHandlerMapping [AbstractHandlerMethodMapping.java : 543] Mapped "{[/500]}" onto public java.lang.String org.apel.gaia.container.boot.controller.ContainerErrorController._500() throws java.lang.Exception
2017-06-21 14:13:03,785 INFO [main] o.s.w.s.m.m.a.RequestMappingHandlerMapping [AbstractHandlerMethodMapping.java : 543] Mapped "{[/error]}" onto public java.lang.String org.apel.gaia.container.boot.controller.SpringErrorController.error()
2017-06-21 14:13:03,993 INFO [main] o.s.w.s.h.SimpleUrlHandlerMapping [AbstractUrlHandlerMapping.java : 362] Mapped URL path [/webjars/**] onto handler of type [class org.springframework.web.servlet.resource.ResourceHttpRequestHandler]
2017-06-21 14:13:03,994 INFO [main] o.s.w.s.h.SimpleUrlHandlerMapping [AbstractUrlHandlerMapping.java : 362] Mapped URL path [/**] onto handler of type [class org.springframework.web.servlet.resource.ResourceHttpRequestHandler]
2017-06-21 14:13:04,205 INFO [main] o.s.w.s.h.SimpleUrlHandlerMapping [AbstractUrlHandlerMapping.java : 362] Mapped URL path [/**/favicon.ico] onto handler of type [class org.springframework.web.servlet.resource.ResourceHttpRequestHandler]
2017-06-21 14:13:06,485 INFO [main] o.s.j.e.a.AnnotationMBeanExporter [MBeanExporter.java : 431] Registering beans for JMX exposure on startup
2017-06-21 14:13:06,491 INFO [main] o.s.j.e.a.AnnotationMBeanExporter [MBeanExporter.java : 916] Bean with name 'dataSource' has been autodetected for JMX exposure
2017-06-21 14:13:06,515 INFO [main] o.s.j.e.a.AnnotationMBeanExporter [MBeanExporter.java : 671] Located MBean 'dataSource': registering with JMX server as MBean [com.alibaba.druid.pool:name=dataSource,type=DruidDataSource]
2017-06-21 14:13:06,555 INFO [main] o.e.jetty.ContextHandler.application [ContextHandler.java : 2207] Initializing Spring FrameworkServlet 'dispatcherServlet'
2017-06-21 14:13:06,556 INFO [main] o.s.web.servlet.DispatcherServlet [FrameworkServlet.java : 489] FrameworkServlet 'dispatcherServlet': initialization started
2017-06-21 14:13:06,610 INFO [main] o.s.web.servlet.DispatcherServlet [FrameworkServlet.java : 508] FrameworkServlet 'dispatcherServlet': initialization completed in 53 ms
2017-06-21 14:13:06,721 INFO [main] o.e.jetty.server.AbstractConnector [AbstractConnector.java : 280] Started ServerConnector@1fbbf0a{HTTP/1.1,[http/1.1]}{0.0.0.0:6555}
2017-06-21 14:13:06,723 INFO [main] o.s.b.c.e.j.JettyEmbeddedServletContainer [JettyEmbeddedServletContainer.java : 144] Jetty started on port(s) 6555 (http/1.1)
2017-06-21 14:13:06,788 INFO [main] o.a.s.m.main.web.test.StartMainWeb [StartupInfoLogger.java : 57] Started StartMainWeb in 38.731 seconds (JVM running for 42.714)
2017-06-21 14:13:18,391 INFO [qtp876786-42] o.a.g.p.dao.CommonRepositoryImpl [CommonRepositoryImpl.java : 497] qlString = {FROM ApplicationAgent WHERE 1=1}
2017-06-21 14:13:18,393 INFO [qtp876786-42] o.a.g.p.dao.CommonRepositoryImpl [CommonRepositoryImpl.java : 701] conIndex = {22}
2017-06-21 14:13:18,394 INFO [qtp876786-42] o.a.g.p.dao.CommonRepositoryImpl [CommonRepositoryImpl.java : 706] 条件前的?个数：{0}
2017-06-21 14:13:18,395 INFO [qtp876786-42] o.a.g.p.dao.CommonRepositoryImpl [CommonRepositoryImpl.java : 707] 条件后的?个数：{0}
2017-06-21 14:13:18,396 INFO [qtp876786-42] o.a.g.p.dao.CommonRepositoryImpl [CommonRepositoryImpl.java : 708] 条件的起始位置：{0}
2017-06-21 14:13:18,398 INFO [qtp876786-42] o.a.g.p.dao.CommonRepositoryImpl [CommonRepositoryImpl.java : 674] condition = {}
2017-06-21 14:13:18,399 INFO [qtp876786-42] o.a.g.p.dao.CommonRepositoryImpl [CommonRepositoryImpl.java : 482] order = { ORDER BY createDate DESC}
2017-06-21 14:13:18,400 INFO [qtp876786-42] o.a.g.p.dao.CommonRepositoryImpl [CommonRepositoryImpl.java : 420] list_ql = {FROM ApplicationAgent  WHERE 1=1  ORDER BY createDate DESC}
2017-06-21 14:13:18,401 INFO [qtp876786-42] o.a.g.p.dao.CommonRepositoryImpl [CommonRepositoryImpl.java : 152] count_ql = {SELECT count(*) FROM ApplicationAgent  WHERE 1=1 }
2017-06-21 14:13:18,966 INFO [qtp876786-42] o.a.g.p.dao.CommonRepositoryImpl [CommonRepositoryImpl.java : 737] executeCount totalRows = {2}
2017-06-21 14:14:54,058 INFO [qtp876786-14] o.a.g.p.dao.CommonRepositoryImpl [CommonRepositoryImpl.java : 497] qlString = {FROM ApplicationAgent WHERE 1=1}
2017-06-21 14:14:54,059 INFO [qtp876786-14] o.a.g.p.dao.CommonRepositoryImpl [CommonRepositoryImpl.java : 701] conIndex = {22}
2017-06-21 14:14:54,061 INFO [qtp876786-14] o.a.g.p.dao.CommonRepositoryImpl [CommonRepositoryImpl.java : 706] 条件前的?个数：{0}
2017-06-21 14:14:54,062 INFO [qtp876786-14] o.a.g.p.dao.CommonRepositoryImpl [CommonRepositoryImpl.java : 707] 条件后的?个数：{0}
2017-06-21 14:14:54,063 INFO [qtp876786-14] o.a.g.p.dao.CommonRepositoryImpl [CommonRepositoryImpl.java : 708] 条件的起始位置：{0}
2017-06-21 14:14:54,064 INFO [qtp876786-14] o.a.g.p.dao.CommonRepositoryImpl [CommonRepositoryImpl.java : 674] condition = {}
2017-06-21 14:14:54,065 INFO [qtp876786-14] o.a.g.p.dao.CommonRepositoryImpl [CommonRepositoryImpl.java : 482] order = { ORDER BY createDate DESC}
2017-06-21 14:14:54,066 INFO [qtp876786-14] o.a.g.p.dao.CommonRepositoryImpl [CommonRepositoryImpl.java : 420] list_ql = {FROM ApplicationAgent  WHERE 1=1  ORDER BY createDate DESC}
2017-06-21 14:14:54,068 INFO [qtp876786-14] o.a.g.p.dao.CommonRepositoryImpl [CommonRepositoryImpl.java : 152] count_ql = {SELECT count(*) FROM ApplicationAgent  WHERE 1=1 }
2017-06-21 14:14:54,073 INFO [qtp876786-14] o.a.g.p.dao.CommonRepositoryImpl [CommonRepositoryImpl.java : 737] executeCount totalRows = {2}
2017-06-21 14:15:09,727 WARN [qtp876786-16] o.s.validation.DataBinder [ExtendedServletRequestDataBinder.java : 68] Skipping URI variable 'id' since the request contains a bind value with the same name.
2017-06-21 14:15:10,000 INFO [qtp876786-42] o.a.g.p.dao.CommonRepositoryImpl [CommonRepositoryImpl.java : 497] qlString = {FROM ApplicationAgent WHERE 1=1}
2017-06-21 14:15:10,001 INFO [qtp876786-42] o.a.g.p.dao.CommonRepositoryImpl [CommonRepositoryImpl.java : 701] conIndex = {22}
2017-06-21 14:15:10,003 INFO [qtp876786-42] o.a.g.p.dao.CommonRepositoryImpl [CommonRepositoryImpl.java : 706] 条件前的?个数：{0}
2017-06-21 14:15:10,004 INFO [qtp876786-42] o.a.g.p.dao.CommonRepositoryImpl [CommonRepositoryImpl.java : 707] 条件后的?个数：{0}
2017-06-21 14:15:10,005 INFO [qtp876786-42] o.a.g.p.dao.CommonRepositoryImpl [CommonRepositoryImpl.java : 708] 条件的起始位置：{0}
2017-06-21 14:15:10,006 INFO [qtp876786-42] o.a.g.p.dao.CommonRepositoryImpl [CommonRepositoryImpl.java : 674] condition = {}
2017-06-21 14:15:10,007 INFO [qtp876786-42] o.a.g.p.dao.CommonRepositoryImpl [CommonRepositoryImpl.java : 482] order = { ORDER BY createDate DESC}
2017-06-21 14:15:10,009 INFO [qtp876786-42] o.a.g.p.dao.CommonRepositoryImpl [CommonRepositoryImpl.java : 420] list_ql = {FROM ApplicationAgent  WHERE 1=1  ORDER BY createDate DESC}
2017-06-21 14:15:10,010 INFO [qtp876786-42] o.a.g.p.dao.CommonRepositoryImpl [CommonRepositoryImpl.java : 152] count_ql = {SELECT count(*) FROM ApplicationAgent  WHERE 1=1 }
2017-06-21 14:15:10,014 INFO [qtp876786-42] o.a.g.p.dao.CommonRepositoryImpl [CommonRepositoryImpl.java : 737] executeCount totalRows = {2}
2017-06-21 14:17:49,910 INFO [Druid-ConnectionPool-Log-16017225] c.a.d.p.DruidDataSourceStatLoggerImpl [DruidDataSourceStatLoggerImpl.java : 77] {"url":"jdbc:mysql://192.168.0.94:3306/dsgc?useUnicode=true&characterEncoding=utf8&pinGlobalTxToPhysicalConnection=true","dbType":"mysql","name":"DataSource-16017225","activeCount":0,"activePeak":2,"activePeakTime":"2017-06-21 14:12:57","poolingCount":2,"poolingPeak":2,"poolingPeakTime":"2017-06-21 14:12:58","connectCount":11,"closeCount":11,"notEmptyWaitCount":1,"notEmptyWaitMillis":26,"physicalConnectCount":1,"executeCount":11,"commitCount":7,"pstmtCacheHitCount":7,"pstmtCacheMissCount":4,"startTransactionCount":7,"transactionHistogram":[0,2,3,2],"connectionHoldTimeHistogram":[0,1,4,5,1],"sqlList":[{"sql":"select count(*) as col_0_0_ from base_application_agent applicatio0_ where 1=1","executeCount":3,"executeMillisMax":16,"executeMillisTotal":20,"executeHistogram":[0,2,1],"executeAndResultHoldHistogram":[3],"concurrentMax":1,"fetchRowCount":1,"fetchRowHistogram":[0,3],"inTransactionCount":3},{"sql":"select applicatio0_.id as id1_3_, applicatio0_.context as context2_3_, applicatio0_.createDate as createDa3_3_, applicatio0_.ip as ip4_3_, applicatio0_.name as name5_3_, applicatio0_.port as port6_3_, applicatio0_.status as status7_3_ from base_application_agent applicatio0_ where 1=1 order by applicatio0_.createDate DESC limit ?","executeCount":3,"executeMillisMax":3,"executeMillisTotal":7,"executeHistogram":[0,3],"executeAndResultHoldHistogram":[3],"concurrentMax":1,"fetchRowCount":2,"fetchRowHistogram":[0,3],"inTransactionCount":3},{"sql":"select applicatio0_.id as id1_3_0_, applicatio0_.context as context2_3_0_, applicatio0_.createDate as createDa3_3_0_, applicatio0_.ip as ip4_3_0_, applicatio0_.name as name5_3_0_, applicatio0_.port as port6_3_0_, applicatio0_.status as status7_3_0_ from base_application_agent applicatio0_ where applicatio0_.id=?","executeCount":4,"executeMillisMax":2,"executeMillisTotal":8,"executeHistogram":[0,4],"executeAndResultHoldHistogram":[4],"concurrentMax":1,"fetchRowCount":1,"fetchRowHistogram":[0,4],"inTransactionCount":4},{"sql":"update base_application_agent set context=?, createDate=?, ip=?, name=?, port=?, status=? where id=?","executeCount":1,"executeMillisMax":4,"executeMillisTotal":4,"executeHistogram":[0,1],"executeAndResultHoldHistogram":[0,1],"concurrentMax":1,"updateCount":1,"updateCountMax":1,"updateHistogram":[0,1],"inTransactionCount":1}]}
2017-06-21 14:22:49,911 INFO [Druid-ConnectionPool-Log-16017225] c.a.d.p.DruidDataSourceStatLoggerImpl [DruidDataSourceStatLoggerImpl.java : 77] {"url":"jdbc:mysql://192.168.0.94:3306/dsgc?useUnicode=true&characterEncoding=utf8&pinGlobalTxToPhysicalConnection=true","dbType":"mysql","name":"DataSource-16017225","activeCount":0,"poolingCount":1,"connectCount":0,"closeCount":0,"physicalCloseCount":1}
2017-06-21 14:27:49,912 INFO [Druid-ConnectionPool-Log-16017225] c.a.d.p.DruidDataSourceStatLoggerImpl [DruidDataSourceStatLoggerImpl.java : 77] {"url":"jdbc:mysql://192.168.0.94:3306/dsgc?useUnicode=true&characterEncoding=utf8&pinGlobalTxToPhysicalConnection=true","dbType":"mysql","name":"DataSource-16017225","activeCount":0,"poolingCount":1,"connectCount":0,"closeCount":0}
