2017-06-27 09:26:15,101 INFO [main] o.a.s.m.main.web.test.StartMainWeb [StartupInfoLogger.java : 48] Starting StartMainWeb on wulin with PID 7544 (D:\soft\job\java\javaIDE\eclipse_jee\bjhy_attachment_workspace\server-management-parent\server-management-main-web\target\test-classes started by Administrator in D:\soft\job\java\javaIDE\eclipse_jee\bjhy_attachment_workspace\server-management-parent\server-management-main-web)
2017-06-27 09:26:15,211 INFO [main] o.a.s.m.main.web.test.StartMainWeb [SpringApplication.java : 637] No active profile set, falling back to default profiles: default
2017-06-27 09:26:15,526 INFO [main] o.s.b.c.e.AnnotationConfigEmbeddedWebApplicationContext [AbstractApplicationContext.java : 582] Refreshing org.springframework.boot.context.embedded.AnnotationConfigEmbeddedWebApplicationContext@c4ddae: startup date [Tue Jun 27 09:26:15 CST 2017]; root of context hierarchy
2017-06-27 09:26:16,199 INFO [background-preinit] o.h.validator.internal.util.Version [Version.java : 30] HV000001: Hibernate Validator 5.3.4.Final
2017-06-27 09:26:20,100 INFO [main] o.s.b.f.xml.XmlBeanDefinitionReader [XmlBeanDefinitionReader.java : 317] Loading XML bean definitions from file [D:\soft\job\java\javaIDE\eclipse_jee\bjhy_attachment_workspace\server-management-parent\server-management-main-web\target\classes\META-INF\spring\module-server-management-main-web.xml]
2017-06-27 09:26:20,905 INFO [main] o.s.b.f.xml.XmlBeanDefinitionReader [XmlBeanDefinitionReader.java : 317] Loading XML bean definitions from file [D:\soft\job\java\javaIDE\eclipse_jee\bjhy_attachment_workspace\server-management-parent\server-management-main-container\target\classes\META-INF\spring\module-server-management-main-container.xml]
2017-06-27 09:26:21,634 INFO [main] o.s.b.f.xml.XmlBeanDefinitionReader [XmlBeanDefinitionReader.java : 317] Loading XML bean definitions from file [D:\soft\job\java\javaIDE\eclipse_jee\bjhy_attachment_workspace\server-management-parent\server-management-common\target\classes\META-INF\spring\module-server-management-common.xml]
2017-06-27 09:26:21,705 INFO [main] o.s.b.f.xml.XmlBeanDefinitionReader [XmlBeanDefinitionReader.java : 317] Loading XML bean definitions from file [D:\soft\job\java\javaIDE\eclipse_jee\bjhy_attachment_workspace\server-management-parent\server-management-base\target\classes\META-INF\spring\module-server-management-base.xml]
2017-06-27 09:26:21,793 INFO [main] o.s.b.f.xml.XmlBeanDefinitionReader [XmlBeanDefinitionReader.java : 317] Loading XML bean definitions from URL [jar:file:/D:/repository/org/apel/gaia-property-loader/1.0.1-SNAPSHOT/gaia-property-loader-1.0.1-SNAPSHOT.jar!/META-INF/spring/module-property-loader.xml]
2017-06-27 09:26:21,845 INFO [main] o.s.b.f.xml.XmlBeanDefinitionReader [XmlBeanDefinitionReader.java : 317] Loading XML bean definitions from URL [jar:file:/D:/repository/org/apel/gaia-persist/1.0.1-SNAPSHOT/gaia-persist-1.0.1-SNAPSHOT.jar!/META-INF/spring/module-persist.xml]
2017-06-27 09:26:22,188 INFO [main] o.s.b.f.xml.XmlBeanDefinitionReader [XmlBeanDefinitionReader.java : 317] Loading XML bean definitions from URL [jar:file:/D:/repository/org/apel/gaia-infrastructure/1.0.1-SNAPSHOT/gaia-infrastructure-1.0.1-SNAPSHOT.jar!/META-INF/spring/module-gaia-infrastructure.xml]
2017-06-27 09:26:22,246 INFO [main] o.s.b.f.xml.XmlBeanDefinitionReader [XmlBeanDefinitionReader.java : 317] Loading XML bean definitions from URL [jar:file:/D:/repository/org/apel/poseidon-security-commons/1.0.2-SNAPSHOT/poseidon-security-commons-1.0.2-SNAPSHOT.jar!/META-INF/spring/module-poseidon-common.xml]
2017-06-27 09:26:22,290 INFO [main] o.s.b.f.xml.XmlBeanDefinitionReader [XmlBeanDefinitionReader.java : 317] Loading XML bean definitions from URL [jar:file:/D:/repository/org/apel/gaia-container-boot/1.0.1-SNAPSHOT/gaia-container-boot-1.0.1-SNAPSHOT.jar!/META-INF/spring/module-boot.xml]
2017-06-27 09:26:22,378 INFO [main] o.s.b.f.xml.XmlBeanDefinitionReader [XmlBeanDefinitionReader.java : 317] Loading XML bean definitions from URL [jar:file:/D:/repository/org/apel/gaia-container-boot/1.0.1-SNAPSHOT/gaia-container-boot-1.0.1-SNAPSHOT.jar!/META-INF/spring/module-mvc.xml]
2017-06-27 09:26:22,499 INFO [main] o.s.b.f.xml.XmlBeanDefinitionReader [XmlBeanDefinitionReader.java : 317] Loading XML bean definitions from URL [jar:file:/D:/repository/org/apel/gaia-js-lib/1.0.1-SNAPSHOT/gaia-js-lib-1.0.1-SNAPSHOT.jar!/META-INF/spring/module-js-lib.xml]
2017-06-27 09:26:23,403 INFO [main] o.s.b.f.s.DefaultListableBeanFactory [DefaultListableBeanFactory.java : 828] Overriding bean definition for bean 'org.springframework.transaction.config.internalTransactionAdvisor' with a different definition: replacing [Root bean: class [org.springframework.transaction.interceptor.BeanFactoryTransactionAttributeSourceAdvisor]; scope=; abstract=false; lazyInit=false; autowireMode=0; dependencyCheck=0; autowireCandidate=true; primary=false; factoryBeanName=null; factoryMethodName=null; initMethodName=null; destroyMethodName=null] with [Root bean: class [null]; scope=; abstract=false; lazyInit=false; autowireMode=3; dependencyCheck=0; autowireCandidate=true; primary=false; factoryBeanName=org.springframework.transaction.annotation.ProxyTransactionManagementConfiguration; factoryMethodName=transactionAdvisor; initMethodName=null; destroyMethodName=(inferred); defined in class path resource [org/springframework/transaction/annotation/ProxyTransactionManagementConfiguration.class]]
2017-06-27 09:26:23,452 INFO [main] o.s.c.a.ConfigurationClassBeanDefinitionReader [ConfigurationClassBeanDefinitionReader.java : 298] Skipping bean definition for [BeanMethod:name=transactionalEventListenerFactory,declaringClass=org.springframework.transaction.annotation.AbstractTransactionManagementConfiguration]: a definition for bean 'org.springframework.transaction.config.internalTransactionalEventListenerFactory' already exists. This top-level bean definition is considered as an override.
2017-06-27 09:26:23,936 INFO [main] o.s.b.f.s.DefaultListableBeanFactory [DefaultListableBeanFactory.java : 828] Overriding bean definition for bean 'entityManagerFactory' with a different definition: replacing [Root bean: class [null]; scope=; abstract=false; lazyInit=false; autowireMode=3; dependencyCheck=0; autowireCandidate=true; primary=true; factoryBeanName=org.springframework.boot.autoconfigure.orm.jpa.HibernateJpaAutoConfiguration; factoryMethodName=entityManagerFactory; initMethodName=null; destroyMethodName=(inferred); defined in class path resource [org/springframework/boot/autoconfigure/orm/jpa/HibernateJpaAutoConfiguration.class]] with [Root bean: class [null]; scope=; abstract=false; lazyInit=false; autowireMode=3; dependencyCheck=0; autowireCandidate=true; primary=false; factoryBeanName=jpaConfig; factoryMethodName=entityManagerFactory; initMethodName=null; destroyMethodName=(inferred); defined in org.apel.gaia.persist.config.hibernate.JpaConfig]
2017-06-27 09:26:23,960 INFO [main] o.s.b.f.s.DefaultListableBeanFactory [DefaultListableBeanFactory.java : 828] Overriding bean definition for bean 'transactionManager' with a different definition: replacing [Root bean: class [null]; scope=; abstract=false; lazyInit=false; autowireMode=3; dependencyCheck=0; autowireCandidate=true; primary=false; factoryBeanName=org.springframework.boot.autoconfigure.orm.jpa.HibernateJpaAutoConfiguration; factoryMethodName=transactionManager; initMethodName=null; destroyMethodName=(inferred); defined in class path resource [org/springframework/boot/autoconfigure/orm/jpa/HibernateJpaAutoConfiguration.class]] with [Root bean: class [null]; scope=; abstract=false; lazyInit=false; autowireMode=3; dependencyCheck=0; autowireCandidate=true; primary=false; factoryBeanName=txConfig; factoryMethodName=transactionManager; initMethodName=null; destroyMethodName=(inferred); defined in org.apel.gaia.persist.config.hibernate.TxConfig]
2017-06-27 09:26:26,790 INFO [main] o.s.b.f.s.DefaultListableBeanFactory [DefaultListableBeanFactory.java : 828] Overriding bean definition for bean 'dataSource' with a different definition: replacing [Root bean: class [null]; scope=; abstract=false; lazyInit=false; autowireMode=3; dependencyCheck=0; autowireCandidate=true; primary=false; factoryBeanName=org.springframework.boot.autoconfigure.jdbc.EmbeddedDataSourceConfiguration; factoryMethodName=dataSource; initMethodName=null; destroyMethodName=(inferred); defined in class path resource [org/springframework/boot/autoconfigure/jdbc/EmbeddedDataSourceConfiguration.class]] with [Root bean: class [null]; scope=; abstract=false; lazyInit=false; autowireMode=3; dependencyCheck=0; autowireCandidate=true; primary=false; factoryBeanName=DBConfig; factoryMethodName=dataSource; initMethodName=init; destroyMethodName=close; defined in org.apel.gaia.persist.config.db.DBConfig]
2017-06-27 09:26:27,567 WARN [main] o.s.c.a.ConfigurationClassEnhancer [ConfigurationClassEnhancer.java : 350] @Bean method CenterPropertyLoader.propertyPlaceholderConfigurer is non-static and returns an object assignable to Spring's BeanFactoryPostProcessor interface. This will result in a failure to process annotations such as @Autowired, @Resource and @PostConstruct within the method's declaring @Configuration class. Add the 'static' modifier to this method to avoid these container lifecycle issues; see @Bean javadoc for complete details.
2017-06-27 09:26:28,241 WARN [main] o.h.v.m.ParameterMessageInterpolator [ParameterMessageInterpolator.java : 28] HV000184: ParameterMessageInterpolator has been chosen, EL interpolation will not be supported
2017-06-27 09:26:28,808 INFO [main] o.s.c.s.PostProcessorRegistrationDelegate$BeanPostProcessorChecker [PostProcessorRegistrationDelegate.java : 325] Bean 'org.springframework.transaction.annotation.ProxyTransactionManagementConfiguration' of type [org.springframework.transaction.annotation.ProxyTransactionManagementConfiguration$$EnhancerBySpringCGLIB$$90a32899] is not eligible for getting processed by all BeanPostProcessors (for example: not eligible for auto-proxying)
2017-06-27 09:26:29,319 WARN [main] o.h.v.m.ParameterMessageInterpolator [ParameterMessageInterpolator.java : 28] HV000184: ParameterMessageInterpolator has been chosen, EL interpolation will not be supported
2017-06-27 09:26:29,870 INFO [main] org.eclipse.jetty.util.log [Log.java : 192] Logging initialized @22918ms to org.eclipse.jetty.util.log.Slf4jLog
2017-06-27 09:26:31,390 INFO [main] o.s.b.c.e.j.JettyEmbeddedServletContainerFactory [JettyEmbeddedServletContainerFactory.java : 176] Server initialized with port: 6555
2017-06-27 09:26:31,417 INFO [main] org.eclipse.jetty.server.Server [Server.java : 372] jetty-9.4.2.v20170220
2017-06-27 09:26:31,908 INFO [main] org.eclipse.jetty.server.session [DefaultSessionIdManager.java : 360] DefaultSessionIdManager workerName=node0
2017-06-27 09:26:31,908 INFO [main] org.eclipse.jetty.server.session [DefaultSessionIdManager.java : 365] No SessionScavenger set, using defaults
2017-06-27 09:26:31,908 INFO [main] org.eclipse.jetty.server.session [HouseKeeper.java : 146] Scavenging every 660000ms
2017-06-27 09:26:31,924 INFO [main] o.e.jetty.ContextHandler.application [ContextHandler.java : 2207] Initializing Spring embedded WebApplicationContext
2017-06-27 09:26:31,924 INFO [main] o.s.web.context.ContextLoader [EmbeddedWebApplicationContext.java : 276] Root WebApplicationContext: initialization completed in 16398 ms
2017-06-27 09:26:32,422 INFO [main] o.s.b.w.s.ServletRegistrationBean [ServletRegistrationBean.java : 190] Mapping servlet: 'dispatcherServlet' to [/]
2017-06-27 09:26:32,438 INFO [main] o.s.b.w.s.FilterRegistrationBean [AbstractFilterRegistrationBean.java : 258] Mapping filter: 'characterEncodingFilter' to: [/*]
2017-06-27 09:26:32,438 INFO [main] o.s.b.w.s.FilterRegistrationBean [AbstractFilterRegistrationBean.java : 258] Mapping filter: 'hiddenHttpMethodFilter' to: [/*]
2017-06-27 09:26:32,438 INFO [main] o.s.b.w.s.FilterRegistrationBean [AbstractFilterRegistrationBean.java : 258] Mapping filter: 'httpPutFormContentFilter' to: [/*]
2017-06-27 09:26:32,438 INFO [main] o.s.b.w.s.FilterRegistrationBean [AbstractFilterRegistrationBean.java : 258] Mapping filter: 'requestContextFilter' to: [/*]
2017-06-27 09:26:32,438 INFO [main] o.s.b.w.s.FilterRegistrationBean [AbstractFilterRegistrationBean.java : 258] Mapping filter: 'customUrlDecisionFilter' to: [/*]
2017-06-27 09:26:34,008 INFO [main] o.e.j.server.handler.ContextHandler [ContextHandler.java : 802] Started o.s.b.c.e.j.JettyEmbeddedWebAppContext@59a68{/main-container,[file:///C:/Users/Administrator/AppData/Local/Temp/jetty-docbase.5065259252020347117.6555/],AVAILABLE}
2017-06-27 09:26:34,008 INFO [main] org.eclipse.jetty.server.Server [Server.java : 444] Started @27060ms
2017-06-27 09:26:37,876 INFO [main] c.alibaba.druid.pool.DruidDataSource [DruidDataSource.java : 669] {dataSource-1} inited
2017-06-27 09:26:37,882 INFO [Druid-ConnectionPool-Log-25592426] c.a.d.p.DruidDataSourceStatLoggerImpl [DruidDataSourceStatLoggerImpl.java : 77] {"url":"jdbc:mysql://192.168.0.94:3306/dsgc?useUnicode=true&characterEncoding=utf8&pinGlobalTxToPhysicalConnection=true","dbType":"mysql","name":"DataSource-25592426","activeCount":0,"poolingCount":1,"poolingPeak":1,"poolingPeakTime":"2017-06-27 09:26:37","connectCount":0,"closeCount":0,"physicalConnectCount":1}
2017-06-27 09:26:39,135 INFO [main] o.s.o.j.LocalContainerEntityManagerFactoryBean [LocalContainerEntityManagerFactoryBean.java : 349] Building JPA container EntityManagerFactory for persistence unit 'platform'
2017-06-27 09:26:39,249 INFO [main] o.h.jpa.internal.util.LogHelper [LogHelper.java : 31] HHH000204: Processing PersistenceUnitInfo [
	name: platform
	...]
2017-06-27 09:26:39,763 INFO [main] org.hibernate.Version [Version.java : 37] HHH000412: Hibernate Core {5.0.12.Final}
2017-06-27 09:26:39,771 INFO [main] org.hibernate.cfg.Environment [Environment.java : 213] HHH000206: hibernate.properties not found
2017-06-27 09:26:39,778 INFO [main] org.hibernate.cfg.Environment [Environment.java : 317] HHH000021: Bytecode provider name : javassist
2017-06-27 09:26:40,170 INFO [main] o.h.annotations.common.Version [JavaReflectionManager.java : 66] HCANN000001: Hibernate Commons Annotations {5.0.1.Final}
2017-06-27 09:26:41,282 INFO [main] org.hibernate.dialect.Dialect [Dialect.java : 156] HHH000400: Using dialect: org.hibernate.dialect.MySQL5Dialect
2017-06-27 09:26:42,998 INFO [main] o.h.cache.spi.UpdateTimestampsCache [UpdateTimestampsCache.java : 55] HHH000250: Starting update timestamps cache at region: org.hibernate.cache.spi.UpdateTimestampsCache
2017-06-27 09:26:43,013 WARN [main] o.h.c.e.AbstractEhcacheRegionFactory [AbstractEhcacheRegionFactory.java : 161] HHH020003: Could not find a specific ehcache configuration for cache named [org.hibernate.cache.spi.UpdateTimestampsCache]; using defaults.
2017-06-27 09:26:43,155 INFO [main] o.h.c.internal.StandardQueryCache [StandardQueryCache.java : 74] HHH000248: Starting query cache at region: org.hibernate.cache.internal.StandardQueryCache
2017-06-27 09:26:43,155 WARN [main] o.h.c.e.AbstractEhcacheRegionFactory [AbstractEhcacheRegionFactory.java : 161] HHH020003: Could not find a specific ehcache configuration for cache named [org.hibernate.cache.internal.StandardQueryCache]; using defaults.
2017-06-27 09:26:44,231 INFO [main] o.h.tool.hbm2ddl.SchemaUpdate [SchemaUpdate.java : 105] HHH000228: Running hbm2ddl schema update
2017-06-27 09:26:45,325 INFO [main] o.s.o.j.LocalContainerEntityManagerFactoryBean [AbstractEntityManagerFactoryBean.java : 379] Initialized JPA EntityManagerFactory for persistence unit 'platform'
2017-06-27 09:26:46,576 INFO [main] o.h.h.i.QueryTranslatorFactoryInitiator [QueryTranslatorFactoryInitiator.java : 47] HHH000397: Using ASTQueryTranslatorFactory
2017-06-27 09:26:47,622 INFO [net.sf.ehcache.CacheManager@149d616] net.sf.ehcache.util.UpdateChecker [UpdateChecker.java : 98] New update(s) found: 2.4.7 [http://www.terracotta.org/confluence/display/release/Release+Notes+Ehcache+Core+2.4]. Please check http://ehcache.org for the latest version.
2017-06-27 09:26:51,149 INFO [main] o.s.u.f.SpringTemplateLoader [SpringTemplateLoader.java : 61] SpringTemplateLoader for FreeMarker: using resource loader [org.springframework.boot.context.embedded.AnnotationConfigEmbeddedWebApplicationContext@c4ddae: startup date [Tue Jun 27 09:26:15 CST 2017]; root of context hierarchy] and template loader path [jar:file:/D:/repository/org/apel/gaia-container-boot/1.0.1-SNAPSHOT/gaia-container-boot-1.0.1-SNAPSHOT.jar!/platform/templates/]
2017-06-27 09:26:51,149 INFO [main] o.s.u.f.SpringTemplateLoader [SpringTemplateLoader.java : 61] SpringTemplateLoader for FreeMarker: using resource loader [org.springframework.boot.context.embedded.AnnotationConfigEmbeddedWebApplicationContext@c4ddae: startup date [Tue Jun 27 09:26:15 CST 2017]; root of context hierarchy] and template loader path [classpath:/templates/]
2017-06-27 09:26:51,149 INFO [main] o.s.w.s.v.f.FreeMarkerConfigurer [FreeMarkerConfigurer.java : 127] ClassTemplateLoader for Spring macros added to FreeMarker configuration
2017-06-27 09:26:52,416 INFO [main] o.s.w.s.m.m.a.RequestMappingHandlerAdapter [RequestMappingHandlerAdapter.java : 534] Looking for @ControllerAdvice: org.springframework.boot.context.embedded.AnnotationConfigEmbeddedWebApplicationContext@c4ddae: startup date [Tue Jun 27 09:26:15 CST 2017]; root of context hierarchy
2017-06-27 09:26:52,807 INFO [main] o.s.w.s.m.m.a.RequestMappingHandlerMapping [AbstractHandlerMethodMapping.java : 543] Mapped "{[/appAndAgent/index],methods=[GET]}" onto public java.lang.String org.apel.server.management.main.web.AppAndAgentController.index()
2017-06-27 09:26:52,807 INFO [main] o.s.w.s.m.m.a.RequestMappingHandlerMapping [AbstractHandlerMethodMapping.java : 543] Mapped "{[/appAndAgent/{id}],methods=[DELETE]}" onto public org.apel.gaia.commons.i18n.Message org.apel.server.management.main.web.AppAndAgentController.delete(java.lang.String)
2017-06-27 09:26:52,807 INFO [main] o.s.w.s.m.m.a.RequestMappingHandlerMapping [AbstractHandlerMethodMapping.java : 543] Mapped "{[/appAndAgent/{id}],methods=[PUT]}" onto public org.apel.gaia.commons.i18n.Message org.apel.server.management.main.web.AppAndAgentController.create(java.lang.String,org.apel.server.management.main.container.domain.AppAndAgent)
2017-06-27 09:26:52,807 INFO [main] o.s.w.s.m.m.a.RequestMappingHandlerMapping [AbstractHandlerMethodMapping.java : 543] Mapped "{[/appAndAgent],methods=[POST]}" onto public org.apel.gaia.commons.i18n.Message org.apel.server.management.main.web.AppAndAgentController.create(org.apel.server.management.main.container.domain.AppAndAgent)
2017-06-27 09:26:52,807 INFO [main] o.s.w.s.m.m.a.RequestMappingHandlerMapping [AbstractHandlerMethodMapping.java : 543] Mapped "{[/appAndAgent/suspend/{id}],methods=[GET]}" onto public org.apel.gaia.commons.i18n.Message org.apel.server.management.main.web.AppAndAgentController.suspend(java.lang.String)
2017-06-27 09:26:52,807 INFO [main] o.s.w.s.m.m.a.RequestMappingHandlerMapping [AbstractHandlerMethodMapping.java : 543] Mapped "{[/appAndAgent]}" onto public org.apel.gaia.commons.pager.PageBean org.apel.server.management.main.web.AppAndAgentController.list(org.apel.gaia.commons.jqgrid.QueryParams)
2017-06-27 09:26:52,807 INFO [main] o.s.w.s.m.m.a.RequestMappingHandlerMapping [AbstractHandlerMethodMapping.java : 543] Mapped "{[/appAndAgent/{id}],methods=[GET]}" onto public org.apel.server.management.main.container.domain.AppAndAgent org.apel.server.management.main.web.AppAndAgentController.view(java.lang.String)
2017-06-27 09:26:52,807 INFO [main] o.s.w.s.m.m.a.RequestMappingHandlerMapping [AbstractHandlerMethodMapping.java : 543] Mapped "{[/appAndAgent/deploy/{id}],methods=[GET]}" onto public org.apel.gaia.commons.i18n.Message org.apel.server.management.main.web.AppAndAgentController.deploy(java.lang.String)
2017-06-27 09:26:52,807 INFO [main] o.s.w.s.m.m.a.RequestMappingHandlerMapping [AbstractHandlerMethodMapping.java : 543] Mapped "{[/appAndAgent/upgrade/{id}],methods=[GET]}" onto public org.apel.gaia.commons.i18n.Message org.apel.server.management.main.web.AppAndAgentController.upgrade(java.lang.String)
2017-06-27 09:26:52,807 INFO [main] o.s.w.s.m.m.a.RequestMappingHandlerMapping [AbstractHandlerMethodMapping.java : 543] Mapped "{[/appAndAgent/startup/{id}],methods=[GET]}" onto public org.apel.gaia.commons.i18n.Message org.apel.server.management.main.web.AppAndAgentController.startup(java.lang.String)
2017-06-27 09:26:52,807 INFO [main] o.s.w.s.m.m.a.RequestMappingHandlerMapping [AbstractHandlerMethodMapping.java : 543] Mapped "{[/appAndAgent/getStartStatus]}" onto public java.util.List<java.util.Map<java.lang.String, java.lang.Object>> org.apel.server.management.main.web.AppAndAgentController.getStartStatus()
2017-06-27 09:26:52,807 INFO [main] o.s.w.s.m.m.a.RequestMappingHandlerMapping [AbstractHandlerMethodMapping.java : 543] Mapped "{[/appAndAgent/getAllAgent],methods=[GET]}" onto public java.util.List<java.util.Map<java.lang.String, java.lang.Object>> org.apel.server.management.main.web.AppAndAgentController.getAllAgent()
2017-06-27 09:26:52,823 INFO [main] o.s.w.s.m.m.a.RequestMappingHandlerMapping [AbstractHandlerMethodMapping.java : 543] Mapped "{[/appAndAgent/getAllAppVersion],methods=[GET]}" onto public java.util.List<java.util.Map<java.lang.String, java.lang.Object>> org.apel.server.management.main.web.AppAndAgentController.getAllAppVersion(java.lang.String)
2017-06-27 09:26:52,823 INFO [main] o.s.w.s.m.m.a.RequestMappingHandlerMapping [AbstractHandlerMethodMapping.java : 543] Mapped "{[/appAndAgent],methods=[DELETE]}" onto public org.apel.gaia.commons.i18n.Message org.apel.server.management.main.web.AppAndAgentController.batchDelete(java.lang.String[])
2017-06-27 09:26:52,823 INFO [main] o.s.w.s.m.m.a.RequestMappingHandlerMapping [AbstractHandlerMethodMapping.java : 543] Mapped "{[/appAndAgent/getAllApplication],methods=[GET]}" onto public java.util.List<java.util.Map<java.lang.String, java.lang.Object>> org.apel.server.management.main.web.AppAndAgentController.getAllApplication()
2017-06-27 09:26:52,823 INFO [main] o.s.w.s.m.m.a.RequestMappingHandlerMapping [AbstractHandlerMethodMapping.java : 543] Mapped "{[/appAndAgent/all],methods=[GET]}" onto public java.util.List<org.apel.server.management.main.container.domain.AppAndAgent> org.apel.server.management.main.web.AppAndAgentController.getAll()
2017-06-27 09:26:52,823 INFO [main] o.s.w.s.m.m.a.RequestMappingHandlerMapping [AbstractHandlerMethodMapping.java : 543] Mapped "{[/applicationAgent/index],methods=[GET]}" onto public java.lang.String org.apel.server.management.main.web.ApplicationAgentController.index()
2017-06-27 09:26:52,823 INFO [main] o.s.w.s.m.m.a.RequestMappingHandlerMapping [AbstractHandlerMethodMapping.java : 543] Mapped "{[/applicationAgent/{id}],methods=[DELETE]}" onto public org.apel.gaia.commons.i18n.Message org.apel.server.management.main.web.ApplicationAgentController.delete(java.lang.String)
2017-06-27 09:26:52,823 INFO [main] o.s.w.s.m.m.a.RequestMappingHandlerMapping [AbstractHandlerMethodMapping.java : 543] Mapped "{[/applicationAgent/{id}],methods=[PUT]}" onto public org.apel.gaia.commons.i18n.Message org.apel.server.management.main.web.ApplicationAgentController.create(java.lang.String,org.apel.server.management.main.container.domain.ApplicationAgent)
2017-06-27 09:26:52,823 INFO [main] o.s.w.s.m.m.a.RequestMappingHandlerMapping [AbstractHandlerMethodMapping.java : 543] Mapped "{[/applicationAgent],methods=[POST]}" onto public org.apel.gaia.commons.i18n.Message org.apel.server.management.main.web.ApplicationAgentController.create(org.apel.server.management.main.container.domain.ApplicationAgent)
2017-06-27 09:26:52,823 INFO [main] o.s.w.s.m.m.a.RequestMappingHandlerMapping [AbstractHandlerMethodMapping.java : 543] Mapped "{[/applicationAgent]}" onto public org.apel.gaia.commons.pager.PageBean org.apel.server.management.main.web.ApplicationAgentController.list(org.apel.gaia.commons.jqgrid.QueryParams)
2017-06-27 09:26:52,823 INFO [main] o.s.w.s.m.m.a.RequestMappingHandlerMapping [AbstractHandlerMethodMapping.java : 543] Mapped "{[/applicationAgent/{id}],methods=[GET]}" onto public org.apel.server.management.main.container.domain.ApplicationAgent org.apel.server.management.main.web.ApplicationAgentController.view(java.lang.String)
2017-06-27 09:26:52,823 INFO [main] o.s.w.s.m.m.a.RequestMappingHandlerMapping [AbstractHandlerMethodMapping.java : 543] Mapped "{[/applicationAgent],methods=[DELETE]}" onto public org.apel.gaia.commons.i18n.Message org.apel.server.management.main.web.ApplicationAgentController.batchDelete(java.lang.String[])
2017-06-27 09:26:52,823 INFO [main] o.s.w.s.m.m.a.RequestMappingHandlerMapping [AbstractHandlerMethodMapping.java : 543] Mapped "{[/applicationAgent/getAgentStatus],methods=[GET]}" onto public java.util.List<java.util.Map<java.lang.String, java.lang.Object>> org.apel.server.management.main.web.ApplicationAgentController.getAgentStatus()
2017-06-27 09:26:52,823 INFO [main] o.s.w.s.m.m.a.RequestMappingHandlerMapping [AbstractHandlerMethodMapping.java : 543] Mapped "{[/applicationAgent/all],methods=[GET]}" onto public java.util.List<org.apel.server.management.main.container.domain.ApplicationAgent> org.apel.server.management.main.web.ApplicationAgentController.getAll()
2017-06-27 09:26:52,839 INFO [main] o.s.w.s.m.m.a.RequestMappingHandlerMapping [AbstractHandlerMethodMapping.java : 543] Mapped "{[/application/index],methods=[GET]}" onto public java.lang.String org.apel.server.management.main.web.ApplicationController.index()
2017-06-27 09:26:52,839 INFO [main] o.s.w.s.m.m.a.RequestMappingHandlerMapping [AbstractHandlerMethodMapping.java : 543] Mapped "{[/application/{id}],methods=[DELETE]}" onto public org.apel.gaia.commons.i18n.Message org.apel.server.management.main.web.ApplicationController.delete(java.lang.String)
2017-06-27 09:26:52,839 INFO [main] o.s.w.s.m.m.a.RequestMappingHandlerMapping [AbstractHandlerMethodMapping.java : 543] Mapped "{[/application/{id}],methods=[PUT]}" onto public org.apel.gaia.commons.i18n.Message org.apel.server.management.main.web.ApplicationController.create(java.lang.String,org.apel.server.management.main.container.domain.Application)
2017-06-27 09:26:52,839 INFO [main] o.s.w.s.m.m.a.RequestMappingHandlerMapping [AbstractHandlerMethodMapping.java : 543] Mapped "{[/application],methods=[POST]}" onto public org.apel.gaia.commons.i18n.Message org.apel.server.management.main.web.ApplicationController.create(org.apel.server.management.main.container.domain.Application)
2017-06-27 09:26:52,839 INFO [main] o.s.w.s.m.m.a.RequestMappingHandlerMapping [AbstractHandlerMethodMapping.java : 543] Mapped "{[/application]}" onto public org.apel.gaia.commons.pager.PageBean org.apel.server.management.main.web.ApplicationController.list(org.apel.gaia.commons.jqgrid.QueryParams)
2017-06-27 09:26:52,839 INFO [main] o.s.w.s.m.m.a.RequestMappingHandlerMapping [AbstractHandlerMethodMapping.java : 543] Mapped "{[/application/{id}],methods=[GET]}" onto public org.apel.server.management.main.container.domain.Application org.apel.server.management.main.web.ApplicationController.view(java.lang.String)
2017-06-27 09:26:52,839 INFO [main] o.s.w.s.m.m.a.RequestMappingHandlerMapping [AbstractHandlerMethodMapping.java : 543] Mapped "{[/application/upload/{id}],methods=[POST]}" onto public org.apel.gaia.commons.i18n.Message org.apel.server.management.main.web.ApplicationController.upload(java.lang.String,org.springframework.web.multipart.MultipartFile)
2017-06-27 09:26:52,839 INFO [main] o.s.w.s.m.m.a.RequestMappingHandlerMapping [AbstractHandlerMethodMapping.java : 543] Mapped "{[/application],methods=[DELETE]}" onto public org.apel.gaia.commons.i18n.Message org.apel.server.management.main.web.ApplicationController.batchDelete(java.lang.String[])
2017-06-27 09:26:52,839 INFO [main] o.s.w.s.m.m.a.RequestMappingHandlerMapping [AbstractHandlerMethodMapping.java : 543] Mapped "{[/application/getServerType],methods=[GET]}" onto public java.util.List<java.util.Map<java.lang.String, java.lang.Object>> org.apel.server.management.main.web.ApplicationController.getServerType()
2017-06-27 09:26:52,839 INFO [main] o.s.w.s.m.m.a.RequestMappingHandlerMapping [AbstractHandlerMethodMapping.java : 543] Mapped "{[/application/all],methods=[GET]}" onto public java.util.List<org.apel.server.management.main.container.domain.Application> org.apel.server.management.main.web.ApplicationController.getAll()
2017-06-27 09:26:52,839 INFO [main] o.s.w.s.m.m.a.RequestMappingHandlerMapping [AbstractHandlerMethodMapping.java : 543] Mapped "{[/restMain/setPidById],methods=[GET]}" onto public org.apel.server.management.base.domain.TransferAgent org.apel.server.management.main.web.RestMainController.setPidById(java.lang.String,java.lang.String,java.lang.String)
2017-06-27 09:26:52,854 INFO [main] o.s.w.s.m.m.a.RequestMappingHandlerMapping [AbstractHandlerMethodMapping.java : 543] Mapped "{[/test/index],methods=[GET]}" onto public java.lang.String org.apel.server.management.main.web.TestController.index()
2017-06-27 09:26:52,854 INFO [main] o.s.w.s.m.m.a.RequestMappingHandlerMapping [AbstractHandlerMethodMapping.java : 543] Mapped "{[/test/user/{id}],methods=[GET]}" onto public org.springframework.boot.autoconfigure.security.SecurityProperties$User org.apel.server.management.main.web.TestController.findById(java.lang.String)
2017-06-27 09:26:52,854 INFO [main] o.s.w.s.m.m.a.RequestMappingHandlerMapping [AbstractHandlerMethodMapping.java : 543] Mapped "{[/test/subContainer],methods=[GET]}" onto public java.lang.String org.apel.server.management.main.web.TestController.subContainer()
2017-06-27 09:26:52,854 INFO [main] o.s.w.s.m.m.a.RequestMappingHandlerMapping [AbstractHandlerMethodMapping.java : 543] Mapped "{[/export/jqgrid],methods=[POST]}" onto public org.springframework.http.ResponseEntity<byte[]> org.apel.gaia.infrastructure.ExportController.exportExcel(org.apel.gaia.commons.jqgrid.QueryParams,java.lang.String,java.lang.String,java.lang.String,java.lang.String,java.lang.String,java.lang.String,java.lang.String,java.lang.String) throws java.lang.Exception
2017-06-27 09:26:52,854 INFO [main] o.s.w.s.m.m.a.RequestMappingHandlerMapping [AbstractHandlerMethodMapping.java : 543] Mapped "{[/file_progress]}" onto public java.lang.Integer org.apel.gaia.container.boot.controller.CommonController.netCheck(javax.servlet.http.HttpSession)
2017-06-27 09:26:52,854 INFO [main] o.s.w.s.m.m.a.RequestMappingHandlerMapping [AbstractHandlerMethodMapping.java : 543] Mapped "{[/net_check]}" onto public java.lang.String org.apel.gaia.container.boot.controller.CommonController.netCheck(java.lang.String)
2017-06-27 09:26:52,854 INFO [main] o.s.w.s.m.m.a.RequestMappingHandlerMapping [AbstractHandlerMethodMapping.java : 543] Mapped "{[/net_detect]}" onto public java.lang.String org.apel.gaia.container.boot.controller.CommonController.netDedect()
2017-06-27 09:26:52,870 INFO [main] o.s.w.s.m.m.a.RequestMappingHandlerMapping [AbstractHandlerMethodMapping.java : 543] Mapped "{[/404]}" onto public java.lang.String org.apel.gaia.container.boot.controller.ContainerErrorController._404() throws java.lang.Exception
2017-06-27 09:26:52,870 INFO [main] o.s.w.s.m.m.a.RequestMappingHandlerMapping [AbstractHandlerMethodMapping.java : 543] Mapped "{[/500]}" onto public java.lang.String org.apel.gaia.container.boot.controller.ContainerErrorController._500() throws java.lang.Exception
2017-06-27 09:26:52,870 INFO [main] o.s.w.s.m.m.a.RequestMappingHandlerMapping [AbstractHandlerMethodMapping.java : 543] Mapped "{[/405]}" onto public java.lang.String org.apel.gaia.container.boot.controller.ContainerErrorController._405() throws java.lang.Exception
2017-06-27 09:26:52,870 INFO [main] o.s.w.s.m.m.a.RequestMappingHandlerMapping [AbstractHandlerMethodMapping.java : 543] Mapped "{[/403]}" onto public java.lang.String org.apel.gaia.container.boot.controller.ContainerErrorController._403() throws java.lang.Exception
2017-06-27 09:26:52,870 INFO [main] o.s.w.s.m.m.a.RequestMappingHandlerMapping [AbstractHandlerMethodMapping.java : 543] Mapped "{[/400]}" onto public java.lang.String org.apel.gaia.container.boot.controller.ContainerErrorController._400() throws java.lang.Exception
2017-06-27 09:26:52,870 INFO [main] o.s.w.s.m.m.a.RequestMappingHandlerMapping [AbstractHandlerMethodMapping.java : 543] Mapped "{[/error]}" onto public java.lang.String org.apel.gaia.container.boot.controller.SpringErrorController.error()
2017-06-27 09:26:53,073 INFO [main] o.s.w.s.h.SimpleUrlHandlerMapping [AbstractUrlHandlerMapping.java : 362] Mapped URL path [/webjars/**] onto handler of type [class org.springframework.web.servlet.resource.ResourceHttpRequestHandler]
2017-06-27 09:26:53,073 INFO [main] o.s.w.s.h.SimpleUrlHandlerMapping [AbstractUrlHandlerMapping.java : 362] Mapped URL path [/**] onto handler of type [class org.springframework.web.servlet.resource.ResourceHttpRequestHandler]
2017-06-27 09:26:53,244 INFO [main] o.s.w.s.h.SimpleUrlHandlerMapping [AbstractUrlHandlerMapping.java : 362] Mapped URL path [/**/favicon.ico] onto handler of type [class org.springframework.web.servlet.resource.ResourceHttpRequestHandler]
2017-06-27 09:26:55,069 INFO [main] o.s.j.e.a.AnnotationMBeanExporter [MBeanExporter.java : 431] Registering beans for JMX exposure on startup
2017-06-27 09:26:55,102 INFO [main] o.s.j.e.a.AnnotationMBeanExporter [MBeanExporter.java : 916] Bean with name 'dataSource' has been autodetected for JMX exposure
2017-06-27 09:26:55,117 INFO [main] o.s.j.e.a.AnnotationMBeanExporter [MBeanExporter.java : 671] Located MBean 'dataSource': registering with JMX server as MBean [com.alibaba.druid.pool:name=dataSource,type=DruidDataSource]
2017-06-27 09:26:55,164 INFO [main] o.e.jetty.ContextHandler.application [ContextHandler.java : 2207] Initializing Spring FrameworkServlet 'dispatcherServlet'
2017-06-27 09:26:55,164 INFO [main] o.s.web.servlet.DispatcherServlet [FrameworkServlet.java : 489] FrameworkServlet 'dispatcherServlet': initialization started
2017-06-27 09:26:55,211 INFO [main] o.s.web.servlet.DispatcherServlet [FrameworkServlet.java : 508] FrameworkServlet 'dispatcherServlet': initialization completed in 47 ms
2017-06-27 09:26:55,242 INFO [main] o.e.jetty.server.AbstractConnector [AbstractConnector.java : 280] Started ServerConnector@1f77353{HTTP/1.1,[http/1.1]}{0.0.0.0:6555}
2017-06-27 09:26:55,242 INFO [main] o.s.b.c.e.j.JettyEmbeddedServletContainer [JettyEmbeddedServletContainer.java : 144] Jetty started on port(s) 6555 (http/1.1)
2017-06-27 09:26:55,258 INFO [main] o.a.s.m.main.web.test.StartMainWeb [StartupInfoLogger.java : 57] Started StartMainWeb in 43.04 seconds (JVM running for 48.318)
2017-06-27 09:27:15,475 INFO [qtp30088111-22] o.a.g.p.dao.CommonRepositoryImpl [CommonRepositoryImpl.java : 497] qlString = {FROM Application WHERE 1=1}
2017-06-27 09:27:15,476 INFO [qtp30088111-22] o.a.g.p.dao.CommonRepositoryImpl [CommonRepositoryImpl.java : 701] conIndex = {17}
2017-06-27 09:27:15,477 INFO [qtp30088111-22] o.a.g.p.dao.CommonRepositoryImpl [CommonRepositoryImpl.java : 706] 条件前的?个数：{0}
2017-06-27 09:27:15,478 INFO [qtp30088111-22] o.a.g.p.dao.CommonRepositoryImpl [CommonRepositoryImpl.java : 707] 条件后的?个数：{0}
2017-06-27 09:27:15,479 INFO [qtp30088111-22] o.a.g.p.dao.CommonRepositoryImpl [CommonRepositoryImpl.java : 708] 条件的起始位置：{0}
2017-06-27 09:27:15,480 INFO [qtp30088111-22] o.a.g.p.dao.CommonRepositoryImpl [CommonRepositoryImpl.java : 674] condition = {}
2017-06-27 09:27:15,481 INFO [qtp30088111-22] o.a.g.p.dao.CommonRepositoryImpl [CommonRepositoryImpl.java : 482] order = { ORDER BY createDate DESC}
2017-06-27 09:27:15,483 INFO [qtp30088111-22] o.a.g.p.dao.CommonRepositoryImpl [CommonRepositoryImpl.java : 420] list_ql = {FROM Application  WHERE 1=1  ORDER BY createDate DESC}
2017-06-27 09:27:15,484 INFO [qtp30088111-22] o.a.g.p.dao.CommonRepositoryImpl [CommonRepositoryImpl.java : 152] count_ql = {SELECT count(*) FROM Application  WHERE 1=1 }
2017-06-27 09:27:15,525 INFO [qtp30088111-22] o.a.g.p.dao.CommonRepositoryImpl [CommonRepositoryImpl.java : 737] executeCount totalRows = {6}
2017-06-27 09:27:34,589 INFO [qtp30088111-47] o.a.g.p.dao.CommonRepositoryImpl [CommonRepositoryImpl.java : 497] qlString = {FROM Application WHERE 1=1}
2017-06-27 09:27:34,591 INFO [qtp30088111-47] o.a.g.p.dao.CommonRepositoryImpl [CommonRepositoryImpl.java : 701] conIndex = {17}
2017-06-27 09:27:34,592 INFO [qtp30088111-47] o.a.g.p.dao.CommonRepositoryImpl [CommonRepositoryImpl.java : 706] 条件前的?个数：{0}
2017-06-27 09:27:34,593 INFO [qtp30088111-47] o.a.g.p.dao.CommonRepositoryImpl [CommonRepositoryImpl.java : 707] 条件后的?个数：{0}
2017-06-27 09:27:34,594 INFO [qtp30088111-47] o.a.g.p.dao.CommonRepositoryImpl [CommonRepositoryImpl.java : 708] 条件的起始位置：{0}
2017-06-27 09:27:34,595 INFO [qtp30088111-47] o.a.g.p.dao.CommonRepositoryImpl [CommonRepositoryImpl.java : 674] condition = {}
2017-06-27 09:27:34,596 INFO [qtp30088111-47] o.a.g.p.dao.CommonRepositoryImpl [CommonRepositoryImpl.java : 482] order = { ORDER BY createDate DESC}
2017-06-27 09:27:34,597 INFO [qtp30088111-47] o.a.g.p.dao.CommonRepositoryImpl [CommonRepositoryImpl.java : 420] list_ql = {FROM Application  WHERE 1=1  ORDER BY createDate DESC}
2017-06-27 09:27:34,598 INFO [qtp30088111-47] o.a.g.p.dao.CommonRepositoryImpl [CommonRepositoryImpl.java : 152] count_ql = {SELECT count(*) FROM Application  WHERE 1=1 }
2017-06-27 09:27:34,603 INFO [qtp30088111-47] o.a.g.p.dao.CommonRepositoryImpl [CommonRepositoryImpl.java : 737] executeCount totalRows = {6}
2017-06-27 09:27:42,354 INFO [qtp30088111-48] o.a.g.p.dao.CommonRepositoryImpl [CommonRepositoryImpl.java : 497] qlString = {FROM ApplicationAgent WHERE 1=1}
2017-06-27 09:27:42,355 INFO [qtp30088111-48] o.a.g.p.dao.CommonRepositoryImpl [CommonRepositoryImpl.java : 701] conIndex = {22}
2017-06-27 09:27:42,356 INFO [qtp30088111-48] o.a.g.p.dao.CommonRepositoryImpl [CommonRepositoryImpl.java : 706] 条件前的?个数：{0}
2017-06-27 09:27:42,357 INFO [qtp30088111-48] o.a.g.p.dao.CommonRepositoryImpl [CommonRepositoryImpl.java : 707] 条件后的?个数：{0}
2017-06-27 09:27:42,358 INFO [qtp30088111-48] o.a.g.p.dao.CommonRepositoryImpl [CommonRepositoryImpl.java : 708] 条件的起始位置：{0}
2017-06-27 09:27:42,359 INFO [qtp30088111-48] o.a.g.p.dao.CommonRepositoryImpl [CommonRepositoryImpl.java : 674] condition = {}
2017-06-27 09:27:42,360 INFO [qtp30088111-48] o.a.g.p.dao.CommonRepositoryImpl [CommonRepositoryImpl.java : 482] order = { ORDER BY createDate DESC}
2017-06-27 09:27:42,361 INFO [qtp30088111-48] o.a.g.p.dao.CommonRepositoryImpl [CommonRepositoryImpl.java : 420] list_ql = {FROM ApplicationAgent  WHERE 1=1  ORDER BY createDate DESC}
2017-06-27 09:27:42,362 INFO [qtp30088111-48] o.a.g.p.dao.CommonRepositoryImpl [CommonRepositoryImpl.java : 152] count_ql = {SELECT count(*) FROM ApplicationAgent  WHERE 1=1 }
2017-06-27 09:27:42,374 INFO [qtp30088111-48] o.a.g.p.dao.CommonRepositoryImpl [CommonRepositoryImpl.java : 737] executeCount totalRows = {2}
2017-06-27 09:27:59,136 INFO [qtp30088111-49] o.a.g.p.dao.CommonRepositoryImpl [CommonRepositoryImpl.java : 497] qlString = {FROM Application WHERE 1=1}
2017-06-27 09:27:59,136 INFO [qtp30088111-49] o.a.g.p.dao.CommonRepositoryImpl [CommonRepositoryImpl.java : 701] conIndex = {17}
2017-06-27 09:27:59,136 INFO [qtp30088111-49] o.a.g.p.dao.CommonRepositoryImpl [CommonRepositoryImpl.java : 706] 条件前的?个数：{0}
2017-06-27 09:27:59,136 INFO [qtp30088111-49] o.a.g.p.dao.CommonRepositoryImpl [CommonRepositoryImpl.java : 707] 条件后的?个数：{0}
2017-06-27 09:27:59,136 INFO [qtp30088111-49] o.a.g.p.dao.CommonRepositoryImpl [CommonRepositoryImpl.java : 708] 条件的起始位置：{0}
2017-06-27 09:27:59,136 INFO [qtp30088111-49] o.a.g.p.dao.CommonRepositoryImpl [CommonRepositoryImpl.java : 674] condition = {}
2017-06-27 09:27:59,136 INFO [qtp30088111-49] o.a.g.p.dao.CommonRepositoryImpl [CommonRepositoryImpl.java : 482] order = { ORDER BY createDate DESC}
2017-06-27 09:27:59,136 INFO [qtp30088111-49] o.a.g.p.dao.CommonRepositoryImpl [CommonRepositoryImpl.java : 420] list_ql = {FROM Application  WHERE 1=1  ORDER BY createDate DESC}
2017-06-27 09:27:59,136 INFO [qtp30088111-49] o.a.g.p.dao.CommonRepositoryImpl [CommonRepositoryImpl.java : 152] count_ql = {SELECT count(*) FROM Application  WHERE 1=1 }
2017-06-27 09:27:59,136 INFO [qtp30088111-49] o.a.g.p.dao.CommonRepositoryImpl [CommonRepositoryImpl.java : 737] executeCount totalRows = {6}
2017-06-27 09:28:24,064 INFO [qtp30088111-21] o.a.g.p.dao.CommonRepositoryImpl [CommonRepositoryImpl.java : 497] qlString = {FROM AppAndAgent WHERE 1=1}
2017-06-27 09:28:24,080 INFO [qtp30088111-21] o.a.g.p.dao.CommonRepositoryImpl [CommonRepositoryImpl.java : 701] conIndex = {17}
2017-06-27 09:28:24,080 INFO [qtp30088111-21] o.a.g.p.dao.CommonRepositoryImpl [CommonRepositoryImpl.java : 706] 条件前的?个数：{0}
2017-06-27 09:28:24,080 INFO [qtp30088111-21] o.a.g.p.dao.CommonRepositoryImpl [CommonRepositoryImpl.java : 707] 条件后的?个数：{0}
2017-06-27 09:28:24,080 INFO [qtp30088111-21] o.a.g.p.dao.CommonRepositoryImpl [CommonRepositoryImpl.java : 708] 条件的起始位置：{0}
2017-06-27 09:28:24,080 INFO [qtp30088111-21] o.a.g.p.dao.CommonRepositoryImpl [CommonRepositoryImpl.java : 674] condition = {}
2017-06-27 09:28:24,080 INFO [qtp30088111-21] o.a.g.p.dao.CommonRepositoryImpl [CommonRepositoryImpl.java : 482] order = { ORDER BY createDate DESC}
2017-06-27 09:28:24,080 INFO [qtp30088111-21] o.a.g.p.dao.CommonRepositoryImpl [CommonRepositoryImpl.java : 420] list_ql = {FROM AppAndAgent  WHERE 1=1  ORDER BY createDate DESC}
2017-06-27 09:28:24,080 INFO [qtp30088111-21] o.a.g.p.dao.CommonRepositoryImpl [CommonRepositoryImpl.java : 152] count_ql = {SELECT count(*) FROM AppAndAgent  WHERE 1=1 }
2017-06-27 09:28:24,095 INFO [qtp30088111-21] o.a.g.p.dao.CommonRepositoryImpl [CommonRepositoryImpl.java : 737] executeCount totalRows = {2}
2017-06-27 09:31:37,884 INFO [Druid-ConnectionPool-Log-25592426] c.a.d.p.DruidDataSourceStatLoggerImpl [DruidDataSourceStatLoggerImpl.java : 77] {"url":"jdbc:mysql://192.168.0.94:3306/dsgc?useUnicode=true&characterEncoding=utf8&pinGlobalTxToPhysicalConnection=true","dbType":"mysql","name":"DataSource-25592426","activeCount":0,"activePeak":2,"activePeakTime":"2017-06-27 09:26:44","poolingCount":2,"poolingPeak":2,"poolingPeakTime":"2017-06-27 09:26:45","connectCount":16,"closeCount":16,"notEmptyWaitCount":1,"notEmptyWaitMillis":26,"physicalConnectCount":1,"executeCount":21,"commitCount":12,"pstmtCacheHitCount":11,"pstmtCacheMissCount":10,"startTransactionCount":12,"transactionHistogram":[0,2,8,1,1],"connectionHoldTimeHistogram":[0,1,8,5,2],"sqlList":[{"sql":"select applicatio0_.id as id1_3_, applicatio0_.context as context2_3_, applicatio0_.createDate as createDa3_3_, applicatio0_.ip as ip4_3_, applicatio0_.name as name5_3_, applicatio0_.port as port6_3_, applicatio0_.status as status7_3_, applicatio0_.statusName as statusNa8_3_ from base_application_agent applicatio0_ order by applicatio0_.createDate asc","executeCount":6,"executeMillisMax":18,"executeMillisTotal":28,"executeHistogram":[0,5,1],"executeAndResultHoldHistogram":[6],"concurrentMax":1,"fetchRowCount":2,"fetchRowHistogram":[0,6],"inTransactionCount":6},{"sql":"select count(*) as col_0_0_ from base_application applicatio0_ where 1=1","executeCount":3,"executeMillisMax":1,"executeMillisTotal":4,"executeHistogram":[0,3],"executeAndResultHoldHistogram":[3],"concurrentMax":1,"fetchRowCount":1,"fetchRowHistogram":[0,3],"inTransactionCount":3},{"sql":"select applicatio0_.id as id1_2_, applicatio0_.context as context2_2_, applicatio0_.createDate as createDa3_2_, applicatio0_.hasJar as hasJar4_2_, applicatio0_.name as name5_2_, applicatio0_.serverType as serverTy6_2_, applicatio0_.serverTypeName as serverTy7_2_ from base_application applicatio0_ where 1=1 order by applicatio0_.createDate DESC limit ?","executeCount":3,"executeMillisMax":2,"executeMillisTotal":6,"executeHistogram":[0,3],"executeAndResultHoldHistogram":[3],"concurrentMax":1,"fetchRowCount":6,"fetchRowHistogram":[0,3],"inTransactionCount":3},{"sql":"select count(*) as col_0_0_ from base_application_agent applicatio0_ where 1=1","executeCount":1,"executeMillisMax":1,"executeMillisTotal":1,"executeHistogram":[0,1],"executeAndResultHoldHistogram":[1],"concurrentMax":1,"fetchRowCount":1,"fetchRowHistogram":[0,1],"inTransactionCount":1},{"sql":"select applicatio0_.id as id1_3_, applicatio0_.context as context2_3_, applicatio0_.createDate as createDa3_3_, applicatio0_.ip as ip4_3_, applicatio0_.name as name5_3_, applicatio0_.port as port6_3_, applicatio0_.status as status7_3_, applicatio0_.statusName as statusNa8_3_ from base_application_agent applicatio0_ where 1=1 order by applicatio0_.createDate DESC limit ?","executeCount":1,"executeMillisMax":1,"executeMillisTotal":1,"executeHistogram":[0,1],"executeAndResultHoldHistogram":[1],"concurrentMax":1,"fetchRowCount":2,"fetchRowHistogram":[0,1],"inTransactionCount":1},{"sql":"select applicatio0_.id as id1_2_, applicatio0_.context as context2_2_, applicatio0_.createDate as createDa3_2_, applicatio0_.hasJar as hasJar4_2_, applicatio0_.name as name5_2_, applicatio0_.serverType as serverTy6_2_, applicatio0_.serverTypeName as serverTy7_2_ from base_application applicatio0_ order by applicatio0_.createDate asc","executeCount":1,"executeMillisMax":2,"executeMillisTotal":2,"executeHistogram":[0,1],"executeAndResultHoldHistogram":[1],"concurrentMax":1,"fetchRowCount":6,"fetchRowHistogram":[0,1],"inTransactionCount":1},{"sql":"select count(*) as col_0_0_ from base_app_and_agent appandagen0_ where 1=1","executeCount":1,"executeMillisMax":1,"executeMillisTotal":1,"executeHistogram":[0,1],"executeAndResultHoldHistogram":[1],"concurrentMax":1,"fetchRowCount":1,"fetchRowHistogram":[0,1],"inTransactionCount":1},{"sql":"select appandagen0_.id as id1_0_, appandagen0_.agentContext as agentCon2_0_, appandagen0_.agentIP as agentIP3_0_, appandagen0_.agentLog as agentLog4_0_, appandagen0_.agentPort as agentPor5_0_, appandagen0_.appDeployDirectory as appDeplo6_0_, appandagen0_.applicationContext as applicat7_0_, appandagen0_.applicationIP as applicat8_0_, appandagen0_.applicationLog as applicat9_0_, appandagen0_.applicationPid as applica10_0_, appandagen0_.applicationPort as applica11_0_, appandagen0_.applicationVersion as applica12_0_, appandagen0_.application_id as applica18_0_, appandagen0_.app_agent_id as app_age19_0_, appandagen0_.createDate as createD13_0_, appandagen0_.operatingSystem as operati14_0_, appandagen0_.startDate as startDa15_0_, appandagen0_.startStatus as startSt16_0_, appandagen0_.startStatusName as startSt17_0_ from base_app_and_agent appandagen0_ where 1=1 order by appandagen0_.createDate DESC limit ?","executeCount":1,"executeMillisMax":2,"executeMillisTotal":2,"executeHistogram":[0,1],"executeAndResultHoldHistogram":[1],"concurrentMax":1,"fetchRowCount":2,"fetchRowHistogram":[0,1],"inTransactionCount":1},{"sql":"select applicatio0_.id as id1_2_0_, applicatio0_.context as context2_2_0_, applicatio0_.createDate as createDa3_2_0_, applicatio0_.hasJar as hasJar4_2_0_, applicatio0_.name as name5_2_0_, applicatio0_.serverType as serverTy6_2_0_, applicatio0_.serverTypeName as serverTy7_2_0_ from base_application applicatio0_ where applicatio0_.id=?","executeCount":2,"executeMillisMax":1,"executeMillisTotal":3,"executeHistogram":[0,2],"executeAndResultHoldHistogram":[2],"concurrentMax":1,"fetchRowCount":1,"fetchRowHistogram":[0,2],"inTransactionCount":2},{"sql":"select applicatio0_.id as id1_3_0_, applicatio0_.context as context2_3_0_, applicatio0_.createDate as createDa3_3_0_, applicatio0_.ip as ip4_3_0_, applicatio0_.name as name5_3_0_, applicatio0_.port as port6_3_0_, applicatio0_.status as status7_3_0_, applicatio0_.statusName as statusNa8_3_0_ from base_application_agent applicatio0_ where applicatio0_.id=?","executeCount":2,"executeMillisMax":1,"executeMillisTotal":3,"executeHistogram":[0,2],"executeAndResultHoldHistogram":[2],"concurrentMax":1,"fetchRowCount":1,"fetchRowHistogram":[0,2],"inTransactionCount":2}]}
2017-06-27 09:36:37,888 INFO [Druid-ConnectionPool-Log-25592426] c.a.d.p.DruidDataSourceStatLoggerImpl [DruidDataSourceStatLoggerImpl.java : 77] {"url":"jdbc:mysql://192.168.0.94:3306/dsgc?useUnicode=true&characterEncoding=utf8&pinGlobalTxToPhysicalConnection=true","dbType":"mysql","name":"DataSource-25592426","activeCount":1,"activePeak":1,"activePeakTime":"2017-06-27 09:31:55","poolingCount":0,"poolingPeak":2,"poolingPeakTime":"2017-06-27 09:31:55","connectCount":6,"closeCount":5,"physicalCloseCount":1,"executeCount":6,"commitCount":5,"pstmtCacheHitCount":5,"pstmtCacheMissCount":1,"startTransactionCount":6,"transactionHistogram":[0,0,5],"connectionHoldTimeHistogram":[0,0,5],"sqlList":[{"sql":"select applicatio0_.id as id1_3_, applicatio0_.context as context2_3_, applicatio0_.createDate as createDa3_3_, applicatio0_.ip as ip4_3_, applicatio0_.name as name5_3_, applicatio0_.port as port6_3_, applicatio0_.status as status7_3_, applicatio0_.statusName as statusNa8_3_ from base_application_agent applicatio0_ order by applicatio0_.createDate asc","executeCount":5,"executeMillisMax":2,"executeMillisTotal":10,"executeHistogram":[0,5],"executeAndResultHoldHistogram":[5],"concurrentMax":1,"fetchRowCount":2,"fetchRowHistogram":[0,5],"inTransactionCount":5},{"sql":"select appandagen0_.id as id1_0_0_, appandagen0_.agentContext as agentCon2_0_0_, appandagen0_.agentIP as agentIP3_0_0_, appandagen0_.agentLog as agentLog4_0_0_, appandagen0_.agentPort as agentPor5_0_0_, appandagen0_.appDeployDirectory as appDeplo6_0_0_, appandagen0_.applicationContext as applicat7_0_0_, appandagen0_.applicationIP as applicat8_0_0_, appandagen0_.applicationLog as applicat9_0_0_, appandagen0_.applicationPid as applica10_0_0_, appandagen0_.applicationPort as applica11_0_0_, appandagen0_.applicationVersion as applica12_0_0_, appandagen0_.application_id as applica18_0_0_, appandagen0_.app_agent_id as app_age19_0_0_, appandagen0_.createDate as createD13_0_0_, appandagen0_.operatingSystem as operati14_0_0_, appandagen0_.startDate as startDa15_0_0_, appandagen0_.startStatus as startSt16_0_0_, appandagen0_.startStatusName as startSt17_0_0_, applicatio1_.id as id1_2_1_, applicatio1_.context as context2_2_1_, applicatio1_.createDate as createDa3_2_1_, applicatio1_.hasJar as hasJar4_2_1_, applicatio1_.name as name5_2_1_, applicatio1_.serverType as serverTy6_2_1_, applicatio1_.serverTypeName as serverTy7_2_1_, applicatio2_.id as id1_3_2_, applicatio2_.context as context2_3_2_, applicatio2_.createDate as createDa3_3_2_, applicatio2_.ip as ip4_3_2_, applicatio2_.name as name5_3_2_, applicatio2_.port as port6_3_2_, applicatio2_.status as status7_3_2_, applicatio2_.statusName as statusNa8_3_2_ from base_app_and_agent appandagen0_ left outer join base_application applicatio1_ on appandagen0_.application_id=applicatio1_.id left outer join base_application_agent applicatio2_ on appandagen0_.app_agent_id=applicatio2_.id where appandagen0_.id=?","executeCount":1,"executeMillisMax":8,"executeMillisTotal":8,"executeHistogram":[0,1],"executeAndResultHoldHistogram":[1],"concurrentMax":1,"fetchRowCount":1,"fetchRowHistogram":[0,1],"inTransactionCount":1}]}
2017-06-27 09:37:43,806 INFO [qtp30088111-48] o.a.g.p.dao.CommonRepositoryImpl [CommonRepositoryImpl.java : 497] qlString = {FROM AppAndAgent WHERE 1=1}
2017-06-27 09:37:43,807 INFO [qtp30088111-48] o.a.g.p.dao.CommonRepositoryImpl [CommonRepositoryImpl.java : 701] conIndex = {17}
2017-06-27 09:37:43,809 INFO [qtp30088111-48] o.a.g.p.dao.CommonRepositoryImpl [CommonRepositoryImpl.java : 706] 条件前的?个数：{0}
2017-06-27 09:37:43,810 INFO [qtp30088111-48] o.a.g.p.dao.CommonRepositoryImpl [CommonRepositoryImpl.java : 707] 条件后的?个数：{0}
2017-06-27 09:37:43,811 INFO [qtp30088111-48] o.a.g.p.dao.CommonRepositoryImpl [CommonRepositoryImpl.java : 708] 条件的起始位置：{0}
2017-06-27 09:37:43,812 INFO [qtp30088111-48] o.a.g.p.dao.CommonRepositoryImpl [CommonRepositoryImpl.java : 674] condition = {}
2017-06-27 09:37:43,813 INFO [qtp30088111-48] o.a.g.p.dao.CommonRepositoryImpl [CommonRepositoryImpl.java : 482] order = { ORDER BY createDate DESC}
2017-06-27 09:37:43,814 INFO [qtp30088111-48] o.a.g.p.dao.CommonRepositoryImpl [CommonRepositoryImpl.java : 420] list_ql = {FROM AppAndAgent  WHERE 1=1  ORDER BY createDate DESC}
2017-06-27 09:37:43,815 INFO [qtp30088111-48] o.a.g.p.dao.CommonRepositoryImpl [CommonRepositoryImpl.java : 152] count_ql = {SELECT count(*) FROM AppAndAgent  WHERE 1=1 }
2017-06-27 09:37:43,820 INFO [qtp30088111-48] o.a.g.p.dao.CommonRepositoryImpl [CommonRepositoryImpl.java : 737] executeCount totalRows = {2}
2017-06-27 09:41:37,896 INFO [Druid-ConnectionPool-Log-25592426] c.a.d.p.DruidDataSourceStatLoggerImpl [DruidDataSourceStatLoggerImpl.java : 77] {"url":"jdbc:mysql://192.168.0.94:3306/dsgc?useUnicode=true&characterEncoding=utf8&pinGlobalTxToPhysicalConnection=true","dbType":"mysql","name":"DataSource-25592426","activeCount":0,"activePeak":2,"activePeakTime":"2017-06-27 09:36:55","poolingCount":2,"poolingPeak":2,"poolingPeakTime":"2017-06-27 09:37:43","connectCount":6,"closeCount":7,"notEmptyWaitCount":1,"notEmptyWaitMillis":22,"physicalConnectCount":1,"executeCount":12,"commitCount":7,"pstmtCacheHitCount":10,"pstmtCacheMissCount":2,"startTransactionCount":6,"transactionHistogram":[0,0,6,0,0,1],"connectionHoldTimeHistogram":[0,0,6,0,0,1],"sqlList":[{"sql":"select applicatio0_.id as id1_3_, applicatio0_.context as context2_3_, applicatio0_.createDate as createDa3_3_, applicatio0_.ip as ip4_3_, applicatio0_.name as name5_3_, applicatio0_.port as port6_3_, applicatio0_.status as status7_3_, applicatio0_.statusName as statusNa8_3_ from base_application_agent applicatio0_ order by applicatio0_.createDate asc","executeCount":5,"executeMillisMax":2,"executeMillisTotal":9,"executeHistogram":[0,5],"executeAndResultHoldHistogram":[5],"concurrentMax":1,"fetchRowCount":2,"fetchRowHistogram":[0,5],"inTransactionCount":5},{"sql":"select applicatio0_.id as id1_1_, applicatio0_.appVersion as appVersi2_1_, applicatio0_.application_id as applicat5_1_, applicatio0_.storeDate as storeDat3_1_, applicatio0_.storePath as storePat4_1_ from base_app_version applicatio0_ where applicatio0_.application_id=? and applicatio0_.appVersion=?","executeCount":1,"executeMillisMax":2,"executeMillisTotal":2,"executeHistogram":[0,1],"executeAndResultHoldHistogram":[1],"concurrentMax":1,"fetchRowCount":1,"fetchRowHistogram":[0,1],"inTransactionCount":1},{"sql":"select count(*) as col_0_0_ from base_app_and_agent appandagen0_ where 1=1","executeCount":1,"executeMillisMax":1,"executeMillisTotal":1,"executeHistogram":[0,1],"executeAndResultHoldHistogram":[1],"concurrentMax":1,"fetchRowCount":1,"fetchRowHistogram":[0,1],"inTransactionCount":1},{"sql":"select appandagen0_.id as id1_0_, appandagen0_.agentContext as agentCon2_0_, appandagen0_.agentIP as agentIP3_0_, appandagen0_.agentLog as agentLog4_0_, appandagen0_.agentPort as agentPor5_0_, appandagen0_.appDeployDirectory as appDeplo6_0_, appandagen0_.applicationContext as applicat7_0_, appandagen0_.applicationIP as applicat8_0_, appandagen0_.applicationLog as applicat9_0_, appandagen0_.applicationPid as applica10_0_, appandagen0_.applicationPort as applica11_0_, appandagen0_.applicationVersion as applica12_0_, appandagen0_.application_id as applica18_0_, appandagen0_.app_agent_id as app_age19_0_, appandagen0_.createDate as createD13_0_, appandagen0_.operatingSystem as operati14_0_, appandagen0_.startDate as startDa15_0_, appandagen0_.startStatus as startSt16_0_, appandagen0_.startStatusName as startSt17_0_ from base_app_and_agent appandagen0_ where 1=1 order by appandagen0_.createDate DESC limit ?","executeCount":1,"executeMillisMax":4,"executeMillisTotal":4,"executeHistogram":[0,1],"executeAndResultHoldHistogram":[1],"concurrentMax":1,"fetchRowCount":2,"fetchRowHistogram":[0,1],"inTransactionCount":1},{"sql":"select applicatio0_.id as id1_2_0_, applicatio0_.context as context2_2_0_, applicatio0_.createDate as createDa3_2_0_, applicatio0_.hasJar as hasJar4_2_0_, applicatio0_.name as name5_2_0_, applicatio0_.serverType as serverTy6_2_0_, applicatio0_.serverTypeName as serverTy7_2_0_ from base_application applicatio0_ where applicatio0_.id=?","executeCount":2,"executeMillisMax":2,"executeMillisTotal":3,"executeHistogram":[0,2],"executeAndResultHoldHistogram":[2],"concurrentMax":1,"fetchRowCount":1,"fetchRowHistogram":[0,2],"inTransactionCount":2},{"sql":"select applicatio0_.id as id1_3_0_, applicatio0_.context as context2_3_0_, applicatio0_.createDate as createDa3_3_0_, applicatio0_.ip as ip4_3_0_, applicatio0_.name as name5_3_0_, applicatio0_.port as port6_3_0_, applicatio0_.status as status7_3_0_, applicatio0_.statusName as statusNa8_3_0_ from base_application_agent applicatio0_ where applicatio0_.id=?","executeCount":2,"executeMillisMax":2,"executeMillisTotal":4,"executeHistogram":[0,2],"executeAndResultHoldHistogram":[2],"concurrentMax":1,"fetchRowCount":1,"fetchRowHistogram":[0,2],"inTransactionCount":2}]}
2017-06-27 09:43:29,850 INFO [qtp30088111-22] o.a.g.p.dao.CommonRepositoryImpl [CommonRepositoryImpl.java : 497] qlString = {FROM AppAndAgent WHERE 1=1}
2017-06-27 09:43:29,899 INFO [qtp30088111-22] o.a.g.p.dao.CommonRepositoryImpl [CommonRepositoryImpl.java : 701] conIndex = {17}
2017-06-27 09:43:29,900 INFO [qtp30088111-22] o.a.g.p.dao.CommonRepositoryImpl [CommonRepositoryImpl.java : 706] 条件前的?个数：{0}
2017-06-27 09:43:29,901 INFO [qtp30088111-22] o.a.g.p.dao.CommonRepositoryImpl [CommonRepositoryImpl.java : 707] 条件后的?个数：{0}
2017-06-27 09:43:29,903 INFO [qtp30088111-22] o.a.g.p.dao.CommonRepositoryImpl [CommonRepositoryImpl.java : 708] 条件的起始位置：{0}
2017-06-27 09:43:29,904 INFO [qtp30088111-22] o.a.g.p.dao.CommonRepositoryImpl [CommonRepositoryImpl.java : 674] condition = {}
2017-06-27 09:43:29,905 INFO [qtp30088111-22] o.a.g.p.dao.CommonRepositoryImpl [CommonRepositoryImpl.java : 482] order = { ORDER BY createDate DESC}
2017-06-27 09:43:29,906 INFO [qtp30088111-22] o.a.g.p.dao.CommonRepositoryImpl [CommonRepositoryImpl.java : 420] list_ql = {FROM AppAndAgent  WHERE 1=1  ORDER BY createDate DESC}
2017-06-27 09:43:29,907 INFO [qtp30088111-22] o.a.g.p.dao.CommonRepositoryImpl [CommonRepositoryImpl.java : 152] count_ql = {SELECT count(*) FROM AppAndAgent  WHERE 1=1 }
2017-06-27 09:43:29,911 INFO [qtp30088111-22] o.a.g.p.dao.CommonRepositoryImpl [CommonRepositoryImpl.java : 737] executeCount totalRows = {2}
2017-06-27 09:45:29,411 INFO [qtp30088111-49] o.a.g.p.dao.CommonRepositoryImpl [CommonRepositoryImpl.java : 497] qlString = {FROM AppAndAgent WHERE 1=1}
2017-06-27 09:45:29,413 INFO [qtp30088111-49] o.a.g.p.dao.CommonRepositoryImpl [CommonRepositoryImpl.java : 701] conIndex = {17}
2017-06-27 09:45:29,414 INFO [qtp30088111-49] o.a.g.p.dao.CommonRepositoryImpl [CommonRepositoryImpl.java : 706] 条件前的?个数：{0}
2017-06-27 09:45:29,415 INFO [qtp30088111-49] o.a.g.p.dao.CommonRepositoryImpl [CommonRepositoryImpl.java : 707] 条件后的?个数：{0}
2017-06-27 09:45:29,416 INFO [qtp30088111-49] o.a.g.p.dao.CommonRepositoryImpl [CommonRepositoryImpl.java : 708] 条件的起始位置：{0}
2017-06-27 09:45:29,418 INFO [qtp30088111-49] o.a.g.p.dao.CommonRepositoryImpl [CommonRepositoryImpl.java : 674] condition = {}
2017-06-27 09:45:29,419 INFO [qtp30088111-49] o.a.g.p.dao.CommonRepositoryImpl [CommonRepositoryImpl.java : 482] order = { ORDER BY createDate DESC}
2017-06-27 09:45:29,421 INFO [qtp30088111-49] o.a.g.p.dao.CommonRepositoryImpl [CommonRepositoryImpl.java : 420] list_ql = {FROM AppAndAgent  WHERE 1=1  ORDER BY createDate DESC}
2017-06-27 09:45:29,422 INFO [qtp30088111-49] o.a.g.p.dao.CommonRepositoryImpl [CommonRepositoryImpl.java : 152] count_ql = {SELECT count(*) FROM AppAndAgent  WHERE 1=1 }
2017-06-27 09:45:29,426 INFO [qtp30088111-49] o.a.g.p.dao.CommonRepositoryImpl [CommonRepositoryImpl.java : 737] executeCount totalRows = {2}
2017-06-27 09:46:37,911 INFO [Druid-ConnectionPool-Log-25592426] c.a.d.p.DruidDataSourceStatLoggerImpl [DruidDataSourceStatLoggerImpl.java : 77] {"url":"jdbc:mysql://192.168.0.94:3306/dsgc?useUnicode=true&characterEncoding=utf8&pinGlobalTxToPhysicalConnection=true","dbType":"mysql","name":"DataSource-25592426","activeCount":1,"activePeak":2,"activePeakTime":"2017-06-27 09:42:55","poolingCount":1,"poolingPeak":2,"poolingPeakTime":"2017-06-27 09:41:55","connectCount":10,"closeCount":9,"executeCount":24,"commitCount":9,"pstmtCacheHitCount":23,"pstmtCacheMissCount":1,"startTransactionCount":10,"transactionHistogram":[0,0,7,0,0,2],"connectionHoldTimeHistogram":[0,0,7,0,0,2],"sqlList":[{"sql":"select applicatio0_.id as id1_3_, applicatio0_.context as context2_3_, applicatio0_.createDate as createDa3_3_, applicatio0_.ip as ip4_3_, applicatio0_.name as name5_3_, applicatio0_.port as port6_3_, applicatio0_.status as status7_3_, applicatio0_.statusName as statusNa8_3_ from base_application_agent applicatio0_ order by applicatio0_.createDate asc","executeCount":5,"executeMillisMax":2,"executeMillisTotal":10,"executeHistogram":[0,5],"executeAndResultHoldHistogram":[5],"concurrentMax":1,"fetchRowCount":2,"fetchRowHistogram":[0,5],"inTransactionCount":5},{"sql":"select applicatio0_.id as id1_1_, applicatio0_.appVersion as appVersi2_1_, applicatio0_.application_id as applicat5_1_, applicatio0_.storeDate as storeDat3_1_, applicatio0_.storePath as storePat4_1_ from base_app_version applicatio0_ where applicatio0_.application_id=? and applicatio0_.appVersion=?","executeCount":2,"executeMillisMax":1,"executeMillisTotal":3,"executeHistogram":[0,2],"executeAndResultHoldHistogram":[2],"concurrentMax":1,"fetchRowCount":1,"fetchRowHistogram":[0,2],"inTransactionCount":2},{"sql":"select count(*) as col_0_0_ from base_app_and_agent appandagen0_ where 1=1","executeCount":2,"executeMillisMax":1,"executeMillisTotal":3,"executeHistogram":[0,2],"executeAndResultHoldHistogram":[2],"concurrentMax":1,"fetchRowCount":1,"fetchRowHistogram":[0,2],"inTransactionCount":2},{"sql":"select appandagen0_.id as id1_0_, appandagen0_.agentContext as agentCon2_0_, appandagen0_.agentIP as agentIP3_0_, appandagen0_.agentLog as agentLog4_0_, appandagen0_.agentPort as agentPor5_0_, appandagen0_.appDeployDirectory as appDeplo6_0_, appandagen0_.applicationContext as applicat7_0_, appandagen0_.applicationIP as applicat8_0_, appandagen0_.applicationLog as applicat9_0_, appandagen0_.applicationPid as applica10_0_, appandagen0_.applicationPort as applica11_0_, appandagen0_.applicationVersion as applica12_0_, appandagen0_.application_id as applica18_0_, appandagen0_.app_agent_id as app_age19_0_, appandagen0_.createDate as createD13_0_, appandagen0_.operatingSystem as operati14_0_, appandagen0_.startDate as startDa15_0_, appandagen0_.startStatus as startSt16_0_, appandagen0_.startStatusName as startSt17_0_ from base_app_and_agent appandagen0_ where 1=1 order by appandagen0_.createDate DESC limit ?","executeCount":2,"executeMillisMax":2,"executeMillisTotal":5,"executeHistogram":[0,2],"executeAndResultHoldHistogram":[2],"concurrentMax":1,"fetchRowCount":2,"fetchRowHistogram":[0,2],"inTransactionCount":2},{"sql":"select applicatio0_.id as id1_2_0_, applicatio0_.context as context2_2_0_, applicatio0_.createDate as createDa3_2_0_, applicatio0_.hasJar as hasJar4_2_0_, applicatio0_.name as name5_2_0_, applicatio0_.serverType as serverTy6_2_0_, applicatio0_.serverTypeName as serverTy7_2_0_ from base_application applicatio0_ where applicatio0_.id=?","executeCount":4,"executeMillisMax":1,"executeMillisTotal":7,"executeHistogram":[0,4],"executeAndResultHoldHistogram":[4],"concurrentMax":1,"fetchRowCount":1,"fetchRowHistogram":[0,4],"inTransactionCount":4},{"sql":"select applicatio0_.id as id1_3_0_, applicatio0_.context as context2_3_0_, applicatio0_.createDate as createDa3_3_0_, applicatio0_.ip as ip4_3_0_, applicatio0_.name as name5_3_0_, applicatio0_.port as port6_3_0_, applicatio0_.status as status7_3_0_, applicatio0_.statusName as statusNa8_3_0_ from base_application_agent applicatio0_ where applicatio0_.id=?","executeCount":4,"executeMillisMax":1,"executeMillisTotal":6,"executeHistogram":[0,4],"executeAndResultHoldHistogram":[4],"concurrentMax":1,"fetchRowCount":1,"fetchRowHistogram":[0,4],"inTransactionCount":4},{"sql":"select appandagen0_.id as id1_0_0_, appandagen0_.agentContext as agentCon2_0_0_, appandagen0_.agentIP as agentIP3_0_0_, appandagen0_.agentLog as agentLog4_0_0_, appandagen0_.agentPort as agentPor5_0_0_, appandagen0_.appDeployDirectory as appDeplo6_0_0_, appandagen0_.applicationContext as applicat7_0_0_, appandagen0_.applicationIP as applicat8_0_0_, appandagen0_.applicationLog as applicat9_0_0_, appandagen0_.applicationPid as applica10_0_0_, appandagen0_.applicationPort as applica11_0_0_, appandagen0_.applicationVersion as applica12_0_0_, appandagen0_.application_id as applica18_0_0_, appandagen0_.app_agent_id as app_age19_0_0_, appandagen0_.createDate as createD13_0_0_, appandagen0_.operatingSystem as operati14_0_0_, appandagen0_.startDate as startDa15_0_0_, appandagen0_.startStatus as startSt16_0_0_, appandagen0_.startStatusName as startSt17_0_0_, applicatio1_.id as id1_2_1_, applicatio1_.context as context2_2_1_, applicatio1_.createDate as createDa3_2_1_, applicatio1_.hasJar as hasJar4_2_1_, applicatio1_.name as name5_2_1_, applicatio1_.serverType as serverTy6_2_1_, applicatio1_.serverTypeName as serverTy7_2_1_, applicatio2_.id as id1_3_2_, applicatio2_.context as context2_3_2_, applicatio2_.createDate as createDa3_3_2_, applicatio2_.ip as ip4_3_2_, applicatio2_.name as name5_3_2_, applicatio2_.port as port6_3_2_, applicatio2_.status as status7_3_2_, applicatio2_.statusName as statusNa8_3_2_ from base_app_and_agent appandagen0_ left outer join base_application applicatio1_ on appandagen0_.application_id=applicatio1_.id left outer join base_application_agent applicatio2_ on appandagen0_.app_agent_id=applicatio2_.id where appandagen0_.id=?","executeCount":3,"executeMillisMax":8,"executeMillisTotal":19,"executeHistogram":[0,3],"executeAndResultHoldHistogram":[3],"concurrentMax":1,"fetchRowCount":1,"fetchRowHistogram":[0,3],"inTransactionCount":3},{"sql":"update base_app_and_agent set agentContext=?, agentIP=?, agentLog=?, agentPort=?, appDeployDirectory=?, applicationContext=?, applicationIP=?, applicationLog=?, applicationPid=?, applicationPort=?, applicationVersion=?, application_id=?, app_agent_id=?, createDate=?, operatingSystem=?, startDate=?, startStatus=?, startStatusName=? where id=?","executeCount":2,"executeMillisMax":3,"executeMillisTotal":6,"executeHistogram":[0,2],"executeAndResultHoldHistogram":[0,2],"concurrentMax":1,"updateCount":2,"updateCountMax":1,"updateHistogram":[0,2],"inTransactionCount":2}]}
2017-06-27 09:49:33,261 INFO [qtp30088111-50] o.a.g.p.dao.CommonRepositoryImpl [CommonRepositoryImpl.java : 497] qlString = {FROM AppAndAgent WHERE 1=1}
2017-06-27 09:49:33,296 INFO [qtp30088111-50] o.a.g.p.dao.CommonRepositoryImpl [CommonRepositoryImpl.java : 701] conIndex = {17}
2017-06-27 09:49:33,297 INFO [qtp30088111-50] o.a.g.p.dao.CommonRepositoryImpl [CommonRepositoryImpl.java : 706] 条件前的?个数：{0}
2017-06-27 09:49:33,299 INFO [qtp30088111-50] o.a.g.p.dao.CommonRepositoryImpl [CommonRepositoryImpl.java : 707] 条件后的?个数：{0}
2017-06-27 09:49:33,300 INFO [qtp30088111-50] o.a.g.p.dao.CommonRepositoryImpl [CommonRepositoryImpl.java : 708] 条件的起始位置：{0}
2017-06-27 09:49:33,300 INFO [qtp30088111-50] o.a.g.p.dao.CommonRepositoryImpl [CommonRepositoryImpl.java : 674] condition = {}
2017-06-27 09:49:33,301 INFO [qtp30088111-50] o.a.g.p.dao.CommonRepositoryImpl [CommonRepositoryImpl.java : 482] order = { ORDER BY createDate DESC}
2017-06-27 09:49:33,302 INFO [qtp30088111-50] o.a.g.p.dao.CommonRepositoryImpl [CommonRepositoryImpl.java : 420] list_ql = {FROM AppAndAgent  WHERE 1=1  ORDER BY createDate DESC}
2017-06-27 09:49:33,303 INFO [qtp30088111-50] o.a.g.p.dao.CommonRepositoryImpl [CommonRepositoryImpl.java : 152] count_ql = {SELECT count(*) FROM AppAndAgent  WHERE 1=1 }
2017-06-27 09:49:33,307 INFO [qtp30088111-50] o.a.g.p.dao.CommonRepositoryImpl [CommonRepositoryImpl.java : 737] executeCount totalRows = {2}
2017-06-27 09:50:01,355 INFO [qtp30088111-80] o.a.g.p.dao.CommonRepositoryImpl [CommonRepositoryImpl.java : 497] qlString = {FROM AppAndAgent WHERE 1=1}
2017-06-27 09:50:01,356 INFO [qtp30088111-80] o.a.g.p.dao.CommonRepositoryImpl [CommonRepositoryImpl.java : 701] conIndex = {17}
2017-06-27 09:50:01,357 INFO [qtp30088111-80] o.a.g.p.dao.CommonRepositoryImpl [CommonRepositoryImpl.java : 706] 条件前的?个数：{0}
2017-06-27 09:50:01,358 INFO [qtp30088111-80] o.a.g.p.dao.CommonRepositoryImpl [CommonRepositoryImpl.java : 707] 条件后的?个数：{0}
2017-06-27 09:50:01,359 INFO [qtp30088111-80] o.a.g.p.dao.CommonRepositoryImpl [CommonRepositoryImpl.java : 708] 条件的起始位置：{0}
2017-06-27 09:50:01,359 INFO [qtp30088111-80] o.a.g.p.dao.CommonRepositoryImpl [CommonRepositoryImpl.java : 674] condition = {}
2017-06-27 09:50:01,360 INFO [qtp30088111-80] o.a.g.p.dao.CommonRepositoryImpl [CommonRepositoryImpl.java : 482] order = { ORDER BY createDate DESC}
2017-06-27 09:50:01,361 INFO [qtp30088111-80] o.a.g.p.dao.CommonRepositoryImpl [CommonRepositoryImpl.java : 420] list_ql = {FROM AppAndAgent  WHERE 1=1  ORDER BY createDate DESC}
2017-06-27 09:50:01,362 INFO [qtp30088111-80] o.a.g.p.dao.CommonRepositoryImpl [CommonRepositoryImpl.java : 152] count_ql = {SELECT count(*) FROM AppAndAgent  WHERE 1=1 }
2017-06-27 09:50:01,367 INFO [qtp30088111-80] o.a.g.p.dao.CommonRepositoryImpl [CommonRepositoryImpl.java : 737] executeCount totalRows = {2}
2017-06-27 09:51:30,545 INFO [qtp30088111-79] o.a.g.p.dao.CommonRepositoryImpl [CommonRepositoryImpl.java : 497] qlString = {FROM AppAndAgent WHERE 1=1}
2017-06-27 09:51:30,547 INFO [qtp30088111-79] o.a.g.p.dao.CommonRepositoryImpl [CommonRepositoryImpl.java : 701] conIndex = {17}
2017-06-27 09:51:30,549 INFO [qtp30088111-79] o.a.g.p.dao.CommonRepositoryImpl [CommonRepositoryImpl.java : 706] 条件前的?个数：{0}
2017-06-27 09:51:30,550 INFO [qtp30088111-79] o.a.g.p.dao.CommonRepositoryImpl [CommonRepositoryImpl.java : 707] 条件后的?个数：{0}
2017-06-27 09:51:30,550 INFO [qtp30088111-79] o.a.g.p.dao.CommonRepositoryImpl [CommonRepositoryImpl.java : 708] 条件的起始位置：{0}
2017-06-27 09:51:30,551 INFO [qtp30088111-79] o.a.g.p.dao.CommonRepositoryImpl [CommonRepositoryImpl.java : 674] condition = {}
2017-06-27 09:51:30,552 INFO [qtp30088111-79] o.a.g.p.dao.CommonRepositoryImpl [CommonRepositoryImpl.java : 482] order = { ORDER BY createDate DESC}
2017-06-27 09:51:30,554 INFO [qtp30088111-79] o.a.g.p.dao.CommonRepositoryImpl [CommonRepositoryImpl.java : 420] list_ql = {FROM AppAndAgent  WHERE 1=1  ORDER BY createDate DESC}
2017-06-27 09:51:30,555 INFO [qtp30088111-79] o.a.g.p.dao.CommonRepositoryImpl [CommonRepositoryImpl.java : 152] count_ql = {SELECT count(*) FROM AppAndAgent  WHERE 1=1 }
2017-06-27 09:51:30,559 INFO [qtp30088111-79] o.a.g.p.dao.CommonRepositoryImpl [CommonRepositoryImpl.java : 737] executeCount totalRows = {2}
2017-06-27 09:51:37,924 INFO [Druid-ConnectionPool-Log-25592426] c.a.d.p.DruidDataSourceStatLoggerImpl [DruidDataSourceStatLoggerImpl.java : 77] {"url":"jdbc:mysql://192.168.0.94:3306/dsgc?useUnicode=true&characterEncoding=utf8&pinGlobalTxToPhysicalConnection=true","dbType":"mysql","name":"DataSource-25592426","activeCount":2,"activePeak":2,"activePeakTime":"2017-06-27 09:46:55","poolingCount":0,"poolingPeak":2,"poolingPeakTime":"2017-06-27 09:49:33","connectCount":18,"closeCount":17,"executeCount":36,"commitCount":21,"pstmtCacheHitCount":29,"pstmtCacheMissCount":7,"startTransactionCount":20,"transactionHistogram":[1,5,13,0,0,0,1],"connectionHoldTimeHistogram":[0,0,14,2,0,0,1],"sqlList":[{"sql":"select applicatio0_.id as id1_3_, applicatio0_.context as context2_3_, applicatio0_.createDate as createDa3_3_, applicatio0_.ip as ip4_3_, applicatio0_.name as name5_3_, applicatio0_.port as port6_3_, applicatio0_.status as status7_3_, applicatio0_.statusName as statusNa8_3_ from base_application_agent applicatio0_ order by applicatio0_.createDate asc","executeCount":7,"executeMillisMax":2,"executeMillisTotal":14,"executeHistogram":[0,7],"executeAndResultHoldHistogram":[7],"concurrentMax":1,"fetchRowCount":2,"fetchRowHistogram":[0,7],"inTransactionCount":7},{"sql":"select applicatio0_.id as id1_1_, applicatio0_.appVersion as appVersi2_1_, applicatio0_.application_id as applicat5_1_, applicatio0_.storeDate as storeDat3_1_, applicatio0_.storePath as storePat4_1_ from base_app_version applicatio0_ where applicatio0_.application_id=? and applicatio0_.appVersion=?","executeCount":1,"executeMillisMax":2,"executeMillisTotal":2,"executeHistogram":[0,1],"executeAndResultHoldHistogram":[1],"concurrentMax":1,"fetchRowCount":1,"fetchRowHistogram":[0,1],"inTransactionCount":1},{"sql":"select count(*) as col_0_0_ from base_app_and_agent appandagen0_ where 1=1","executeCount":3,"executeMillisMax":1,"executeMillisTotal":4,"executeHistogram":[0,3],"executeAndResultHoldHistogram":[3],"concurrentMax":1,"fetchRowCount":1,"fetchRowHistogram":[0,3],"inTransactionCount":3},{"sql":"select appandagen0_.id as id1_0_, appandagen0_.agentContext as agentCon2_0_, appandagen0_.agentIP as agentIP3_0_, appandagen0_.agentLog as agentLog4_0_, appandagen0_.agentPort as agentPor5_0_, appandagen0_.appDeployDirectory as appDeplo6_0_, appandagen0_.applicationContext as applicat7_0_, appandagen0_.applicationIP as applicat8_0_, appandagen0_.applicationLog as applicat9_0_, appandagen0_.applicationPid as applica10_0_, appandagen0_.applicationPort as applica11_0_, appandagen0_.applicationVersion as applica12_0_, appandagen0_.application_id as applica18_0_, appandagen0_.app_agent_id as app_age19_0_, appandagen0_.createDate as createD13_0_, appandagen0_.operatingSystem as operati14_0_, appandagen0_.startDate as startDa15_0_, appandagen0_.startStatus as startSt16_0_, appandagen0_.startStatusName as startSt17_0_ from base_app_and_agent appandagen0_ where 1=1 order by appandagen0_.createDate DESC limit ?","executeCount":3,"executeMillisMax":3,"executeMillisTotal":9,"executeHistogram":[0,3],"executeAndResultHoldHistogram":[3],"concurrentMax":1,"fetchRowCount":2,"fetchRowHistogram":[0,3],"inTransactionCount":3},{"sql":"select applicatio0_.id as id1_2_0_, applicatio0_.context as context2_2_0_, applicatio0_.createDate as createDa3_2_0_, applicatio0_.hasJar as hasJar4_2_0_, applicatio0_.name as name5_2_0_, applicatio0_.serverType as serverTy6_2_0_, applicatio0_.serverTypeName as serverTy7_2_0_ from base_application applicatio0_ where applicatio0_.id=?","executeCount":6,"executeMillisMax":1,"executeMillisTotal":10,"executeHistogram":[0,6],"executeAndResultHoldHistogram":[6],"concurrentMax":1,"fetchRowCount":1,"fetchRowHistogram":[0,6],"inTransactionCount":6},{"sql":"select applicatio0_.id as id1_3_0_, applicatio0_.context as context2_3_0_, applicatio0_.createDate as createDa3_3_0_, applicatio0_.ip as ip4_3_0_, applicatio0_.name as name5_3_0_, applicatio0_.port as port6_3_0_, applicatio0_.status as status7_3_0_, applicatio0_.statusName as statusNa8_3_0_ from base_application_agent applicatio0_ where applicatio0_.id=?","executeCount":6,"executeMillisMax":1,"executeMillisTotal":10,"executeHistogram":[0,6],"executeAndResultHoldHistogram":[6],"concurrentMax":1,"fetchRowCount":1,"fetchRowHistogram":[0,6],"inTransactionCount":6},{"sql":"select appandagen0_.id as id1_0_0_, appandagen0_.agentContext as agentCon2_0_0_, appandagen0_.agentIP as agentIP3_0_0_, appandagen0_.agentLog as agentLog4_0_0_, appandagen0_.agentPort as agentPor5_0_0_, appandagen0_.appDeployDirectory as appDeplo6_0_0_, appandagen0_.applicationContext as applicat7_0_0_, appandagen0_.applicationIP as applicat8_0_0_, appandagen0_.applicationLog as applicat9_0_0_, appandagen0_.applicationPid as applica10_0_0_, appandagen0_.applicationPort as applica11_0_0_, appandagen0_.applicationVersion as applica12_0_0_, appandagen0_.application_id as applica18_0_0_, appandagen0_.app_agent_id as app_age19_0_0_, appandagen0_.createDate as createD13_0_0_, appandagen0_.operatingSystem as operati14_0_0_, appandagen0_.startDate as startDa15_0_0_, appandagen0_.startStatus as startSt16_0_0_, appandagen0_.startStatusName as startSt17_0_0_, applicatio1_.id as id1_2_1_, applicatio1_.context as context2_2_1_, applicatio1_.createDate as createDa3_2_1_, applicatio1_.hasJar as hasJar4_2_1_, applicatio1_.name as name5_2_1_, applicatio1_.serverType as serverTy6_2_1_, applicatio1_.serverTypeName as serverTy7_2_1_, applicatio2_.id as id1_3_2_, applicatio2_.context as context2_3_2_, applicatio2_.createDate as createDa3_3_2_, applicatio2_.ip as ip4_3_2_, applicatio2_.name as name5_3_2_, applicatio2_.port as port6_3_2_, applicatio2_.status as status7_3_2_, applicatio2_.statusName as statusNa8_3_2_ from base_app_and_agent appandagen0_ left outer join base_application applicatio1_ on appandagen0_.application_id=applicatio1_.id left outer join base_application_agent applicatio2_ on appandagen0_.app_agent_id=applicatio2_.id where appandagen0_.id=?","executeCount":5,"executeMillisMax":3,"executeMillisTotal":18,"executeHistogram":[0,5],"executeAndResultHoldHistogram":[5],"concurrentMax":1,"fetchRowCount":1,"fetchRowHistogram":[0,5],"inTransactionCount":5},{"sql":"update base_app_and_agent set agentContext=?, agentIP=?, agentLog=?, agentPort=?, appDeployDirectory=?, applicationContext=?, applicationIP=?, applicationLog=?, applicationPid=?, applicationPort=?, applicationVersion=?, application_id=?, app_agent_id=?, createDate=?, operatingSystem=?, startDate=?, startStatus=?, startStatusName=? where id=?","executeCount":3,"executeMillisMax":3,"executeMillisTotal":9,"executeHistogram":[0,3],"executeAndResultHoldHistogram":[0,3],"concurrentMax":1,"updateCount":3,"updateCountMax":1,"updateHistogram":[0,3],"inTransactionCount":3},{"sql":"select applicatio0_.id as id1_2_, applicatio0_.context as context2_2_, applicatio0_.createDate as createDa3_2_, applicatio0_.hasJar as hasJar4_2_, applicatio0_.name as name5_2_, applicatio0_.serverType as serverTy6_2_, applicatio0_.serverTypeName as serverTy7_2_ from base_application applicatio0_ order by applicatio0_.createDate asc","executeCount":2,"executeMillisMax":2,"executeMillisTotal":4,"executeHistogram":[0,2],"executeAndResultHoldHistogram":[2],"concurrentMax":1,"fetchRowCount":6,"fetchRowHistogram":[0,2],"inTransactionCount":2}]}
2017-06-27 09:51:44,468 INFO [qtp30088111-82] o.a.g.p.dao.CommonRepositoryImpl [CommonRepositoryImpl.java : 497] qlString = {FROM AppAndAgent WHERE 1=1}
2017-06-27 09:51:44,470 INFO [qtp30088111-82] o.a.g.p.dao.CommonRepositoryImpl [CommonRepositoryImpl.java : 701] conIndex = {17}
2017-06-27 09:51:44,471 INFO [qtp30088111-82] o.a.g.p.dao.CommonRepositoryImpl [CommonRepositoryImpl.java : 706] 条件前的?个数：{0}
2017-06-27 09:51:44,473 INFO [qtp30088111-82] o.a.g.p.dao.CommonRepositoryImpl [CommonRepositoryImpl.java : 707] 条件后的?个数：{0}
2017-06-27 09:51:44,474 INFO [qtp30088111-82] o.a.g.p.dao.CommonRepositoryImpl [CommonRepositoryImpl.java : 708] 条件的起始位置：{0}
2017-06-27 09:51:44,475 INFO [qtp30088111-82] o.a.g.p.dao.CommonRepositoryImpl [CommonRepositoryImpl.java : 674] condition = {}
2017-06-27 09:51:44,476 INFO [qtp30088111-82] o.a.g.p.dao.CommonRepositoryImpl [CommonRepositoryImpl.java : 482] order = { ORDER BY createDate DESC}
2017-06-27 09:51:44,478 INFO [qtp30088111-82] o.a.g.p.dao.CommonRepositoryImpl [CommonRepositoryImpl.java : 420] list_ql = {FROM AppAndAgent  WHERE 1=1  ORDER BY createDate DESC}
2017-06-27 09:51:44,479 INFO [qtp30088111-82] o.a.g.p.dao.CommonRepositoryImpl [CommonRepositoryImpl.java : 152] count_ql = {SELECT count(*) FROM AppAndAgent  WHERE 1=1 }
2017-06-27 09:51:44,482 INFO [qtp30088111-82] o.a.g.p.dao.CommonRepositoryImpl [CommonRepositoryImpl.java : 737] executeCount totalRows = {2}
2017-06-27 09:56:37,926 INFO [Druid-ConnectionPool-Log-25592426] c.a.d.p.DruidDataSourceStatLoggerImpl [DruidDataSourceStatLoggerImpl.java : 77] {"url":"jdbc:mysql://192.168.0.94:3306/dsgc?useUnicode=true&characterEncoding=utf8&pinGlobalTxToPhysicalConnection=true","dbType":"mysql","name":"DataSource-25592426","activeCount":2,"activePeak":3,"activePeakTime":"2017-06-27 09:52:55","poolingCount":1,"poolingPeak":1,"poolingPeakTime":"2017-06-27 09:51:44","connectCount":7,"closeCount":7,"notEmptyWaitCount":1,"notEmptyWaitMillis":33,"physicalConnectCount":1,"executeCount":15,"commitCount":7,"pstmtCacheHitCount":13,"pstmtCacheMissCount":2,"startTransactionCount":8,"transactionHistogram":[0,0,6,0,1],"connectionHoldTimeHistogram":[0,0,5,1,1],"sqlList":[{"sql":"select applicatio0_.id as id1_3_, applicatio0_.context as context2_3_, applicatio0_.createDate as createDa3_3_, applicatio0_.ip as ip4_3_, applicatio0_.name as name5_3_, applicatio0_.port as port6_3_, applicatio0_.status as status7_3_, applicatio0_.statusName as statusNa8_3_ from base_application_agent applicatio0_ order by applicatio0_.createDate asc","executeCount":5,"executeMillisMax":2,"executeMillisTotal":9,"executeHistogram":[0,5],"executeAndResultHoldHistogram":[5],"concurrentMax":1,"fetchRowCount":2,"fetchRowHistogram":[0,5],"inTransactionCount":5},{"sql":"select applicatio0_.id as id1_1_, applicatio0_.appVersion as appVersi2_1_, applicatio0_.application_id as applicat5_1_, applicatio0_.storeDate as storeDat3_1_, applicatio0_.storePath as storePat4_1_ from base_app_version applicatio0_ where applicatio0_.application_id=? and applicatio0_.appVersion=?","executeCount":1,"executeMillisMax":1,"executeMillisTotal":1,"executeHistogram":[0,1],"executeAndResultHoldHistogram":[1],"concurrentMax":1,"fetchRowCount":1,"fetchRowHistogram":[0,1],"inTransactionCount":1},{"sql":"select count(*) as col_0_0_ from base_app_and_agent appandagen0_ where 1=1","executeCount":1,"executeMillisMax":1,"executeMillisTotal":1,"executeHistogram":[0,1],"executeAndResultHoldHistogram":[1],"concurrentMax":1,"fetchRowCount":1,"fetchRowHistogram":[0,1],"inTransactionCount":1},{"sql":"select appandagen0_.id as id1_0_, appandagen0_.agentContext as agentCon2_0_, appandagen0_.agentIP as agentIP3_0_, appandagen0_.agentLog as agentLog4_0_, appandagen0_.agentPort as agentPor5_0_, appandagen0_.appDeployDirectory as appDeplo6_0_, appandagen0_.applicationContext as applicat7_0_, appandagen0_.applicationIP as applicat8_0_, appandagen0_.applicationLog as applicat9_0_, appandagen0_.applicationPid as applica10_0_, appandagen0_.applicationPort as applica11_0_, appandagen0_.applicationVersion as applica12_0_, appandagen0_.application_id as applica18_0_, appandagen0_.app_agent_id as app_age19_0_, appandagen0_.createDate as createD13_0_, appandagen0_.operatingSystem as operati14_0_, appandagen0_.startDate as startDa15_0_, appandagen0_.startStatus as startSt16_0_, appandagen0_.startStatusName as startSt17_0_ from base_app_and_agent appandagen0_ where 1=1 order by appandagen0_.createDate DESC limit ?","executeCount":1,"executeMillisMax":2,"executeMillisTotal":2,"executeHistogram":[0,1],"executeAndResultHoldHistogram":[1],"concurrentMax":1,"fetchRowCount":2,"fetchRowHistogram":[0,1],"inTransactionCount":1},{"sql":"select applicatio0_.id as id1_2_0_, applicatio0_.context as context2_2_0_, applicatio0_.createDate as createDa3_2_0_, applicatio0_.hasJar as hasJar4_2_0_, applicatio0_.name as name5_2_0_, applicatio0_.serverType as serverTy6_2_0_, applicatio0_.serverTypeName as serverTy7_2_0_ from base_application applicatio0_ where applicatio0_.id=?","executeCount":2,"executeMillisMax":2,"executeMillisTotal":4,"executeHistogram":[0,2],"executeAndResultHoldHistogram":[2],"concurrentMax":1,"fetchRowCount":1,"fetchRowHistogram":[0,2],"inTransactionCount":2},{"sql":"select applicatio0_.id as id1_3_0_, applicatio0_.context as context2_3_0_, applicatio0_.createDate as createDa3_3_0_, applicatio0_.ip as ip4_3_0_, applicatio0_.name as name5_3_0_, applicatio0_.port as port6_3_0_, applicatio0_.status as status7_3_0_, applicatio0_.statusName as statusNa8_3_0_ from base_application_agent applicatio0_ where applicatio0_.id=?","executeCount":2,"executeMillisMax":1,"executeMillisTotal":3,"executeHistogram":[0,2],"executeAndResultHoldHistogram":[2],"concurrentMax":1,"fetchRowCount":1,"fetchRowHistogram":[0,2],"inTransactionCount":2},{"sql":"select appandagen0_.id as id1_0_0_, appandagen0_.agentContext as agentCon2_0_0_, appandagen0_.agentIP as agentIP3_0_0_, appandagen0_.agentLog as agentLog4_0_0_, appandagen0_.agentPort as agentPor5_0_0_, appandagen0_.appDeployDirectory as appDeplo6_0_0_, appandagen0_.applicationContext as applicat7_0_0_, appandagen0_.applicationIP as applicat8_0_0_, appandagen0_.applicationLog as applicat9_0_0_, appandagen0_.applicationPid as applica10_0_0_, appandagen0_.applicationPort as applica11_0_0_, appandagen0_.applicationVersion as applica12_0_0_, appandagen0_.application_id as applica18_0_0_, appandagen0_.app_agent_id as app_age19_0_0_, appandagen0_.createDate as createD13_0_0_, appandagen0_.operatingSystem as operati14_0_0_, appandagen0_.startDate as startDa15_0_0_, appandagen0_.startStatus as startSt16_0_0_, appandagen0_.startStatusName as startSt17_0_0_, applicatio1_.id as id1_2_1_, applicatio1_.context as context2_2_1_, applicatio1_.createDate as createDa3_2_1_, applicatio1_.hasJar as hasJar4_2_1_, applicatio1_.name as name5_2_1_, applicatio1_.serverType as serverTy6_2_1_, applicatio1_.serverTypeName as serverTy7_2_1_, applicatio2_.id as id1_3_2_, applicatio2_.context as context2_3_2_, applicatio2_.createDate as createDa3_3_2_, applicatio2_.ip as ip4_3_2_, applicatio2_.name as name5_3_2_, applicatio2_.port as port6_3_2_, applicatio2_.status as status7_3_2_, applicatio2_.statusName as statusNa8_3_2_ from base_app_and_agent appandagen0_ left outer join base_application applicatio1_ on appandagen0_.application_id=applicatio1_.id left outer join base_application_agent applicatio2_ on appandagen0_.app_agent_id=applicatio2_.id where appandagen0_.id=?","executeCount":2,"executeMillisMax":3,"executeMillisTotal":7,"executeHistogram":[0,2],"executeAndResultHoldHistogram":[2],"concurrentMax":1,"fetchRowCount":1,"fetchRowHistogram":[0,2],"inTransactionCount":2},{"sql":"update base_app_and_agent set agentContext=?, agentIP=?, agentLog=?, agentPort=?, appDeployDirectory=?, applicationContext=?, applicationIP=?, applicationLog=?, applicationPid=?, applicationPort=?, applicationVersion=?, application_id=?, app_agent_id=?, createDate=?, operatingSystem=?, startDate=?, startStatus=?, startStatusName=? where id=?","executeCount":1,"executeMillisMax":2,"executeMillisTotal":2,"executeHistogram":[0,1],"executeAndResultHoldHistogram":[0,1],"concurrentMax":1,"updateCount":1,"updateCountMax":1,"updateHistogram":[0,1],"inTransactionCount":1}]}
2017-06-27 09:57:28,479 INFO [qtp30088111-48] o.a.g.p.dao.CommonRepositoryImpl [CommonRepositoryImpl.java : 497] qlString = {FROM AppAndAgent WHERE 1=1}
2017-06-27 09:57:28,481 INFO [qtp30088111-48] o.a.g.p.dao.CommonRepositoryImpl [CommonRepositoryImpl.java : 701] conIndex = {17}
2017-06-27 09:57:28,483 INFO [qtp30088111-48] o.a.g.p.dao.CommonRepositoryImpl [CommonRepositoryImpl.java : 706] 条件前的?个数：{0}
2017-06-27 09:57:28,484 INFO [qtp30088111-48] o.a.g.p.dao.CommonRepositoryImpl [CommonRepositoryImpl.java : 707] 条件后的?个数：{0}
2017-06-27 09:57:28,485 INFO [qtp30088111-48] o.a.g.p.dao.CommonRepositoryImpl [CommonRepositoryImpl.java : 708] 条件的起始位置：{0}
2017-06-27 09:57:28,486 INFO [qtp30088111-48] o.a.g.p.dao.CommonRepositoryImpl [CommonRepositoryImpl.java : 674] condition = {}
2017-06-27 09:57:28,487 INFO [qtp30088111-48] o.a.g.p.dao.CommonRepositoryImpl [CommonRepositoryImpl.java : 482] order = { ORDER BY createDate DESC}
2017-06-27 09:57:28,488 INFO [qtp30088111-48] o.a.g.p.dao.CommonRepositoryImpl [CommonRepositoryImpl.java : 420] list_ql = {FROM AppAndAgent  WHERE 1=1  ORDER BY createDate DESC}
2017-06-27 09:57:28,489 INFO [qtp30088111-48] o.a.g.p.dao.CommonRepositoryImpl [CommonRepositoryImpl.java : 152] count_ql = {SELECT count(*) FROM AppAndAgent  WHERE 1=1 }
2017-06-27 09:57:28,493 INFO [qtp30088111-48] o.a.g.p.dao.CommonRepositoryImpl [CommonRepositoryImpl.java : 737] executeCount totalRows = {2}
2017-06-27 09:58:43,410 INFO [qtp30088111-81] o.a.g.p.dao.CommonRepositoryImpl [CommonRepositoryImpl.java : 497] qlString = {FROM AppAndAgent WHERE 1=1}
2017-06-27 09:58:43,410 INFO [qtp30088111-81] o.a.g.p.dao.CommonRepositoryImpl [CommonRepositoryImpl.java : 701] conIndex = {17}
2017-06-27 09:58:43,410 INFO [qtp30088111-81] o.a.g.p.dao.CommonRepositoryImpl [CommonRepositoryImpl.java : 706] 条件前的?个数：{0}
2017-06-27 09:58:43,410 INFO [qtp30088111-81] o.a.g.p.dao.CommonRepositoryImpl [CommonRepositoryImpl.java : 707] 条件后的?个数：{0}
2017-06-27 09:58:43,410 INFO [qtp30088111-81] o.a.g.p.dao.CommonRepositoryImpl [CommonRepositoryImpl.java : 708] 条件的起始位置：{0}
2017-06-27 09:58:43,410 INFO [qtp30088111-81] o.a.g.p.dao.CommonRepositoryImpl [CommonRepositoryImpl.java : 674] condition = {}
2017-06-27 09:58:43,410 INFO [qtp30088111-81] o.a.g.p.dao.CommonRepositoryImpl [CommonRepositoryImpl.java : 482] order = { ORDER BY createDate DESC}
2017-06-27 09:58:43,426 INFO [qtp30088111-81] o.a.g.p.dao.CommonRepositoryImpl [CommonRepositoryImpl.java : 420] list_ql = {FROM AppAndAgent  WHERE 1=1  ORDER BY createDate DESC}
2017-06-27 09:58:43,426 INFO [qtp30088111-81] o.a.g.p.dao.CommonRepositoryImpl [CommonRepositoryImpl.java : 152] count_ql = {SELECT count(*) FROM AppAndAgent  WHERE 1=1 }
2017-06-27 09:58:43,426 INFO [qtp30088111-81] o.a.g.p.dao.CommonRepositoryImpl [CommonRepositoryImpl.java : 737] executeCount totalRows = {2}
