2017-06-26 13:02:45,820 INFO [Druid-ConnectionPool-Log-21429132] c.a.d.p.DruidDataSourceStatLoggerImpl [DruidDataSourceStatLoggerImpl.java : 77] {"url":"jdbc:mysql://192.168.0.94:3306/dsgc?useUnicode=true&characterEncoding=utf8&pinGlobalTxToPhysicalConnection=true","dbType":"mysql","name":"DataSource-21429132","activeCount":0,"activePeak":1,"activePeakTime":"2017-06-26 12:58:03","poolingCount":1,"poolingPeak":1,"poolingPeakTime":"2017-06-26 12:58:04","connectCount":5,"closeCount":5,"executeCount":5,"commitCount":5,"pstmtCacheHitCount":5,"startTransactionCount":5,"transactionHistogram":[0,0,3,2],"connectionHoldTimeHistogram":[0,0,2,3],"sqlList":[{"sql":"select applicatio0_.id as id1_3_, applicatio0_.context as context2_3_, applicatio0_.createDate as createDa3_3_, applicatio0_.ip as ip4_3_, applicatio0_.name as name5_3_, applicatio0_.port as port6_3_, applicatio0_.status as status7_3_, applicatio0_.statusName as statusNa8_3_ from base_application_agent applicatio0_ order by applicatio0_.createDate asc","executeCount":5,"executeMillisMax":2,"executeMillisTotal":10,"executeHistogram":[0,5],"executeAndResultHoldHistogram":[5],"concurrentMax":1,"fetchRowCount":2,"fetchRowHistogram":[0,5],"inTransactionCount":5}]}
2017-06-26 13:07:45,830 INFO [Druid-ConnectionPool-Log-21429132] c.a.d.p.DruidDataSourceStatLoggerImpl [DruidDataSourceStatLoggerImpl.java : 77] {"url":"jdbc:mysql://192.168.0.94:3306/dsgc?useUnicode=true&characterEncoding=utf8&pinGlobalTxToPhysicalConnection=true","dbType":"mysql","name":"DataSource-21429132","activeCount":0,"activePeak":1,"activePeakTime":"2017-06-26 13:03:03","poolingCount":1,"poolingPeak":1,"poolingPeakTime":"2017-06-26 13:03:04","connectCount":5,"closeCount":5,"executeCount":5,"commitCount":5,"pstmtCacheHitCount":5,"startTransactionCount":5,"transactionHistogram":[0,0,4,1],"connectionHoldTimeHistogram":[0,0,4,1],"sqlList":[{"sql":"select applicatio0_.id as id1_3_, applicatio0_.context as context2_3_, applicatio0_.createDate as createDa3_3_, applicatio0_.ip as ip4_3_, applicatio0_.name as name5_3_, applicatio0_.port as port6_3_, applicatio0_.status as status7_3_, applicatio0_.statusName as statusNa8_3_ from base_application_agent applicatio0_ order by applicatio0_.createDate asc","executeCount":5,"executeMillisMax":2,"executeMillisTotal":10,"executeHistogram":[0,5],"executeAndResultHoldHistogram":[5],"concurrentMax":1,"fetchRowCount":2,"fetchRowHistogram":[0,5],"inTransactionCount":5}]}
2017-06-26 13:08:06,047 ERROR [Timer-0] c.alibaba.druid.pool.DruidDataSource [DruidDataSource.java : 1190] discard connection
com.mysql.jdbc.exceptions.jdbc4.CommunicationsException: Communications link failure

The last packet successfully received from the server was 62,077 milliseconds ago.  The last packet sent successfully to the server was 2,101 milliseconds ago.
	at sun.reflect.NativeConstructorAccessorImpl.newInstance0(Native Method)
	at sun.reflect.NativeConstructorAccessorImpl.newInstance(Unknown Source)
	at sun.reflect.DelegatingConstructorAccessorImpl.newInstance(Unknown Source)
	at java.lang.reflect.Constructor.newInstance(Unknown Source)
	at com.mysql.jdbc.Util.handleNewInstance(Util.java:389)
	at com.mysql.jdbc.SQLError.createCommunicationsException(SQLError.java:1038)
	at com.mysql.jdbc.MysqlIO.reuseAndReadPacket(MysqlIO.java:3422)
	at com.mysql.jdbc.MysqlIO.reuseAndReadPacket(MysqlIO.java:3322)
	at com.mysql.jdbc.MysqlIO.checkErrorPacket(MysqlIO.java:3762)
	at com.mysql.jdbc.MysqlIO.sendCommand(MysqlIO.java:2435)
	at com.mysql.jdbc.MysqlIO.sqlQueryDirect(MysqlIO.java:2582)
	at com.mysql.jdbc.ConnectionImpl.execSQL(ConnectionImpl.java:2531)
	at com.mysql.jdbc.ConnectionImpl.setAutoCommit(ConnectionImpl.java:4852)
	at com.alibaba.druid.filter.FilterChainImpl.connection_setAutoCommit(FilterChainImpl.java:553)
	at com.alibaba.druid.filter.FilterAdapter.connection_setAutoCommit(FilterAdapter.java:984)
	at com.alibaba.druid.filter.FilterChainImpl.connection_setAutoCommit(FilterChainImpl.java:549)
	at com.alibaba.druid.filter.logging.LogFilter.connection_setAutoCommit(LogFilter.java:410)
	at com.alibaba.druid.filter.FilterChainImpl.connection_setAutoCommit(FilterChainImpl.java:549)
	at com.alibaba.druid.proxy.jdbc.ConnectionProxyImpl.setAutoCommit(ConnectionProxyImpl.java:430)
	at com.alibaba.druid.pool.DruidPooledConnection.setAutoCommit(DruidPooledConnection.java:681)
	at org.hibernate.resource.jdbc.internal.AbstractLogicalConnectionImplementor.begin(AbstractLogicalConnectionImplementor.java:67)
	at org.hibernate.resource.jdbc.internal.LogicalConnectionManagedImpl.begin(LogicalConnectionManagedImpl.java:238)
	at org.hibernate.resource.transaction.backend.jdbc.internal.JdbcResourceLocalTransactionCoordinatorImpl$TransactionDriverControlImpl.begin(JdbcResourceLocalTransactionCoordinatorImpl.java:214)
	at org.hibernate.engine.transaction.internal.TransactionImpl.begin(TransactionImpl.java:52)
	at org.hibernate.internal.SessionImpl.beginTransaction(SessionImpl.java:1512)
	at org.hibernate.jpa.internal.TransactionImpl.begin(TransactionImpl.java:45)
	at org.springframework.orm.jpa.vendor.HibernateJpaDialect.beginTransaction(HibernateJpaDialect.java:189)
	at org.springframework.orm.jpa.JpaTransactionManager.doBegin(JpaTransactionManager.java:380)
	at org.springframework.transaction.support.AbstractPlatformTransactionManager.getTransaction(AbstractPlatformTransactionManager.java:373)
	at org.springframework.transaction.interceptor.TransactionAspectSupport.createTransactionIfNecessary(TransactionAspectSupport.java:447)
	at org.springframework.transaction.interceptor.TransactionAspectSupport.invokeWithinTransaction(TransactionAspectSupport.java:277)
	at org.springframework.transaction.interceptor.TransactionInterceptor.invoke(TransactionInterceptor.java:96)
	at org.springframework.aop.framework.ReflectiveMethodInvocation.proceed(ReflectiveMethodInvocation.java:179)
	at org.springframework.aop.framework.CglibAopProxy$DynamicAdvisedInterceptor.intercept(CglibAopProxy.java:656)
	at org.apel.server.management.main.container.service.impl.ApplicationAgentServiceImpl$$EnhancerBySpringCGLIB$$faaf00b0.checkAgentConnStatus(<generated>)
	at org.apel.server.management.main.container.timer.ConnAgentTimer$1.run(ConnAgentTimer.java:31)
	at java.util.TimerThread.mainLoop(Unknown Source)
	at java.util.TimerThread.run(Unknown Source)
Caused by: java.net.SocketTimeoutException: Read timed out
	at java.net.SocketInputStream.socketRead0(Native Method)
	at java.net.SocketInputStream.socketRead(Unknown Source)
	at java.net.SocketInputStream.read(Unknown Source)
	at java.net.SocketInputStream.read(Unknown Source)
	at com.mysql.jdbc.util.ReadAheadInputStream.fill(ReadAheadInputStream.java:100)
	at com.mysql.jdbc.util.ReadAheadInputStream.readFromUnderlyingStreamIfNecessary(ReadAheadInputStream.java:143)
	at com.mysql.jdbc.util.ReadAheadInputStream.read(ReadAheadInputStream.java:173)
	at com.mysql.jdbc.MysqlIO.readFully(MysqlIO.java:2911)
	at com.mysql.jdbc.MysqlIO.reuseAndReadPacket(MysqlIO.java:3332)
	... 31 common frames omitted
2017-06-26 13:08:06,047 ERROR [Druid-ConnectionPool-Create-21429132] c.alibaba.druid.pool.DruidDataSource [DruidDataSource.java : 1863] create connection error, url: jdbc:mysql://192.168.0.94:3306/dsgc?useUnicode=true&characterEncoding=utf8&pinGlobalTxToPhysicalConnection=true
com.mysql.jdbc.exceptions.jdbc4.CommunicationsException: Communications link failure

The last packet sent successfully to the server was 0 milliseconds ago. The driver has not received any packets from the server.
	at sun.reflect.NativeConstructorAccessorImpl.newInstance0(Native Method)
	at sun.reflect.NativeConstructorAccessorImpl.newInstance(Unknown Source)
	at sun.reflect.DelegatingConstructorAccessorImpl.newInstance(Unknown Source)
	at java.lang.reflect.Constructor.newInstance(Unknown Source)
	at com.mysql.jdbc.Util.handleNewInstance(Util.java:389)
	at com.mysql.jdbc.SQLError.createCommunicationsException(SQLError.java:1038)
	at com.mysql.jdbc.MysqlIO.<init>(MysqlIO.java:338)
	at com.mysql.jdbc.ConnectionImpl.coreConnect(ConnectionImpl.java:2237)
	at com.mysql.jdbc.ConnectionImpl.connectOneTryOnly(ConnectionImpl.java:2270)
	at com.mysql.jdbc.ConnectionImpl.createNewIO(ConnectionImpl.java:2069)
	at com.mysql.jdbc.ConnectionImpl.<init>(ConnectionImpl.java:794)
	at com.mysql.jdbc.JDBC4Connection.<init>(JDBC4Connection.java:44)
	at sun.reflect.NativeConstructorAccessorImpl.newInstance0(Native Method)
	at sun.reflect.NativeConstructorAccessorImpl.newInstance(Unknown Source)
	at sun.reflect.DelegatingConstructorAccessorImpl.newInstance(Unknown Source)
	at java.lang.reflect.Constructor.newInstance(Unknown Source)
	at com.mysql.jdbc.Util.handleNewInstance(Util.java:389)
	at com.mysql.jdbc.ConnectionImpl.getInstance(ConnectionImpl.java:399)
	at com.mysql.jdbc.NonRegisteringDriver.connect(NonRegisteringDriver.java:325)
	at com.alibaba.druid.filter.FilterChainImpl.connection_connect(FilterChainImpl.java:148)
	at com.alibaba.druid.filter.stat.StatFilter.connection_connect(StatFilter.java:211)
	at com.alibaba.druid.filter.FilterChainImpl.connection_connect(FilterChainImpl.java:142)
	at com.alibaba.druid.filter.FilterAdapter.connection_connect(FilterAdapter.java:785)
	at com.alibaba.druid.filter.FilterEventAdapter.connection_connect(FilterEventAdapter.java:38)
	at com.alibaba.druid.filter.FilterChainImpl.connection_connect(FilterChainImpl.java:142)
	at com.alibaba.druid.pool.DruidAbstractDataSource.createPhysicalConnection(DruidAbstractDataSource.java:1377)
	at com.alibaba.druid.pool.DruidAbstractDataSource.createPhysicalConnection(DruidAbstractDataSource.java:1431)
	at com.alibaba.druid.pool.DruidDataSource$CreateConnectionThread.run(DruidDataSource.java:1861)
Caused by: java.net.NoRouteToHostException: No route to host: connect
	at java.net.DualStackPlainSocketImpl.connect0(Native Method)
	at java.net.DualStackPlainSocketImpl.socketConnect(Unknown Source)
	at java.net.AbstractPlainSocketImpl.doConnect(Unknown Source)
	at java.net.AbstractPlainSocketImpl.connectToAddress(Unknown Source)
	at java.net.AbstractPlainSocketImpl.connect(Unknown Source)
	at java.net.PlainSocketImpl.connect(Unknown Source)
	at java.net.SocksSocketImpl.connect(Unknown Source)
	at java.net.Socket.connect(Unknown Source)
	at com.mysql.jdbc.StandardSocketFactory.connect(StandardSocketFactory.java:213)
	at com.mysql.jdbc.MysqlIO.<init>(MysqlIO.java:297)
	... 21 common frames omitted
2017-06-26 13:25:58,797 INFO [main] o.a.s.m.main.web.test.StartMainWeb [StartupInfoLogger.java : 48] Starting StartMainWeb on wulin with PID 7608 (D:\soft\job\java\javaIDE\eclipse_jee\bjhy_attachment_workspace\server-management-parent\server-management-main-web\target\test-classes started by Administrator in D:\soft\job\java\javaIDE\eclipse_jee\bjhy_attachment_workspace\server-management-parent\server-management-main-web)
2017-06-26 13:25:58,819 INFO [main] o.a.s.m.main.web.test.StartMainWeb [SpringApplication.java : 637] No active profile set, falling back to default profiles: default
2017-06-26 13:25:59,043 INFO [main] o.s.b.c.e.AnnotationConfigEmbeddedWebApplicationContext [AbstractApplicationContext.java : 582] Refreshing org.springframework.boot.context.embedded.AnnotationConfigEmbeddedWebApplicationContext@c4ddae: startup date [Mon Jun 26 13:25:59 CST 2017]; root of context hierarchy
2017-06-26 13:26:00,243 INFO [background-preinit] o.h.validator.internal.util.Version [Version.java : 30] HV000001: Hibernate Validator 5.3.4.Final
2017-06-26 13:26:01,882 INFO [main] o.s.b.f.xml.XmlBeanDefinitionReader [XmlBeanDefinitionReader.java : 317] Loading XML bean definitions from file [D:\soft\job\java\javaIDE\eclipse_jee\bjhy_attachment_workspace\server-management-parent\server-management-main-web\target\classes\META-INF\spring\module-server-management-main-web.xml]
2017-06-26 13:26:03,409 INFO [main] o.s.b.f.xml.XmlBeanDefinitionReader [XmlBeanDefinitionReader.java : 317] Loading XML bean definitions from file [D:\soft\job\java\javaIDE\eclipse_jee\bjhy_attachment_workspace\server-management-parent\server-management-main-container\target\classes\META-INF\spring\module-server-management-main-container.xml]
2017-06-26 13:26:04,279 INFO [main] o.s.b.f.xml.XmlBeanDefinitionReader [XmlBeanDefinitionReader.java : 317] Loading XML bean definitions from file [D:\soft\job\java\javaIDE\eclipse_jee\bjhy_attachment_workspace\server-management-parent\server-management-common\target\classes\META-INF\spring\module-server-management-common.xml]
2017-06-26 13:26:04,392 INFO [main] o.s.b.f.xml.XmlBeanDefinitionReader [XmlBeanDefinitionReader.java : 317] Loading XML bean definitions from file [D:\soft\job\java\javaIDE\eclipse_jee\bjhy_attachment_workspace\server-management-parent\server-management-base\target\classes\META-INF\spring\module-server-management-base.xml]
2017-06-26 13:26:04,635 INFO [main] o.s.b.f.xml.XmlBeanDefinitionReader [XmlBeanDefinitionReader.java : 317] Loading XML bean definitions from URL [jar:file:/D:/repository/org/apel/gaia-property-loader/1.0.1-SNAPSHOT/gaia-property-loader-1.0.1-SNAPSHOT.jar!/META-INF/spring/module-property-loader.xml]
2017-06-26 13:26:04,685 INFO [main] o.s.b.f.xml.XmlBeanDefinitionReader [XmlBeanDefinitionReader.java : 317] Loading XML bean definitions from URL [jar:file:/D:/repository/org/apel/gaia-persist/1.0.1-SNAPSHOT/gaia-persist-1.0.1-SNAPSHOT.jar!/META-INF/spring/module-persist.xml]
2017-06-26 13:26:04,852 INFO [main] o.s.b.f.xml.XmlBeanDefinitionReader [XmlBeanDefinitionReader.java : 317] Loading XML bean definitions from URL [jar:file:/D:/repository/org/apel/gaia-infrastructure/1.0.1-SNAPSHOT/gaia-infrastructure-1.0.1-SNAPSHOT.jar!/META-INF/spring/module-gaia-infrastructure.xml]
2017-06-26 13:26:04,907 INFO [main] o.s.b.f.xml.XmlBeanDefinitionReader [XmlBeanDefinitionReader.java : 317] Loading XML bean definitions from URL [jar:file:/D:/repository/org/apel/poseidon-security-commons/1.0.2-SNAPSHOT/poseidon-security-commons-1.0.2-SNAPSHOT.jar!/META-INF/spring/module-poseidon-common.xml]
2017-06-26 13:26:04,952 INFO [main] o.s.b.f.xml.XmlBeanDefinitionReader [XmlBeanDefinitionReader.java : 317] Loading XML bean definitions from URL [jar:file:/D:/repository/org/apel/gaia-container-boot/1.0.1-SNAPSHOT/gaia-container-boot-1.0.1-SNAPSHOT.jar!/META-INF/spring/module-boot.xml]
2017-06-26 13:26:05,045 INFO [main] o.s.b.f.xml.XmlBeanDefinitionReader [XmlBeanDefinitionReader.java : 317] Loading XML bean definitions from URL [jar:file:/D:/repository/org/apel/gaia-container-boot/1.0.1-SNAPSHOT/gaia-container-boot-1.0.1-SNAPSHOT.jar!/META-INF/spring/module-mvc.xml]
2017-06-26 13:26:05,168 INFO [main] o.s.b.f.xml.XmlBeanDefinitionReader [XmlBeanDefinitionReader.java : 317] Loading XML bean definitions from URL [jar:file:/D:/repository/org/apel/gaia-js-lib/1.0.1-SNAPSHOT/gaia-js-lib-1.0.1-SNAPSHOT.jar!/META-INF/spring/module-js-lib.xml]
2017-06-26 13:26:06,072 INFO [main] o.s.b.f.s.DefaultListableBeanFactory [DefaultListableBeanFactory.java : 828] Overriding bean definition for bean 'org.springframework.transaction.config.internalTransactionAdvisor' with a different definition: replacing [Root bean: class [org.springframework.transaction.interceptor.BeanFactoryTransactionAttributeSourceAdvisor]; scope=; abstract=false; lazyInit=false; autowireMode=0; dependencyCheck=0; autowireCandidate=true; primary=false; factoryBeanName=null; factoryMethodName=null; initMethodName=null; destroyMethodName=null] with [Root bean: class [null]; scope=; abstract=false; lazyInit=false; autowireMode=3; dependencyCheck=0; autowireCandidate=true; primary=false; factoryBeanName=org.springframework.transaction.annotation.ProxyTransactionManagementConfiguration; factoryMethodName=transactionAdvisor; initMethodName=null; destroyMethodName=(inferred); defined in class path resource [org/springframework/transaction/annotation/ProxyTransactionManagementConfiguration.class]]
2017-06-26 13:26:06,150 INFO [main] o.s.c.a.ConfigurationClassBeanDefinitionReader [ConfigurationClassBeanDefinitionReader.java : 298] Skipping bean definition for [BeanMethod:name=transactionalEventListenerFactory,declaringClass=org.springframework.transaction.annotation.AbstractTransactionManagementConfiguration]: a definition for bean 'org.springframework.transaction.config.internalTransactionalEventListenerFactory' already exists. This top-level bean definition is considered as an override.
2017-06-26 13:26:06,818 INFO [main] o.s.b.f.s.DefaultListableBeanFactory [DefaultListableBeanFactory.java : 828] Overriding bean definition for bean 'entityManagerFactory' with a different definition: replacing [Root bean: class [null]; scope=; abstract=false; lazyInit=false; autowireMode=3; dependencyCheck=0; autowireCandidate=true; primary=true; factoryBeanName=org.springframework.boot.autoconfigure.orm.jpa.HibernateJpaAutoConfiguration; factoryMethodName=entityManagerFactory; initMethodName=null; destroyMethodName=(inferred); defined in class path resource [org/springframework/boot/autoconfigure/orm/jpa/HibernateJpaAutoConfiguration.class]] with [Root bean: class [null]; scope=; abstract=false; lazyInit=false; autowireMode=3; dependencyCheck=0; autowireCandidate=true; primary=false; factoryBeanName=jpaConfig; factoryMethodName=entityManagerFactory; initMethodName=null; destroyMethodName=(inferred); defined in org.apel.gaia.persist.config.hibernate.JpaConfig]
2017-06-26 13:26:06,839 INFO [main] o.s.b.f.s.DefaultListableBeanFactory [DefaultListableBeanFactory.java : 828] Overriding bean definition for bean 'transactionManager' with a different definition: replacing [Root bean: class [null]; scope=; abstract=false; lazyInit=false; autowireMode=3; dependencyCheck=0; autowireCandidate=true; primary=false; factoryBeanName=org.springframework.boot.autoconfigure.orm.jpa.HibernateJpaAutoConfiguration; factoryMethodName=transactionManager; initMethodName=null; destroyMethodName=(inferred); defined in class path resource [org/springframework/boot/autoconfigure/orm/jpa/HibernateJpaAutoConfiguration.class]] with [Root bean: class [null]; scope=; abstract=false; lazyInit=false; autowireMode=3; dependencyCheck=0; autowireCandidate=true; primary=false; factoryBeanName=txConfig; factoryMethodName=transactionManager; initMethodName=null; destroyMethodName=(inferred); defined in org.apel.gaia.persist.config.hibernate.TxConfig]
2017-06-26 13:26:10,706 INFO [main] o.s.b.f.s.DefaultListableBeanFactory [DefaultListableBeanFactory.java : 828] Overriding bean definition for bean 'dataSource' with a different definition: replacing [Root bean: class [null]; scope=; abstract=false; lazyInit=false; autowireMode=3; dependencyCheck=0; autowireCandidate=true; primary=false; factoryBeanName=org.springframework.boot.autoconfigure.jdbc.EmbeddedDataSourceConfiguration; factoryMethodName=dataSource; initMethodName=null; destroyMethodName=(inferred); defined in class path resource [org/springframework/boot/autoconfigure/jdbc/EmbeddedDataSourceConfiguration.class]] with [Root bean: class [null]; scope=; abstract=false; lazyInit=false; autowireMode=3; dependencyCheck=0; autowireCandidate=true; primary=false; factoryBeanName=DBConfig; factoryMethodName=dataSource; initMethodName=init; destroyMethodName=close; defined in org.apel.gaia.persist.config.db.DBConfig]
2017-06-26 13:26:12,143 WARN [main] o.s.c.a.ConfigurationClassEnhancer [ConfigurationClassEnhancer.java : 350] @Bean method CenterPropertyLoader.propertyPlaceholderConfigurer is non-static and returns an object assignable to Spring's BeanFactoryPostProcessor interface. This will result in a failure to process annotations such as @Autowired, @Resource and @PostConstruct within the method's declaring @Configuration class. Add the 'static' modifier to this method to avoid these container lifecycle issues; see @Bean javadoc for complete details.
2017-06-26 13:26:13,348 WARN [main] o.h.v.m.ParameterMessageInterpolator [ParameterMessageInterpolator.java : 28] HV000184: ParameterMessageInterpolator has been chosen, EL interpolation will not be supported
2017-06-26 13:26:14,121 INFO [main] o.s.c.s.PostProcessorRegistrationDelegate$BeanPostProcessorChecker [PostProcessorRegistrationDelegate.java : 325] Bean 'org.springframework.transaction.annotation.ProxyTransactionManagementConfiguration' of type [org.springframework.transaction.annotation.ProxyTransactionManagementConfiguration$$EnhancerBySpringCGLIB$$13059d34] is not eligible for getting processed by all BeanPostProcessors (for example: not eligible for auto-proxying)
2017-06-26 13:26:14,700 WARN [main] o.h.v.m.ParameterMessageInterpolator [ParameterMessageInterpolator.java : 28] HV000184: ParameterMessageInterpolator has been chosen, EL interpolation will not be supported
2017-06-26 13:26:15,312 INFO [main] org.eclipse.jetty.util.log [Log.java : 192] Logging initialized @21222ms to org.eclipse.jetty.util.log.Slf4jLog
2017-06-26 13:26:18,645 INFO [main] o.s.b.c.e.j.JettyEmbeddedServletContainerFactory [JettyEmbeddedServletContainerFactory.java : 176] Server initialized with port: 6555
2017-06-26 13:26:18,653 INFO [main] org.eclipse.jetty.server.Server [Server.java : 372] jetty-9.4.2.v20170220
2017-06-26 13:26:20,243 INFO [main] org.eclipse.jetty.server.session [DefaultSessionIdManager.java : 360] DefaultSessionIdManager workerName=node0
2017-06-26 13:26:20,244 INFO [main] org.eclipse.jetty.server.session [DefaultSessionIdManager.java : 365] No SessionScavenger set, using defaults
2017-06-26 13:26:20,252 INFO [main] org.eclipse.jetty.server.session [HouseKeeper.java : 146] Scavenging every 660000ms
2017-06-26 13:26:20,282 INFO [main] o.e.jetty.ContextHandler.application [ContextHandler.java : 2207] Initializing Spring embedded WebApplicationContext
2017-06-26 13:26:20,283 INFO [main] o.s.web.context.ContextLoader [EmbeddedWebApplicationContext.java : 276] Root WebApplicationContext: initialization completed in 21240 ms
2017-06-26 13:26:21,174 INFO [main] o.s.b.w.s.ServletRegistrationBean [ServletRegistrationBean.java : 190] Mapping servlet: 'dispatcherServlet' to [/]
2017-06-26 13:26:21,183 INFO [main] o.s.b.w.s.FilterRegistrationBean [AbstractFilterRegistrationBean.java : 258] Mapping filter: 'characterEncodingFilter' to: [/*]
2017-06-26 13:26:21,184 INFO [main] o.s.b.w.s.FilterRegistrationBean [AbstractFilterRegistrationBean.java : 258] Mapping filter: 'hiddenHttpMethodFilter' to: [/*]
2017-06-26 13:26:21,186 INFO [main] o.s.b.w.s.FilterRegistrationBean [AbstractFilterRegistrationBean.java : 258] Mapping filter: 'httpPutFormContentFilter' to: [/*]
2017-06-26 13:26:21,187 INFO [main] o.s.b.w.s.FilterRegistrationBean [AbstractFilterRegistrationBean.java : 258] Mapping filter: 'requestContextFilter' to: [/*]
2017-06-26 13:26:21,188 INFO [main] o.s.b.w.s.FilterRegistrationBean [AbstractFilterRegistrationBean.java : 258] Mapping filter: 'customUrlDecisionFilter' to: [/*]
2017-06-26 13:26:27,992 INFO [main] o.e.j.server.handler.ContextHandler [ContextHandler.java : 802] Started o.s.b.c.e.j.JettyEmbeddedWebAppContext@10b2b6f{/main-container,[file:///C:/Users/Administrator/AppData/Local/Temp/jetty-docbase.2551197799155942710.6555/],AVAILABLE}
2017-06-26 13:26:27,994 INFO [main] org.eclipse.jetty.server.Server [Server.java : 444] Started @33903ms
2017-06-26 13:26:40,838 INFO [main] c.alibaba.druid.pool.DruidDataSource [DruidDataSource.java : 669] {dataSource-1} inited
2017-06-26 13:26:40,876 INFO [Druid-ConnectionPool-Log-17781682] c.a.d.p.DruidDataSourceStatLoggerImpl [DruidDataSourceStatLoggerImpl.java : 77] {"url":"jdbc:mysql://192.168.0.94:3306/dsgc?useUnicode=true&characterEncoding=utf8&pinGlobalTxToPhysicalConnection=true","dbType":"mysql","name":"DataSource-17781682","activeCount":0,"poolingCount":1,"poolingPeak":1,"poolingPeakTime":"2017-06-26 13:26:40","connectCount":0,"closeCount":0,"physicalConnectCount":1}
2017-06-26 13:26:42,283 INFO [main] o.s.o.j.LocalContainerEntityManagerFactoryBean [LocalContainerEntityManagerFactoryBean.java : 349] Building JPA container EntityManagerFactory for persistence unit 'platform'
2017-06-26 13:26:42,466 INFO [main] o.h.jpa.internal.util.LogHelper [LogHelper.java : 31] HHH000204: Processing PersistenceUnitInfo [
	name: platform
	...]
2017-06-26 13:26:43,132 INFO [main] org.hibernate.Version [Version.java : 37] HHH000412: Hibernate Core {5.0.12.Final}
2017-06-26 13:26:43,140 INFO [main] org.hibernate.cfg.Environment [Environment.java : 213] HHH000206: hibernate.properties not found
2017-06-26 13:26:43,147 INFO [main] org.hibernate.cfg.Environment [Environment.java : 317] HHH000021: Bytecode provider name : javassist
2017-06-26 13:26:44,346 INFO [main] o.h.annotations.common.Version [JavaReflectionManager.java : 66] HCANN000001: Hibernate Commons Annotations {5.0.1.Final}
2017-06-26 13:26:46,619 INFO [main] org.hibernate.dialect.Dialect [Dialect.java : 156] HHH000400: Using dialect: org.hibernate.dialect.MySQL5Dialect
2017-06-26 13:26:49,402 INFO [main] o.h.cache.spi.UpdateTimestampsCache [UpdateTimestampsCache.java : 55] HHH000250: Starting update timestamps cache at region: org.hibernate.cache.spi.UpdateTimestampsCache
2017-06-26 13:26:49,413 WARN [main] o.h.c.e.AbstractEhcacheRegionFactory [AbstractEhcacheRegionFactory.java : 161] HHH020003: Could not find a specific ehcache configuration for cache named [org.hibernate.cache.spi.UpdateTimestampsCache]; using defaults.
2017-06-26 13:26:49,676 INFO [main] o.h.c.internal.StandardQueryCache [StandardQueryCache.java : 74] HHH000248: Starting query cache at region: org.hibernate.cache.internal.StandardQueryCache
2017-06-26 13:26:49,679 WARN [main] o.h.c.e.AbstractEhcacheRegionFactory [AbstractEhcacheRegionFactory.java : 161] HHH020003: Could not find a specific ehcache configuration for cache named [org.hibernate.cache.internal.StandardQueryCache]; using defaults.
2017-06-26 13:26:51,243 INFO [main] o.h.tool.hbm2ddl.SchemaUpdate [SchemaUpdate.java : 105] HHH000228: Running hbm2ddl schema update
2017-06-26 13:26:51,724 INFO [net.sf.ehcache.CacheManager@1ec6682] net.sf.ehcache.util.UpdateChecker [UpdateChecker.java : 98] New update(s) found: 2.4.7 [http://www.terracotta.org/confluence/display/release/Release+Notes+Ehcache+Core+2.4]. Please check http://ehcache.org for the latest version.
2017-06-26 13:26:52,425 INFO [main] o.s.o.j.LocalContainerEntityManagerFactoryBean [AbstractEntityManagerFactoryBean.java : 379] Initialized JPA EntityManagerFactory for persistence unit 'platform'
2017-06-26 13:26:54,110 INFO [main] o.h.h.i.QueryTranslatorFactoryInitiator [QueryTranslatorFactoryInitiator.java : 47] HHH000397: Using ASTQueryTranslatorFactory
2017-06-26 13:31:40,881 INFO [Druid-ConnectionPool-Log-17781682] c.a.d.p.DruidDataSourceStatLoggerImpl [DruidDataSourceStatLoggerImpl.java : 77] {"url":"jdbc:mysql://192.168.0.94:3306/dsgc?useUnicode=true&characterEncoding=utf8&pinGlobalTxToPhysicalConnection=true","dbType":"mysql","name":"DataSource-17781682","activeCount":0,"activePeak":2,"activePeakTime":"2017-06-26 13:26:51","poolingCount":2,"poolingPeak":2,"poolingPeakTime":"2017-06-26 13:26:52","connectCount":3,"closeCount":3,"notEmptyWaitCount":1,"notEmptyWaitMillis":27,"physicalConnectCount":1,"connectionHoldTimeHistogram":[0,0,0,3]}
2017-06-26 13:36:40,882 INFO [Druid-ConnectionPool-Log-17781682] c.a.d.p.DruidDataSourceStatLoggerImpl [DruidDataSourceStatLoggerImpl.java : 77] {"url":"jdbc:mysql://192.168.0.94:3306/dsgc?useUnicode=true&characterEncoding=utf8&pinGlobalTxToPhysicalConnection=true","dbType":"mysql","name":"DataSource-17781682","activeCount":0,"poolingCount":1,"connectCount":0,"closeCount":0,"physicalCloseCount":1}
2017-06-26 13:41:40,884 INFO [Druid-ConnectionPool-Log-17781682] c.a.d.p.DruidDataSourceStatLoggerImpl [DruidDataSourceStatLoggerImpl.java : 77] {"url":"jdbc:mysql://192.168.0.94:3306/dsgc?useUnicode=true&characterEncoding=utf8&pinGlobalTxToPhysicalConnection=true","dbType":"mysql","name":"DataSource-17781682","activeCount":0,"poolingCount":1,"connectCount":0,"closeCount":0}
2017-06-26 13:46:28,627 INFO [main] o.s.u.f.SpringTemplateLoader [SpringTemplateLoader.java : 61] SpringTemplateLoader for FreeMarker: using resource loader [org.springframework.boot.context.embedded.AnnotationConfigEmbeddedWebApplicationContext@c4ddae: startup date [Mon Jun 26 13:25:59 CST 2017]; root of context hierarchy] and template loader path [jar:file:/D:/repository/org/apel/gaia-container-boot/1.0.1-SNAPSHOT/gaia-container-boot-1.0.1-SNAPSHOT.jar!/platform/templates/]
2017-06-26 13:46:28,629 INFO [main] o.s.u.f.SpringTemplateLoader [SpringTemplateLoader.java : 61] SpringTemplateLoader for FreeMarker: using resource loader [org.springframework.boot.context.embedded.AnnotationConfigEmbeddedWebApplicationContext@c4ddae: startup date [Mon Jun 26 13:25:59 CST 2017]; root of context hierarchy] and template loader path [classpath:/templates/]
2017-06-26 13:46:28,635 INFO [main] o.s.w.s.v.f.FreeMarkerConfigurer [FreeMarkerConfigurer.java : 127] ClassTemplateLoader for Spring macros added to FreeMarker configuration
2017-06-26 13:46:30,336 INFO [main] o.s.w.s.m.m.a.RequestMappingHandlerAdapter [RequestMappingHandlerAdapter.java : 534] Looking for @ControllerAdvice: org.springframework.boot.context.embedded.AnnotationConfigEmbeddedWebApplicationContext@c4ddae: startup date [Mon Jun 26 13:25:59 CST 2017]; root of context hierarchy
2017-06-26 13:46:30,770 INFO [main] o.s.w.s.m.m.a.RequestMappingHandlerMapping [AbstractHandlerMethodMapping.java : 543] Mapped "{[/appAndAgent/index],methods=[GET]}" onto public java.lang.String org.apel.server.management.main.web.AppAndAgentController.index()
2017-06-26 13:46:30,774 INFO [main] o.s.w.s.m.m.a.RequestMappingHandlerMapping [AbstractHandlerMethodMapping.java : 543] Mapped "{[/appAndAgent/{id}],methods=[DELETE]}" onto public org.apel.gaia.commons.i18n.Message org.apel.server.management.main.web.AppAndAgentController.delete(java.lang.String)
2017-06-26 13:46:30,776 INFO [main] o.s.w.s.m.m.a.RequestMappingHandlerMapping [AbstractHandlerMethodMapping.java : 543] Mapped "{[/appAndAgent/{id}],methods=[PUT]}" onto public org.apel.gaia.commons.i18n.Message org.apel.server.management.main.web.AppAndAgentController.create(java.lang.String,org.apel.server.management.main.container.domain.AppAndAgent)
2017-06-26 13:46:30,776 INFO [main] o.s.w.s.m.m.a.RequestMappingHandlerMapping [AbstractHandlerMethodMapping.java : 543] Mapped "{[/appAndAgent],methods=[POST]}" onto public org.apel.gaia.commons.i18n.Message org.apel.server.management.main.web.AppAndAgentController.create(org.apel.server.management.main.container.domain.AppAndAgent)
2017-06-26 13:46:30,777 INFO [main] o.s.w.s.m.m.a.RequestMappingHandlerMapping [AbstractHandlerMethodMapping.java : 543] Mapped "{[/appAndAgent/suspend/{id}],methods=[GET]}" onto public org.apel.gaia.commons.i18n.Message org.apel.server.management.main.web.AppAndAgentController.suspend(java.lang.String)
2017-06-26 13:46:30,778 INFO [main] o.s.w.s.m.m.a.RequestMappingHandlerMapping [AbstractHandlerMethodMapping.java : 543] Mapped "{[/appAndAgent]}" onto public org.apel.gaia.commons.pager.PageBean org.apel.server.management.main.web.AppAndAgentController.list(org.apel.gaia.commons.jqgrid.QueryParams)
2017-06-26 13:46:30,779 INFO [main] o.s.w.s.m.m.a.RequestMappingHandlerMapping [AbstractHandlerMethodMapping.java : 543] Mapped "{[/appAndAgent/{id}],methods=[GET]}" onto public org.apel.server.management.main.container.domain.AppAndAgent org.apel.server.management.main.web.AppAndAgentController.view(java.lang.String)
2017-06-26 13:46:30,780 INFO [main] o.s.w.s.m.m.a.RequestMappingHandlerMapping [AbstractHandlerMethodMapping.java : 543] Mapped "{[/appAndAgent/deploy/{id}],methods=[GET]}" onto public org.apel.gaia.commons.i18n.Message org.apel.server.management.main.web.AppAndAgentController.deploy(java.lang.String)
2017-06-26 13:46:30,781 INFO [main] o.s.w.s.m.m.a.RequestMappingHandlerMapping [AbstractHandlerMethodMapping.java : 543] Mapped "{[/appAndAgent/upgrade/{id}],methods=[GET]}" onto public org.apel.gaia.commons.i18n.Message org.apel.server.management.main.web.AppAndAgentController.upgrade(java.lang.String)
2017-06-26 13:46:30,782 INFO [main] o.s.w.s.m.m.a.RequestMappingHandlerMapping [AbstractHandlerMethodMapping.java : 543] Mapped "{[/appAndAgent/startup/{id}],methods=[GET]}" onto public org.apel.gaia.commons.i18n.Message org.apel.server.management.main.web.AppAndAgentController.startup(java.lang.String)
2017-06-26 13:46:30,783 INFO [main] o.s.w.s.m.m.a.RequestMappingHandlerMapping [AbstractHandlerMethodMapping.java : 543] Mapped "{[/appAndAgent/getAllApplication],methods=[GET]}" onto public java.util.List<java.util.Map<java.lang.String, java.lang.Object>> org.apel.server.management.main.web.AppAndAgentController.getAllApplication()
2017-06-26 13:46:30,785 INFO [main] o.s.w.s.m.m.a.RequestMappingHandlerMapping [AbstractHandlerMethodMapping.java : 543] Mapped "{[/appAndAgent/getStartStatus]}" onto public java.util.List<java.util.Map<java.lang.String, java.lang.Object>> org.apel.server.management.main.web.AppAndAgentController.getStartStatus()
2017-06-26 13:46:30,786 INFO [main] o.s.w.s.m.m.a.RequestMappingHandlerMapping [AbstractHandlerMethodMapping.java : 543] Mapped "{[/appAndAgent/getAllAgent],methods=[GET]}" onto public java.util.List<java.util.Map<java.lang.String, java.lang.Object>> org.apel.server.management.main.web.AppAndAgentController.getAllAgent()
2017-06-26 13:46:30,788 INFO [main] o.s.w.s.m.m.a.RequestMappingHandlerMapping [AbstractHandlerMethodMapping.java : 543] Mapped "{[/appAndAgent/getAllAppVersion],methods=[GET]}" onto public java.util.List<java.util.Map<java.lang.String, java.lang.Object>> org.apel.server.management.main.web.AppAndAgentController.getAllAppVersion(java.lang.String)
2017-06-26 13:46:30,789 INFO [main] o.s.w.s.m.m.a.RequestMappingHandlerMapping [AbstractHandlerMethodMapping.java : 543] Mapped "{[/appAndAgent],methods=[DELETE]}" onto public org.apel.gaia.commons.i18n.Message org.apel.server.management.main.web.AppAndAgentController.batchDelete(java.lang.String[])
2017-06-26 13:46:30,790 INFO [main] o.s.w.s.m.m.a.RequestMappingHandlerMapping [AbstractHandlerMethodMapping.java : 543] Mapped "{[/appAndAgent/all],methods=[GET]}" onto public java.util.List<org.apel.server.management.main.container.domain.AppAndAgent> org.apel.server.management.main.web.AppAndAgentController.getAll()
2017-06-26 13:46:30,800 INFO [main] o.s.w.s.m.m.a.RequestMappingHandlerMapping [AbstractHandlerMethodMapping.java : 543] Mapped "{[/applicationAgent/index],methods=[GET]}" onto public java.lang.String org.apel.server.management.main.web.ApplicationAgentController.index()
2017-06-26 13:46:30,801 INFO [main] o.s.w.s.m.m.a.RequestMappingHandlerMapping [AbstractHandlerMethodMapping.java : 543] Mapped "{[/applicationAgent/{id}],methods=[DELETE]}" onto public org.apel.gaia.commons.i18n.Message org.apel.server.management.main.web.ApplicationAgentController.delete(java.lang.String)
2017-06-26 13:46:30,802 INFO [main] o.s.w.s.m.m.a.RequestMappingHandlerMapping [AbstractHandlerMethodMapping.java : 543] Mapped "{[/applicationAgent/{id}],methods=[PUT]}" onto public org.apel.gaia.commons.i18n.Message org.apel.server.management.main.web.ApplicationAgentController.create(java.lang.String,org.apel.server.management.main.container.domain.ApplicationAgent)
2017-06-26 13:46:30,803 INFO [main] o.s.w.s.m.m.a.RequestMappingHandlerMapping [AbstractHandlerMethodMapping.java : 543] Mapped "{[/applicationAgent],methods=[POST]}" onto public org.apel.gaia.commons.i18n.Message org.apel.server.management.main.web.ApplicationAgentController.create(org.apel.server.management.main.container.domain.ApplicationAgent)
2017-06-26 13:46:30,804 INFO [main] o.s.w.s.m.m.a.RequestMappingHandlerMapping [AbstractHandlerMethodMapping.java : 543] Mapped "{[/applicationAgent]}" onto public org.apel.gaia.commons.pager.PageBean org.apel.server.management.main.web.ApplicationAgentController.list(org.apel.gaia.commons.jqgrid.QueryParams)
2017-06-26 13:46:30,805 INFO [main] o.s.w.s.m.m.a.RequestMappingHandlerMapping [AbstractHandlerMethodMapping.java : 543] Mapped "{[/applicationAgent/{id}],methods=[GET]}" onto public org.apel.server.management.main.container.domain.ApplicationAgent org.apel.server.management.main.web.ApplicationAgentController.view(java.lang.String)
2017-06-26 13:46:30,806 INFO [main] o.s.w.s.m.m.a.RequestMappingHandlerMapping [AbstractHandlerMethodMapping.java : 543] Mapped "{[/applicationAgent],methods=[DELETE]}" onto public org.apel.gaia.commons.i18n.Message org.apel.server.management.main.web.ApplicationAgentController.batchDelete(java.lang.String[])
2017-06-26 13:46:30,807 INFO [main] o.s.w.s.m.m.a.RequestMappingHandlerMapping [AbstractHandlerMethodMapping.java : 543] Mapped "{[/applicationAgent/getAgentStatus],methods=[GET]}" onto public java.util.List<java.util.Map<java.lang.String, java.lang.Object>> org.apel.server.management.main.web.ApplicationAgentController.getAgentStatus()
2017-06-26 13:46:30,808 INFO [main] o.s.w.s.m.m.a.RequestMappingHandlerMapping [AbstractHandlerMethodMapping.java : 543] Mapped "{[/applicationAgent/all],methods=[GET]}" onto public java.util.List<org.apel.server.management.main.container.domain.ApplicationAgent> org.apel.server.management.main.web.ApplicationAgentController.getAll()
2017-06-26 13:46:30,817 INFO [main] o.s.w.s.m.m.a.RequestMappingHandlerMapping [AbstractHandlerMethodMapping.java : 543] Mapped "{[/application/index],methods=[GET]}" onto public java.lang.String org.apel.server.management.main.web.ApplicationController.index()
2017-06-26 13:46:30,819 INFO [main] o.s.w.s.m.m.a.RequestMappingHandlerMapping [AbstractHandlerMethodMapping.java : 543] Mapped "{[/application/{id}],methods=[DELETE]}" onto public org.apel.gaia.commons.i18n.Message org.apel.server.management.main.web.ApplicationController.delete(java.lang.String)
2017-06-26 13:46:30,820 INFO [main] o.s.w.s.m.m.a.RequestMappingHandlerMapping [AbstractHandlerMethodMapping.java : 543] Mapped "{[/application/{id}],methods=[PUT]}" onto public org.apel.gaia.commons.i18n.Message org.apel.server.management.main.web.ApplicationController.create(java.lang.String,org.apel.server.management.main.container.domain.Application)
2017-06-26 13:46:30,821 INFO [main] o.s.w.s.m.m.a.RequestMappingHandlerMapping [AbstractHandlerMethodMapping.java : 543] Mapped "{[/application],methods=[POST]}" onto public org.apel.gaia.commons.i18n.Message org.apel.server.management.main.web.ApplicationController.create(org.apel.server.management.main.container.domain.Application)
2017-06-26 13:46:30,822 INFO [main] o.s.w.s.m.m.a.RequestMappingHandlerMapping [AbstractHandlerMethodMapping.java : 543] Mapped "{[/application]}" onto public org.apel.gaia.commons.pager.PageBean org.apel.server.management.main.web.ApplicationController.list(org.apel.gaia.commons.jqgrid.QueryParams)
2017-06-26 13:46:30,822 INFO [main] o.s.w.s.m.m.a.RequestMappingHandlerMapping [AbstractHandlerMethodMapping.java : 543] Mapped "{[/application/{id}],methods=[GET]}" onto public org.apel.server.management.main.container.domain.Application org.apel.server.management.main.web.ApplicationController.view(java.lang.String)
2017-06-26 13:46:30,823 INFO [main] o.s.w.s.m.m.a.RequestMappingHandlerMapping [AbstractHandlerMethodMapping.java : 543] Mapped "{[/application/upload/{id}],methods=[POST]}" onto public org.apel.gaia.commons.i18n.Message org.apel.server.management.main.web.ApplicationController.upload(java.lang.String,org.springframework.web.multipart.MultipartFile)
2017-06-26 13:46:30,824 INFO [main] o.s.w.s.m.m.a.RequestMappingHandlerMapping [AbstractHandlerMethodMapping.java : 543] Mapped "{[/application],methods=[DELETE]}" onto public org.apel.gaia.commons.i18n.Message org.apel.server.management.main.web.ApplicationController.batchDelete(java.lang.String[])
2017-06-26 13:46:30,825 INFO [main] o.s.w.s.m.m.a.RequestMappingHandlerMapping [AbstractHandlerMethodMapping.java : 543] Mapped "{[/application/getServerType],methods=[GET]}" onto public java.util.List<java.util.Map<java.lang.String, java.lang.Object>> org.apel.server.management.main.web.ApplicationController.getServerType()
2017-06-26 13:46:30,826 INFO [main] o.s.w.s.m.m.a.RequestMappingHandlerMapping [AbstractHandlerMethodMapping.java : 543] Mapped "{[/application/all],methods=[GET]}" onto public java.util.List<org.apel.server.management.main.container.domain.Application> org.apel.server.management.main.web.ApplicationController.getAll()
2017-06-26 13:46:30,836 INFO [main] o.s.w.s.m.m.a.RequestMappingHandlerMapping [AbstractHandlerMethodMapping.java : 543] Mapped "{[/test/index],methods=[GET]}" onto public java.lang.String org.apel.server.management.main.web.TestController.index()
2017-06-26 13:46:30,837 INFO [main] o.s.w.s.m.m.a.RequestMappingHandlerMapping [AbstractHandlerMethodMapping.java : 543] Mapped "{[/test/user/{id}],methods=[GET]}" onto public org.springframework.boot.autoconfigure.security.SecurityProperties$User org.apel.server.management.main.web.TestController.findById(java.lang.String)
2017-06-26 13:46:30,838 INFO [main] o.s.w.s.m.m.a.RequestMappingHandlerMapping [AbstractHandlerMethodMapping.java : 543] Mapped "{[/test/subContainer],methods=[GET]}" onto public java.lang.String org.apel.server.management.main.web.TestController.subContainer()
2017-06-26 13:46:30,842 INFO [main] o.s.w.s.m.m.a.RequestMappingHandlerMapping [AbstractHandlerMethodMapping.java : 543] Mapped "{[/export/jqgrid],methods=[POST]}" onto public org.springframework.http.ResponseEntity<byte[]> org.apel.gaia.infrastructure.ExportController.exportExcel(org.apel.gaia.commons.jqgrid.QueryParams,java.lang.String,java.lang.String,java.lang.String,java.lang.String,java.lang.String,java.lang.String,java.lang.String,java.lang.String) throws java.lang.Exception
2017-06-26 13:46:30,846 INFO [main] o.s.w.s.m.m.a.RequestMappingHandlerMapping [AbstractHandlerMethodMapping.java : 543] Mapped "{[/file_progress]}" onto public java.lang.Integer org.apel.gaia.container.boot.controller.CommonController.netCheck(javax.servlet.http.HttpSession)
2017-06-26 13:46:30,847 INFO [main] o.s.w.s.m.m.a.RequestMappingHandlerMapping [AbstractHandlerMethodMapping.java : 543] Mapped "{[/net_check]}" onto public java.lang.String org.apel.gaia.container.boot.controller.CommonController.netCheck(java.lang.String)
2017-06-26 13:46:30,848 INFO [main] o.s.w.s.m.m.a.RequestMappingHandlerMapping [AbstractHandlerMethodMapping.java : 543] Mapped "{[/net_detect]}" onto public java.lang.String org.apel.gaia.container.boot.controller.CommonController.netDedect()
2017-06-26 13:46:30,853 INFO [main] o.s.w.s.m.m.a.RequestMappingHandlerMapping [AbstractHandlerMethodMapping.java : 543] Mapped "{[/400]}" onto public java.lang.String org.apel.gaia.container.boot.controller.ContainerErrorController._400() throws java.lang.Exception
2017-06-26 13:46:30,854 INFO [main] o.s.w.s.m.m.a.RequestMappingHandlerMapping [AbstractHandlerMethodMapping.java : 543] Mapped "{[/403]}" onto public java.lang.String org.apel.gaia.container.boot.controller.ContainerErrorController._403() throws java.lang.Exception
2017-06-26 13:46:30,855 INFO [main] o.s.w.s.m.m.a.RequestMappingHandlerMapping [AbstractHandlerMethodMapping.java : 543] Mapped "{[/404]}" onto public java.lang.String org.apel.gaia.container.boot.controller.ContainerErrorController._404() throws java.lang.Exception
2017-06-26 13:46:30,855 INFO [main] o.s.w.s.m.m.a.RequestMappingHandlerMapping [AbstractHandlerMethodMapping.java : 543] Mapped "{[/405]}" onto public java.lang.String org.apel.gaia.container.boot.controller.ContainerErrorController._405() throws java.lang.Exception
2017-06-26 13:46:30,856 INFO [main] o.s.w.s.m.m.a.RequestMappingHandlerMapping [AbstractHandlerMethodMapping.java : 543] Mapped "{[/500]}" onto public java.lang.String org.apel.gaia.container.boot.controller.ContainerErrorController._500() throws java.lang.Exception
2017-06-26 13:46:30,857 INFO [main] o.s.w.s.m.m.a.RequestMappingHandlerMapping [AbstractHandlerMethodMapping.java : 543] Mapped "{[/error]}" onto public java.lang.String org.apel.gaia.container.boot.controller.SpringErrorController.error()
2017-06-26 13:46:31,075 INFO [main] o.s.w.s.h.SimpleUrlHandlerMapping [AbstractUrlHandlerMapping.java : 362] Mapped URL path [/webjars/**] onto handler of type [class org.springframework.web.servlet.resource.ResourceHttpRequestHandler]
2017-06-26 13:46:31,076 INFO [main] o.s.w.s.h.SimpleUrlHandlerMapping [AbstractUrlHandlerMapping.java : 362] Mapped URL path [/**] onto handler of type [class org.springframework.web.servlet.resource.ResourceHttpRequestHandler]
2017-06-26 13:46:31,308 INFO [main] o.s.w.s.h.SimpleUrlHandlerMapping [AbstractUrlHandlerMapping.java : 362] Mapped URL path [/**/favicon.ico] onto handler of type [class org.springframework.web.servlet.resource.ResourceHttpRequestHandler]
2017-06-26 13:46:34,425 INFO [main] o.s.j.e.a.AnnotationMBeanExporter [MBeanExporter.java : 431] Registering beans for JMX exposure on startup
2017-06-26 13:46:34,433 INFO [main] o.s.j.e.a.AnnotationMBeanExporter [MBeanExporter.java : 916] Bean with name 'dataSource' has been autodetected for JMX exposure
2017-06-26 13:46:34,460 INFO [main] o.s.j.e.a.AnnotationMBeanExporter [MBeanExporter.java : 671] Located MBean 'dataSource': registering with JMX server as MBean [com.alibaba.druid.pool:name=dataSource,type=DruidDataSource]
2017-06-26 13:46:34,560 INFO [main] o.e.jetty.ContextHandler.application [ContextHandler.java : 2207] Initializing Spring FrameworkServlet 'dispatcherServlet'
2017-06-26 13:46:34,561 INFO [main] o.s.web.servlet.DispatcherServlet [FrameworkServlet.java : 489] FrameworkServlet 'dispatcherServlet': initialization started
2017-06-26 13:46:34,620 INFO [main] o.s.web.servlet.DispatcherServlet [FrameworkServlet.java : 508] FrameworkServlet 'dispatcherServlet': initialization completed in 58 ms
2017-06-26 13:46:34,684 INFO [main] o.e.jetty.server.AbstractConnector [AbstractConnector.java : 280] Started ServerConnector@ac3ad0{HTTP/1.1,[http/1.1]}{0.0.0.0:6555}
2017-06-26 13:46:34,685 INFO [main] o.s.b.c.e.j.JettyEmbeddedServletContainer [JettyEmbeddedServletContainer.java : 144] Jetty started on port(s) 6555 (http/1.1)
2017-06-26 13:46:34,703 INFO [main] o.a.s.m.main.web.test.StartMainWeb [StartupInfoLogger.java : 57] Started StartMainWeb in 1238.071 seconds (JVM running for 1240.571)
2017-06-26 13:46:40,892 INFO [Druid-ConnectionPool-Log-17781682] c.a.d.p.DruidDataSourceStatLoggerImpl [DruidDataSourceStatLoggerImpl.java : 77] {"url":"jdbc:mysql://192.168.0.94:3306/dsgc?useUnicode=true&characterEncoding=utf8&pinGlobalTxToPhysicalConnection=true","dbType":"mysql","name":"DataSource-17781682","activeCount":0,"activePeak":1,"activePeakTime":"2017-06-26 13:46:32","poolingCount":1,"poolingPeak":1,"poolingPeakTime":"2017-06-26 13:46:32","connectCount":2,"closeCount":2,"executeCount":1,"commitCount":1,"pstmtCacheMissCount":1,"startTransactionCount":1,"transactionHistogram":[0,0,0,0,1],"connectionHoldTimeHistogram":[0,1,0,0,1],"sqlList":[{"sql":"select applicatio0_.id as id1_3_, applicatio0_.context as context2_3_, applicatio0_.createDate as createDa3_3_, applicatio0_.ip as ip4_3_, applicatio0_.name as name5_3_, applicatio0_.port as port6_3_, applicatio0_.status as status7_3_, applicatio0_.statusName as statusNa8_3_ from base_application_agent applicatio0_ order by applicatio0_.createDate asc","executeCount":1,"executeMillisMax":20,"executeMillisTotal":20,"executeHistogram":[0,0,1],"executeAndResultHoldHistogram":[1],"concurrentMax":1,"fetchRowCount":2,"fetchRowHistogram":[0,1],"inTransactionCount":1}]}
2017-06-26 13:46:46,750 INFO [qtp26679653-47] o.a.g.p.dao.CommonRepositoryImpl [CommonRepositoryImpl.java : 497] qlString = {FROM ApplicationAgent WHERE 1=1}
2017-06-26 13:46:46,752 INFO [qtp26679653-47] o.a.g.p.dao.CommonRepositoryImpl [CommonRepositoryImpl.java : 701] conIndex = {22}
2017-06-26 13:46:46,753 INFO [qtp26679653-47] o.a.g.p.dao.CommonRepositoryImpl [CommonRepositoryImpl.java : 706] 条件前的?个数：{0}
2017-06-26 13:46:46,755 INFO [qtp26679653-47] o.a.g.p.dao.CommonRepositoryImpl [CommonRepositoryImpl.java : 707] 条件后的?个数：{0}
2017-06-26 13:46:46,756 INFO [qtp26679653-47] o.a.g.p.dao.CommonRepositoryImpl [CommonRepositoryImpl.java : 708] 条件的起始位置：{0}
2017-06-26 13:46:46,758 INFO [qtp26679653-47] o.a.g.p.dao.CommonRepositoryImpl [CommonRepositoryImpl.java : 674] condition = {}
2017-06-26 13:46:46,759 INFO [qtp26679653-47] o.a.g.p.dao.CommonRepositoryImpl [CommonRepositoryImpl.java : 482] order = { ORDER BY createDate DESC}
2017-06-26 13:46:46,760 INFO [qtp26679653-47] o.a.g.p.dao.CommonRepositoryImpl [CommonRepositoryImpl.java : 420] list_ql = {FROM ApplicationAgent  WHERE 1=1  ORDER BY createDate DESC}
2017-06-26 13:46:46,761 INFO [qtp26679653-47] o.a.g.p.dao.CommonRepositoryImpl [CommonRepositoryImpl.java : 152] count_ql = {SELECT count(*) FROM ApplicationAgent  WHERE 1=1 }
2017-06-26 13:46:46,811 INFO [qtp26679653-47] o.a.g.p.dao.CommonRepositoryImpl [CommonRepositoryImpl.java : 737] executeCount totalRows = {2}
2017-06-26 13:46:55,571 INFO [qtp26679653-46] o.a.g.p.dao.CommonRepositoryImpl [CommonRepositoryImpl.java : 497] qlString = {FROM ApplicationAgent WHERE 1=1}
2017-06-26 13:46:55,573 INFO [qtp26679653-46] o.a.g.p.dao.CommonRepositoryImpl [CommonRepositoryImpl.java : 701] conIndex = {22}
2017-06-26 13:46:55,574 INFO [qtp26679653-46] o.a.g.p.dao.CommonRepositoryImpl [CommonRepositoryImpl.java : 706] 条件前的?个数：{0}
2017-06-26 13:46:55,576 INFO [qtp26679653-46] o.a.g.p.dao.CommonRepositoryImpl [CommonRepositoryImpl.java : 707] 条件后的?个数：{0}
2017-06-26 13:46:55,577 INFO [qtp26679653-46] o.a.g.p.dao.CommonRepositoryImpl [CommonRepositoryImpl.java : 708] 条件的起始位置：{0}
2017-06-26 13:46:55,578 INFO [qtp26679653-46] o.a.g.p.dao.CommonRepositoryImpl [CommonRepositoryImpl.java : 674] condition = {}
2017-06-26 13:46:55,579 INFO [qtp26679653-46] o.a.g.p.dao.CommonRepositoryImpl [CommonRepositoryImpl.java : 482] order = { ORDER BY createDate DESC}
2017-06-26 13:46:55,580 INFO [qtp26679653-46] o.a.g.p.dao.CommonRepositoryImpl [CommonRepositoryImpl.java : 420] list_ql = {FROM ApplicationAgent  WHERE 1=1  ORDER BY createDate DESC}
2017-06-26 13:46:55,581 INFO [qtp26679653-46] o.a.g.p.dao.CommonRepositoryImpl [CommonRepositoryImpl.java : 152] count_ql = {SELECT count(*) FROM ApplicationAgent  WHERE 1=1 }
2017-06-26 13:46:55,586 INFO [qtp26679653-46] o.a.g.p.dao.CommonRepositoryImpl [CommonRepositoryImpl.java : 737] executeCount totalRows = {2}
2017-06-26 13:49:30,435 INFO [qtp26679653-51] o.a.g.p.dao.CommonRepositoryImpl [CommonRepositoryImpl.java : 497] qlString = {FROM AppAndAgent WHERE 1=1}
2017-06-26 13:49:30,437 INFO [qtp26679653-51] o.a.g.p.dao.CommonRepositoryImpl [CommonRepositoryImpl.java : 701] conIndex = {17}
2017-06-26 13:49:30,438 INFO [qtp26679653-51] o.a.g.p.dao.CommonRepositoryImpl [CommonRepositoryImpl.java : 706] 条件前的?个数：{0}
2017-06-26 13:49:30,439 INFO [qtp26679653-51] o.a.g.p.dao.CommonRepositoryImpl [CommonRepositoryImpl.java : 707] 条件后的?个数：{0}
2017-06-26 13:49:30,440 INFO [qtp26679653-51] o.a.g.p.dao.CommonRepositoryImpl [CommonRepositoryImpl.java : 708] 条件的起始位置：{0}
2017-06-26 13:49:30,441 INFO [qtp26679653-51] o.a.g.p.dao.CommonRepositoryImpl [CommonRepositoryImpl.java : 674] condition = {}
2017-06-26 13:49:30,442 INFO [qtp26679653-51] o.a.g.p.dao.CommonRepositoryImpl [CommonRepositoryImpl.java : 482] order = { ORDER BY createDate DESC}
2017-06-26 13:49:30,444 INFO [qtp26679653-51] o.a.g.p.dao.CommonRepositoryImpl [CommonRepositoryImpl.java : 420] list_ql = {FROM AppAndAgent  WHERE 1=1  ORDER BY createDate DESC}
2017-06-26 13:49:30,445 INFO [qtp26679653-51] o.a.g.p.dao.CommonRepositoryImpl [CommonRepositoryImpl.java : 152] count_ql = {SELECT count(*) FROM AppAndAgent  WHERE 1=1 }
2017-06-26 13:49:30,456 INFO [qtp26679653-51] o.a.g.p.dao.CommonRepositoryImpl [CommonRepositoryImpl.java : 737] executeCount totalRows = {1}
2017-06-26 13:51:40,897 INFO [Druid-ConnectionPool-Log-17781682] c.a.d.p.DruidDataSourceStatLoggerImpl [DruidDataSourceStatLoggerImpl.java : 77] {"url":"jdbc:mysql://192.168.0.94:3306/dsgc?useUnicode=true&characterEncoding=utf8&pinGlobalTxToPhysicalConnection=true","dbType":"mysql","name":"DataSource-17781682","activeCount":0,"activePeak":2,"activePeakTime":"2017-06-26 13:50:32","poolingCount":2,"poolingPeak":2,"poolingPeakTime":"2017-06-26 13:50:45","connectCount":11,"closeCount":11,"notEmptyWaitCount":1,"notEmptyWaitMillis":29,"physicalConnectCount":1,"executeCount":18,"commitCount":11,"pstmtCacheHitCount":7,"pstmtCacheMissCount":11,"startTransactionCount":11,"transactionHistogram":[0,1,8,1,0,1],"connectionHoldTimeHistogram":[0,0,8,1,1,1],"sqlList":[{"sql":"select applicatio0_.id as id1_3_, applicatio0_.context as context2_3_, applicatio0_.createDate as createDa3_3_, applicatio0_.ip as ip4_3_, applicatio0_.name as name5_3_, applicatio0_.port as port6_3_, applicatio0_.status as status7_3_, applicatio0_.statusName as statusNa8_3_ from base_application_agent applicatio0_ order by applicatio0_.createDate asc","executeCount":6,"executeMillisMax":2,"executeMillisTotal":13,"executeHistogram":[0,6],"executeAndResultHoldHistogram":[6],"concurrentMax":1,"fetchRowCount":2,"fetchRowHistogram":[0,6],"inTransactionCount":6},{"sql":"select count(*) as col_0_0_ from base_application_agent applicatio0_ where 1=1","executeCount":2,"executeMillisMax":1,"executeMillisTotal":3,"executeHistogram":[0,2],"executeAndResultHoldHistogram":[2],"concurrentMax":1,"fetchRowCount":1,"fetchRowHistogram":[0,2],"inTransactionCount":2},{"sql":"select applicatio0_.id as id1_3_, applicatio0_.context as context2_3_, applicatio0_.createDate as createDa3_3_, applicatio0_.ip as ip4_3_, applicatio0_.name as name5_3_, applicatio0_.port as port6_3_, applicatio0_.status as status7_3_, applicatio0_.statusName as statusNa8_3_ from base_application_agent applicatio0_ where 1=1 order by applicatio0_.createDate DESC limit ?","executeCount":2,"executeMillisMax":2,"executeMillisTotal":4,"executeHistogram":[0,2],"executeAndResultHoldHistogram":[2],"concurrentMax":1,"fetchRowCount":2,"fetchRowHistogram":[0,2],"inTransactionCount":2},{"sql":"select applicatio0_.id as id1_2_, applicatio0_.context as context2_2_, applicatio0_.createDate as createDa3_2_, applicatio0_.hasJar as hasJar4_2_, applicatio0_.name as name5_2_, applicatio0_.serverType as serverTy6_2_, applicatio0_.serverTypeName as serverTy7_2_ from base_application applicatio0_ order by applicatio0_.createDate asc","executeCount":1,"executeMillisMax":2,"executeMillisTotal":2,"executeHistogram":[0,1],"executeAndResultHoldHistogram":[1],"concurrentMax":1,"fetchRowCount":6,"fetchRowHistogram":[0,1],"inTransactionCount":1},{"sql":"select count(*) as col_0_0_ from base_app_and_agent appandagen0_ where 1=1","executeCount":1,"executeMillisMax":1,"executeMillisTotal":1,"executeHistogram":[0,1],"executeAndResultHoldHistogram":[1],"concurrentMax":1,"fetchRowCount":1,"fetchRowHistogram":[0,1],"inTransactionCount":1},{"sql":"select appandagen0_.id as id1_0_, appandagen0_.agentContext as agentCon2_0_, appandagen0_.agentIP as agentIP3_0_, appandagen0_.agentLog as agentLog4_0_, appandagen0_.agentPort as agentPor5_0_, appandagen0_.appDeployDirectory as appDeplo6_0_, appandagen0_.applicationContext as applicat7_0_, appandagen0_.applicationIP as applicat8_0_, appandagen0_.applicationLog as applicat9_0_, appandagen0_.applicationPid as applica10_0_, appandagen0_.applicationPort as applica11_0_, appandagen0_.applicationVersion as applica12_0_, appandagen0_.application_id as applica18_0_, appandagen0_.app_agent_id as app_age19_0_, appandagen0_.createDate as createD13_0_, appandagen0_.operatingSystem as operati14_0_, appandagen0_.startDate as startDa15_0_, appandagen0_.startStatus as startSt16_0_, appandagen0_.startStatusName as startSt17_0_ from base_app_and_agent appandagen0_ where 1=1 order by appandagen0_.createDate DESC limit ?","executeCount":1,"executeMillisMax":3,"executeMillisTotal":3,"executeHistogram":[0,1],"executeAndResultHoldHistogram":[1],"concurrentMax":1,"fetchRowCount":1,"fetchRowHistogram":[0,1],"inTransactionCount":1},{"sql":"select applicatio0_.id as id1_2_0_, applicatio0_.context as context2_2_0_, applicatio0_.createDate as createDa3_2_0_, applicatio0_.hasJar as hasJar4_2_0_, applicatio0_.name as name5_2_0_, applicatio0_.serverType as serverTy6_2_0_, applicatio0_.serverTypeName as serverTy7_2_0_ from base_application applicatio0_ where applicatio0_.id=?","executeCount":1,"executeMillisMax":2,"executeMillisTotal":2,"executeHistogram":[0,1],"executeAndResultHoldHistogram":[1],"concurrentMax":1,"fetchRowCount":1,"fetchRowHistogram":[0,1],"inTransactionCount":1},{"sql":"select applicatio0_.id as id1_3_0_, applicatio0_.context as context2_3_0_, applicatio0_.createDate as createDa3_3_0_, applicatio0_.ip as ip4_3_0_, applicatio0_.name as name5_3_0_, applicatio0_.port as port6_3_0_, applicatio0_.status as status7_3_0_, applicatio0_.statusName as statusNa8_3_0_ from base_application_agent applicatio0_ where applicatio0_.id=?","executeCount":1,"executeMillisMax":2,"executeMillisTotal":2,"executeHistogram":[0,1],"executeAndResultHoldHistogram":[1],"concurrentMax":1,"fetchRowCount":1,"fetchRowHistogram":[0,1],"inTransactionCount":1},{"sql":"select appandagen0_.id as id1_0_0_, appandagen0_.agentContext as agentCon2_0_0_, appandagen0_.agentIP as agentIP3_0_0_, appandagen0_.agentLog as agentLog4_0_0_, appandagen0_.agentPort as agentPor5_0_0_, appandagen0_.appDeployDirectory as appDeplo6_0_0_, appandagen0_.applicationContext as applicat7_0_0_, appandagen0_.applicationIP as applicat8_0_0_, appandagen0_.applicationLog as applicat9_0_0_, appandagen0_.applicationPid as applica10_0_0_, appandagen0_.applicationPort as applica11_0_0_, appandagen0_.applicationVersion as applica12_0_0_, appandagen0_.application_id as applica18_0_0_, appandagen0_.app_agent_id as app_age19_0_0_, appandagen0_.createDate as createD13_0_0_, appandagen0_.operatingSystem as operati14_0_0_, appandagen0_.startDate as startDa15_0_0_, appandagen0_.startStatus as startSt16_0_0_, appandagen0_.startStatusName as startSt17_0_0_, applicatio1_.id as id1_2_1_, applicatio1_.context as context2_2_1_, applicatio1_.createDate as createDa3_2_1_, applicatio1_.hasJar as hasJar4_2_1_, applicatio1_.name as name5_2_1_, applicatio1_.serverType as serverTy6_2_1_, applicatio1_.serverTypeName as serverTy7_2_1_, applicatio2_.id as id1_3_2_, applicatio2_.context as context2_3_2_, applicatio2_.createDate as createDa3_3_2_, applicatio2_.ip as ip4_3_2_, applicatio2_.name as name5_3_2_, applicatio2_.port as port6_3_2_, applicatio2_.status as status7_3_2_, applicatio2_.statusName as statusNa8_3_2_ from base_app_and_agent appandagen0_ left outer join base_application applicatio1_ on appandagen0_.application_id=applicatio1_.id left outer join base_application_agent applicatio2_ on appandagen0_.app_agent_id=applicatio2_.id where appandagen0_.id=?","executeCount":1,"executeMillisMax":3,"executeMillisTotal":3,"executeHistogram":[0,1],"executeAndResultHoldHistogram":[1],"concurrentMax":1,"fetchRowCount":1,"fetchRowHistogram":[0,1],"inTransactionCount":1},{"sql":"select applicatio0_.id as id1_1_, applicatio0_.appVersion as appVersi2_1_, applicatio0_.application_id as applicat5_1_, applicatio0_.storeDate as storeDat3_1_, applicatio0_.storePath as storePat4_1_ from base_app_version applicatio0_ where applicatio0_.application_id=? and applicatio0_.appVersion=?","executeCount":1,"executeMillisMax":2,"executeMillisTotal":2,"executeHistogram":[0,1],"executeAndResultHoldHistogram":[1],"concurrentMax":1,"fetchRowCount":1,"fetchRowHistogram":[0,1],"inTransactionCount":1},{"sql":"update base_app_and_agent set agentContext=?, agentIP=?, agentLog=?, agentPort=?, appDeployDirectory=?, applicationContext=?, applicationIP=?, applicationLog=?, applicationPid=?, applicationPort=?, applicationVersion=?, application_id=?, app_agent_id=?, createDate=?, operatingSystem=?, startDate=?, startStatus=?, startStatusName=? where id=?","executeCount":1,"executeMillisMax":3,"executeMillisTotal":3,"executeHistogram":[0,1],"executeAndResultHoldHistogram":[0,1],"concurrentMax":1,"updateCount":1,"updateCountMax":1,"updateHistogram":[0,1],"inTransactionCount":1}]}
2017-06-26 13:52:32,291 INFO [qtp26679653-51] o.a.g.p.dao.CommonRepositoryImpl [CommonRepositoryImpl.java : 497] qlString = {FROM AppAndAgent WHERE 1=1}
2017-06-26 13:52:32,293 INFO [qtp26679653-51] o.a.g.p.dao.CommonRepositoryImpl [CommonRepositoryImpl.java : 701] conIndex = {17}
2017-06-26 13:52:32,294 INFO [qtp26679653-51] o.a.g.p.dao.CommonRepositoryImpl [CommonRepositoryImpl.java : 706] 条件前的?个数：{0}
2017-06-26 13:52:32,294 INFO [qtp26679653-51] o.a.g.p.dao.CommonRepositoryImpl [CommonRepositoryImpl.java : 707] 条件后的?个数：{0}
2017-06-26 13:52:32,295 INFO [qtp26679653-51] o.a.g.p.dao.CommonRepositoryImpl [CommonRepositoryImpl.java : 708] 条件的起始位置：{0}
2017-06-26 13:52:32,296 INFO [qtp26679653-51] o.a.g.p.dao.CommonRepositoryImpl [CommonRepositoryImpl.java : 674] condition = {}
2017-06-26 13:52:32,297 INFO [qtp26679653-51] o.a.g.p.dao.CommonRepositoryImpl [CommonRepositoryImpl.java : 482] order = { ORDER BY createDate DESC}
2017-06-26 13:52:32,298 INFO [qtp26679653-51] o.a.g.p.dao.CommonRepositoryImpl [CommonRepositoryImpl.java : 420] list_ql = {FROM AppAndAgent  WHERE 1=1  ORDER BY createDate DESC}
2017-06-26 13:52:32,300 INFO [qtp26679653-51] o.a.g.p.dao.CommonRepositoryImpl [CommonRepositoryImpl.java : 152] count_ql = {SELECT count(*) FROM AppAndAgent  WHERE 1=1 }
2017-06-26 13:52:32,311 INFO [qtp26679653-51] o.a.g.p.dao.CommonRepositoryImpl [CommonRepositoryImpl.java : 737] executeCount totalRows = {1}
2017-06-26 13:53:28,766 INFO [qtp26679653-61] o.a.g.p.dao.CommonRepositoryImpl [CommonRepositoryImpl.java : 497] qlString = {FROM AppAndAgent WHERE 1=1}
2017-06-26 13:53:28,768 INFO [qtp26679653-61] o.a.g.p.dao.CommonRepositoryImpl [CommonRepositoryImpl.java : 701] conIndex = {17}
2017-06-26 13:53:28,769 INFO [qtp26679653-61] o.a.g.p.dao.CommonRepositoryImpl [CommonRepositoryImpl.java : 706] 条件前的?个数：{0}
2017-06-26 13:53:28,770 INFO [qtp26679653-61] o.a.g.p.dao.CommonRepositoryImpl [CommonRepositoryImpl.java : 707] 条件后的?个数：{0}
2017-06-26 13:53:28,771 INFO [qtp26679653-61] o.a.g.p.dao.CommonRepositoryImpl [CommonRepositoryImpl.java : 708] 条件的起始位置：{0}
2017-06-26 13:53:28,772 INFO [qtp26679653-61] o.a.g.p.dao.CommonRepositoryImpl [CommonRepositoryImpl.java : 674] condition = {}
2017-06-26 13:53:28,773 INFO [qtp26679653-61] o.a.g.p.dao.CommonRepositoryImpl [CommonRepositoryImpl.java : 482] order = { ORDER BY createDate DESC}
2017-06-26 13:53:28,773 INFO [qtp26679653-61] o.a.g.p.dao.CommonRepositoryImpl [CommonRepositoryImpl.java : 420] list_ql = {FROM AppAndAgent  WHERE 1=1  ORDER BY createDate DESC}
2017-06-26 13:53:28,774 INFO [qtp26679653-61] o.a.g.p.dao.CommonRepositoryImpl [CommonRepositoryImpl.java : 152] count_ql = {SELECT count(*) FROM AppAndAgent  WHERE 1=1 }
2017-06-26 13:53:28,779 INFO [qtp26679653-61] o.a.g.p.dao.CommonRepositoryImpl [CommonRepositoryImpl.java : 737] executeCount totalRows = {1}
2017-06-26 13:56:40,901 INFO [Druid-ConnectionPool-Log-17781682] c.a.d.p.DruidDataSourceStatLoggerImpl [DruidDataSourceStatLoggerImpl.java : 77] {"url":"jdbc:mysql://192.168.0.94:3306/dsgc?useUnicode=true&characterEncoding=utf8&pinGlobalTxToPhysicalConnection=true","dbType":"mysql","name":"DataSource-17781682","activeCount":1,"activePeak":2,"activePeakTime":"2017-06-26 13:54:32","poolingCount":1,"poolingPeak":2,"poolingPeakTime":"2017-06-26 13:52:32","connectCount":12,"closeCount":11,"executeCount":18,"commitCount":11,"pstmtCacheHitCount":18,"startTransactionCount":12,"transactionHistogram":[0,3,8],"connectionHoldTimeHistogram":[0,0,11],"sqlList":[{"sql":"select applicatio0_.id as id1_3_, applicatio0_.context as context2_3_, applicatio0_.createDate as createDa3_3_, applicatio0_.ip as ip4_3_, applicatio0_.name as name5_3_, applicatio0_.port as port6_3_, applicatio0_.status as status7_3_, applicatio0_.statusName as statusNa8_3_ from base_application_agent applicatio0_ order by applicatio0_.createDate asc","executeCount":7,"executeMillisMax":2,"executeMillisTotal":14,"executeHistogram":[0,7],"executeAndResultHoldHistogram":[7],"concurrentMax":1,"fetchRowCount":2,"fetchRowHistogram":[0,7],"inTransactionCount":7},{"sql":"select applicatio0_.id as id1_2_, applicatio0_.context as context2_2_, applicatio0_.createDate as createDa3_2_, applicatio0_.hasJar as hasJar4_2_, applicatio0_.name as name5_2_, applicatio0_.serverType as serverTy6_2_, applicatio0_.serverTypeName as serverTy7_2_ from base_application applicatio0_ order by applicatio0_.createDate asc","executeCount":2,"executeMillisMax":2,"executeMillisTotal":4,"executeHistogram":[0,2],"executeAndResultHoldHistogram":[2],"concurrentMax":1,"fetchRowCount":6,"fetchRowHistogram":[0,2],"inTransactionCount":2},{"sql":"select count(*) as col_0_0_ from base_app_and_agent appandagen0_ where 1=1","executeCount":2,"executeMillisMax":8,"executeMillisTotal":10,"executeHistogram":[0,2],"executeAndResultHoldHistogram":[2],"concurrentMax":1,"fetchRowCount":1,"fetchRowHistogram":[0,2],"inTransactionCount":2},{"sql":"select appandagen0_.id as id1_0_, appandagen0_.agentContext as agentCon2_0_, appandagen0_.agentIP as agentIP3_0_, appandagen0_.agentLog as agentLog4_0_, appandagen0_.agentPort as agentPor5_0_, appandagen0_.appDeployDirectory as appDeplo6_0_, appandagen0_.applicationContext as applicat7_0_, appandagen0_.applicationIP as applicat8_0_, appandagen0_.applicationLog as applicat9_0_, appandagen0_.applicationPid as applica10_0_, appandagen0_.applicationPort as applica11_0_, appandagen0_.applicationVersion as applica12_0_, appandagen0_.application_id as applica18_0_, appandagen0_.app_agent_id as app_age19_0_, appandagen0_.createDate as createD13_0_, appandagen0_.operatingSystem as operati14_0_, appandagen0_.startDate as startDa15_0_, appandagen0_.startStatus as startSt16_0_, appandagen0_.startStatusName as startSt17_0_ from base_app_and_agent appandagen0_ where 1=1 order by appandagen0_.createDate DESC limit ?","executeCount":2,"executeMillisMax":3,"executeMillisTotal":6,"executeHistogram":[0,2],"executeAndResultHoldHistogram":[2],"concurrentMax":1,"fetchRowCount":1,"fetchRowHistogram":[0,2],"inTransactionCount":2},{"sql":"select applicatio0_.id as id1_2_0_, applicatio0_.context as context2_2_0_, applicatio0_.createDate as createDa3_2_0_, applicatio0_.hasJar as hasJar4_2_0_, applicatio0_.name as name5_2_0_, applicatio0_.serverType as serverTy6_2_0_, applicatio0_.serverTypeName as serverTy7_2_0_ from base_application applicatio0_ where applicatio0_.id=?","executeCount":2,"executeMillisMax":2,"executeMillisTotal":4,"executeHistogram":[0,2],"executeAndResultHoldHistogram":[2],"concurrentMax":1,"fetchRowCount":1,"fetchRowHistogram":[0,2],"inTransactionCount":2},{"sql":"select applicatio0_.id as id1_3_0_, applicatio0_.context as context2_3_0_, applicatio0_.createDate as createDa3_3_0_, applicatio0_.ip as ip4_3_0_, applicatio0_.name as name5_3_0_, applicatio0_.port as port6_3_0_, applicatio0_.status as status7_3_0_, applicatio0_.statusName as statusNa8_3_0_ from base_application_agent applicatio0_ where applicatio0_.id=?","executeCount":2,"executeMillisMax":2,"executeMillisTotal":5,"executeHistogram":[0,2],"executeAndResultHoldHistogram":[2],"concurrentMax":1,"fetchRowCount":1,"fetchRowHistogram":[0,2],"inTransactionCount":2},{"sql":"select appandagen0_.id as id1_0_0_, appandagen0_.agentContext as agentCon2_0_0_, appandagen0_.agentIP as agentIP3_0_0_, appandagen0_.agentLog as agentLog4_0_0_, appandagen0_.agentPort as agentPor5_0_0_, appandagen0_.appDeployDirectory as appDeplo6_0_0_, appandagen0_.applicationContext as applicat7_0_0_, appandagen0_.applicationIP as applicat8_0_0_, appandagen0_.applicationLog as applicat9_0_0_, appandagen0_.applicationPid as applica10_0_0_, appandagen0_.applicationPort as applica11_0_0_, appandagen0_.applicationVersion as applica12_0_0_, appandagen0_.application_id as applica18_0_0_, appandagen0_.app_agent_id as app_age19_0_0_, appandagen0_.createDate as createD13_0_0_, appandagen0_.operatingSystem as operati14_0_0_, appandagen0_.startDate as startDa15_0_0_, appandagen0_.startStatus as startSt16_0_0_, appandagen0_.startStatusName as startSt17_0_0_, applicatio1_.id as id1_2_1_, applicatio1_.context as context2_2_1_, applicatio1_.createDate as createDa3_2_1_, applicatio1_.hasJar as hasJar4_2_1_, applicatio1_.name as name5_2_1_, applicatio1_.serverType as serverTy6_2_1_, applicatio1_.serverTypeName as serverTy7_2_1_, applicatio2_.id as id1_3_2_, applicatio2_.context as context2_3_2_, applicatio2_.createDate as createDa3_3_2_, applicatio2_.ip as ip4_3_2_, applicatio2_.name as name5_3_2_, applicatio2_.port as port6_3_2_, applicatio2_.status as status7_3_2_, applicatio2_.statusName as statusNa8_3_2_ from base_app_and_agent appandagen0_ left outer join base_application applicatio1_ on appandagen0_.application_id=applicatio1_.id left outer join base_application_agent applicatio2_ on appandagen0_.app_agent_id=applicatio2_.id where appandagen0_.id=?","executeCount":1,"executeMillisMax":8,"executeMillisTotal":8,"executeHistogram":[0,1],"executeAndResultHoldHistogram":[1],"concurrentMax":1,"fetchRowCount":1,"fetchRowHistogram":[0,1],"inTransactionCount":1}]}
