2017-06-26 16:30:52,750 INFO [main] o.a.s.m.main.web.test.StartMainWeb [StartupInfoLogger.java : 48] Starting StartMainWeb on wulin with PID 9744 (D:\soft\job\java\javaIDE\eclipse_jee\bjhy_attachment_workspace\server-management-parent\server-management-main-web\target\test-classes started by Administrator in D:\soft\job\java\javaIDE\eclipse_jee\bjhy_attachment_workspace\server-management-parent\server-management-main-web)
2017-06-26 16:30:52,814 INFO [main] o.a.s.m.main.web.test.StartMainWeb [SpringApplication.java : 637] No active profile set, falling back to default profiles: default
2017-06-26 16:30:53,024 INFO [main] o.s.b.c.e.AnnotationConfigEmbeddedWebApplicationContext [AbstractApplicationContext.java : 582] Refreshing org.springframework.boot.context.embedded.AnnotationConfigEmbeddedWebApplicationContext@1d8ae8b: startup date [Mon Jun 26 16:30:53 CST 2017]; root of context hierarchy
2017-06-26 16:30:53,608 INFO [background-preinit] o.h.validator.internal.util.Version [Version.java : 30] HV000001: Hibernate Validator 5.3.4.Final
2017-06-26 16:30:56,331 INFO [main] o.s.b.f.xml.XmlBeanDefinitionReader [XmlBeanDefinitionReader.java : 317] Loading XML bean definitions from file [D:\soft\job\java\javaIDE\eclipse_jee\bjhy_attachment_workspace\server-management-parent\server-management-main-web\target\classes\META-INF\spring\module-server-management-main-web.xml]
2017-06-26 16:30:57,061 INFO [main] o.s.b.f.xml.XmlBeanDefinitionReader [XmlBeanDefinitionReader.java : 317] Loading XML bean definitions from file [D:\soft\job\java\javaIDE\eclipse_jee\bjhy_attachment_workspace\server-management-parent\server-management-main-container\target\classes\META-INF\spring\module-server-management-main-container.xml]
2017-06-26 16:30:57,369 INFO [main] o.s.b.f.xml.XmlBeanDefinitionReader [XmlBeanDefinitionReader.java : 317] Loading XML bean definitions from file [D:\soft\job\java\javaIDE\eclipse_jee\bjhy_attachment_workspace\server-management-parent\server-management-common\target\classes\META-INF\spring\module-server-management-common.xml]
2017-06-26 16:30:57,434 INFO [main] o.s.b.f.xml.XmlBeanDefinitionReader [XmlBeanDefinitionReader.java : 317] Loading XML bean definitions from file [D:\soft\job\java\javaIDE\eclipse_jee\bjhy_attachment_workspace\server-management-parent\server-management-base\target\classes\META-INF\spring\module-server-management-base.xml]
2017-06-26 16:30:57,524 INFO [main] o.s.b.f.xml.XmlBeanDefinitionReader [XmlBeanDefinitionReader.java : 317] Loading XML bean definitions from URL [jar:file:/D:/repository/org/apel/gaia-property-loader/1.0.1-SNAPSHOT/gaia-property-loader-1.0.1-SNAPSHOT.jar!/META-INF/spring/module-property-loader.xml]
2017-06-26 16:30:57,575 INFO [main] o.s.b.f.xml.XmlBeanDefinitionReader [XmlBeanDefinitionReader.java : 317] Loading XML bean definitions from URL [jar:file:/D:/repository/org/apel/gaia-persist/1.0.1-SNAPSHOT/gaia-persist-1.0.1-SNAPSHOT.jar!/META-INF/spring/module-persist.xml]
2017-06-26 16:30:57,830 INFO [main] o.s.b.f.xml.XmlBeanDefinitionReader [XmlBeanDefinitionReader.java : 317] Loading XML bean definitions from URL [jar:file:/D:/repository/org/apel/gaia-infrastructure/1.0.1-SNAPSHOT/gaia-infrastructure-1.0.1-SNAPSHOT.jar!/META-INF/spring/module-gaia-infrastructure.xml]
2017-06-26 16:30:57,882 INFO [main] o.s.b.f.xml.XmlBeanDefinitionReader [XmlBeanDefinitionReader.java : 317] Loading XML bean definitions from URL [jar:file:/D:/repository/org/apel/poseidon-security-commons/1.0.2-SNAPSHOT/poseidon-security-commons-1.0.2-SNAPSHOT.jar!/META-INF/spring/module-poseidon-common.xml]
2017-06-26 16:30:57,925 INFO [main] o.s.b.f.xml.XmlBeanDefinitionReader [XmlBeanDefinitionReader.java : 317] Loading XML bean definitions from URL [jar:file:/D:/repository/org/apel/gaia-container-boot/1.0.1-SNAPSHOT/gaia-container-boot-1.0.1-SNAPSHOT.jar!/META-INF/spring/module-boot.xml]
2017-06-26 16:30:58,017 INFO [main] o.s.b.f.xml.XmlBeanDefinitionReader [XmlBeanDefinitionReader.java : 317] Loading XML bean definitions from URL [jar:file:/D:/repository/org/apel/gaia-container-boot/1.0.1-SNAPSHOT/gaia-container-boot-1.0.1-SNAPSHOT.jar!/META-INF/spring/module-mvc.xml]
2017-06-26 16:30:58,172 INFO [main] o.s.b.f.xml.XmlBeanDefinitionReader [XmlBeanDefinitionReader.java : 317] Loading XML bean definitions from URL [jar:file:/D:/repository/org/apel/gaia-js-lib/1.0.1-SNAPSHOT/gaia-js-lib-1.0.1-SNAPSHOT.jar!/META-INF/spring/module-js-lib.xml]
2017-06-26 16:30:59,072 INFO [main] o.s.b.f.s.DefaultListableBeanFactory [DefaultListableBeanFactory.java : 828] Overriding bean definition for bean 'org.springframework.transaction.config.internalTransactionAdvisor' with a different definition: replacing [Root bean: class [org.springframework.transaction.interceptor.BeanFactoryTransactionAttributeSourceAdvisor]; scope=; abstract=false; lazyInit=false; autowireMode=0; dependencyCheck=0; autowireCandidate=true; primary=false; factoryBeanName=null; factoryMethodName=null; initMethodName=null; destroyMethodName=null] with [Root bean: class [null]; scope=; abstract=false; lazyInit=false; autowireMode=3; dependencyCheck=0; autowireCandidate=true; primary=false; factoryBeanName=org.springframework.transaction.annotation.ProxyTransactionManagementConfiguration; factoryMethodName=transactionAdvisor; initMethodName=null; destroyMethodName=(inferred); defined in class path resource [org/springframework/transaction/annotation/ProxyTransactionManagementConfiguration.class]]
2017-06-26 16:30:59,093 INFO [main] o.s.c.a.ConfigurationClassBeanDefinitionReader [ConfigurationClassBeanDefinitionReader.java : 298] Skipping bean definition for [BeanMethod:name=transactionalEventListenerFactory,declaringClass=org.springframework.transaction.annotation.AbstractTransactionManagementConfiguration]: a definition for bean 'org.springframework.transaction.config.internalTransactionalEventListenerFactory' already exists. This top-level bean definition is considered as an override.
2017-06-26 16:30:59,673 INFO [main] o.s.b.f.s.DefaultListableBeanFactory [DefaultListableBeanFactory.java : 828] Overriding bean definition for bean 'entityManagerFactory' with a different definition: replacing [Root bean: class [null]; scope=; abstract=false; lazyInit=false; autowireMode=3; dependencyCheck=0; autowireCandidate=true; primary=true; factoryBeanName=org.springframework.boot.autoconfigure.orm.jpa.HibernateJpaAutoConfiguration; factoryMethodName=entityManagerFactory; initMethodName=null; destroyMethodName=(inferred); defined in class path resource [org/springframework/boot/autoconfigure/orm/jpa/HibernateJpaAutoConfiguration.class]] with [Root bean: class [null]; scope=; abstract=false; lazyInit=false; autowireMode=3; dependencyCheck=0; autowireCandidate=true; primary=false; factoryBeanName=jpaConfig; factoryMethodName=entityManagerFactory; initMethodName=null; destroyMethodName=(inferred); defined in org.apel.gaia.persist.config.hibernate.JpaConfig]
2017-06-26 16:30:59,699 INFO [main] o.s.b.f.s.DefaultListableBeanFactory [DefaultListableBeanFactory.java : 828] Overriding bean definition for bean 'transactionManager' with a different definition: replacing [Root bean: class [null]; scope=; abstract=false; lazyInit=false; autowireMode=3; dependencyCheck=0; autowireCandidate=true; primary=false; factoryBeanName=org.springframework.boot.autoconfigure.orm.jpa.HibernateJpaAutoConfiguration; factoryMethodName=transactionManager; initMethodName=null; destroyMethodName=(inferred); defined in class path resource [org/springframework/boot/autoconfigure/orm/jpa/HibernateJpaAutoConfiguration.class]] with [Root bean: class [null]; scope=; abstract=false; lazyInit=false; autowireMode=3; dependencyCheck=0; autowireCandidate=true; primary=false; factoryBeanName=txConfig; factoryMethodName=transactionManager; initMethodName=null; destroyMethodName=(inferred); defined in org.apel.gaia.persist.config.hibernate.TxConfig]
2017-06-26 16:31:02,928 INFO [main] o.s.b.f.s.DefaultListableBeanFactory [DefaultListableBeanFactory.java : 828] Overriding bean definition for bean 'dataSource' with a different definition: replacing [Root bean: class [null]; scope=; abstract=false; lazyInit=false; autowireMode=3; dependencyCheck=0; autowireCandidate=true; primary=false; factoryBeanName=org.springframework.boot.autoconfigure.jdbc.EmbeddedDataSourceConfiguration; factoryMethodName=dataSource; initMethodName=null; destroyMethodName=(inferred); defined in class path resource [org/springframework/boot/autoconfigure/jdbc/EmbeddedDataSourceConfiguration.class]] with [Root bean: class [null]; scope=; abstract=false; lazyInit=false; autowireMode=3; dependencyCheck=0; autowireCandidate=true; primary=false; factoryBeanName=DBConfig; factoryMethodName=dataSource; initMethodName=init; destroyMethodName=close; defined in org.apel.gaia.persist.config.db.DBConfig]
2017-06-26 16:31:03,938 WARN [main] o.s.c.a.ConfigurationClassEnhancer [ConfigurationClassEnhancer.java : 350] @Bean method CenterPropertyLoader.propertyPlaceholderConfigurer is non-static and returns an object assignable to Spring's BeanFactoryPostProcessor interface. This will result in a failure to process annotations such as @Autowired, @Resource and @PostConstruct within the method's declaring @Configuration class. Add the 'static' modifier to this method to avoid these container lifecycle issues; see @Bean javadoc for complete details.
2017-06-26 16:31:04,756 WARN [main] o.h.v.m.ParameterMessageInterpolator [ParameterMessageInterpolator.java : 28] HV000184: ParameterMessageInterpolator has been chosen, EL interpolation will not be supported
2017-06-26 16:31:05,474 INFO [main] o.s.c.s.PostProcessorRegistrationDelegate$BeanPostProcessorChecker [PostProcessorRegistrationDelegate.java : 325] Bean 'org.springframework.transaction.annotation.ProxyTransactionManagementConfiguration' of type [org.springframework.transaction.annotation.ProxyTransactionManagementConfiguration$$EnhancerBySpringCGLIB$$19be0e8c] is not eligible for getting processed by all BeanPostProcessors (for example: not eligible for auto-proxying)
2017-06-26 16:31:06,085 WARN [main] o.h.v.m.ParameterMessageInterpolator [ParameterMessageInterpolator.java : 28] HV000184: ParameterMessageInterpolator has been chosen, EL interpolation will not be supported
2017-06-26 16:31:06,652 INFO [main] org.eclipse.jetty.util.log [Log.java : 192] Logging initialized @18365ms to org.eclipse.jetty.util.log.Slf4jLog
2017-06-26 16:31:08,234 INFO [main] o.s.b.c.e.j.JettyEmbeddedServletContainerFactory [JettyEmbeddedServletContainerFactory.java : 176] Server initialized with port: 6555
2017-06-26 16:31:08,243 INFO [main] org.eclipse.jetty.server.Server [Server.java : 372] jetty-9.4.2.v20170220
2017-06-26 16:31:08,858 INFO [main] org.eclipse.jetty.server.session [DefaultSessionIdManager.java : 360] DefaultSessionIdManager workerName=node0
2017-06-26 16:31:08,860 INFO [main] org.eclipse.jetty.server.session [DefaultSessionIdManager.java : 365] No SessionScavenger set, using defaults
2017-06-26 16:31:08,869 INFO [main] org.eclipse.jetty.server.session [HouseKeeper.java : 146] Scavenging every 600000ms
2017-06-26 16:31:08,912 INFO [main] o.e.jetty.ContextHandler.application [ContextHandler.java : 2207] Initializing Spring embedded WebApplicationContext
2017-06-26 16:31:08,913 INFO [main] o.s.web.context.ContextLoader [EmbeddedWebApplicationContext.java : 276] Root WebApplicationContext: initialization completed in 15889 ms
2017-06-26 16:31:09,478 INFO [main] o.s.b.w.s.ServletRegistrationBean [ServletRegistrationBean.java : 190] Mapping servlet: 'dispatcherServlet' to [/]
2017-06-26 16:31:09,488 INFO [main] o.s.b.w.s.FilterRegistrationBean [AbstractFilterRegistrationBean.java : 258] Mapping filter: 'characterEncodingFilter' to: [/*]
2017-06-26 16:31:09,489 INFO [main] o.s.b.w.s.FilterRegistrationBean [AbstractFilterRegistrationBean.java : 258] Mapping filter: 'hiddenHttpMethodFilter' to: [/*]
2017-06-26 16:31:09,490 INFO [main] o.s.b.w.s.FilterRegistrationBean [AbstractFilterRegistrationBean.java : 258] Mapping filter: 'httpPutFormContentFilter' to: [/*]
2017-06-26 16:31:09,491 INFO [main] o.s.b.w.s.FilterRegistrationBean [AbstractFilterRegistrationBean.java : 258] Mapping filter: 'requestContextFilter' to: [/*]
2017-06-26 16:31:09,492 INFO [main] o.s.b.w.s.FilterRegistrationBean [AbstractFilterRegistrationBean.java : 258] Mapping filter: 'customUrlDecisionFilter' to: [/*]
2017-06-26 16:31:11,200 INFO [main] o.e.j.server.handler.ContextHandler [ContextHandler.java : 802] Started o.s.b.c.e.j.JettyEmbeddedWebAppContext@1481bf5{/main-container,[file:///C:/Users/Administrator/AppData/Local/Temp/jetty-docbase.1761389000186698614.6555/],AVAILABLE}
2017-06-26 16:31:11,202 INFO [main] org.eclipse.jetty.server.Server [Server.java : 444] Started @22914ms
2017-06-26 16:31:15,129 INFO [main] c.alibaba.druid.pool.DruidDataSource [DruidDataSource.java : 669] {dataSource-1} inited
2017-06-26 16:31:15,135 INFO [Druid-ConnectionPool-Log-30964525] c.a.d.p.DruidDataSourceStatLoggerImpl [DruidDataSourceStatLoggerImpl.java : 77] {"url":"jdbc:mysql://192.168.0.94:3306/dsgc?useUnicode=true&characterEncoding=utf8&pinGlobalTxToPhysicalConnection=true","dbType":"mysql","name":"DataSource-30964525","activeCount":0,"poolingCount":1,"poolingPeak":1,"poolingPeakTime":"2017-06-26 16:31:15","connectCount":0,"closeCount":0,"physicalConnectCount":1}
2017-06-26 16:31:16,429 INFO [main] o.s.o.j.LocalContainerEntityManagerFactoryBean [LocalContainerEntityManagerFactoryBean.java : 349] Building JPA container EntityManagerFactory for persistence unit 'platform'
2017-06-26 16:31:16,545 INFO [main] o.h.jpa.internal.util.LogHelper [LogHelper.java : 31] HHH000204: Processing PersistenceUnitInfo [
	name: platform
	...]
2017-06-26 16:31:17,076 INFO [main] org.hibernate.Version [Version.java : 37] HHH000412: Hibernate Core {5.0.12.Final}
2017-06-26 16:31:17,084 INFO [main] org.hibernate.cfg.Environment [Environment.java : 213] HHH000206: hibernate.properties not found
2017-06-26 16:31:17,091 INFO [main] org.hibernate.cfg.Environment [Environment.java : 317] HHH000021: Bytecode provider name : javassist
2017-06-26 16:31:17,560 INFO [main] o.h.annotations.common.Version [JavaReflectionManager.java : 66] HCANN000001: Hibernate Commons Annotations {5.0.1.Final}
2017-06-26 16:31:18,566 INFO [main] org.hibernate.dialect.Dialect [Dialect.java : 156] HHH000400: Using dialect: org.hibernate.dialect.MySQL5Dialect
2017-06-26 16:31:20,596 INFO [main] o.h.cache.spi.UpdateTimestampsCache [UpdateTimestampsCache.java : 55] HHH000250: Starting update timestamps cache at region: org.hibernate.cache.spi.UpdateTimestampsCache
2017-06-26 16:31:20,612 WARN [main] o.h.c.e.AbstractEhcacheRegionFactory [AbstractEhcacheRegionFactory.java : 161] HHH020003: Could not find a specific ehcache configuration for cache named [org.hibernate.cache.spi.UpdateTimestampsCache]; using defaults.
2017-06-26 16:31:20,802 INFO [main] o.h.c.internal.StandardQueryCache [StandardQueryCache.java : 74] HHH000248: Starting query cache at region: org.hibernate.cache.internal.StandardQueryCache
2017-06-26 16:31:20,805 WARN [main] o.h.c.e.AbstractEhcacheRegionFactory [AbstractEhcacheRegionFactory.java : 161] HHH020003: Could not find a specific ehcache configuration for cache named [org.hibernate.cache.internal.StandardQueryCache]; using defaults.
2017-06-26 16:31:22,034 INFO [main] o.h.tool.hbm2ddl.SchemaUpdate [SchemaUpdate.java : 105] HHH000228: Running hbm2ddl schema update
2017-06-26 16:31:23,317 INFO [main] o.s.o.j.LocalContainerEntityManagerFactoryBean [AbstractEntityManagerFactoryBean.java : 379] Initialized JPA EntityManagerFactory for persistence unit 'platform'
2017-06-26 16:31:24,738 INFO [main] o.h.h.i.QueryTranslatorFactoryInitiator [QueryTranslatorFactoryInitiator.java : 47] HHH000397: Using ASTQueryTranslatorFactory
2017-06-26 16:31:33,389 INFO [main] o.s.u.f.SpringTemplateLoader [SpringTemplateLoader.java : 61] SpringTemplateLoader for FreeMarker: using resource loader [org.springframework.boot.context.embedded.AnnotationConfigEmbeddedWebApplicationContext@1d8ae8b: startup date [Mon Jun 26 16:30:53 CST 2017]; root of context hierarchy] and template loader path [jar:file:/D:/repository/org/apel/gaia-container-boot/1.0.1-SNAPSHOT/gaia-container-boot-1.0.1-SNAPSHOT.jar!/platform/templates/]
2017-06-26 16:31:33,391 INFO [main] o.s.u.f.SpringTemplateLoader [SpringTemplateLoader.java : 61] SpringTemplateLoader for FreeMarker: using resource loader [org.springframework.boot.context.embedded.AnnotationConfigEmbeddedWebApplicationContext@1d8ae8b: startup date [Mon Jun 26 16:30:53 CST 2017]; root of context hierarchy] and template loader path [classpath:/templates/]
2017-06-26 16:31:33,396 INFO [main] o.s.w.s.v.f.FreeMarkerConfigurer [FreeMarkerConfigurer.java : 127] ClassTemplateLoader for Spring macros added to FreeMarker configuration
2017-06-26 16:31:34,979 INFO [main] o.s.w.s.m.m.a.RequestMappingHandlerAdapter [RequestMappingHandlerAdapter.java : 534] Looking for @ControllerAdvice: org.springframework.boot.context.embedded.AnnotationConfigEmbeddedWebApplicationContext@1d8ae8b: startup date [Mon Jun 26 16:30:53 CST 2017]; root of context hierarchy
2017-06-26 16:31:35,432 INFO [main] o.s.w.s.m.m.a.RequestMappingHandlerMapping [AbstractHandlerMethodMapping.java : 543] Mapped "{[/appAndAgent/index],methods=[GET]}" onto public java.lang.String org.apel.server.management.main.web.AppAndAgentController.index()
2017-06-26 16:31:35,436 INFO [main] o.s.w.s.m.m.a.RequestMappingHandlerMapping [AbstractHandlerMethodMapping.java : 543] Mapped "{[/appAndAgent/{id}],methods=[DELETE]}" onto public org.apel.gaia.commons.i18n.Message org.apel.server.management.main.web.AppAndAgentController.delete(java.lang.String)
2017-06-26 16:31:35,438 INFO [main] o.s.w.s.m.m.a.RequestMappingHandlerMapping [AbstractHandlerMethodMapping.java : 543] Mapped "{[/appAndAgent/{id}],methods=[PUT]}" onto public org.apel.gaia.commons.i18n.Message org.apel.server.management.main.web.AppAndAgentController.create(java.lang.String,org.apel.server.management.main.container.domain.AppAndAgent)
2017-06-26 16:31:35,438 INFO [main] o.s.w.s.m.m.a.RequestMappingHandlerMapping [AbstractHandlerMethodMapping.java : 543] Mapped "{[/appAndAgent],methods=[POST]}" onto public org.apel.gaia.commons.i18n.Message org.apel.server.management.main.web.AppAndAgentController.create(org.apel.server.management.main.container.domain.AppAndAgent)
2017-06-26 16:31:35,439 INFO [main] o.s.w.s.m.m.a.RequestMappingHandlerMapping [AbstractHandlerMethodMapping.java : 543] Mapped "{[/appAndAgent/suspend/{id}],methods=[GET]}" onto public org.apel.gaia.commons.i18n.Message org.apel.server.management.main.web.AppAndAgentController.suspend(java.lang.String)
2017-06-26 16:31:35,440 INFO [main] o.s.w.s.m.m.a.RequestMappingHandlerMapping [AbstractHandlerMethodMapping.java : 543] Mapped "{[/appAndAgent]}" onto public org.apel.gaia.commons.pager.PageBean org.apel.server.management.main.web.AppAndAgentController.list(org.apel.gaia.commons.jqgrid.QueryParams)
2017-06-26 16:31:35,441 INFO [main] o.s.w.s.m.m.a.RequestMappingHandlerMapping [AbstractHandlerMethodMapping.java : 543] Mapped "{[/appAndAgent/{id}],methods=[GET]}" onto public org.apel.server.management.main.container.domain.AppAndAgent org.apel.server.management.main.web.AppAndAgentController.view(java.lang.String)
2017-06-26 16:31:35,442 INFO [main] o.s.w.s.m.m.a.RequestMappingHandlerMapping [AbstractHandlerMethodMapping.java : 543] Mapped "{[/appAndAgent/all],methods=[GET]}" onto public java.util.List<org.apel.server.management.main.container.domain.AppAndAgent> org.apel.server.management.main.web.AppAndAgentController.getAll()
2017-06-26 16:31:35,443 INFO [main] o.s.w.s.m.m.a.RequestMappingHandlerMapping [AbstractHandlerMethodMapping.java : 543] Mapped "{[/appAndAgent/deploy/{id}],methods=[GET]}" onto public org.apel.gaia.commons.i18n.Message org.apel.server.management.main.web.AppAndAgentController.deploy(java.lang.String)
2017-06-26 16:31:35,445 INFO [main] o.s.w.s.m.m.a.RequestMappingHandlerMapping [AbstractHandlerMethodMapping.java : 543] Mapped "{[/appAndAgent/upgrade/{id}],methods=[GET]}" onto public org.apel.gaia.commons.i18n.Message org.apel.server.management.main.web.AppAndAgentController.upgrade(java.lang.String)
2017-06-26 16:31:35,446 INFO [main] o.s.w.s.m.m.a.RequestMappingHandlerMapping [AbstractHandlerMethodMapping.java : 543] Mapped "{[/appAndAgent/startup/{id}],methods=[GET]}" onto public org.apel.gaia.commons.i18n.Message org.apel.server.management.main.web.AppAndAgentController.startup(java.lang.String)
2017-06-26 16:31:35,448 INFO [main] o.s.w.s.m.m.a.RequestMappingHandlerMapping [AbstractHandlerMethodMapping.java : 543] Mapped "{[/appAndAgent/getAllApplication],methods=[GET]}" onto public java.util.List<java.util.Map<java.lang.String, java.lang.Object>> org.apel.server.management.main.web.AppAndAgentController.getAllApplication()
2017-06-26 16:31:35,449 INFO [main] o.s.w.s.m.m.a.RequestMappingHandlerMapping [AbstractHandlerMethodMapping.java : 543] Mapped "{[/appAndAgent/getStartStatus]}" onto public java.util.List<java.util.Map<java.lang.String, java.lang.Object>> org.apel.server.management.main.web.AppAndAgentController.getStartStatus()
2017-06-26 16:31:35,450 INFO [main] o.s.w.s.m.m.a.RequestMappingHandlerMapping [AbstractHandlerMethodMapping.java : 543] Mapped "{[/appAndAgent/getAllAgent],methods=[GET]}" onto public java.util.List<java.util.Map<java.lang.String, java.lang.Object>> org.apel.server.management.main.web.AppAndAgentController.getAllAgent()
2017-06-26 16:31:35,451 INFO [main] o.s.w.s.m.m.a.RequestMappingHandlerMapping [AbstractHandlerMethodMapping.java : 543] Mapped "{[/appAndAgent/getAllAppVersion],methods=[GET]}" onto public java.util.List<java.util.Map<java.lang.String, java.lang.Object>> org.apel.server.management.main.web.AppAndAgentController.getAllAppVersion(java.lang.String)
2017-06-26 16:31:35,452 INFO [main] o.s.w.s.m.m.a.RequestMappingHandlerMapping [AbstractHandlerMethodMapping.java : 543] Mapped "{[/appAndAgent],methods=[DELETE]}" onto public org.apel.gaia.commons.i18n.Message org.apel.server.management.main.web.AppAndAgentController.batchDelete(java.lang.String[])
2017-06-26 16:31:35,459 INFO [main] o.s.w.s.m.m.a.RequestMappingHandlerMapping [AbstractHandlerMethodMapping.java : 543] Mapped "{[/applicationAgent/index],methods=[GET]}" onto public java.lang.String org.apel.server.management.main.web.ApplicationAgentController.index()
2017-06-26 16:31:35,460 INFO [main] o.s.w.s.m.m.a.RequestMappingHandlerMapping [AbstractHandlerMethodMapping.java : 543] Mapped "{[/applicationAgent/{id}],methods=[DELETE]}" onto public org.apel.gaia.commons.i18n.Message org.apel.server.management.main.web.ApplicationAgentController.delete(java.lang.String)
2017-06-26 16:31:35,461 INFO [main] o.s.w.s.m.m.a.RequestMappingHandlerMapping [AbstractHandlerMethodMapping.java : 543] Mapped "{[/applicationAgent/{id}],methods=[PUT]}" onto public org.apel.gaia.commons.i18n.Message org.apel.server.management.main.web.ApplicationAgentController.create(java.lang.String,org.apel.server.management.main.container.domain.ApplicationAgent)
2017-06-26 16:31:35,462 INFO [main] o.s.w.s.m.m.a.RequestMappingHandlerMapping [AbstractHandlerMethodMapping.java : 543] Mapped "{[/applicationAgent],methods=[POST]}" onto public org.apel.gaia.commons.i18n.Message org.apel.server.management.main.web.ApplicationAgentController.create(org.apel.server.management.main.container.domain.ApplicationAgent)
2017-06-26 16:31:35,463 INFO [main] o.s.w.s.m.m.a.RequestMappingHandlerMapping [AbstractHandlerMethodMapping.java : 543] Mapped "{[/applicationAgent]}" onto public org.apel.gaia.commons.pager.PageBean org.apel.server.management.main.web.ApplicationAgentController.list(org.apel.gaia.commons.jqgrid.QueryParams)
2017-06-26 16:31:35,464 INFO [main] o.s.w.s.m.m.a.RequestMappingHandlerMapping [AbstractHandlerMethodMapping.java : 543] Mapped "{[/applicationAgent/{id}],methods=[GET]}" onto public org.apel.server.management.main.container.domain.ApplicationAgent org.apel.server.management.main.web.ApplicationAgentController.view(java.lang.String)
2017-06-26 16:31:35,466 INFO [main] o.s.w.s.m.m.a.RequestMappingHandlerMapping [AbstractHandlerMethodMapping.java : 543] Mapped "{[/applicationAgent/all],methods=[GET]}" onto public java.util.List<org.apel.server.management.main.container.domain.ApplicationAgent> org.apel.server.management.main.web.ApplicationAgentController.getAll()
2017-06-26 16:31:35,467 INFO [main] o.s.w.s.m.m.a.RequestMappingHandlerMapping [AbstractHandlerMethodMapping.java : 543] Mapped "{[/applicationAgent],methods=[DELETE]}" onto public org.apel.gaia.commons.i18n.Message org.apel.server.management.main.web.ApplicationAgentController.batchDelete(java.lang.String[])
2017-06-26 16:31:35,468 INFO [main] o.s.w.s.m.m.a.RequestMappingHandlerMapping [AbstractHandlerMethodMapping.java : 543] Mapped "{[/applicationAgent/getAgentStatus],methods=[GET]}" onto public java.util.List<java.util.Map<java.lang.String, java.lang.Object>> org.apel.server.management.main.web.ApplicationAgentController.getAgentStatus()
2017-06-26 16:31:35,475 INFO [main] o.s.w.s.m.m.a.RequestMappingHandlerMapping [AbstractHandlerMethodMapping.java : 543] Mapped "{[/application/index],methods=[GET]}" onto public java.lang.String org.apel.server.management.main.web.ApplicationController.index()
2017-06-26 16:31:35,477 INFO [main] o.s.w.s.m.m.a.RequestMappingHandlerMapping [AbstractHandlerMethodMapping.java : 543] Mapped "{[/application/{id}],methods=[DELETE]}" onto public org.apel.gaia.commons.i18n.Message org.apel.server.management.main.web.ApplicationController.delete(java.lang.String)
2017-06-26 16:31:35,478 INFO [main] o.s.w.s.m.m.a.RequestMappingHandlerMapping [AbstractHandlerMethodMapping.java : 543] Mapped "{[/application/{id}],methods=[PUT]}" onto public org.apel.gaia.commons.i18n.Message org.apel.server.management.main.web.ApplicationController.create(java.lang.String,org.apel.server.management.main.container.domain.Application)
2017-06-26 16:31:35,479 INFO [main] o.s.w.s.m.m.a.RequestMappingHandlerMapping [AbstractHandlerMethodMapping.java : 543] Mapped "{[/application],methods=[POST]}" onto public org.apel.gaia.commons.i18n.Message org.apel.server.management.main.web.ApplicationController.create(org.apel.server.management.main.container.domain.Application)
2017-06-26 16:31:35,480 INFO [main] o.s.w.s.m.m.a.RequestMappingHandlerMapping [AbstractHandlerMethodMapping.java : 543] Mapped "{[/application]}" onto public org.apel.gaia.commons.pager.PageBean org.apel.server.management.main.web.ApplicationController.list(org.apel.gaia.commons.jqgrid.QueryParams)
2017-06-26 16:31:35,480 INFO [main] o.s.w.s.m.m.a.RequestMappingHandlerMapping [AbstractHandlerMethodMapping.java : 543] Mapped "{[/application/{id}],methods=[GET]}" onto public org.apel.server.management.main.container.domain.Application org.apel.server.management.main.web.ApplicationController.view(java.lang.String)
2017-06-26 16:31:35,481 INFO [main] o.s.w.s.m.m.a.RequestMappingHandlerMapping [AbstractHandlerMethodMapping.java : 543] Mapped "{[/application/all],methods=[GET]}" onto public java.util.List<org.apel.server.management.main.container.domain.Application> org.apel.server.management.main.web.ApplicationController.getAll()
2017-06-26 16:31:35,482 INFO [main] o.s.w.s.m.m.a.RequestMappingHandlerMapping [AbstractHandlerMethodMapping.java : 543] Mapped "{[/application/upload/{id}],methods=[POST]}" onto public org.apel.gaia.commons.i18n.Message org.apel.server.management.main.web.ApplicationController.upload(java.lang.String,org.springframework.web.multipart.MultipartFile)
2017-06-26 16:31:35,483 INFO [main] o.s.w.s.m.m.a.RequestMappingHandlerMapping [AbstractHandlerMethodMapping.java : 543] Mapped "{[/application],methods=[DELETE]}" onto public org.apel.gaia.commons.i18n.Message org.apel.server.management.main.web.ApplicationController.batchDelete(java.lang.String[])
2017-06-26 16:31:35,484 INFO [main] o.s.w.s.m.m.a.RequestMappingHandlerMapping [AbstractHandlerMethodMapping.java : 543] Mapped "{[/application/getServerType],methods=[GET]}" onto public java.util.List<java.util.Map<java.lang.String, java.lang.Object>> org.apel.server.management.main.web.ApplicationController.getServerType()
2017-06-26 16:31:35,486 INFO [main] o.s.w.s.m.m.a.RequestMappingHandlerMapping [AbstractHandlerMethodMapping.java : 543] Mapped "{[/restMain/setPidById],methods=[GET]}" onto public org.apel.server.management.base.domain.TransferAgent org.apel.server.management.main.web.RestMainController.setPidById(java.lang.String,java.lang.String,java.lang.String)
2017-06-26 16:31:35,495 INFO [main] o.s.w.s.m.m.a.RequestMappingHandlerMapping [AbstractHandlerMethodMapping.java : 543] Mapped "{[/test/index],methods=[GET]}" onto public java.lang.String org.apel.server.management.main.web.TestController.index()
2017-06-26 16:31:35,497 INFO [main] o.s.w.s.m.m.a.RequestMappingHandlerMapping [AbstractHandlerMethodMapping.java : 543] Mapped "{[/test/user/{id}],methods=[GET]}" onto public org.springframework.boot.autoconfigure.security.SecurityProperties$User org.apel.server.management.main.web.TestController.findById(java.lang.String)
2017-06-26 16:31:35,498 INFO [main] o.s.w.s.m.m.a.RequestMappingHandlerMapping [AbstractHandlerMethodMapping.java : 543] Mapped "{[/test/subContainer],methods=[GET]}" onto public java.lang.String org.apel.server.management.main.web.TestController.subContainer()
2017-06-26 16:31:35,501 INFO [main] o.s.w.s.m.m.a.RequestMappingHandlerMapping [AbstractHandlerMethodMapping.java : 543] Mapped "{[/export/jqgrid],methods=[POST]}" onto public org.springframework.http.ResponseEntity<byte[]> org.apel.gaia.infrastructure.ExportController.exportExcel(org.apel.gaia.commons.jqgrid.QueryParams,java.lang.String,java.lang.String,java.lang.String,java.lang.String,java.lang.String,java.lang.String,java.lang.String,java.lang.String) throws java.lang.Exception
2017-06-26 16:31:35,505 INFO [main] o.s.w.s.m.m.a.RequestMappingHandlerMapping [AbstractHandlerMethodMapping.java : 543] Mapped "{[/file_progress]}" onto public java.lang.Integer org.apel.gaia.container.boot.controller.CommonController.netCheck(javax.servlet.http.HttpSession)
2017-06-26 16:31:35,506 INFO [main] o.s.w.s.m.m.a.RequestMappingHandlerMapping [AbstractHandlerMethodMapping.java : 543] Mapped "{[/net_check]}" onto public java.lang.String org.apel.gaia.container.boot.controller.CommonController.netCheck(java.lang.String)
2017-06-26 16:31:35,508 INFO [main] o.s.w.s.m.m.a.RequestMappingHandlerMapping [AbstractHandlerMethodMapping.java : 543] Mapped "{[/net_detect]}" onto public java.lang.String org.apel.gaia.container.boot.controller.CommonController.netDedect()
2017-06-26 16:31:35,513 INFO [main] o.s.w.s.m.m.a.RequestMappingHandlerMapping [AbstractHandlerMethodMapping.java : 543] Mapped "{[/400]}" onto public java.lang.String org.apel.gaia.container.boot.controller.ContainerErrorController._400() throws java.lang.Exception
2017-06-26 16:31:35,514 INFO [main] o.s.w.s.m.m.a.RequestMappingHandlerMapping [AbstractHandlerMethodMapping.java : 543] Mapped "{[/403]}" onto public java.lang.String org.apel.gaia.container.boot.controller.ContainerErrorController._403() throws java.lang.Exception
2017-06-26 16:31:35,515 INFO [main] o.s.w.s.m.m.a.RequestMappingHandlerMapping [AbstractHandlerMethodMapping.java : 543] Mapped "{[/404]}" onto public java.lang.String org.apel.gaia.container.boot.controller.ContainerErrorController._404() throws java.lang.Exception
2017-06-26 16:31:35,516 INFO [main] o.s.w.s.m.m.a.RequestMappingHandlerMapping [AbstractHandlerMethodMapping.java : 543] Mapped "{[/405]}" onto public java.lang.String org.apel.gaia.container.boot.controller.ContainerErrorController._405() throws java.lang.Exception
2017-06-26 16:31:35,517 INFO [main] o.s.w.s.m.m.a.RequestMappingHandlerMapping [AbstractHandlerMethodMapping.java : 543] Mapped "{[/500]}" onto public java.lang.String org.apel.gaia.container.boot.controller.ContainerErrorController._500() throws java.lang.Exception
2017-06-26 16:31:35,518 INFO [main] o.s.w.s.m.m.a.RequestMappingHandlerMapping [AbstractHandlerMethodMapping.java : 543] Mapped "{[/error]}" onto public java.lang.String org.apel.gaia.container.boot.controller.SpringErrorController.error()
2017-06-26 16:31:35,743 INFO [main] o.s.w.s.h.SimpleUrlHandlerMapping [AbstractUrlHandlerMapping.java : 362] Mapped URL path [/webjars/**] onto handler of type [class org.springframework.web.servlet.resource.ResourceHttpRequestHandler]
2017-06-26 16:31:35,744 INFO [main] o.s.w.s.h.SimpleUrlHandlerMapping [AbstractUrlHandlerMapping.java : 362] Mapped URL path [/**] onto handler of type [class org.springframework.web.servlet.resource.ResourceHttpRequestHandler]
2017-06-26 16:31:36,014 INFO [main] o.s.w.s.h.SimpleUrlHandlerMapping [AbstractUrlHandlerMapping.java : 362] Mapped URL path [/**/favicon.ico] onto handler of type [class org.springframework.web.servlet.resource.ResourceHttpRequestHandler]
2017-06-26 16:31:38,445 INFO [main] o.s.j.e.a.AnnotationMBeanExporter [MBeanExporter.java : 431] Registering beans for JMX exposure on startup
2017-06-26 16:31:38,452 INFO [main] o.s.j.e.a.AnnotationMBeanExporter [MBeanExporter.java : 916] Bean with name 'dataSource' has been autodetected for JMX exposure
2017-06-26 16:31:38,479 INFO [main] o.s.j.e.a.AnnotationMBeanExporter [MBeanExporter.java : 671] Located MBean 'dataSource': registering with JMX server as MBean [com.alibaba.druid.pool:name=dataSource,type=DruidDataSource]
2017-06-26 16:31:38,521 INFO [main] o.e.jetty.ContextHandler.application [ContextHandler.java : 2207] Initializing Spring FrameworkServlet 'dispatcherServlet'
2017-06-26 16:31:38,522 INFO [main] o.s.web.servlet.DispatcherServlet [FrameworkServlet.java : 489] FrameworkServlet 'dispatcherServlet': initialization started
2017-06-26 16:31:38,600 INFO [main] o.s.web.servlet.DispatcherServlet [FrameworkServlet.java : 508] FrameworkServlet 'dispatcherServlet': initialization completed in 78 ms
2017-06-26 16:31:38,692 INFO [main] o.e.jetty.server.AbstractConnector [AbstractConnector.java : 280] Started ServerConnector@1c9500c{HTTP/1.1,[http/1.1]}{0.0.0.0:6555}
2017-06-26 16:31:38,695 INFO [main] o.s.b.c.e.j.JettyEmbeddedServletContainer [JettyEmbeddedServletContainer.java : 144] Jetty started on port(s) 6555 (http/1.1)
2017-06-26 16:31:38,784 INFO [main] o.a.s.m.main.web.test.StartMainWeb [StartupInfoLogger.java : 57] Started StartMainWeb in 47.49 seconds (JVM running for 50.496)
2017-06-26 16:32:25,990 INFO [qtp4911043-47] o.a.g.p.dao.CommonRepositoryImpl [CommonRepositoryImpl.java : 497] qlString = {FROM AppAndAgent WHERE 1=1}
2017-06-26 16:32:25,992 INFO [qtp4911043-47] o.a.g.p.dao.CommonRepositoryImpl [CommonRepositoryImpl.java : 701] conIndex = {17}
2017-06-26 16:32:25,994 INFO [qtp4911043-47] o.a.g.p.dao.CommonRepositoryImpl [CommonRepositoryImpl.java : 706] 条件前的?个数：{0}
2017-06-26 16:32:25,997 INFO [qtp4911043-47] o.a.g.p.dao.CommonRepositoryImpl [CommonRepositoryImpl.java : 707] 条件后的?个数：{0}
2017-06-26 16:32:25,999 INFO [qtp4911043-47] o.a.g.p.dao.CommonRepositoryImpl [CommonRepositoryImpl.java : 708] 条件的起始位置：{0}
2017-06-26 16:32:26,000 INFO [qtp4911043-47] o.a.g.p.dao.CommonRepositoryImpl [CommonRepositoryImpl.java : 674] condition = {}
2017-06-26 16:32:26,001 INFO [qtp4911043-47] o.a.g.p.dao.CommonRepositoryImpl [CommonRepositoryImpl.java : 482] order = { ORDER BY createDate DESC}
2017-06-26 16:32:26,003 INFO [qtp4911043-47] o.a.g.p.dao.CommonRepositoryImpl [CommonRepositoryImpl.java : 420] list_ql = {FROM AppAndAgent  WHERE 1=1  ORDER BY createDate DESC}
2017-06-26 16:32:26,009 INFO [qtp4911043-47] o.a.g.p.dao.CommonRepositoryImpl [CommonRepositoryImpl.java : 152] count_ql = {SELECT count(*) FROM AppAndAgent  WHERE 1=1 }
2017-06-26 16:32:26,058 INFO [qtp4911043-47] o.a.g.p.dao.CommonRepositoryImpl [CommonRepositoryImpl.java : 737] executeCount totalRows = {1}
2017-06-26 16:33:20,188 INFO [qtp4911043-21] o.a.g.p.dao.CommonRepositoryImpl [CommonRepositoryImpl.java : 497] qlString = {FROM AppAndAgent WHERE 1=1}
2017-06-26 16:33:20,190 INFO [qtp4911043-21] o.a.g.p.dao.CommonRepositoryImpl [CommonRepositoryImpl.java : 701] conIndex = {17}
2017-06-26 16:33:20,191 INFO [qtp4911043-21] o.a.g.p.dao.CommonRepositoryImpl [CommonRepositoryImpl.java : 706] 条件前的?个数：{0}
2017-06-26 16:33:20,192 INFO [qtp4911043-21] o.a.g.p.dao.CommonRepositoryImpl [CommonRepositoryImpl.java : 707] 条件后的?个数：{0}
2017-06-26 16:33:20,193 INFO [qtp4911043-21] o.a.g.p.dao.CommonRepositoryImpl [CommonRepositoryImpl.java : 708] 条件的起始位置：{0}
2017-06-26 16:33:20,194 INFO [qtp4911043-21] o.a.g.p.dao.CommonRepositoryImpl [CommonRepositoryImpl.java : 674] condition = {}
2017-06-26 16:33:20,195 INFO [qtp4911043-21] o.a.g.p.dao.CommonRepositoryImpl [CommonRepositoryImpl.java : 482] order = { ORDER BY createDate DESC}
2017-06-26 16:33:20,196 INFO [qtp4911043-21] o.a.g.p.dao.CommonRepositoryImpl [CommonRepositoryImpl.java : 420] list_ql = {FROM AppAndAgent  WHERE 1=1  ORDER BY createDate DESC}
2017-06-26 16:33:20,197 INFO [qtp4911043-21] o.a.g.p.dao.CommonRepositoryImpl [CommonRepositoryImpl.java : 152] count_ql = {SELECT count(*) FROM AppAndAgent  WHERE 1=1 }
2017-06-26 16:33:20,202 INFO [qtp4911043-21] o.a.g.p.dao.CommonRepositoryImpl [CommonRepositoryImpl.java : 737] executeCount totalRows = {1}
2017-06-26 16:35:18,631 INFO [qtp4911043-45] o.a.g.p.dao.CommonRepositoryImpl [CommonRepositoryImpl.java : 497] qlString = {FROM AppAndAgent WHERE 1=1}
2017-06-26 16:35:18,633 INFO [qtp4911043-45] o.a.g.p.dao.CommonRepositoryImpl [CommonRepositoryImpl.java : 701] conIndex = {17}
2017-06-26 16:35:18,634 INFO [qtp4911043-45] o.a.g.p.dao.CommonRepositoryImpl [CommonRepositoryImpl.java : 706] 条件前的?个数：{0}
2017-06-26 16:35:18,635 INFO [qtp4911043-45] o.a.g.p.dao.CommonRepositoryImpl [CommonRepositoryImpl.java : 707] 条件后的?个数：{0}
2017-06-26 16:35:18,637 INFO [qtp4911043-45] o.a.g.p.dao.CommonRepositoryImpl [CommonRepositoryImpl.java : 708] 条件的起始位置：{0}
2017-06-26 16:35:18,638 INFO [qtp4911043-45] o.a.g.p.dao.CommonRepositoryImpl [CommonRepositoryImpl.java : 674] condition = {}
2017-06-26 16:35:18,639 INFO [qtp4911043-45] o.a.g.p.dao.CommonRepositoryImpl [CommonRepositoryImpl.java : 482] order = { ORDER BY createDate DESC}
2017-06-26 16:35:18,640 INFO [qtp4911043-45] o.a.g.p.dao.CommonRepositoryImpl [CommonRepositoryImpl.java : 420] list_ql = {FROM AppAndAgent  WHERE 1=1  ORDER BY createDate DESC}
2017-06-26 16:35:18,642 INFO [qtp4911043-45] o.a.g.p.dao.CommonRepositoryImpl [CommonRepositoryImpl.java : 152] count_ql = {SELECT count(*) FROM AppAndAgent  WHERE 1=1 }
2017-06-26 16:35:18,645 INFO [qtp4911043-45] o.a.g.p.dao.CommonRepositoryImpl [CommonRepositoryImpl.java : 737] executeCount totalRows = {1}
2017-06-26 16:36:15,151 INFO [Druid-ConnectionPool-Log-30964525] c.a.d.p.DruidDataSourceStatLoggerImpl [DruidDataSourceStatLoggerImpl.java : 77] {"url":"jdbc:mysql://192.168.0.94:3306/dsgc?useUnicode=true&characterEncoding=utf8&pinGlobalTxToPhysicalConnection=true","dbType":"mysql","name":"DataSource-30964525","activeCount":1,"activePeak":2,"activePeakTime":"2017-06-26 16:31:22","poolingCount":1,"poolingPeak":2,"poolingPeakTime":"2017-06-26 16:31:23","connectCount":20,"closeCount":19,"notEmptyWaitCount":1,"notEmptyWaitMillis":29,"physicalConnectCount":1,"executeCount":26,"commitCount":16,"pstmtCacheHitCount":11,"pstmtCacheMissCount":15,"startTransactionCount":17,"transactionHistogram":[0,3,10,2,1],"connectionHoldTimeHistogram":[0,1,11,5,2],"sqlList":[{"sql":"select applicatio0_.id as id1_3_, applicatio0_.context as context2_3_, applicatio0_.createDate as createDa3_3_, applicatio0_.ip as ip4_3_, applicatio0_.name as name5_3_, applicatio0_.port as port6_3_, applicatio0_.status as status7_3_, applicatio0_.statusName as statusNa8_3_ from base_application_agent applicatio0_ order by applicatio0_.createDate asc","executeCount":8,"executeMillisMax":20,"executeMillisTotal":34,"executeHistogram":[0,7,1],"executeAndResultHoldHistogram":[8],"concurrentMax":1,"fetchRowCount":2,"fetchRowHistogram":[0,8],"inTransactionCount":8},{"sql":"select applicatio0_.id as id1_2_, applicatio0_.context as context2_2_, applicatio0_.createDate as createDa3_2_, applicatio0_.hasJar as hasJar4_2_, applicatio0_.name as name5_2_, applicatio0_.serverType as serverTy6_2_, applicatio0_.serverTypeName as serverTy7_2_ from base_application applicatio0_ order by applicatio0_.createDate asc","executeCount":3,"executeMillisMax":2,"executeMillisTotal":7,"executeHistogram":[0,3],"executeAndResultHoldHistogram":[3],"concurrentMax":1,"fetchRowCount":6,"fetchRowHistogram":[0,3],"inTransactionCount":3},{"sql":"select count(*) as col_0_0_ from base_app_and_agent appandagen0_ where 1=1","executeCount":3,"executeMillisMax":1,"executeMillisTotal":4,"executeHistogram":[0,3],"executeAndResultHoldHistogram":[3],"concurrentMax":1,"fetchRowCount":1,"fetchRowHistogram":[0,3],"inTransactionCount":3},{"sql":"select appandagen0_.id as id1_0_, appandagen0_.agentContext as agentCon2_0_, appandagen0_.agentIP as agentIP3_0_, appandagen0_.agentLog as agentLog4_0_, appandagen0_.agentPort as agentPor5_0_, appandagen0_.appDeployDirectory as appDeplo6_0_, appandagen0_.applicationContext as applicat7_0_, appandagen0_.applicationIP as applicat8_0_, appandagen0_.applicationLog as applicat9_0_, appandagen0_.applicationPid as applica10_0_, appandagen0_.applicationPort as applica11_0_, appandagen0_.applicationVersion as applica12_0_, appandagen0_.application_id as applica18_0_, appandagen0_.app_agent_id as app_age19_0_, appandagen0_.createDate as createD13_0_, appandagen0_.operatingSystem as operati14_0_, appandagen0_.startDate as startDa15_0_, appandagen0_.startStatus as startSt16_0_, appandagen0_.startStatusName as startSt17_0_ from base_app_and_agent appandagen0_ where 1=1 order by appandagen0_.createDate DESC limit ?","executeCount":3,"executeMillisMax":3,"executeMillisTotal":8,"executeHistogram":[0,3],"executeAndResultHoldHistogram":[3],"concurrentMax":1,"fetchRowCount":1,"fetchRowHistogram":[0,3],"inTransactionCount":3},{"sql":"select applicatio0_.id as id1_2_0_, applicatio0_.context as context2_2_0_, applicatio0_.createDate as createDa3_2_0_, applicatio0_.hasJar as hasJar4_2_0_, applicatio0_.name as name5_2_0_, applicatio0_.serverType as serverTy6_2_0_, applicatio0_.serverTypeName as serverTy7_2_0_ from base_application applicatio0_ where applicatio0_.id=?","executeCount":3,"executeMillisMax":5,"executeMillisTotal":9,"executeHistogram":[0,3],"executeAndResultHoldHistogram":[3],"concurrentMax":1,"fetchRowCount":1,"fetchRowHistogram":[0,3],"inTransactionCount":3},{"sql":"select applicatio0_.id as id1_3_0_, applicatio0_.context as context2_3_0_, applicatio0_.createDate as createDa3_3_0_, applicatio0_.ip as ip4_3_0_, applicatio0_.name as name5_3_0_, applicatio0_.port as port6_3_0_, applicatio0_.status as status7_3_0_, applicatio0_.statusName as statusNa8_3_0_ from base_application_agent applicatio0_ where applicatio0_.id=?","executeCount":3,"executeMillisMax":2,"executeMillisTotal":6,"executeHistogram":[0,3],"executeAndResultHoldHistogram":[3],"concurrentMax":1,"fetchRowCount":1,"fetchRowHistogram":[0,3],"inTransactionCount":3},{"sql":"select appandagen0_.id as id1_0_0_, appandagen0_.agentContext as agentCon2_0_0_, appandagen0_.agentIP as agentIP3_0_0_, appandagen0_.agentLog as agentLog4_0_0_, appandagen0_.agentPort as agentPor5_0_0_, appandagen0_.appDeployDirectory as appDeplo6_0_0_, appandagen0_.applicationContext as applicat7_0_0_, appandagen0_.applicationIP as applicat8_0_0_, appandagen0_.applicationLog as applicat9_0_0_, appandagen0_.applicationPid as applica10_0_0_, appandagen0_.applicationPort as applica11_0_0_, appandagen0_.applicationVersion as applica12_0_0_, appandagen0_.application_id as applica18_0_0_, appandagen0_.app_agent_id as app_age19_0_0_, appandagen0_.createDate as createD13_0_0_, appandagen0_.operatingSystem as operati14_0_0_, appandagen0_.startDate as startDa15_0_0_, appandagen0_.startStatus as startSt16_0_0_, appandagen0_.startStatusName as startSt17_0_0_, applicatio1_.id as id1_2_1_, applicatio1_.context as context2_2_1_, applicatio1_.createDate as createDa3_2_1_, applicatio1_.hasJar as hasJar4_2_1_, applicatio1_.name as name5_2_1_, applicatio1_.serverType as serverTy6_2_1_, applicatio1_.serverTypeName as serverTy7_2_1_, applicatio2_.id as id1_3_2_, applicatio2_.context as context2_3_2_, applicatio2_.createDate as createDa3_3_2_, applicatio2_.ip as ip4_3_2_, applicatio2_.name as name5_3_2_, applicatio2_.port as port6_3_2_, applicatio2_.status as status7_3_2_, applicatio2_.statusName as statusNa8_3_2_ from base_app_and_agent appandagen0_ left outer join base_application applicatio1_ on appandagen0_.application_id=applicatio1_.id left outer join base_application_agent applicatio2_ on appandagen0_.app_agent_id=applicatio2_.id where appandagen0_.id=?","executeCount":2,"executeMillisMax":3,"executeMillisTotal":7,"executeHistogram":[0,2],"executeAndResultHoldHistogram":[2],"concurrentMax":1,"fetchRowCount":1,"fetchRowHistogram":[0,2],"inTransactionCount":2},{"sql":"update base_app_and_agent set agentContext=?, agentIP=?, agentLog=?, agentPort=?, appDeployDirectory=?, applicationContext=?, applicationIP=?, applicationLog=?, applicationPid=?, applicationPort=?, applicationVersion=?, application_id=?, app_agent_id=?, createDate=?, operatingSystem=?, startDate=?, startStatus=?, startStatusName=? where id=?","executeCount":1,"executeMillisMax":3,"executeMillisTotal":3,"executeHistogram":[0,1],"executeAndResultHoldHistogram":[0,1],"concurrentMax":1,"updateCount":1,"updateCountMax":1,"updateHistogram":[0,1],"inTransactionCount":1}]}
2017-06-26 16:39:49,423 INFO [qtp4911043-62] o.a.g.p.dao.CommonRepositoryImpl [CommonRepositoryImpl.java : 497] qlString = {FROM AppAndAgent WHERE 1=1}
2017-06-26 16:39:49,425 INFO [qtp4911043-62] o.a.g.p.dao.CommonRepositoryImpl [CommonRepositoryImpl.java : 701] conIndex = {17}
2017-06-26 16:39:49,425 INFO [qtp4911043-62] o.a.g.p.dao.CommonRepositoryImpl [CommonRepositoryImpl.java : 706] 条件前的?个数：{0}
2017-06-26 16:39:49,426 INFO [qtp4911043-62] o.a.g.p.dao.CommonRepositoryImpl [CommonRepositoryImpl.java : 707] 条件后的?个数：{0}
2017-06-26 16:39:49,428 INFO [qtp4911043-62] o.a.g.p.dao.CommonRepositoryImpl [CommonRepositoryImpl.java : 708] 条件的起始位置：{0}
2017-06-26 16:39:49,429 INFO [qtp4911043-62] o.a.g.p.dao.CommonRepositoryImpl [CommonRepositoryImpl.java : 674] condition = {}
2017-06-26 16:39:49,430 INFO [qtp4911043-62] o.a.g.p.dao.CommonRepositoryImpl [CommonRepositoryImpl.java : 482] order = { ORDER BY createDate DESC}
2017-06-26 16:39:49,431 INFO [qtp4911043-62] o.a.g.p.dao.CommonRepositoryImpl [CommonRepositoryImpl.java : 420] list_ql = {FROM AppAndAgent  WHERE 1=1  ORDER BY createDate DESC}
2017-06-26 16:39:49,432 INFO [qtp4911043-62] o.a.g.p.dao.CommonRepositoryImpl [CommonRepositoryImpl.java : 152] count_ql = {SELECT count(*) FROM AppAndAgent  WHERE 1=1 }
2017-06-26 16:39:49,437 INFO [qtp4911043-62] o.a.g.p.dao.CommonRepositoryImpl [CommonRepositoryImpl.java : 737] executeCount totalRows = {1}
2017-06-26 16:41:15,154 INFO [Druid-ConnectionPool-Log-30964525] c.a.d.p.DruidDataSourceStatLoggerImpl [DruidDataSourceStatLoggerImpl.java : 77] {"url":"jdbc:mysql://192.168.0.94:3306/dsgc?useUnicode=true&characterEncoding=utf8&pinGlobalTxToPhysicalConnection=true","dbType":"mysql","name":"DataSource-30964525","activeCount":1,"activePeak":2,"activePeakTime":"2017-06-26 16:36:37","poolingCount":1,"poolingPeak":1,"poolingPeakTime":"2017-06-26 16:36:37","connectCount":10,"closeCount":10,"executeCount":15,"commitCount":12,"pstmtCacheHitCount":15,"startTransactionCount":12,"transactionHistogram":[0,4,7,1],"connectionHoldTimeHistogram":[0,0,8,0,1,1],"sqlList":[{"sql":"select applicatio0_.id as id1_3_, applicatio0_.context as context2_3_, applicatio0_.createDate as createDa3_3_, applicatio0_.ip as ip4_3_, applicatio0_.name as name5_3_, applicatio0_.port as port6_3_, applicatio0_.status as status7_3_, applicatio0_.statusName as statusNa8_3_ from base_application_agent applicatio0_ order by applicatio0_.createDate asc","executeCount":6,"executeMillisMax":2,"executeMillisTotal":12,"executeHistogram":[0,6],"executeAndResultHoldHistogram":[6],"concurrentMax":1,"fetchRowCount":2,"fetchRowHistogram":[0,6],"inTransactionCount":6},{"sql":"select applicatio0_.id as id1_2_, applicatio0_.context as context2_2_, applicatio0_.createDate as createDa3_2_, applicatio0_.hasJar as hasJar4_2_, applicatio0_.name as name5_2_, applicatio0_.serverType as serverTy6_2_, applicatio0_.serverTypeName as serverTy7_2_ from base_application applicatio0_ order by applicatio0_.createDate asc","executeCount":1,"executeMillisMax":2,"executeMillisTotal":2,"executeHistogram":[0,1],"executeAndResultHoldHistogram":[1],"concurrentMax":1,"fetchRowCount":6,"fetchRowHistogram":[0,1],"inTransactionCount":1},{"sql":"select count(*) as col_0_0_ from base_app_and_agent appandagen0_ where 1=1","executeCount":1,"executeMillisMax":1,"executeMillisTotal":1,"executeHistogram":[0,1],"executeAndResultHoldHistogram":[1],"concurrentMax":1,"fetchRowCount":1,"fetchRowHistogram":[0,1],"inTransactionCount":1},{"sql":"select appandagen0_.id as id1_0_, appandagen0_.agentContext as agentCon2_0_, appandagen0_.agentIP as agentIP3_0_, appandagen0_.agentLog as agentLog4_0_, appandagen0_.agentPort as agentPor5_0_, appandagen0_.appDeployDirectory as appDeplo6_0_, appandagen0_.applicationContext as applicat7_0_, appandagen0_.applicationIP as applicat8_0_, appandagen0_.applicationLog as applicat9_0_, appandagen0_.applicationPid as applica10_0_, appandagen0_.applicationPort as applica11_0_, appandagen0_.applicationVersion as applica12_0_, appandagen0_.application_id as applica18_0_, appandagen0_.app_agent_id as app_age19_0_, appandagen0_.createDate as createD13_0_, appandagen0_.operatingSystem as operati14_0_, appandagen0_.startDate as startDa15_0_, appandagen0_.startStatus as startSt16_0_, appandagen0_.startStatusName as startSt17_0_ from base_app_and_agent appandagen0_ where 1=1 order by appandagen0_.createDate DESC limit ?","executeCount":1,"executeMillisMax":2,"executeMillisTotal":2,"executeHistogram":[0,1],"executeAndResultHoldHistogram":[1],"concurrentMax":1,"fetchRowCount":1,"fetchRowHistogram":[0,1],"inTransactionCount":1},{"sql":"select applicatio0_.id as id1_2_0_, applicatio0_.context as context2_2_0_, applicatio0_.createDate as createDa3_2_0_, applicatio0_.hasJar as hasJar4_2_0_, applicatio0_.name as name5_2_0_, applicatio0_.serverType as serverTy6_2_0_, applicatio0_.serverTypeName as serverTy7_2_0_ from base_application applicatio0_ where applicatio0_.id=?","executeCount":1,"executeMillisMax":1,"executeMillisTotal":1,"executeHistogram":[0,1],"executeAndResultHoldHistogram":[1],"concurrentMax":1,"fetchRowCount":1,"fetchRowHistogram":[0,1],"inTransactionCount":1},{"sql":"select applicatio0_.id as id1_3_0_, applicatio0_.context as context2_3_0_, applicatio0_.createDate as createDa3_3_0_, applicatio0_.ip as ip4_3_0_, applicatio0_.name as name5_3_0_, applicatio0_.port as port6_3_0_, applicatio0_.status as status7_3_0_, applicatio0_.statusName as statusNa8_3_0_ from base_application_agent applicatio0_ where applicatio0_.id=?","executeCount":1,"executeMillisMax":1,"executeMillisTotal":1,"executeHistogram":[0,1],"executeAndResultHoldHistogram":[1],"concurrentMax":1,"fetchRowCount":1,"fetchRowHistogram":[0,1],"inTransactionCount":1},{"sql":"select appandagen0_.id as id1_0_0_, appandagen0_.agentContext as agentCon2_0_0_, appandagen0_.agentIP as agentIP3_0_0_, appandagen0_.agentLog as agentLog4_0_0_, appandagen0_.agentPort as agentPor5_0_0_, appandagen0_.appDeployDirectory as appDeplo6_0_0_, appandagen0_.applicationContext as applicat7_0_0_, appandagen0_.applicationIP as applicat8_0_0_, appandagen0_.applicationLog as applicat9_0_0_, appandagen0_.applicationPid as applica10_0_0_, appandagen0_.applicationPort as applica11_0_0_, appandagen0_.applicationVersion as applica12_0_0_, appandagen0_.application_id as applica18_0_0_, appandagen0_.app_agent_id as app_age19_0_0_, appandagen0_.createDate as createD13_0_0_, appandagen0_.operatingSystem as operati14_0_0_, appandagen0_.startDate as startDa15_0_0_, appandagen0_.startStatus as startSt16_0_0_, appandagen0_.startStatusName as startSt17_0_0_, applicatio1_.id as id1_2_1_, applicatio1_.context as context2_2_1_, applicatio1_.createDate as createDa3_2_1_, applicatio1_.hasJar as hasJar4_2_1_, applicatio1_.name as name5_2_1_, applicatio1_.serverType as serverTy6_2_1_, applicatio1_.serverTypeName as serverTy7_2_1_, applicatio2_.id as id1_3_2_, applicatio2_.context as context2_3_2_, applicatio2_.createDate as createDa3_3_2_, applicatio2_.ip as ip4_3_2_, applicatio2_.name as name5_3_2_, applicatio2_.port as port6_3_2_, applicatio2_.status as status7_3_2_, applicatio2_.statusName as statusNa8_3_2_ from base_app_and_agent appandagen0_ left outer join base_application applicatio1_ on appandagen0_.application_id=applicatio1_.id left outer join base_application_agent applicatio2_ on appandagen0_.app_agent_id=applicatio2_.id where appandagen0_.id=?","executeCount":2,"executeMillisMax":9,"executeMillisTotal":18,"executeHistogram":[0,2],"executeAndResultHoldHistogram":[2],"concurrentMax":1,"fetchRowCount":1,"fetchRowHistogram":[0,2],"inTransactionCount":2},{"sql":"update base_app_and_agent set agentContext=?, agentIP=?, agentLog=?, agentPort=?, appDeployDirectory=?, applicationContext=?, applicationIP=?, applicationLog=?, applicationPid=?, applicationPort=?, applicationVersion=?, application_id=?, app_agent_id=?, createDate=?, operatingSystem=?, startDate=?, startStatus=?, startStatusName=? where id=?","executeCount":2,"executeMillisMax":3,"executeMillisTotal":6,"executeHistogram":[0,2],"executeAndResultHoldHistogram":[0,2],"concurrentMax":1,"updateCount":2,"updateCountMax":1,"updateHistogram":[0,2],"inTransactionCount":2}]}
2017-06-26 16:44:25,892 INFO [qtp4911043-71] o.a.g.p.dao.CommonRepositoryImpl [CommonRepositoryImpl.java : 497] qlString = {FROM AppAndAgent WHERE 1=1}
2017-06-26 16:44:25,894 INFO [qtp4911043-71] o.a.g.p.dao.CommonRepositoryImpl [CommonRepositoryImpl.java : 701] conIndex = {17}
2017-06-26 16:44:25,895 INFO [qtp4911043-71] o.a.g.p.dao.CommonRepositoryImpl [CommonRepositoryImpl.java : 706] 条件前的?个数：{0}
2017-06-26 16:44:25,896 INFO [qtp4911043-71] o.a.g.p.dao.CommonRepositoryImpl [CommonRepositoryImpl.java : 707] 条件后的?个数：{0}
2017-06-26 16:44:25,897 INFO [qtp4911043-71] o.a.g.p.dao.CommonRepositoryImpl [CommonRepositoryImpl.java : 708] 条件的起始位置：{0}
2017-06-26 16:44:25,898 INFO [qtp4911043-71] o.a.g.p.dao.CommonRepositoryImpl [CommonRepositoryImpl.java : 674] condition = {}
2017-06-26 16:44:25,899 INFO [qtp4911043-71] o.a.g.p.dao.CommonRepositoryImpl [CommonRepositoryImpl.java : 482] order = { ORDER BY createDate DESC}
2017-06-26 16:44:25,900 INFO [qtp4911043-71] o.a.g.p.dao.CommonRepositoryImpl [CommonRepositoryImpl.java : 420] list_ql = {FROM AppAndAgent  WHERE 1=1  ORDER BY createDate DESC}
2017-06-26 16:44:25,901 INFO [qtp4911043-71] o.a.g.p.dao.CommonRepositoryImpl [CommonRepositoryImpl.java : 152] count_ql = {SELECT count(*) FROM AppAndAgent  WHERE 1=1 }
2017-06-26 16:44:25,905 INFO [qtp4911043-71] o.a.g.p.dao.CommonRepositoryImpl [CommonRepositoryImpl.java : 737] executeCount totalRows = {1}
2017-06-26 16:45:02,819 INFO [qtp4911043-21] o.a.g.p.dao.CommonRepositoryImpl [CommonRepositoryImpl.java : 497] qlString = {FROM AppAndAgent WHERE 1=1}
2017-06-26 16:45:02,820 INFO [qtp4911043-21] o.a.g.p.dao.CommonRepositoryImpl [CommonRepositoryImpl.java : 701] conIndex = {17}
2017-06-26 16:45:02,822 INFO [qtp4911043-21] o.a.g.p.dao.CommonRepositoryImpl [CommonRepositoryImpl.java : 706] 条件前的?个数：{0}
2017-06-26 16:45:02,823 INFO [qtp4911043-21] o.a.g.p.dao.CommonRepositoryImpl [CommonRepositoryImpl.java : 707] 条件后的?个数：{0}
2017-06-26 16:45:02,824 INFO [qtp4911043-21] o.a.g.p.dao.CommonRepositoryImpl [CommonRepositoryImpl.java : 708] 条件的起始位置：{0}
2017-06-26 16:45:02,825 INFO [qtp4911043-21] o.a.g.p.dao.CommonRepositoryImpl [CommonRepositoryImpl.java : 674] condition = {}
2017-06-26 16:45:02,826 INFO [qtp4911043-21] o.a.g.p.dao.CommonRepositoryImpl [CommonRepositoryImpl.java : 482] order = { ORDER BY createDate DESC}
2017-06-26 16:45:02,827 INFO [qtp4911043-21] o.a.g.p.dao.CommonRepositoryImpl [CommonRepositoryImpl.java : 420] list_ql = {FROM AppAndAgent  WHERE 1=1  ORDER BY createDate DESC}
2017-06-26 16:45:02,828 INFO [qtp4911043-21] o.a.g.p.dao.CommonRepositoryImpl [CommonRepositoryImpl.java : 152] count_ql = {SELECT count(*) FROM AppAndAgent  WHERE 1=1 }
2017-06-26 16:45:02,832 INFO [qtp4911043-21] o.a.g.p.dao.CommonRepositoryImpl [CommonRepositoryImpl.java : 737] executeCount totalRows = {1}
2017-06-26 16:45:30,450 INFO [qtp4911043-68] o.a.g.p.dao.CommonRepositoryImpl [CommonRepositoryImpl.java : 497] qlString = {FROM AppAndAgent WHERE 1=1}
2017-06-26 16:45:30,452 INFO [qtp4911043-68] o.a.g.p.dao.CommonRepositoryImpl [CommonRepositoryImpl.java : 701] conIndex = {17}
2017-06-26 16:45:30,453 INFO [qtp4911043-68] o.a.g.p.dao.CommonRepositoryImpl [CommonRepositoryImpl.java : 706] 条件前的?个数：{0}
2017-06-26 16:45:30,455 INFO [qtp4911043-68] o.a.g.p.dao.CommonRepositoryImpl [CommonRepositoryImpl.java : 707] 条件后的?个数：{0}
2017-06-26 16:45:30,456 INFO [qtp4911043-68] o.a.g.p.dao.CommonRepositoryImpl [CommonRepositoryImpl.java : 708] 条件的起始位置：{0}
2017-06-26 16:45:30,457 INFO [qtp4911043-68] o.a.g.p.dao.CommonRepositoryImpl [CommonRepositoryImpl.java : 674] condition = {}
2017-06-26 16:45:30,458 INFO [qtp4911043-68] o.a.g.p.dao.CommonRepositoryImpl [CommonRepositoryImpl.java : 482] order = { ORDER BY createDate DESC}
2017-06-26 16:45:30,459 INFO [qtp4911043-68] o.a.g.p.dao.CommonRepositoryImpl [CommonRepositoryImpl.java : 420] list_ql = {FROM AppAndAgent  WHERE 1=1  ORDER BY createDate DESC}
2017-06-26 16:45:30,460 INFO [qtp4911043-68] o.a.g.p.dao.CommonRepositoryImpl [CommonRepositoryImpl.java : 152] count_ql = {SELECT count(*) FROM AppAndAgent  WHERE 1=1 }
2017-06-26 16:45:30,464 INFO [qtp4911043-68] o.a.g.p.dao.CommonRepositoryImpl [CommonRepositoryImpl.java : 737] executeCount totalRows = {1}
2017-06-26 16:46:15,157 INFO [Druid-ConnectionPool-Log-30964525] c.a.d.p.DruidDataSourceStatLoggerImpl [DruidDataSourceStatLoggerImpl.java : 77] {"url":"jdbc:mysql://192.168.0.94:3306/dsgc?useUnicode=true&characterEncoding=utf8&pinGlobalTxToPhysicalConnection=true","dbType":"mysql","name":"DataSource-30964525","activeCount":2,"activePeak":4,"activePeakTime":"2017-06-26 16:45:38","poolingCount":2,"poolingPeak":2,"poolingPeakTime":"2017-06-26 16:45:38","connectCount":23,"closeCount":22,"notEmptyWaitCount":2,"notEmptyWaitMillis":52,"physicalConnectCount":2,"executeCount":34,"commitCount":30,"pstmtCacheHitCount":25,"pstmtCacheMissCount":9,"startTransactionCount":25,"transactionHistogram":[0,7,17],"connectionHoldTimeHistogram":[0,0,22],"sqlList":[{"sql":"select applicatio0_.id as id1_3_, applicatio0_.context as context2_3_, applicatio0_.createDate as createDa3_3_, applicatio0_.ip as ip4_3_, applicatio0_.name as name5_3_, applicatio0_.port as port6_3_, applicatio0_.status as status7_3_, applicatio0_.statusName as statusNa8_3_ from base_application_agent applicatio0_ order by applicatio0_.createDate asc","executeCount":8,"executeMillisMax":2,"executeMillisTotal":15,"executeHistogram":[0,8],"executeAndResultHoldHistogram":[8],"concurrentMax":1,"fetchRowCount":2,"fetchRowHistogram":[0,8],"inTransactionCount":8},{"sql":"select applicatio0_.id as id1_2_, applicatio0_.context as context2_2_, applicatio0_.createDate as createDa3_2_, applicatio0_.hasJar as hasJar4_2_, applicatio0_.name as name5_2_, applicatio0_.serverType as serverTy6_2_, applicatio0_.serverTypeName as serverTy7_2_ from base_application applicatio0_ order by applicatio0_.createDate asc","executeCount":3,"executeMillisMax":2,"executeMillisTotal":7,"executeHistogram":[0,3],"executeAndResultHoldHistogram":[3],"concurrentMax":1,"fetchRowCount":6,"fetchRowHistogram":[0,3],"inTransactionCount":3},{"sql":"select count(*) as col_0_0_ from base_app_and_agent appandagen0_ where 1=1","executeCount":3,"executeMillisMax":1,"executeMillisTotal":4,"executeHistogram":[0,3],"executeAndResultHoldHistogram":[3],"concurrentMax":1,"fetchRowCount":1,"fetchRowHistogram":[0,3],"inTransactionCount":3},{"sql":"select appandagen0_.id as id1_0_, appandagen0_.agentContext as agentCon2_0_, appandagen0_.agentIP as agentIP3_0_, appandagen0_.agentLog as agentLog4_0_, appandagen0_.agentPort as agentPor5_0_, appandagen0_.appDeployDirectory as appDeplo6_0_, appandagen0_.applicationContext as applicat7_0_, appandagen0_.applicationIP as applicat8_0_, appandagen0_.applicationLog as applicat9_0_, appandagen0_.applicationPid as applica10_0_, appandagen0_.applicationPort as applica11_0_, appandagen0_.applicationVersion as applica12_0_, appandagen0_.application_id as applica18_0_, appandagen0_.app_agent_id as app_age19_0_, appandagen0_.createDate as createD13_0_, appandagen0_.operatingSystem as operati14_0_, appandagen0_.startDate as startDa15_0_, appandagen0_.startStatus as startSt16_0_, appandagen0_.startStatusName as startSt17_0_ from base_app_and_agent appandagen0_ where 1=1 order by appandagen0_.createDate DESC limit ?","executeCount":3,"executeMillisMax":4,"executeMillisTotal":10,"executeHistogram":[0,3],"executeAndResultHoldHistogram":[3],"concurrentMax":1,"fetchRowCount":1,"fetchRowHistogram":[0,3],"inTransactionCount":3},{"sql":"select applicatio0_.id as id1_2_0_, applicatio0_.context as context2_2_0_, applicatio0_.createDate as createDa3_2_0_, applicatio0_.hasJar as hasJar4_2_0_, applicatio0_.name as name5_2_0_, applicatio0_.serverType as serverTy6_2_0_, applicatio0_.serverTypeName as serverTy7_2_0_ from base_application applicatio0_ where applicatio0_.id=?","executeCount":3,"executeMillisMax":2,"executeMillisTotal":6,"executeHistogram":[0,3],"executeAndResultHoldHistogram":[3],"concurrentMax":1,"fetchRowCount":1,"fetchRowHistogram":[0,3],"inTransactionCount":3},{"sql":"select applicatio0_.id as id1_3_0_, applicatio0_.context as context2_3_0_, applicatio0_.createDate as createDa3_3_0_, applicatio0_.ip as ip4_3_0_, applicatio0_.name as name5_3_0_, applicatio0_.port as port6_3_0_, applicatio0_.status as status7_3_0_, applicatio0_.statusName as statusNa8_3_0_ from base_application_agent applicatio0_ where applicatio0_.id=?","executeCount":3,"executeMillisMax":3,"executeMillisTotal":7,"executeHistogram":[0,3],"executeAndResultHoldHistogram":[3],"concurrentMax":1,"fetchRowCount":1,"fetchRowHistogram":[0,3],"inTransactionCount":3},{"sql":"select appandagen0_.id as id1_0_0_, appandagen0_.agentContext as agentCon2_0_0_, appandagen0_.agentIP as agentIP3_0_0_, appandagen0_.agentLog as agentLog4_0_0_, appandagen0_.agentPort as agentPor5_0_0_, appandagen0_.appDeployDirectory as appDeplo6_0_0_, appandagen0_.applicationContext as applicat7_0_0_, appandagen0_.applicationIP as applicat8_0_0_, appandagen0_.applicationLog as applicat9_0_0_, appandagen0_.applicationPid as applica10_0_0_, appandagen0_.applicationPort as applica11_0_0_, appandagen0_.applicationVersion as applica12_0_0_, appandagen0_.application_id as applica18_0_0_, appandagen0_.app_agent_id as app_age19_0_0_, appandagen0_.createDate as createD13_0_0_, appandagen0_.operatingSystem as operati14_0_0_, appandagen0_.startDate as startDa15_0_0_, appandagen0_.startStatus as startSt16_0_0_, appandagen0_.startStatusName as startSt17_0_0_, applicatio1_.id as id1_2_1_, applicatio1_.context as context2_2_1_, applicatio1_.createDate as createDa3_2_1_, applicatio1_.hasJar as hasJar4_2_1_, applicatio1_.name as name5_2_1_, applicatio1_.serverType as serverTy6_2_1_, applicatio1_.serverTypeName as serverTy7_2_1_, applicatio2_.id as id1_3_2_, applicatio2_.context as context2_3_2_, applicatio2_.createDate as createDa3_3_2_, applicatio2_.ip as ip4_3_2_, applicatio2_.name as name5_3_2_, applicatio2_.port as port6_3_2_, applicatio2_.status as status7_3_2_, applicatio2_.statusName as statusNa8_3_2_ from base_app_and_agent appandagen0_ left outer join base_application applicatio1_ on appandagen0_.application_id=applicatio1_.id left outer join base_application_agent applicatio2_ on appandagen0_.app_agent_id=applicatio2_.id where appandagen0_.id=?","executeCount":9,"executeMillisMax":4,"executeMillisTotal":35,"executeHistogram":[0,9],"executeAndResultHoldHistogram":[9],"concurrentMax":1,"fetchRowCount":1,"fetchRowHistogram":[0,9],"inTransactionCount":9},{"sql":"update base_app_and_agent set agentContext=?, agentIP=?, agentLog=?, agentPort=?, appDeployDirectory=?, applicationContext=?, applicationIP=?, applicationLog=?, applicationPid=?, applicationPort=?, applicationVersion=?, application_id=?, app_agent_id=?, createDate=?, operatingSystem=?, startDate=?, startStatus=?, startStatusName=? where id=?","executeCount":2,"executeMillisMax":3,"executeMillisTotal":6,"executeHistogram":[0,2],"executeAndResultHoldHistogram":[0,2],"concurrentMax":1,"updateCount":2,"updateCountMax":1,"updateHistogram":[0,2],"inTransactionCount":2}]}
2017-06-26 16:46:38,673 INFO [qtp4911043-75] o.a.g.p.dao.CommonRepositoryImpl [CommonRepositoryImpl.java : 497] qlString = {FROM AppAndAgent WHERE 1=1}
2017-06-26 16:46:38,675 INFO [qtp4911043-75] o.a.g.p.dao.CommonRepositoryImpl [CommonRepositoryImpl.java : 701] conIndex = {17}
2017-06-26 16:46:38,676 INFO [qtp4911043-75] o.a.g.p.dao.CommonRepositoryImpl [CommonRepositoryImpl.java : 706] 条件前的?个数：{0}
2017-06-26 16:46:38,678 INFO [qtp4911043-75] o.a.g.p.dao.CommonRepositoryImpl [CommonRepositoryImpl.java : 707] 条件后的?个数：{0}
2017-06-26 16:46:38,679 INFO [qtp4911043-75] o.a.g.p.dao.CommonRepositoryImpl [CommonRepositoryImpl.java : 708] 条件的起始位置：{0}
2017-06-26 16:46:38,680 INFO [qtp4911043-75] o.a.g.p.dao.CommonRepositoryImpl [CommonRepositoryImpl.java : 674] condition = {}
2017-06-26 16:46:38,681 INFO [qtp4911043-75] o.a.g.p.dao.CommonRepositoryImpl [CommonRepositoryImpl.java : 482] order = { ORDER BY createDate DESC}
2017-06-26 16:46:38,682 INFO [qtp4911043-75] o.a.g.p.dao.CommonRepositoryImpl [CommonRepositoryImpl.java : 420] list_ql = {FROM AppAndAgent  WHERE 1=1  ORDER BY createDate DESC}
2017-06-26 16:46:38,683 INFO [qtp4911043-75] o.a.g.p.dao.CommonRepositoryImpl [CommonRepositoryImpl.java : 152] count_ql = {SELECT count(*) FROM AppAndAgent  WHERE 1=1 }
2017-06-26 16:46:38,686 INFO [qtp4911043-75] o.a.g.p.dao.CommonRepositoryImpl [CommonRepositoryImpl.java : 737] executeCount totalRows = {1}
2017-06-26 16:47:19,650 INFO [qtp4911043-74] o.a.g.p.dao.CommonRepositoryImpl [CommonRepositoryImpl.java : 497] qlString = {FROM AppAndAgent WHERE 1=1}
2017-06-26 16:47:19,652 INFO [qtp4911043-74] o.a.g.p.dao.CommonRepositoryImpl [CommonRepositoryImpl.java : 701] conIndex = {17}
2017-06-26 16:47:19,653 INFO [qtp4911043-74] o.a.g.p.dao.CommonRepositoryImpl [CommonRepositoryImpl.java : 706] 条件前的?个数：{0}
2017-06-26 16:47:19,654 INFO [qtp4911043-74] o.a.g.p.dao.CommonRepositoryImpl [CommonRepositoryImpl.java : 707] 条件后的?个数：{0}
2017-06-26 16:47:19,654 INFO [qtp4911043-74] o.a.g.p.dao.CommonRepositoryImpl [CommonRepositoryImpl.java : 708] 条件的起始位置：{0}
2017-06-26 16:47:19,655 INFO [qtp4911043-74] o.a.g.p.dao.CommonRepositoryImpl [CommonRepositoryImpl.java : 674] condition = {}
2017-06-26 16:47:19,656 INFO [qtp4911043-74] o.a.g.p.dao.CommonRepositoryImpl [CommonRepositoryImpl.java : 482] order = { ORDER BY createDate DESC}
2017-06-26 16:47:19,658 INFO [qtp4911043-74] o.a.g.p.dao.CommonRepositoryImpl [CommonRepositoryImpl.java : 420] list_ql = {FROM AppAndAgent  WHERE 1=1  ORDER BY createDate DESC}
2017-06-26 16:47:19,659 INFO [qtp4911043-74] o.a.g.p.dao.CommonRepositoryImpl [CommonRepositoryImpl.java : 152] count_ql = {SELECT count(*) FROM AppAndAgent  WHERE 1=1 }
2017-06-26 16:47:19,663 INFO [qtp4911043-74] o.a.g.p.dao.CommonRepositoryImpl [CommonRepositoryImpl.java : 737] executeCount totalRows = {1}
2017-06-26 16:48:41,615 INFO [qtp4911043-74] o.a.g.p.dao.CommonRepositoryImpl [CommonRepositoryImpl.java : 497] qlString = {FROM AppAndAgent WHERE 1=1}
2017-06-26 16:48:41,617 INFO [qtp4911043-74] o.a.g.p.dao.CommonRepositoryImpl [CommonRepositoryImpl.java : 701] conIndex = {17}
2017-06-26 16:48:41,618 INFO [qtp4911043-74] o.a.g.p.dao.CommonRepositoryImpl [CommonRepositoryImpl.java : 706] 条件前的?个数：{0}
2017-06-26 16:48:41,619 INFO [qtp4911043-74] o.a.g.p.dao.CommonRepositoryImpl [CommonRepositoryImpl.java : 707] 条件后的?个数：{0}
2017-06-26 16:48:41,621 INFO [qtp4911043-74] o.a.g.p.dao.CommonRepositoryImpl [CommonRepositoryImpl.java : 708] 条件的起始位置：{0}
2017-06-26 16:48:41,622 INFO [qtp4911043-74] o.a.g.p.dao.CommonRepositoryImpl [CommonRepositoryImpl.java : 674] condition = {}
2017-06-26 16:48:41,623 INFO [qtp4911043-74] o.a.g.p.dao.CommonRepositoryImpl [CommonRepositoryImpl.java : 482] order = { ORDER BY createDate DESC}
2017-06-26 16:48:41,624 INFO [qtp4911043-74] o.a.g.p.dao.CommonRepositoryImpl [CommonRepositoryImpl.java : 420] list_ql = {FROM AppAndAgent  WHERE 1=1  ORDER BY createDate DESC}
2017-06-26 16:48:41,625 INFO [qtp4911043-74] o.a.g.p.dao.CommonRepositoryImpl [CommonRepositoryImpl.java : 152] count_ql = {SELECT count(*) FROM AppAndAgent  WHERE 1=1 }
2017-06-26 16:48:41,630 INFO [qtp4911043-74] o.a.g.p.dao.CommonRepositoryImpl [CommonRepositoryImpl.java : 737] executeCount totalRows = {1}
2017-06-26 16:51:15,163 INFO [Druid-ConnectionPool-Log-30964525] c.a.d.p.DruidDataSourceStatLoggerImpl [DruidDataSourceStatLoggerImpl.java : 77] {"url":"jdbc:mysql://192.168.0.94:3306/dsgc?useUnicode=true&characterEncoding=utf8&pinGlobalTxToPhysicalConnection=true","dbType":"mysql","name":"DataSource-30964525","activeCount":3,"activePeak":6,"activePeakTime":"2017-06-26 16:48:31","poolingCount":3,"poolingPeak":3,"poolingPeakTime":"2017-06-26 16:48:32","connectCount":27,"closeCount":26,"notEmptyWaitCount":3,"notEmptyWaitMillis":125,"physicalConnectCount":2,"executeCount":42,"commitCount":38,"pstmtCacheHitCount":31,"pstmtCacheMissCount":11,"startTransactionCount":33,"transactionHistogram":[0,9,23],"connectionHoldTimeHistogram":[0,0,25,1],"sqlList":[{"sql":"select applicatio0_.id as id1_3_, applicatio0_.context as context2_3_, applicatio0_.createDate as createDa3_3_, applicatio0_.ip as ip4_3_, applicatio0_.name as name5_3_, applicatio0_.port as port6_3_, applicatio0_.status as status7_3_, applicatio0_.statusName as statusNa8_3_ from base_application_agent applicatio0_ order by applicatio0_.createDate asc","executeCount":8,"executeMillisMax":25,"executeMillisTotal":39,"executeHistogram":[0,7,1],"executeAndResultHoldHistogram":[8],"concurrentMax":1,"fetchRowCount":2,"fetchRowHistogram":[0,8],"inTransactionCount":8},{"sql":"select applicatio0_.id as id1_2_, applicatio0_.context as context2_2_, applicatio0_.createDate as createDa3_2_, applicatio0_.hasJar as hasJar4_2_, applicatio0_.name as name5_2_, applicatio0_.serverType as serverTy6_2_, applicatio0_.serverTypeName as serverTy7_2_ from base_application applicatio0_ order by applicatio0_.createDate asc","executeCount":3,"executeMillisMax":2,"executeMillisTotal":6,"executeHistogram":[0,3],"executeAndResultHoldHistogram":[3],"concurrentMax":1,"fetchRowCount":6,"fetchRowHistogram":[0,3],"inTransactionCount":3},{"sql":"select count(*) as col_0_0_ from base_app_and_agent appandagen0_ where 1=1","executeCount":3,"executeMillisMax":1,"executeMillisTotal":4,"executeHistogram":[0,3],"executeAndResultHoldHistogram":[3],"concurrentMax":1,"fetchRowCount":1,"fetchRowHistogram":[0,3],"inTransactionCount":3},{"sql":"select appandagen0_.id as id1_0_, appandagen0_.agentContext as agentCon2_0_, appandagen0_.agentIP as agentIP3_0_, appandagen0_.agentLog as agentLog4_0_, appandagen0_.agentPort as agentPor5_0_, appandagen0_.appDeployDirectory as appDeplo6_0_, appandagen0_.applicationContext as applicat7_0_, appandagen0_.applicationIP as applicat8_0_, appandagen0_.applicationLog as applicat9_0_, appandagen0_.applicationPid as applica10_0_, appandagen0_.applicationPort as applica11_0_, appandagen0_.applicationVersion as applica12_0_, appandagen0_.application_id as applica18_0_, appandagen0_.app_agent_id as app_age19_0_, appandagen0_.createDate as createD13_0_, appandagen0_.operatingSystem as operati14_0_, appandagen0_.startDate as startDa15_0_, appandagen0_.startStatus as startSt16_0_, appandagen0_.startStatusName as startSt17_0_ from base_app_and_agent appandagen0_ where 1=1 order by appandagen0_.createDate DESC limit ?","executeCount":3,"executeMillisMax":3,"executeMillisTotal":8,"executeHistogram":[0,3],"executeAndResultHoldHistogram":[3],"concurrentMax":1,"fetchRowCount":1,"fetchRowHistogram":[0,3],"inTransactionCount":3},{"sql":"select applicatio0_.id as id1_2_0_, applicatio0_.context as context2_2_0_, applicatio0_.createDate as createDa3_2_0_, applicatio0_.hasJar as hasJar4_2_0_, applicatio0_.name as name5_2_0_, applicatio0_.serverType as serverTy6_2_0_, applicatio0_.serverTypeName as serverTy7_2_0_ from base_application applicatio0_ where applicatio0_.id=?","executeCount":3,"executeMillisMax":1,"executeMillisTotal":5,"executeHistogram":[0,3],"executeAndResultHoldHistogram":[3],"concurrentMax":1,"fetchRowCount":1,"fetchRowHistogram":[0,3],"inTransactionCount":3},{"sql":"select applicatio0_.id as id1_3_0_, applicatio0_.context as context2_3_0_, applicatio0_.createDate as createDa3_3_0_, applicatio0_.ip as ip4_3_0_, applicatio0_.name as name5_3_0_, applicatio0_.port as port6_3_0_, applicatio0_.status as status7_3_0_, applicatio0_.statusName as statusNa8_3_0_ from base_application_agent applicatio0_ where applicatio0_.id=?","executeCount":3,"executeMillisMax":2,"executeMillisTotal":5,"executeHistogram":[0,3],"executeAndResultHoldHistogram":[3],"concurrentMax":1,"fetchRowCount":1,"fetchRowHistogram":[0,3],"inTransactionCount":3},{"sql":"select appandagen0_.id as id1_0_0_, appandagen0_.agentContext as agentCon2_0_0_, appandagen0_.agentIP as agentIP3_0_0_, appandagen0_.agentLog as agentLog4_0_0_, appandagen0_.agentPort as agentPor5_0_0_, appandagen0_.appDeployDirectory as appDeplo6_0_0_, appandagen0_.applicationContext as applicat7_0_0_, appandagen0_.applicationIP as applicat8_0_0_, appandagen0_.applicationLog as applicat9_0_0_, appandagen0_.applicationPid as applica10_0_0_, appandagen0_.applicationPort as applica11_0_0_, appandagen0_.applicationVersion as applica12_0_0_, appandagen0_.application_id as applica18_0_0_, appandagen0_.app_agent_id as app_age19_0_0_, appandagen0_.createDate as createD13_0_0_, appandagen0_.operatingSystem as operati14_0_0_, appandagen0_.startDate as startDa15_0_0_, appandagen0_.startStatus as startSt16_0_0_, appandagen0_.startStatusName as startSt17_0_0_, applicatio1_.id as id1_2_1_, applicatio1_.context as context2_2_1_, applicatio1_.createDate as createDa3_2_1_, applicatio1_.hasJar as hasJar4_2_1_, applicatio1_.name as name5_2_1_, applicatio1_.serverType as serverTy6_2_1_, applicatio1_.serverTypeName as serverTy7_2_1_, applicatio2_.id as id1_3_2_, applicatio2_.context as context2_3_2_, applicatio2_.createDate as createDa3_3_2_, applicatio2_.ip as ip4_3_2_, applicatio2_.name as name5_3_2_, applicatio2_.port as port6_3_2_, applicatio2_.status as status7_3_2_, applicatio2_.statusName as statusNa8_3_2_ from base_app_and_agent appandagen0_ left outer join base_application applicatio1_ on appandagen0_.application_id=applicatio1_.id left outer join base_application_agent applicatio2_ on appandagen0_.app_agent_id=applicatio2_.id where appandagen0_.id=?","executeCount":13,"executeMillisMax":21,"executeMillisTotal":69,"executeHistogram":[0,12,1],"executeAndResultHoldHistogram":[13],"concurrentMax":3,"fetchRowCount":1,"fetchRowHistogram":[0,13],"inTransactionCount":13},{"sql":"update base_app_and_agent set agentContext=?, agentIP=?, agentLog=?, agentPort=?, appDeployDirectory=?, applicationContext=?, applicationIP=?, applicationLog=?, applicationPid=?, applicationPort=?, applicationVersion=?, application_id=?, app_agent_id=?, createDate=?, operatingSystem=?, startDate=?, startStatus=?, startStatusName=? where id=?","executeCount":6,"executeMillisMax":6,"executeMillisTotal":28,"executeHistogram":[0,6],"executeAndResultHoldHistogram":[0,6],"concurrentMax":3,"updateCount":6,"updateCountMax":1,"updateHistogram":[0,6],"inTransactionCount":6}]}
2017-06-26 16:52:02,457 INFO [qtp4911043-75] o.a.g.p.dao.CommonRepositoryImpl [CommonRepositoryImpl.java : 497] qlString = {FROM AppAndAgent WHERE 1=1}
2017-06-26 16:52:02,458 INFO [qtp4911043-75] o.a.g.p.dao.CommonRepositoryImpl [CommonRepositoryImpl.java : 701] conIndex = {17}
2017-06-26 16:52:02,460 INFO [qtp4911043-75] o.a.g.p.dao.CommonRepositoryImpl [CommonRepositoryImpl.java : 706] 条件前的?个数：{0}
2017-06-26 16:52:02,462 INFO [qtp4911043-75] o.a.g.p.dao.CommonRepositoryImpl [CommonRepositoryImpl.java : 707] 条件后的?个数：{0}
2017-06-26 16:52:02,463 INFO [qtp4911043-75] o.a.g.p.dao.CommonRepositoryImpl [CommonRepositoryImpl.java : 708] 条件的起始位置：{0}
2017-06-26 16:52:02,464 INFO [qtp4911043-75] o.a.g.p.dao.CommonRepositoryImpl [CommonRepositoryImpl.java : 674] condition = {}
2017-06-26 16:52:02,465 INFO [qtp4911043-75] o.a.g.p.dao.CommonRepositoryImpl [CommonRepositoryImpl.java : 482] order = { ORDER BY createDate DESC}
2017-06-26 16:52:02,467 INFO [qtp4911043-75] o.a.g.p.dao.CommonRepositoryImpl [CommonRepositoryImpl.java : 420] list_ql = {FROM AppAndAgent  WHERE 1=1  ORDER BY createDate DESC}
2017-06-26 16:52:02,470 INFO [qtp4911043-75] o.a.g.p.dao.CommonRepositoryImpl [CommonRepositoryImpl.java : 152] count_ql = {SELECT count(*) FROM AppAndAgent  WHERE 1=1 }
2017-06-26 16:52:02,474 INFO [qtp4911043-75] o.a.g.p.dao.CommonRepositoryImpl [CommonRepositoryImpl.java : 737] executeCount totalRows = {1}
