2017-06-21 13:22:01,074 INFO [main] o.a.s.m.sub.web.test.StartSubMain [StartupInfoLogger.java : 48] Starting StartSubMain on wulin with PID 11048 (D:\soft\job\java\javaIDE\eclipse_jee\bjhy_attachment_workspace\server-management-parent\server-management-sub-web\target\test-classes started by Administrator in D:\soft\job\java\javaIDE\eclipse_jee\bjhy_attachment_workspace\server-management-parent\server-management-sub-web)
2017-06-21 13:22:01,214 INFO [main] o.a.s.m.sub.web.test.StartSubMain [SpringApplication.java : 637] No active profile set, falling back to default profiles: default
2017-06-21 13:22:01,622 INFO [main] o.s.b.c.e.AnnotationConfigEmbeddedWebApplicationContext [AbstractApplicationContext.java : 582] Refreshing org.springframework.boot.context.embedded.AnnotationConfigEmbeddedWebApplicationContext@12e19ca: startup date [Wed Jun 21 13:22:01 CST 2017]; root of context hierarchy
2017-06-21 13:22:02,496 INFO [background-preinit] o.h.validator.internal.util.Version [Version.java : 30] HV000001: Hibernate Validator 5.3.4.Final
2017-06-21 13:22:04,511 INFO [main] o.s.b.f.xml.XmlBeanDefinitionReader [XmlBeanDefinitionReader.java : 317] Loading XML bean definitions from file [D:\soft\job\java\javaIDE\eclipse_jee\bjhy_attachment_workspace\server-management-parent\server-management-sub-web\target\classes\META-INF\spring\module-server-management-sub-web.xml]
2017-06-21 13:22:05,824 INFO [main] o.s.b.f.xml.XmlBeanDefinitionReader [XmlBeanDefinitionReader.java : 317] Loading XML bean definitions from URL [jar:file:/D:/repository/org/apel/gaia-container-boot/1.0.1-SNAPSHOT/gaia-container-boot-1.0.1-SNAPSHOT.jar!/META-INF/spring/module-boot.xml]
2017-06-21 13:22:05,950 INFO [main] o.s.b.f.xml.XmlBeanDefinitionReader [XmlBeanDefinitionReader.java : 317] Loading XML bean definitions from URL [jar:file:/D:/repository/org/apel/gaia-container-boot/1.0.1-SNAPSHOT/gaia-container-boot-1.0.1-SNAPSHOT.jar!/META-INF/spring/module-mvc.xml]
2017-06-21 13:22:06,200 INFO [main] o.s.b.f.xml.XmlBeanDefinitionReader [XmlBeanDefinitionReader.java : 317] Loading XML bean definitions from file [D:\soft\job\java\javaIDE\eclipse_jee\bjhy_attachment_workspace\server-management-parent\server-management-sub-container\target\classes\META-INF\spring\module-server-management-sub-container.xml]
2017-06-21 13:22:06,621 INFO [main] o.s.b.f.xml.XmlBeanDefinitionReader [XmlBeanDefinitionReader.java : 317] Loading XML bean definitions from file [D:\soft\job\java\javaIDE\eclipse_jee\bjhy_attachment_workspace\server-management-parent\server-management-common\target\classes\META-INF\spring\module-server-management-common.xml]
2017-06-21 13:22:06,683 INFO [main] o.s.b.f.xml.XmlBeanDefinitionReader [XmlBeanDefinitionReader.java : 317] Loading XML bean definitions from file [D:\soft\job\java\javaIDE\eclipse_jee\bjhy_attachment_workspace\server-management-parent\server-management-base\target\classes\META-INF\spring\module-server-management-base.xml]
2017-06-21 13:22:06,990 INFO [main] o.s.b.f.xml.XmlBeanDefinitionReader [XmlBeanDefinitionReader.java : 317] Loading XML bean definitions from URL [jar:file:/D:/repository/org/apel/gaia-property-loader/1.0.1-SNAPSHOT/gaia-property-loader-1.0.1-SNAPSHOT.jar!/META-INF/spring/module-property-loader.xml]
2017-06-21 13:22:07,052 INFO [main] o.s.b.f.xml.XmlBeanDefinitionReader [XmlBeanDefinitionReader.java : 317] Loading XML bean definitions from URL [jar:file:/D:/repository/org/apel/gaia-js-lib/1.0.1-SNAPSHOT/gaia-js-lib-1.0.1-SNAPSHOT.jar!/META-INF/spring/module-js-lib.xml]
2017-06-21 13:22:08,774 WARN [main] o.s.c.a.ConfigurationClassEnhancer [ConfigurationClassEnhancer.java : 350] @Bean method CenterPropertyLoader.propertyPlaceholderConfigurer is non-static and returns an object assignable to Spring's BeanFactoryPostProcessor interface. This will result in a failure to process annotations such as @Autowired, @Resource and @PostConstruct within the method's declaring @Configuration class. Add the 'static' modifier to this method to avoid these container lifecycle issues; see @Bean javadoc for complete details.
2017-06-21 13:22:10,820 INFO [main] org.eclipse.jetty.util.log [Log.java : 192] Logging initialized @19900ms to org.eclipse.jetty.util.log.Slf4jLog
2017-06-21 13:22:12,915 INFO [main] o.s.b.c.e.j.JettyEmbeddedServletContainerFactory [JettyEmbeddedServletContainerFactory.java : 176] Server initialized with port: 5555
2017-06-21 13:22:12,915 INFO [main] org.eclipse.jetty.server.Server [Server.java : 372] jetty-9.4.2.v20170220
2017-06-21 13:22:13,650 INFO [main] org.eclipse.jetty.server.session [DefaultSessionIdManager.java : 360] DefaultSessionIdManager workerName=node0
2017-06-21 13:22:13,666 INFO [main] org.eclipse.jetty.server.session [DefaultSessionIdManager.java : 365] No SessionScavenger set, using defaults
2017-06-21 13:22:13,682 INFO [main] org.eclipse.jetty.server.session [HouseKeeper.java : 146] Scavenging every 660000ms
2017-06-21 13:22:13,728 INFO [main] o.e.jetty.ContextHandler.application [ContextHandler.java : 2207] Initializing Spring embedded WebApplicationContext
2017-06-21 13:22:13,728 INFO [main] o.s.web.context.ContextLoader [EmbeddedWebApplicationContext.java : 276] Root WebApplicationContext: initialization completed in 12106 ms
2017-06-21 13:22:14,274 INFO [main] o.s.b.w.s.ServletRegistrationBean [ServletRegistrationBean.java : 190] Mapping servlet: 'dispatcherServlet' to [/]
2017-06-21 13:22:14,274 INFO [main] o.s.b.w.s.FilterRegistrationBean [AbstractFilterRegistrationBean.java : 258] Mapping filter: 'characterEncodingFilter' to: [/*]
2017-06-21 13:22:14,274 INFO [main] o.s.b.w.s.FilterRegistrationBean [AbstractFilterRegistrationBean.java : 258] Mapping filter: 'hiddenHttpMethodFilter' to: [/*]
2017-06-21 13:22:14,274 INFO [main] o.s.b.w.s.FilterRegistrationBean [AbstractFilterRegistrationBean.java : 258] Mapping filter: 'httpPutFormContentFilter' to: [/*]
2017-06-21 13:22:14,274 INFO [main] o.s.b.w.s.FilterRegistrationBean [AbstractFilterRegistrationBean.java : 258] Mapping filter: 'requestContextFilter' to: [/*]
2017-06-21 13:22:16,825 INFO [main] o.e.j.server.handler.ContextHandler [ContextHandler.java : 802] Started o.s.b.c.e.j.JettyEmbeddedWebAppContext@1634f04{/sub-container,[file:///C:/Users/Administrator/AppData/Local/Temp/jetty-docbase.964923771327113938.5555/],AVAILABLE}
2017-06-21 13:22:16,825 INFO [main] org.eclipse.jetty.server.Server [Server.java : 444] Started @25915ms
2017-06-21 13:22:17,654 INFO [main] o.s.u.f.SpringTemplateLoader [SpringTemplateLoader.java : 61] SpringTemplateLoader for FreeMarker: using resource loader [org.springframework.boot.context.embedded.AnnotationConfigEmbeddedWebApplicationContext@12e19ca: startup date [Wed Jun 21 13:22:01 CST 2017]; root of context hierarchy] and template loader path [jar:file:/D:/repository/org/apel/gaia-container-boot/1.0.1-SNAPSHOT/gaia-container-boot-1.0.1-SNAPSHOT.jar!/platform/templates/]
2017-06-21 13:22:17,670 INFO [main] o.s.u.f.SpringTemplateLoader [SpringTemplateLoader.java : 61] SpringTemplateLoader for FreeMarker: using resource loader [org.springframework.boot.context.embedded.AnnotationConfigEmbeddedWebApplicationContext@12e19ca: startup date [Wed Jun 21 13:22:01 CST 2017]; root of context hierarchy] and template loader path [classpath:/templates/]
2017-06-21 13:22:17,670 INFO [main] o.s.w.s.v.f.FreeMarkerConfigurer [FreeMarkerConfigurer.java : 127] ClassTemplateLoader for Spring macros added to FreeMarker configuration
2017-06-21 13:22:19,449 INFO [main] o.s.w.s.m.m.a.RequestMappingHandlerAdapter [RequestMappingHandlerAdapter.java : 534] Looking for @ControllerAdvice: org.springframework.boot.context.embedded.AnnotationConfigEmbeddedWebApplicationContext@12e19ca: startup date [Wed Jun 21 13:22:01 CST 2017]; root of context hierarchy
2017-06-21 13:22:19,809 INFO [main] o.s.w.s.m.m.a.RequestMappingHandlerMapping [AbstractHandlerMethodMapping.java : 543] Mapped "{[/restSub/accessCheck],methods=[GET]}" onto public org.apel.server.management.base.domain.TransferAgent org.apel.server.management.sub.web.RestSubController.accessCheck()
2017-06-21 13:22:19,824 INFO [main] o.s.w.s.m.m.a.RequestMappingHandlerMapping [AbstractHandlerMethodMapping.java : 543] Mapped "{[/file_progress]}" onto public java.lang.Integer org.apel.gaia.container.boot.controller.CommonController.netCheck(javax.servlet.http.HttpSession)
2017-06-21 13:22:19,824 INFO [main] o.s.w.s.m.m.a.RequestMappingHandlerMapping [AbstractHandlerMethodMapping.java : 543] Mapped "{[/net_check]}" onto public java.lang.String org.apel.gaia.container.boot.controller.CommonController.netCheck(java.lang.String)
2017-06-21 13:22:19,824 INFO [main] o.s.w.s.m.m.a.RequestMappingHandlerMapping [AbstractHandlerMethodMapping.java : 543] Mapped "{[/net_detect]}" onto public java.lang.String org.apel.gaia.container.boot.controller.CommonController.netDedect()
2017-06-21 13:22:19,824 INFO [main] o.s.w.s.m.m.a.RequestMappingHandlerMapping [AbstractHandlerMethodMapping.java : 543] Mapped "{[/400]}" onto public java.lang.String org.apel.gaia.container.boot.controller.ContainerErrorController._400() throws java.lang.Exception
2017-06-21 13:22:19,824 INFO [main] o.s.w.s.m.m.a.RequestMappingHandlerMapping [AbstractHandlerMethodMapping.java : 543] Mapped "{[/403]}" onto public java.lang.String org.apel.gaia.container.boot.controller.ContainerErrorController._403() throws java.lang.Exception
2017-06-21 13:22:19,824 INFO [main] o.s.w.s.m.m.a.RequestMappingHandlerMapping [AbstractHandlerMethodMapping.java : 543] Mapped "{[/404]}" onto public java.lang.String org.apel.gaia.container.boot.controller.ContainerErrorController._404() throws java.lang.Exception
2017-06-21 13:22:19,840 INFO [main] o.s.w.s.m.m.a.RequestMappingHandlerMapping [AbstractHandlerMethodMapping.java : 543] Mapped "{[/405]}" onto public java.lang.String org.apel.gaia.container.boot.controller.ContainerErrorController._405() throws java.lang.Exception
2017-06-21 13:22:19,840 INFO [main] o.s.w.s.m.m.a.RequestMappingHandlerMapping [AbstractHandlerMethodMapping.java : 543] Mapped "{[/500]}" onto public java.lang.String org.apel.gaia.container.boot.controller.ContainerErrorController._500() throws java.lang.Exception
2017-06-21 13:22:19,840 INFO [main] o.s.w.s.m.m.a.RequestMappingHandlerMapping [AbstractHandlerMethodMapping.java : 543] Mapped "{[/error]}" onto public java.lang.String org.apel.gaia.container.boot.controller.SpringErrorController.error()
2017-06-21 13:22:19,996 INFO [main] o.s.w.s.h.SimpleUrlHandlerMapping [AbstractUrlHandlerMapping.java : 362] Mapped URL path [/webjars/**] onto handler of type [class org.springframework.web.servlet.resource.ResourceHttpRequestHandler]
2017-06-21 13:22:19,996 INFO [main] o.s.w.s.h.SimpleUrlHandlerMapping [AbstractUrlHandlerMapping.java : 362] Mapped URL path [/**] onto handler of type [class org.springframework.web.servlet.resource.ResourceHttpRequestHandler]
2017-06-21 13:22:20,214 INFO [main] o.s.w.s.h.SimpleUrlHandlerMapping [AbstractUrlHandlerMapping.java : 362] Mapped URL path [/**/favicon.ico] onto handler of type [class org.springframework.web.servlet.resource.ResourceHttpRequestHandler]
2017-06-21 13:22:22,118 INFO [main] o.s.j.e.a.AnnotationMBeanExporter [MBeanExporter.java : 431] Registering beans for JMX exposure on startup
2017-06-21 13:22:22,181 INFO [main] o.e.jetty.ContextHandler.application [ContextHandler.java : 2207] Initializing Spring FrameworkServlet 'dispatcherServlet'
2017-06-21 13:22:22,181 INFO [main] o.s.web.servlet.DispatcherServlet [FrameworkServlet.java : 489] FrameworkServlet 'dispatcherServlet': initialization started
2017-06-21 13:22:22,212 INFO [main] o.s.web.servlet.DispatcherServlet [FrameworkServlet.java : 508] FrameworkServlet 'dispatcherServlet': initialization completed in 31 ms
2017-06-21 13:22:22,306 INFO [main] o.e.jetty.server.AbstractConnector [AbstractConnector.java : 280] Started ServerConnector@151ed61{HTTP/1.1,[http/1.1]}{0.0.0.0:5555}
2017-06-21 13:22:22,306 INFO [main] o.s.b.c.e.j.JettyEmbeddedServletContainer [JettyEmbeddedServletContainer.java : 144] Jetty started on port(s) 5555 (http/1.1)
2017-06-21 13:22:22,321 INFO [main] o.a.s.m.sub.web.test.StartSubMain [StartupInfoLogger.java : 57] Started StartSubMain in 23.604 seconds (JVM running for 31.404)
2017-06-21 13:23:21,613 WARN [qtp12030828-21] org.eclipse.jetty.http.HttpParser [HttpParser.java : 1831] Illegal character 0x0 in state=METHOD for buffer HeapByteBuffer@1609f2c[p=5,l=31,c=8192,r=26]={CNXN\x00<<<\x00\x00\x01\x00\x10\x00\x00\x07\x00\x00\x002\x02\x00\x00\xBc\xB1\xA7\xB1host::\x00>>>\x00\x00\x00\x00\x00\x00\x00\x00\x00\x00\x00\x00\x00\x00\x00\x00\x00...\x00\x00\x00\x00\x00\x00\x00\x00\x00\x00\x00\x00\x00\x00\x00}
