2017-06-27 10:25:54,339 INFO [main] o.a.s.m.sub.web.test.StartSubMain [StartupInfoLogger.java : 48] Starting StartSubMain on wulin with PID 8196 (D:\soft\job\java\javaIDE\eclipse_jee\bjhy_attachment_workspace\server-management-parent\server-management-sub-web\target\test-classes started by Administrator in D:\soft\job\java\javaIDE\eclipse_jee\bjhy_attachment_workspace\server-management-parent\server-management-sub-web)
2017-06-27 10:25:54,433 INFO [main] o.a.s.m.sub.web.test.StartSubMain [SpringApplication.java : 637] No active profile set, falling back to default profiles: default
2017-06-27 10:25:54,651 INFO [main] o.s.b.c.e.AnnotationConfigEmbeddedWebApplicationContext [AbstractApplicationContext.java : 582] Refreshing org.springframework.boot.context.embedded.AnnotationConfigEmbeddedWebApplicationContext@1659b30: startup date [Tue Jun 27 10:25:54 CST 2017]; root of context hierarchy
2017-06-27 10:25:55,028 INFO [background-preinit] o.h.validator.internal.util.Version [Version.java : 30] HV000001: Hibernate Validator 5.3.4.Final
2017-06-27 10:25:56,403 INFO [main] o.s.b.f.xml.XmlBeanDefinitionReader [XmlBeanDefinitionReader.java : 317] Loading XML bean definitions from file [D:\soft\job\java\javaIDE\eclipse_jee\bjhy_attachment_workspace\server-management-parent\server-management-sub-web\target\classes\META-INF\spring\module-server-management-sub-web.xml]
2017-06-27 10:25:57,110 INFO [main] o.s.b.f.xml.XmlBeanDefinitionReader [XmlBeanDefinitionReader.java : 317] Loading XML bean definitions from URL [jar:file:/D:/repository/org/apel/gaia-container-boot/1.0.1-SNAPSHOT/gaia-container-boot-1.0.1-SNAPSHOT.jar!/META-INF/spring/module-boot.xml]
2017-06-27 10:25:57,252 INFO [main] o.s.b.f.xml.XmlBeanDefinitionReader [XmlBeanDefinitionReader.java : 317] Loading XML bean definitions from URL [jar:file:/D:/repository/org/apel/gaia-container-boot/1.0.1-SNAPSHOT/gaia-container-boot-1.0.1-SNAPSHOT.jar!/META-INF/spring/module-mvc.xml]
2017-06-27 10:25:57,409 INFO [main] o.s.b.f.xml.XmlBeanDefinitionReader [XmlBeanDefinitionReader.java : 317] Loading XML bean definitions from file [D:\soft\job\java\javaIDE\eclipse_jee\bjhy_attachment_workspace\server-management-parent\server-management-sub-container\target\classes\META-INF\spring\module-server-management-sub-container.xml]
2017-06-27 10:25:57,508 INFO [main] o.s.b.f.xml.XmlBeanDefinitionReader [XmlBeanDefinitionReader.java : 317] Loading XML bean definitions from file [D:\soft\job\java\javaIDE\eclipse_jee\bjhy_attachment_workspace\server-management-parent\server-management-common\target\classes\META-INF\spring\module-server-management-common.xml]
2017-06-27 10:25:57,549 INFO [main] o.s.b.f.xml.XmlBeanDefinitionReader [XmlBeanDefinitionReader.java : 317] Loading XML bean definitions from file [D:\soft\job\java\javaIDE\eclipse_jee\bjhy_attachment_workspace\server-management-parent\server-management-base\target\classes\META-INF\spring\module-server-management-base.xml]
2017-06-27 10:25:57,582 INFO [main] o.s.b.f.xml.XmlBeanDefinitionReader [XmlBeanDefinitionReader.java : 317] Loading XML bean definitions from URL [jar:file:/D:/repository/org/apel/gaia-property-loader/1.0.1-SNAPSHOT/gaia-property-loader-1.0.1-SNAPSHOT.jar!/META-INF/spring/module-property-loader.xml]
2017-06-27 10:25:57,660 INFO [main] o.s.b.f.xml.XmlBeanDefinitionReader [XmlBeanDefinitionReader.java : 317] Loading XML bean definitions from URL [jar:file:/D:/repository/org/apel/gaia-js-lib/1.0.1-SNAPSHOT/gaia-js-lib-1.0.1-SNAPSHOT.jar!/META-INF/spring/module-js-lib.xml]
2017-06-27 10:25:59,002 WARN [main] o.s.c.a.ConfigurationClassEnhancer [ConfigurationClassEnhancer.java : 350] @Bean method CenterPropertyLoader.propertyPlaceholderConfigurer is non-static and returns an object assignable to Spring's BeanFactoryPostProcessor interface. This will result in a failure to process annotations such as @Autowired, @Resource and @PostConstruct within the method's declaring @Configuration class. Add the 'static' modifier to this method to avoid these container lifecycle issues; see @Bean javadoc for complete details.
2017-06-27 10:26:00,536 INFO [main] org.eclipse.jetty.util.log [Log.java : 192] Logging initialized @9605ms to org.eclipse.jetty.util.log.Slf4jLog
2017-06-27 10:26:02,348 INFO [main] o.s.b.c.e.j.JettyEmbeddedServletContainerFactory [JettyEmbeddedServletContainerFactory.java : 176] Server initialized with port: 5555
2017-06-27 10:26:02,364 INFO [main] org.eclipse.jetty.server.Server [Server.java : 372] jetty-9.4.2.v20170220
2017-06-27 10:26:03,223 INFO [main] org.eclipse.jetty.server.session [DefaultSessionIdManager.java : 360] DefaultSessionIdManager workerName=node0
2017-06-27 10:26:03,223 INFO [main] org.eclipse.jetty.server.session [DefaultSessionIdManager.java : 365] No SessionScavenger set, using defaults
2017-06-27 10:26:03,239 INFO [main] org.eclipse.jetty.server.session [HouseKeeper.java : 146] Scavenging every 600000ms
2017-06-27 10:26:03,285 INFO [main] o.e.jetty.ContextHandler.application [ContextHandler.java : 2207] Initializing Spring embedded WebApplicationContext
2017-06-27 10:26:03,285 INFO [main] o.s.web.context.ContextLoader [EmbeddedWebApplicationContext.java : 276] Root WebApplicationContext: initialization completed in 8634 ms
2017-06-27 10:26:03,769 INFO [main] o.s.b.w.s.ServletRegistrationBean [ServletRegistrationBean.java : 190] Mapping servlet: 'dispatcherServlet' to [/]
2017-06-27 10:26:03,769 INFO [main] o.s.b.w.s.FilterRegistrationBean [AbstractFilterRegistrationBean.java : 258] Mapping filter: 'characterEncodingFilter' to: [/*]
2017-06-27 10:26:03,769 INFO [main] o.s.b.w.s.FilterRegistrationBean [AbstractFilterRegistrationBean.java : 258] Mapping filter: 'hiddenHttpMethodFilter' to: [/*]
2017-06-27 10:26:03,769 INFO [main] o.s.b.w.s.FilterRegistrationBean [AbstractFilterRegistrationBean.java : 258] Mapping filter: 'httpPutFormContentFilter' to: [/*]
2017-06-27 10:26:03,769 INFO [main] o.s.b.w.s.FilterRegistrationBean [AbstractFilterRegistrationBean.java : 258] Mapping filter: 'requestContextFilter' to: [/*]
2017-06-27 10:26:06,378 INFO [main] o.e.j.server.handler.ContextHandler [ContextHandler.java : 802] Started o.s.b.c.e.j.JettyEmbeddedWebAppContext@d8f754{/sub-container,[file:///C:/Users/Administrator/AppData/Local/Temp/jetty-docbase.342211199102191199.5555/],AVAILABLE}
2017-06-27 10:26:06,378 INFO [main] org.eclipse.jetty.server.Server [Server.java : 444] Started @15437ms
2017-06-27 10:26:07,285 INFO [main] o.s.u.f.SpringTemplateLoader [SpringTemplateLoader.java : 61] SpringTemplateLoader for FreeMarker: using resource loader [org.springframework.boot.context.embedded.AnnotationConfigEmbeddedWebApplicationContext@1659b30: startup date [Tue Jun 27 10:25:54 CST 2017]; root of context hierarchy] and template loader path [jar:file:/D:/repository/org/apel/gaia-container-boot/1.0.1-SNAPSHOT/gaia-container-boot-1.0.1-SNAPSHOT.jar!/platform/templates/]
2017-06-27 10:26:07,285 INFO [main] o.s.u.f.SpringTemplateLoader [SpringTemplateLoader.java : 61] SpringTemplateLoader for FreeMarker: using resource loader [org.springframework.boot.context.embedded.AnnotationConfigEmbeddedWebApplicationContext@1659b30: startup date [Tue Jun 27 10:25:54 CST 2017]; root of context hierarchy] and template loader path [classpath:/templates/]
2017-06-27 10:26:07,285 INFO [main] o.s.w.s.v.f.FreeMarkerConfigurer [FreeMarkerConfigurer.java : 127] ClassTemplateLoader for Spring macros added to FreeMarker configuration
2017-06-27 10:26:08,646 INFO [main] o.s.w.s.m.m.a.RequestMappingHandlerAdapter [RequestMappingHandlerAdapter.java : 534] Looking for @ControllerAdvice: org.springframework.boot.context.embedded.AnnotationConfigEmbeddedWebApplicationContext@1659b30: startup date [Tue Jun 27 10:25:54 CST 2017]; root of context hierarchy
2017-06-27 10:26:08,959 INFO [main] o.s.w.s.m.m.a.RequestMappingHandlerMapping [AbstractHandlerMethodMapping.java : 543] Mapped "{[/restSub/suspend],methods=[GET]}" onto public org.apel.server.management.base.domain.TransferAgent org.apel.server.management.sub.web.RestSubController.suspend(java.lang.String)
2017-06-27 10:26:08,959 INFO [main] o.s.w.s.m.m.a.RequestMappingHandlerMapping [AbstractHandlerMethodMapping.java : 543] Mapped "{[/restSub/accessCheck],methods=[GET]}" onto public org.apel.server.management.base.domain.TransferAgent org.apel.server.management.sub.web.RestSubController.accessCheck()
2017-06-27 10:26:08,959 INFO [main] o.s.w.s.m.m.a.RequestMappingHandlerMapping [AbstractHandlerMethodMapping.java : 543] Mapped "{[/restSub/getDeployDirectory],methods=[GET]}" onto public org.apel.server.management.base.domain.TransferAgent org.apel.server.management.sub.web.RestSubController.getDeployDirectory()
2017-06-27 10:26:08,959 INFO [main] o.s.w.s.m.m.a.RequestMappingHandlerMapping [AbstractHandlerMethodMapping.java : 543] Mapped "{[/restSub/deployApplication],methods=[POST]}" onto public org.apel.server.management.base.domain.TransferAgent org.apel.server.management.sub.web.RestSubController.deployApplication(java.lang.String,java.lang.String,org.springframework.web.multipart.MultipartFile)
2017-06-27 10:26:08,959 INFO [main] o.s.w.s.m.m.a.RequestMappingHandlerMapping [AbstractHandlerMethodMapping.java : 543] Mapped "{[/restSub/upgrade],methods=[POST]}" onto public org.apel.server.management.base.domain.TransferAgent org.apel.server.management.sub.web.RestSubController.upgrade(java.lang.String,java.lang.String,org.springframework.web.multipart.MultipartFile)
2017-06-27 10:26:08,959 INFO [main] o.s.w.s.m.m.a.RequestMappingHandlerMapping [AbstractHandlerMethodMapping.java : 543] Mapped "{[/restSub/startup],methods=[GET]}" onto public org.apel.server.management.base.domain.TransferAgent org.apel.server.management.sub.web.RestSubController.startup(java.lang.String,java.lang.String)
2017-06-27 10:26:08,974 INFO [main] o.s.w.s.m.m.a.RequestMappingHandlerMapping [AbstractHandlerMethodMapping.java : 543] Mapped "{[/net_detect]}" onto public java.lang.String org.apel.gaia.container.boot.controller.CommonController.netDedect()
2017-06-27 10:26:08,974 INFO [main] o.s.w.s.m.m.a.RequestMappingHandlerMapping [AbstractHandlerMethodMapping.java : 543] Mapped "{[/file_progress]}" onto public java.lang.Integer org.apel.gaia.container.boot.controller.CommonController.netCheck(javax.servlet.http.HttpSession)
2017-06-27 10:26:08,974 INFO [main] o.s.w.s.m.m.a.RequestMappingHandlerMapping [AbstractHandlerMethodMapping.java : 543] Mapped "{[/net_check]}" onto public java.lang.String org.apel.gaia.container.boot.controller.CommonController.netCheck(java.lang.String)
2017-06-27 10:26:08,974 INFO [main] o.s.w.s.m.m.a.RequestMappingHandlerMapping [AbstractHandlerMethodMapping.java : 543] Mapped "{[/400]}" onto public java.lang.String org.apel.gaia.container.boot.controller.ContainerErrorController._400() throws java.lang.Exception
2017-06-27 10:26:08,974 INFO [main] o.s.w.s.m.m.a.RequestMappingHandlerMapping [AbstractHandlerMethodMapping.java : 543] Mapped "{[/403]}" onto public java.lang.String org.apel.gaia.container.boot.controller.ContainerErrorController._403() throws java.lang.Exception
2017-06-27 10:26:08,974 INFO [main] o.s.w.s.m.m.a.RequestMappingHandlerMapping [AbstractHandlerMethodMapping.java : 543] Mapped "{[/404]}" onto public java.lang.String org.apel.gaia.container.boot.controller.ContainerErrorController._404() throws java.lang.Exception
2017-06-27 10:26:08,974 INFO [main] o.s.w.s.m.m.a.RequestMappingHandlerMapping [AbstractHandlerMethodMapping.java : 543] Mapped "{[/405]}" onto public java.lang.String org.apel.gaia.container.boot.controller.ContainerErrorController._405() throws java.lang.Exception
2017-06-27 10:26:08,974 INFO [main] o.s.w.s.m.m.a.RequestMappingHandlerMapping [AbstractHandlerMethodMapping.java : 543] Mapped "{[/500]}" onto public java.lang.String org.apel.gaia.container.boot.controller.ContainerErrorController._500() throws java.lang.Exception
2017-06-27 10:26:08,974 INFO [main] o.s.w.s.m.m.a.RequestMappingHandlerMapping [AbstractHandlerMethodMapping.java : 543] Mapped "{[/error]}" onto public java.lang.String org.apel.gaia.container.boot.controller.SpringErrorController.error()
2017-06-27 10:26:09,146 INFO [main] o.s.w.s.h.SimpleUrlHandlerMapping [AbstractUrlHandlerMapping.java : 362] Mapped URL path [/webjars/**] onto handler of type [class org.springframework.web.servlet.resource.ResourceHttpRequestHandler]
2017-06-27 10:26:09,146 INFO [main] o.s.w.s.h.SimpleUrlHandlerMapping [AbstractUrlHandlerMapping.java : 362] Mapped URL path [/**] onto handler of type [class org.springframework.web.servlet.resource.ResourceHttpRequestHandler]
2017-06-27 10:26:09,302 INFO [main] o.s.w.s.h.SimpleUrlHandlerMapping [AbstractUrlHandlerMapping.java : 362] Mapped URL path [/**/favicon.ico] onto handler of type [class org.springframework.web.servlet.resource.ResourceHttpRequestHandler]
2017-06-27 10:26:10,738 INFO [main] o.s.j.e.a.AnnotationMBeanExporter [MBeanExporter.java : 431] Registering beans for JMX exposure on startup
2017-06-27 10:26:10,786 INFO [main] o.e.jetty.ContextHandler.application [ContextHandler.java : 2207] Initializing Spring FrameworkServlet 'dispatcherServlet'
2017-06-27 10:26:10,786 INFO [main] o.s.web.servlet.DispatcherServlet [FrameworkServlet.java : 489] FrameworkServlet 'dispatcherServlet': initialization started
2017-06-27 10:26:10,833 INFO [main] o.s.web.servlet.DispatcherServlet [FrameworkServlet.java : 508] FrameworkServlet 'dispatcherServlet': initialization completed in 47 ms
2017-06-27 10:26:10,895 INFO [main] o.e.jetty.server.AbstractConnector [AbstractConnector.java : 280] Started ServerConnector@f2466c{HTTP/1.1,[http/1.1]}{0.0.0.0:5555}
2017-06-27 10:26:10,895 INFO [main] o.s.b.c.e.j.JettyEmbeddedServletContainer [JettyEmbeddedServletContainer.java : 144] Jetty started on port(s) 5555 (http/1.1)
2017-06-27 10:26:10,911 INFO [main] o.a.s.m.sub.web.test.StartSubMain [StartupInfoLogger.java : 57] Started StartSubMain in 17.826 seconds (JVM running for 19.968)
2017-06-27 10:37:15,255 INFO [main] o.a.s.m.sub.web.test.StartSubMain [StartupInfoLogger.java : 48] Starting StartSubMain on wulin with PID 6096 (D:\soft\job\java\javaIDE\eclipse_jee\bjhy_attachment_workspace\server-management-parent\server-management-sub-web\target\test-classes started by Administrator in D:\soft\job\java\javaIDE\eclipse_jee\bjhy_attachment_workspace\server-management-parent\server-management-sub-web)
2017-06-27 10:37:15,301 INFO [main] o.a.s.m.sub.web.test.StartSubMain [SpringApplication.java : 637] No active profile set, falling back to default profiles: default
2017-06-27 10:37:15,598 INFO [main] o.s.b.c.e.AnnotationConfigEmbeddedWebApplicationContext [AbstractApplicationContext.java : 582] Refreshing org.springframework.boot.context.embedded.AnnotationConfigEmbeddedWebApplicationContext@f232c4: startup date [Tue Jun 27 10:37:15 CST 2017]; root of context hierarchy
2017-06-27 10:37:16,534 INFO [background-preinit] o.h.validator.internal.util.Version [Version.java : 30] HV000001: Hibernate Validator 5.3.4.Final
2017-06-27 10:37:17,737 INFO [main] o.s.b.f.xml.XmlBeanDefinitionReader [XmlBeanDefinitionReader.java : 317] Loading XML bean definitions from file [D:\soft\job\java\javaIDE\eclipse_jee\bjhy_attachment_workspace\server-management-parent\server-management-sub-web\target\classes\META-INF\spring\module-server-management-sub-web.xml]
2017-06-27 10:37:18,222 INFO [main] o.s.b.f.xml.XmlBeanDefinitionReader [XmlBeanDefinitionReader.java : 317] Loading XML bean definitions from URL [jar:file:/D:/repository/org/apel/gaia-container-boot/1.0.1-SNAPSHOT/gaia-container-boot-1.0.1-SNAPSHOT.jar!/META-INF/spring/module-boot.xml]
2017-06-27 10:37:18,362 INFO [main] o.s.b.f.xml.XmlBeanDefinitionReader [XmlBeanDefinitionReader.java : 317] Loading XML bean definitions from URL [jar:file:/D:/repository/org/apel/gaia-container-boot/1.0.1-SNAPSHOT/gaia-container-boot-1.0.1-SNAPSHOT.jar!/META-INF/spring/module-mvc.xml]
2017-06-27 10:37:18,503 INFO [main] o.s.b.f.xml.XmlBeanDefinitionReader [XmlBeanDefinitionReader.java : 317] Loading XML bean definitions from file [D:\soft\job\java\javaIDE\eclipse_jee\bjhy_attachment_workspace\server-management-parent\server-management-sub-container\target\classes\META-INF\spring\module-server-management-sub-container.xml]
2017-06-27 10:37:18,784 INFO [main] o.s.b.f.xml.XmlBeanDefinitionReader [XmlBeanDefinitionReader.java : 317] Loading XML bean definitions from file [D:\soft\job\java\javaIDE\eclipse_jee\bjhy_attachment_workspace\server-management-parent\server-management-common\target\classes\META-INF\spring\module-server-management-common.xml]
2017-06-27 10:37:18,848 INFO [main] o.s.b.f.xml.XmlBeanDefinitionReader [XmlBeanDefinitionReader.java : 317] Loading XML bean definitions from file [D:\soft\job\java\javaIDE\eclipse_jee\bjhy_attachment_workspace\server-management-parent\server-management-base\target\classes\META-INF\spring\module-server-management-base.xml]
2017-06-27 10:37:18,988 INFO [main] o.s.b.f.xml.XmlBeanDefinitionReader [XmlBeanDefinitionReader.java : 317] Loading XML bean definitions from URL [jar:file:/D:/repository/org/apel/gaia-property-loader/1.0.1-SNAPSHOT/gaia-property-loader-1.0.1-SNAPSHOT.jar!/META-INF/spring/module-property-loader.xml]
2017-06-27 10:37:19,035 INFO [main] o.s.b.f.xml.XmlBeanDefinitionReader [XmlBeanDefinitionReader.java : 317] Loading XML bean definitions from URL [jar:file:/D:/repository/org/apel/gaia-js-lib/1.0.1-SNAPSHOT/gaia-js-lib-1.0.1-SNAPSHOT.jar!/META-INF/spring/module-js-lib.xml]
2017-06-27 10:37:20,467 WARN [main] o.s.c.a.ConfigurationClassEnhancer [ConfigurationClassEnhancer.java : 350] @Bean method CenterPropertyLoader.propertyPlaceholderConfigurer is non-static and returns an object assignable to Spring's BeanFactoryPostProcessor interface. This will result in a failure to process annotations such as @Autowired, @Resource and @PostConstruct within the method's declaring @Configuration class. Add the 'static' modifier to this method to avoid these container lifecycle issues; see @Bean javadoc for complete details.
2017-06-27 10:37:22,124 INFO [main] org.eclipse.jetty.util.log [Log.java : 192] Logging initialized @10371ms to org.eclipse.jetty.util.log.Slf4jLog
2017-06-27 10:37:23,656 INFO [main] o.s.b.c.e.j.JettyEmbeddedServletContainerFactory [JettyEmbeddedServletContainerFactory.java : 176] Server initialized with port: 5555
2017-06-27 10:37:23,656 INFO [main] org.eclipse.jetty.server.Server [Server.java : 372] jetty-9.4.2.v20170220
2017-06-27 10:37:24,172 INFO [main] org.eclipse.jetty.server.session [DefaultSessionIdManager.java : 360] DefaultSessionIdManager workerName=node0
2017-06-27 10:37:24,172 INFO [main] org.eclipse.jetty.server.session [DefaultSessionIdManager.java : 365] No SessionScavenger set, using defaults
2017-06-27 10:37:24,172 INFO [main] org.eclipse.jetty.server.session [HouseKeeper.java : 146] Scavenging every 660000ms
2017-06-27 10:37:24,203 INFO [main] o.e.jetty.ContextHandler.application [ContextHandler.java : 2207] Initializing Spring embedded WebApplicationContext
2017-06-27 10:37:24,203 INFO [main] o.s.web.context.ContextLoader [EmbeddedWebApplicationContext.java : 276] Root WebApplicationContext: initialization completed in 8605 ms
2017-06-27 10:37:24,734 INFO [main] o.s.b.w.s.ServletRegistrationBean [ServletRegistrationBean.java : 190] Mapping servlet: 'dispatcherServlet' to [/]
2017-06-27 10:37:24,750 INFO [main] o.s.b.w.s.FilterRegistrationBean [AbstractFilterRegistrationBean.java : 258] Mapping filter: 'characterEncodingFilter' to: [/*]
2017-06-27 10:37:24,750 INFO [main] o.s.b.w.s.FilterRegistrationBean [AbstractFilterRegistrationBean.java : 258] Mapping filter: 'hiddenHttpMethodFilter' to: [/*]
2017-06-27 10:37:24,750 INFO [main] o.s.b.w.s.FilterRegistrationBean [AbstractFilterRegistrationBean.java : 258] Mapping filter: 'httpPutFormContentFilter' to: [/*]
2017-06-27 10:37:24,750 INFO [main] o.s.b.w.s.FilterRegistrationBean [AbstractFilterRegistrationBean.java : 258] Mapping filter: 'requestContextFilter' to: [/*]
2017-06-27 10:37:26,798 INFO [main] o.e.j.server.handler.ContextHandler [ContextHandler.java : 802] Started o.s.b.c.e.j.JettyEmbeddedWebAppContext@1c3cda{/sub-container,[file:///C:/Users/Administrator/AppData/Local/Temp/jetty-docbase.5695457442082910886.5555/],AVAILABLE}
2017-06-27 10:37:26,798 INFO [main] org.eclipse.jetty.server.Server [Server.java : 444] Started @15053ms
2017-06-27 10:37:27,674 INFO [main] o.s.u.f.SpringTemplateLoader [SpringTemplateLoader.java : 61] SpringTemplateLoader for FreeMarker: using resource loader [org.springframework.boot.context.embedded.AnnotationConfigEmbeddedWebApplicationContext@f232c4: startup date [Tue Jun 27 10:37:15 CST 2017]; root of context hierarchy] and template loader path [jar:file:/D:/repository/org/apel/gaia-container-boot/1.0.1-SNAPSHOT/gaia-container-boot-1.0.1-SNAPSHOT.jar!/platform/templates/]
2017-06-27 10:37:27,690 INFO [main] o.s.u.f.SpringTemplateLoader [SpringTemplateLoader.java : 61] SpringTemplateLoader for FreeMarker: using resource loader [org.springframework.boot.context.embedded.AnnotationConfigEmbeddedWebApplicationContext@f232c4: startup date [Tue Jun 27 10:37:15 CST 2017]; root of context hierarchy] and template loader path [classpath:/templates/]
2017-06-27 10:37:27,705 INFO [main] o.s.w.s.v.f.FreeMarkerConfigurer [FreeMarkerConfigurer.java : 127] ClassTemplateLoader for Spring macros added to FreeMarker configuration
2017-06-27 10:37:29,092 INFO [main] o.s.w.s.m.m.a.RequestMappingHandlerAdapter [RequestMappingHandlerAdapter.java : 534] Looking for @ControllerAdvice: org.springframework.boot.context.embedded.AnnotationConfigEmbeddedWebApplicationContext@f232c4: startup date [Tue Jun 27 10:37:15 CST 2017]; root of context hierarchy
2017-06-27 10:37:29,452 INFO [main] o.s.w.s.m.m.a.RequestMappingHandlerMapping [AbstractHandlerMethodMapping.java : 543] Mapped "{[/restSub/suspend],methods=[GET]}" onto public org.apel.server.management.base.domain.TransferAgent org.apel.server.management.sub.web.RestSubController.suspend(java.lang.String)
2017-06-27 10:37:29,452 INFO [main] o.s.w.s.m.m.a.RequestMappingHandlerMapping [AbstractHandlerMethodMapping.java : 543] Mapped "{[/restSub/accessCheck],methods=[GET]}" onto public org.apel.server.management.base.domain.TransferAgent org.apel.server.management.sub.web.RestSubController.accessCheck()
2017-06-27 10:37:29,452 INFO [main] o.s.w.s.m.m.a.RequestMappingHandlerMapping [AbstractHandlerMethodMapping.java : 543] Mapped "{[/restSub/upgrade],methods=[POST]}" onto public org.apel.server.management.base.domain.TransferAgent org.apel.server.management.sub.web.RestSubController.upgrade(java.lang.String,java.lang.String,org.springframework.web.multipart.MultipartFile)
2017-06-27 10:37:29,452 INFO [main] o.s.w.s.m.m.a.RequestMappingHandlerMapping [AbstractHandlerMethodMapping.java : 543] Mapped "{[/restSub/startup],methods=[GET]}" onto public org.apel.server.management.base.domain.TransferAgent org.apel.server.management.sub.web.RestSubController.startup(java.lang.String,java.lang.String)
2017-06-27 10:37:29,452 INFO [main] o.s.w.s.m.m.a.RequestMappingHandlerMapping [AbstractHandlerMethodMapping.java : 543] Mapped "{[/restSub/getDeployDirectory],methods=[GET]}" onto public org.apel.server.management.base.domain.TransferAgent org.apel.server.management.sub.web.RestSubController.getDeployDirectory()
2017-06-27 10:37:29,452 INFO [main] o.s.w.s.m.m.a.RequestMappingHandlerMapping [AbstractHandlerMethodMapping.java : 543] Mapped "{[/restSub/deployApplication],methods=[POST]}" onto public org.apel.server.management.base.domain.TransferAgent org.apel.server.management.sub.web.RestSubController.deployApplication(java.lang.String,java.lang.String,org.springframework.web.multipart.MultipartFile)
2017-06-27 10:37:29,467 INFO [main] o.s.w.s.m.m.a.RequestMappingHandlerMapping [AbstractHandlerMethodMapping.java : 543] Mapped "{[/file_progress]}" onto public java.lang.Integer org.apel.gaia.container.boot.controller.CommonController.netCheck(javax.servlet.http.HttpSession)
2017-06-27 10:37:29,467 INFO [main] o.s.w.s.m.m.a.RequestMappingHandlerMapping [AbstractHandlerMethodMapping.java : 543] Mapped "{[/net_check]}" onto public java.lang.String org.apel.gaia.container.boot.controller.CommonController.netCheck(java.lang.String)
2017-06-27 10:37:29,467 INFO [main] o.s.w.s.m.m.a.RequestMappingHandlerMapping [AbstractHandlerMethodMapping.java : 543] Mapped "{[/net_detect]}" onto public java.lang.String org.apel.gaia.container.boot.controller.CommonController.netDedect()
2017-06-27 10:37:29,467 INFO [main] o.s.w.s.m.m.a.RequestMappingHandlerMapping [AbstractHandlerMethodMapping.java : 543] Mapped "{[/400]}" onto public java.lang.String org.apel.gaia.container.boot.controller.ContainerErrorController._400() throws java.lang.Exception
2017-06-27 10:37:29,467 INFO [main] o.s.w.s.m.m.a.RequestMappingHandlerMapping [AbstractHandlerMethodMapping.java : 543] Mapped "{[/403]}" onto public java.lang.String org.apel.gaia.container.boot.controller.ContainerErrorController._403() throws java.lang.Exception
2017-06-27 10:37:29,467 INFO [main] o.s.w.s.m.m.a.RequestMappingHandlerMapping [AbstractHandlerMethodMapping.java : 543] Mapped "{[/404]}" onto public java.lang.String org.apel.gaia.container.boot.controller.ContainerErrorController._404() throws java.lang.Exception
2017-06-27 10:37:29,467 INFO [main] o.s.w.s.m.m.a.RequestMappingHandlerMapping [AbstractHandlerMethodMapping.java : 543] Mapped "{[/405]}" onto public java.lang.String org.apel.gaia.container.boot.controller.ContainerErrorController._405() throws java.lang.Exception
2017-06-27 10:37:29,467 INFO [main] o.s.w.s.m.m.a.RequestMappingHandlerMapping [AbstractHandlerMethodMapping.java : 543] Mapped "{[/500]}" onto public java.lang.String org.apel.gaia.container.boot.controller.ContainerErrorController._500() throws java.lang.Exception
2017-06-27 10:37:29,483 INFO [main] o.s.w.s.m.m.a.RequestMappingHandlerMapping [AbstractHandlerMethodMapping.java : 543] Mapped "{[/error]}" onto public java.lang.String org.apel.gaia.container.boot.controller.SpringErrorController.error()
2017-06-27 10:37:29,649 INFO [main] o.s.w.s.h.SimpleUrlHandlerMapping [AbstractUrlHandlerMapping.java : 362] Mapped URL path [/webjars/**] onto handler of type [class org.springframework.web.servlet.resource.ResourceHttpRequestHandler]
2017-06-27 10:37:29,664 INFO [main] o.s.w.s.h.SimpleUrlHandlerMapping [AbstractUrlHandlerMapping.java : 362] Mapped URL path [/**] onto handler of type [class org.springframework.web.servlet.resource.ResourceHttpRequestHandler]
2017-06-27 10:37:29,893 INFO [main] o.s.w.s.h.SimpleUrlHandlerMapping [AbstractUrlHandlerMapping.java : 362] Mapped URL path [/**/favicon.ico] onto handler of type [class org.springframework.web.servlet.resource.ResourceHttpRequestHandler]
2017-06-27 10:37:31,225 INFO [main] o.s.j.e.a.AnnotationMBeanExporter [MBeanExporter.java : 431] Registering beans for JMX exposure on startup
2017-06-27 10:37:31,271 INFO [main] o.e.jetty.ContextHandler.application [ContextHandler.java : 2207] Initializing Spring FrameworkServlet 'dispatcherServlet'
2017-06-27 10:37:31,287 INFO [main] o.s.web.servlet.DispatcherServlet [FrameworkServlet.java : 489] FrameworkServlet 'dispatcherServlet': initialization started
2017-06-27 10:37:31,321 INFO [main] o.s.web.servlet.DispatcherServlet [FrameworkServlet.java : 508] FrameworkServlet 'dispatcherServlet': initialization completed in 34 ms
2017-06-27 10:37:31,384 INFO [main] o.e.jetty.server.AbstractConnector [AbstractConnector.java : 280] Started ServerConnector@11a7516{HTTP/1.1,[http/1.1]}{0.0.0.0:5555}
2017-06-27 10:37:31,384 INFO [main] o.s.b.c.e.j.JettyEmbeddedServletContainer [JettyEmbeddedServletContainer.java : 144] Jetty started on port(s) 5555 (http/1.1)
2017-06-27 10:37:31,399 INFO [main] o.a.s.m.sub.web.test.StartSubMain [StartupInfoLogger.java : 57] Started StartSubMain in 17.285 seconds (JVM running for 19.642)
