2017-06-29 09:12:54,539 INFO [main] o.a.s.m.sub.web.test.StartSubMain [StartupInfoLogger.java : 48] Starting StartSubMain on wulin with PID 2320 (D:\soft\job\java\javaIDE\eclipse_jee\bjhy_attachment_workspace\server-management-parent\server-management-sub-web\target\test-classes started by Administrator in D:\soft\job\java\javaIDE\eclipse_jee\bjhy_attachment_workspace\server-management-parent\server-management-sub-web)
2017-06-29 09:12:54,601 INFO [main] o.a.s.m.sub.web.test.StartSubMain [SpringApplication.java : 637] No active profile set, falling back to default profiles: default
2017-06-29 09:12:54,868 INFO [main] o.s.b.c.e.AnnotationConfigEmbeddedWebApplicationContext [AbstractApplicationContext.java : 582] Refreshing org.springframework.boot.context.embedded.AnnotationConfigEmbeddedWebApplicationContext@11d1f8b: startup date [Thu Jun 29 09:12:54 CST 2017]; root of context hierarchy
2017-06-29 09:12:55,937 INFO [background-preinit] o.h.validator.internal.util.Version [Version.java : 30] HV000001: Hibernate Validator 5.3.4.Final
2017-06-29 09:12:57,504 INFO [main] o.s.b.f.xml.XmlBeanDefinitionReader [XmlBeanDefinitionReader.java : 317] Loading XML bean definitions from file [D:\soft\job\java\javaIDE\eclipse_jee\bjhy_attachment_workspace\server-management-parent\server-management-sub-web\target\classes\META-INF\spring\module-server-management-sub-web.xml]
2017-06-29 09:12:58,339 INFO [main] o.s.b.f.xml.XmlBeanDefinitionReader [XmlBeanDefinitionReader.java : 317] Loading XML bean definitions from URL [jar:file:/D:/repository/org/apel/gaia-container-boot/1.0.1-SNAPSHOT/gaia-container-boot-1.0.1-SNAPSHOT.jar!/META-INF/spring/module-boot.xml]
2017-06-29 09:12:58,470 INFO [main] o.s.b.f.xml.XmlBeanDefinitionReader [XmlBeanDefinitionReader.java : 317] Loading XML bean definitions from URL [jar:file:/D:/repository/org/apel/gaia-container-boot/1.0.1-SNAPSHOT/gaia-container-boot-1.0.1-SNAPSHOT.jar!/META-INF/spring/module-mvc.xml]
2017-06-29 09:12:58,688 INFO [main] o.s.b.f.xml.XmlBeanDefinitionReader [XmlBeanDefinitionReader.java : 317] Loading XML bean definitions from file [D:\soft\job\java\javaIDE\eclipse_jee\bjhy_attachment_workspace\server-management-parent\server-management-sub-container\target\classes\META-INF\spring\module-server-management-sub-container.xml]
2017-06-29 09:12:58,799 INFO [main] o.s.b.f.xml.XmlBeanDefinitionReader [XmlBeanDefinitionReader.java : 317] Loading XML bean definitions from file [D:\soft\job\java\javaIDE\eclipse_jee\bjhy_attachment_workspace\server-management-parent\server-management-common\target\classes\META-INF\spring\module-server-management-common.xml]
2017-06-29 09:12:58,863 INFO [main] o.s.b.f.xml.XmlBeanDefinitionReader [XmlBeanDefinitionReader.java : 317] Loading XML bean definitions from file [D:\soft\job\java\javaIDE\eclipse_jee\bjhy_attachment_workspace\server-management-parent\server-management-base\target\classes\META-INF\spring\module-server-management-base.xml]
2017-06-29 09:12:58,913 INFO [main] o.s.b.f.xml.XmlBeanDefinitionReader [XmlBeanDefinitionReader.java : 317] Loading XML bean definitions from URL [jar:file:/D:/repository/org/apel/gaia-property-loader/1.0.1-SNAPSHOT/gaia-property-loader-1.0.1-SNAPSHOT.jar!/META-INF/spring/module-property-loader.xml]
2017-06-29 09:12:58,954 INFO [main] o.s.b.f.xml.XmlBeanDefinitionReader [XmlBeanDefinitionReader.java : 317] Loading XML bean definitions from URL [jar:file:/D:/repository/org/apel/gaia-js-lib/1.0.1-SNAPSHOT/gaia-js-lib-1.0.1-SNAPSHOT.jar!/META-INF/spring/module-js-lib.xml]
2017-06-29 09:13:00,538 WARN [main] o.s.c.a.ConfigurationClassEnhancer [ConfigurationClassEnhancer.java : 350] @Bean method CenterPropertyLoader.propertyPlaceholderConfigurer is non-static and returns an object assignable to Spring's BeanFactoryPostProcessor interface. This will result in a failure to process annotations such as @Autowired, @Resource and @PostConstruct within the method's declaring @Configuration class. Add the 'static' modifier to this method to avoid these container lifecycle issues; see @Bean javadoc for complete details.
2017-06-29 09:13:02,690 INFO [main] org.eclipse.jetty.util.log [Log.java : 192] Logging initialized @14598ms to org.eclipse.jetty.util.log.Slf4jLog
2017-06-29 09:13:04,352 INFO [main] o.s.b.c.e.j.JettyEmbeddedServletContainerFactory [JettyEmbeddedServletContainerFactory.java : 176] Server initialized with port: 5555
2017-06-29 09:13:04,367 INFO [main] org.eclipse.jetty.server.Server [Server.java : 372] jetty-9.4.2.v20170220
2017-06-29 09:13:05,094 INFO [main] org.eclipse.jetty.server.session [DefaultSessionIdManager.java : 360] DefaultSessionIdManager workerName=node0
2017-06-29 09:13:05,094 INFO [main] org.eclipse.jetty.server.session [DefaultSessionIdManager.java : 365] No SessionScavenger set, using defaults
2017-06-29 09:13:05,109 INFO [main] org.eclipse.jetty.server.session [HouseKeeper.java : 146] Scavenging every 660000ms
2017-06-29 09:13:05,141 INFO [main] o.e.jetty.ContextHandler.application [ContextHandler.java : 2207] Initializing Spring embedded WebApplicationContext
2017-06-29 09:13:05,141 INFO [main] o.s.web.context.ContextLoader [EmbeddedWebApplicationContext.java : 276] Root WebApplicationContext: initialization completed in 10273 ms
2017-06-29 09:13:05,621 INFO [main] o.s.b.w.s.ServletRegistrationBean [ServletRegistrationBean.java : 190] Mapping servlet: 'dispatcherServlet' to [/]
2017-06-29 09:13:05,621 INFO [main] o.s.b.w.s.FilterRegistrationBean [AbstractFilterRegistrationBean.java : 258] Mapping filter: 'characterEncodingFilter' to: [/*]
2017-06-29 09:13:05,621 INFO [main] o.s.b.w.s.FilterRegistrationBean [AbstractFilterRegistrationBean.java : 258] Mapping filter: 'hiddenHttpMethodFilter' to: [/*]
2017-06-29 09:13:05,636 INFO [main] o.s.b.w.s.FilterRegistrationBean [AbstractFilterRegistrationBean.java : 258] Mapping filter: 'httpPutFormContentFilter' to: [/*]
2017-06-29 09:13:05,636 INFO [main] o.s.b.w.s.FilterRegistrationBean [AbstractFilterRegistrationBean.java : 258] Mapping filter: 'requestContextFilter' to: [/*]
2017-06-29 09:13:07,303 INFO [main] o.e.j.server.handler.ContextHandler [ContextHandler.java : 802] Started o.s.b.c.e.j.JettyEmbeddedWebAppContext@15ef498{/sub-container,[file:///C:/Users/Administrator/AppData/Local/Temp/jetty-docbase.1387813622604887202.5555/],AVAILABLE}
2017-06-29 09:13:07,305 INFO [main] org.eclipse.jetty.server.Server [Server.java : 444] Started @19215ms
2017-06-29 09:13:08,327 INFO [main] o.s.u.f.SpringTemplateLoader [SpringTemplateLoader.java : 61] SpringTemplateLoader for FreeMarker: using resource loader [org.springframework.boot.context.embedded.AnnotationConfigEmbeddedWebApplicationContext@11d1f8b: startup date [Thu Jun 29 09:12:54 CST 2017]; root of context hierarchy] and template loader path [jar:file:/D:/repository/org/apel/gaia-container-boot/1.0.1-SNAPSHOT/gaia-container-boot-1.0.1-SNAPSHOT.jar!/platform/templates/]
2017-06-29 09:13:08,329 INFO [main] o.s.u.f.SpringTemplateLoader [SpringTemplateLoader.java : 61] SpringTemplateLoader for FreeMarker: using resource loader [org.springframework.boot.context.embedded.AnnotationConfigEmbeddedWebApplicationContext@11d1f8b: startup date [Thu Jun 29 09:12:54 CST 2017]; root of context hierarchy] and template loader path [classpath:/templates/]
2017-06-29 09:13:08,333 INFO [main] o.s.w.s.v.f.FreeMarkerConfigurer [FreeMarkerConfigurer.java : 127] ClassTemplateLoader for Spring macros added to FreeMarker configuration
2017-06-29 09:13:09,945 INFO [main] o.s.w.s.m.m.a.RequestMappingHandlerAdapter [RequestMappingHandlerAdapter.java : 534] Looking for @ControllerAdvice: org.springframework.boot.context.embedded.AnnotationConfigEmbeddedWebApplicationContext@11d1f8b: startup date [Thu Jun 29 09:12:54 CST 2017]; root of context hierarchy
2017-06-29 09:13:10,342 INFO [main] o.s.w.s.m.m.a.RequestMappingHandlerMapping [AbstractHandlerMethodMapping.java : 543] Mapped "{[/restSub/delete],methods=[GET]}" onto public org.apel.server.management.base.domain.TransferAgent org.apel.server.management.sub.web.RestSubController.delete(java.lang.String,java.lang.String,java.lang.String)
2017-06-29 09:13:10,346 INFO [main] o.s.w.s.m.m.a.RequestMappingHandlerMapping [AbstractHandlerMethodMapping.java : 543] Mapped "{[/restSub/suspend],methods=[GET]}" onto public org.apel.server.management.base.domain.TransferAgent org.apel.server.management.sub.web.RestSubController.suspend(java.lang.String,java.lang.String)
2017-06-29 09:13:10,347 INFO [main] o.s.w.s.m.m.a.RequestMappingHandlerMapping [AbstractHandlerMethodMapping.java : 543] Mapped "{[/restSub/accessCheck],methods=[GET]}" onto public org.apel.server.management.base.domain.TransferAgent org.apel.server.management.sub.web.RestSubController.accessCheck()
2017-06-29 09:13:10,348 INFO [main] o.s.w.s.m.m.a.RequestMappingHandlerMapping [AbstractHandlerMethodMapping.java : 543] Mapped "{[/restSub/upgrade],methods=[POST]}" onto public org.apel.server.management.base.domain.TransferAgent org.apel.server.management.sub.web.RestSubController.upgrade(java.lang.String,java.lang.String,org.springframework.web.multipart.MultipartFile)
2017-06-29 09:13:10,349 INFO [main] o.s.w.s.m.m.a.RequestMappingHandlerMapping [AbstractHandlerMethodMapping.java : 543] Mapped "{[/restSub/startup],methods=[GET]}" onto public org.apel.server.management.base.domain.TransferAgent org.apel.server.management.sub.web.RestSubController.startup(java.lang.String,java.lang.String)
2017-06-29 09:13:10,350 INFO [main] o.s.w.s.m.m.a.RequestMappingHandlerMapping [AbstractHandlerMethodMapping.java : 543] Mapped "{[/restSub/getDeployDirectory],methods=[GET]}" onto public org.apel.server.management.base.domain.TransferAgent org.apel.server.management.sub.web.RestSubController.getDeployDirectory()
2017-06-29 09:13:10,351 INFO [main] o.s.w.s.m.m.a.RequestMappingHandlerMapping [AbstractHandlerMethodMapping.java : 543] Mapped "{[/restSub/deployApplication],methods=[POST]}" onto public org.apel.server.management.base.domain.TransferAgent org.apel.server.management.sub.web.RestSubController.deployApplication(java.lang.String,java.lang.String,org.springframework.web.multipart.MultipartFile)
2017-06-29 09:13:10,353 INFO [main] o.s.w.s.m.m.a.RequestMappingHandlerMapping [AbstractHandlerMethodMapping.java : 543] Mapped "{[/file_progress]}" onto public java.lang.Integer org.apel.gaia.container.boot.controller.CommonController.netCheck(javax.servlet.http.HttpSession)
2017-06-29 09:13:10,353 INFO [main] o.s.w.s.m.m.a.RequestMappingHandlerMapping [AbstractHandlerMethodMapping.java : 543] Mapped "{[/net_check]}" onto public java.lang.String org.apel.gaia.container.boot.controller.CommonController.netCheck(java.lang.String)
2017-06-29 09:13:10,353 INFO [main] o.s.w.s.m.m.a.RequestMappingHandlerMapping [AbstractHandlerMethodMapping.java : 543] Mapped "{[/net_detect]}" onto public java.lang.String org.apel.gaia.container.boot.controller.CommonController.netDedect()
2017-06-29 09:13:10,353 INFO [main] o.s.w.s.m.m.a.RequestMappingHandlerMapping [AbstractHandlerMethodMapping.java : 543] Mapped "{[/400]}" onto public java.lang.String org.apel.gaia.container.boot.controller.ContainerErrorController._400() throws java.lang.Exception
2017-06-29 09:13:10,353 INFO [main] o.s.w.s.m.m.a.RequestMappingHandlerMapping [AbstractHandlerMethodMapping.java : 543] Mapped "{[/403]}" onto public java.lang.String org.apel.gaia.container.boot.controller.ContainerErrorController._403() throws java.lang.Exception
2017-06-29 09:13:10,353 INFO [main] o.s.w.s.m.m.a.RequestMappingHandlerMapping [AbstractHandlerMethodMapping.java : 543] Mapped "{[/404]}" onto public java.lang.String org.apel.gaia.container.boot.controller.ContainerErrorController._404() throws java.lang.Exception
2017-06-29 09:13:10,353 INFO [main] o.s.w.s.m.m.a.RequestMappingHandlerMapping [AbstractHandlerMethodMapping.java : 543] Mapped "{[/405]}" onto public java.lang.String org.apel.gaia.container.boot.controller.ContainerErrorController._405() throws java.lang.Exception
2017-06-29 09:13:10,353 INFO [main] o.s.w.s.m.m.a.RequestMappingHandlerMapping [AbstractHandlerMethodMapping.java : 543] Mapped "{[/500]}" onto public java.lang.String org.apel.gaia.container.boot.controller.ContainerErrorController._500() throws java.lang.Exception
2017-06-29 09:13:10,369 INFO [main] o.s.w.s.m.m.a.RequestMappingHandlerMapping [AbstractHandlerMethodMapping.java : 543] Mapped "{[/error]}" onto public java.lang.String org.apel.gaia.container.boot.controller.SpringErrorController.error()
2017-06-29 09:13:10,531 INFO [main] o.s.w.s.h.SimpleUrlHandlerMapping [AbstractUrlHandlerMapping.java : 362] Mapped URL path [/webjars/**] onto handler of type [class org.springframework.web.servlet.resource.ResourceHttpRequestHandler]
2017-06-29 09:13:10,531 INFO [main] o.s.w.s.h.SimpleUrlHandlerMapping [AbstractUrlHandlerMapping.java : 362] Mapped URL path [/**] onto handler of type [class org.springframework.web.servlet.resource.ResourceHttpRequestHandler]
2017-06-29 09:13:10,734 INFO [main] o.s.w.s.h.SimpleUrlHandlerMapping [AbstractUrlHandlerMapping.java : 362] Mapped URL path [/**/favicon.ico] onto handler of type [class org.springframework.web.servlet.resource.ResourceHttpRequestHandler]
2017-06-29 09:13:12,216 INFO [main] o.s.j.e.a.AnnotationMBeanExporter [MBeanExporter.java : 431] Registering beans for JMX exposure on startup
2017-06-29 09:13:12,281 INFO [main] o.e.jetty.ContextHandler.application [ContextHandler.java : 2207] Initializing Spring FrameworkServlet 'dispatcherServlet'
2017-06-29 09:13:12,281 INFO [main] o.s.web.servlet.DispatcherServlet [FrameworkServlet.java : 489] FrameworkServlet 'dispatcherServlet': initialization started
2017-06-29 09:13:12,344 INFO [main] o.s.web.servlet.DispatcherServlet [FrameworkServlet.java : 508] FrameworkServlet 'dispatcherServlet': initialization completed in 63 ms
2017-06-29 09:13:12,454 INFO [main] o.e.jetty.server.AbstractConnector [AbstractConnector.java : 280] Started ServerConnector@14732dc{HTTP/1.1,[http/1.1]}{0.0.0.0:5555}
2017-06-29 09:13:12,454 INFO [main] o.s.b.c.e.j.JettyEmbeddedServletContainer [JettyEmbeddedServletContainer.java : 144] Jetty started on port(s) 5555 (http/1.1)
2017-06-29 09:13:12,469 INFO [main] o.a.s.m.sub.web.test.StartSubMain [StartupInfoLogger.java : 57] Started StartSubMain in 20.966 seconds (JVM running for 24.388)
2017-06-29 09:55:57,548 INFO [main] o.a.s.m.sub.web.test.StartSubMain [StartupInfoLogger.java : 48] Starting StartSubMain on wulin with PID 7112 (D:\soft\job\java\javaIDE\eclipse_jee\bjhy_attachment_workspace\server-management-parent\server-management-sub-web\target\test-classes started by Administrator in D:\soft\job\java\javaIDE\eclipse_jee\bjhy_attachment_workspace\server-management-parent\server-management-sub-web)
2017-06-29 09:55:57,580 INFO [main] o.a.s.m.sub.web.test.StartSubMain [SpringApplication.java : 637] No active profile set, falling back to default profiles: default
2017-06-29 09:55:57,720 INFO [main] o.s.b.c.e.AnnotationConfigEmbeddedWebApplicationContext [AbstractApplicationContext.java : 582] Refreshing org.springframework.boot.context.embedded.AnnotationConfigEmbeddedWebApplicationContext@1659b30: startup date [Thu Jun 29 09:55:57 CST 2017]; root of context hierarchy
2017-06-29 09:55:58,204 INFO [background-preinit] o.h.validator.internal.util.Version [Version.java : 30] HV000001: Hibernate Validator 5.3.4.Final
2017-06-29 09:55:59,206 INFO [main] o.s.b.f.xml.XmlBeanDefinitionReader [XmlBeanDefinitionReader.java : 317] Loading XML bean definitions from file [D:\soft\job\java\javaIDE\eclipse_jee\bjhy_attachment_workspace\server-management-parent\server-management-sub-web\target\classes\META-INF\spring\module-server-management-sub-web.xml]
2017-06-29 09:55:59,661 INFO [main] o.s.b.f.xml.XmlBeanDefinitionReader [XmlBeanDefinitionReader.java : 317] Loading XML bean definitions from URL [jar:file:/D:/repository/org/apel/gaia-container-boot/1.0.1-SNAPSHOT/gaia-container-boot-1.0.1-SNAPSHOT.jar!/META-INF/spring/module-boot.xml]
2017-06-29 09:55:59,788 INFO [main] o.s.b.f.xml.XmlBeanDefinitionReader [XmlBeanDefinitionReader.java : 317] Loading XML bean definitions from URL [jar:file:/D:/repository/org/apel/gaia-container-boot/1.0.1-SNAPSHOT/gaia-container-boot-1.0.1-SNAPSHOT.jar!/META-INF/spring/module-mvc.xml]
2017-06-29 09:55:59,897 INFO [main] o.s.b.f.xml.XmlBeanDefinitionReader [XmlBeanDefinitionReader.java : 317] Loading XML bean definitions from file [D:\soft\job\java\javaIDE\eclipse_jee\bjhy_attachment_workspace\server-management-parent\server-management-sub-container\target\classes\META-INF\spring\module-server-management-sub-container.xml]
2017-06-29 09:56:00,194 INFO [main] o.s.b.f.xml.XmlBeanDefinitionReader [XmlBeanDefinitionReader.java : 317] Loading XML bean definitions from file [D:\soft\job\java\javaIDE\eclipse_jee\bjhy_attachment_workspace\server-management-parent\server-management-common\target\classes\META-INF\spring\module-server-management-common.xml]
2017-06-29 09:56:00,244 INFO [main] o.s.b.f.xml.XmlBeanDefinitionReader [XmlBeanDefinitionReader.java : 317] Loading XML bean definitions from file [D:\soft\job\java\javaIDE\eclipse_jee\bjhy_attachment_workspace\server-management-parent\server-management-base\target\classes\META-INF\spring\module-server-management-base.xml]
2017-06-29 09:56:00,290 INFO [main] o.s.b.f.xml.XmlBeanDefinitionReader [XmlBeanDefinitionReader.java : 317] Loading XML bean definitions from URL [jar:file:/D:/repository/org/apel/gaia-property-loader/1.0.1-SNAPSHOT/gaia-property-loader-1.0.1-SNAPSHOT.jar!/META-INF/spring/module-property-loader.xml]
2017-06-29 09:56:00,337 INFO [main] o.s.b.f.xml.XmlBeanDefinitionReader [XmlBeanDefinitionReader.java : 317] Loading XML bean definitions from URL [jar:file:/D:/repository/org/apel/gaia-js-lib/1.0.1-SNAPSHOT/gaia-js-lib-1.0.1-SNAPSHOT.jar!/META-INF/spring/module-js-lib.xml]
2017-06-29 09:56:01,493 WARN [main] o.s.c.a.ConfigurationClassEnhancer [ConfigurationClassEnhancer.java : 350] @Bean method CenterPropertyLoader.propertyPlaceholderConfigurer is non-static and returns an object assignable to Spring's BeanFactoryPostProcessor interface. This will result in a failure to process annotations such as @Autowired, @Resource and @PostConstruct within the method's declaring @Configuration class. Add the 'static' modifier to this method to avoid these container lifecycle issues; see @Bean javadoc for complete details.
2017-06-29 09:56:02,930 INFO [main] org.eclipse.jetty.util.log [Log.java : 192] Logging initialized @8511ms to org.eclipse.jetty.util.log.Slf4jLog
2017-06-29 09:56:04,386 INFO [main] o.s.b.c.e.j.JettyEmbeddedServletContainerFactory [JettyEmbeddedServletContainerFactory.java : 176] Server initialized with port: 5555
2017-06-29 09:56:04,386 INFO [main] org.eclipse.jetty.server.Server [Server.java : 372] jetty-9.4.2.v20170220
2017-06-29 09:56:04,876 INFO [main] org.eclipse.jetty.server.session [DefaultSessionIdManager.java : 360] DefaultSessionIdManager workerName=node0
2017-06-29 09:56:04,876 INFO [main] org.eclipse.jetty.server.session [DefaultSessionIdManager.java : 365] No SessionScavenger set, using defaults
2017-06-29 09:56:04,892 INFO [main] org.eclipse.jetty.server.session [HouseKeeper.java : 146] Scavenging every 660000ms
2017-06-29 09:56:04,907 INFO [main] o.e.jetty.ContextHandler.application [ContextHandler.java : 2207] Initializing Spring embedded WebApplicationContext
2017-06-29 09:56:04,907 INFO [main] o.s.web.context.ContextLoader [EmbeddedWebApplicationContext.java : 276] Root WebApplicationContext: initialization completed in 7187 ms
2017-06-29 09:56:05,345 INFO [main] o.s.b.w.s.ServletRegistrationBean [ServletRegistrationBean.java : 190] Mapping servlet: 'dispatcherServlet' to [/]
2017-06-29 09:56:05,361 INFO [main] o.s.b.w.s.FilterRegistrationBean [AbstractFilterRegistrationBean.java : 258] Mapping filter: 'characterEncodingFilter' to: [/*]
2017-06-29 09:56:05,361 INFO [main] o.s.b.w.s.FilterRegistrationBean [AbstractFilterRegistrationBean.java : 258] Mapping filter: 'hiddenHttpMethodFilter' to: [/*]
2017-06-29 09:56:05,361 INFO [main] o.s.b.w.s.FilterRegistrationBean [AbstractFilterRegistrationBean.java : 258] Mapping filter: 'httpPutFormContentFilter' to: [/*]
2017-06-29 09:56:05,361 INFO [main] o.s.b.w.s.FilterRegistrationBean [AbstractFilterRegistrationBean.java : 258] Mapping filter: 'requestContextFilter' to: [/*]
2017-06-29 09:56:07,297 INFO [main] o.e.j.server.handler.ContextHandler [ContextHandler.java : 802] Started o.s.b.c.e.j.JettyEmbeddedWebAppContext@e17a99{/sub-container,[file:///C:/Users/Administrator/AppData/Local/Temp/jetty-docbase.4999550423438285717.5555/],AVAILABLE}
2017-06-29 09:56:07,297 INFO [main] org.eclipse.jetty.server.Server [Server.java : 444] Started @12884ms
2017-06-29 09:56:08,287 INFO [main] o.s.u.f.SpringTemplateLoader [SpringTemplateLoader.java : 61] SpringTemplateLoader for FreeMarker: using resource loader [org.springframework.boot.context.embedded.AnnotationConfigEmbeddedWebApplicationContext@1659b30: startup date [Thu Jun 29 09:55:57 CST 2017]; root of context hierarchy] and template loader path [jar:file:/D:/repository/org/apel/gaia-container-boot/1.0.1-SNAPSHOT/gaia-container-boot-1.0.1-SNAPSHOT.jar!/platform/templates/]
2017-06-29 09:56:08,287 INFO [main] o.s.u.f.SpringTemplateLoader [SpringTemplateLoader.java : 61] SpringTemplateLoader for FreeMarker: using resource loader [org.springframework.boot.context.embedded.AnnotationConfigEmbeddedWebApplicationContext@1659b30: startup date [Thu Jun 29 09:55:57 CST 2017]; root of context hierarchy] and template loader path [classpath:/templates/]
2017-06-29 09:56:08,287 INFO [main] o.s.w.s.v.f.FreeMarkerConfigurer [FreeMarkerConfigurer.java : 127] ClassTemplateLoader for Spring macros added to FreeMarker configuration
2017-06-29 09:56:09,545 INFO [main] o.s.w.s.m.m.a.RequestMappingHandlerAdapter [RequestMappingHandlerAdapter.java : 534] Looking for @ControllerAdvice: org.springframework.boot.context.embedded.AnnotationConfigEmbeddedWebApplicationContext@1659b30: startup date [Thu Jun 29 09:55:57 CST 2017]; root of context hierarchy
2017-06-29 09:56:09,812 INFO [main] o.s.w.s.m.m.a.RequestMappingHandlerMapping [AbstractHandlerMethodMapping.java : 543] Mapped "{[/restSub/delete],methods=[GET]}" onto public org.apel.server.management.base.domain.TransferAgent org.apel.server.management.sub.web.RestSubController.delete(java.lang.String,java.lang.String,java.lang.String)
2017-06-29 09:56:09,812 INFO [main] o.s.w.s.m.m.a.RequestMappingHandlerMapping [AbstractHandlerMethodMapping.java : 543] Mapped "{[/restSub/suspend],methods=[GET]}" onto public org.apel.server.management.base.domain.TransferAgent org.apel.server.management.sub.web.RestSubController.suspend(java.lang.String,java.lang.String)
2017-06-29 09:56:09,812 INFO [main] o.s.w.s.m.m.a.RequestMappingHandlerMapping [AbstractHandlerMethodMapping.java : 543] Mapped "{[/restSub/accessCheck],methods=[GET]}" onto public org.apel.server.management.base.domain.TransferAgent org.apel.server.management.sub.web.RestSubController.accessCheck()
2017-06-29 09:56:09,812 INFO [main] o.s.w.s.m.m.a.RequestMappingHandlerMapping [AbstractHandlerMethodMapping.java : 543] Mapped "{[/restSub/getDeployDirectory],methods=[GET]}" onto public org.apel.server.management.base.domain.TransferAgent org.apel.server.management.sub.web.RestSubController.getDeployDirectory()
2017-06-29 09:56:09,812 INFO [main] o.s.w.s.m.m.a.RequestMappingHandlerMapping [AbstractHandlerMethodMapping.java : 543] Mapped "{[/restSub/deployApplication],methods=[POST]}" onto public org.apel.server.management.base.domain.TransferAgent org.apel.server.management.sub.web.RestSubController.deployApplication(java.lang.String,java.lang.String,org.springframework.web.multipart.MultipartFile)
2017-06-29 09:56:09,812 INFO [main] o.s.w.s.m.m.a.RequestMappingHandlerMapping [AbstractHandlerMethodMapping.java : 543] Mapped "{[/restSub/upgrade],methods=[POST]}" onto public org.apel.server.management.base.domain.TransferAgent org.apel.server.management.sub.web.RestSubController.upgrade(java.lang.String,java.lang.String,org.springframework.web.multipart.MultipartFile)
2017-06-29 09:56:09,812 INFO [main] o.s.w.s.m.m.a.RequestMappingHandlerMapping [AbstractHandlerMethodMapping.java : 543] Mapped "{[/restSub/startup],methods=[GET]}" onto public org.apel.server.management.base.domain.TransferAgent org.apel.server.management.sub.web.RestSubController.startup(java.lang.String,java.lang.String)
2017-06-29 09:56:09,828 INFO [main] o.s.w.s.m.m.a.RequestMappingHandlerMapping [AbstractHandlerMethodMapping.java : 543] Mapped "{[/file_progress]}" onto public java.lang.Integer org.apel.gaia.container.boot.controller.CommonController.netCheck(javax.servlet.http.HttpSession)
2017-06-29 09:56:09,828 INFO [main] o.s.w.s.m.m.a.RequestMappingHandlerMapping [AbstractHandlerMethodMapping.java : 543] Mapped "{[/net_check]}" onto public java.lang.String org.apel.gaia.container.boot.controller.CommonController.netCheck(java.lang.String)
2017-06-29 09:56:09,828 INFO [main] o.s.w.s.m.m.a.RequestMappingHandlerMapping [AbstractHandlerMethodMapping.java : 543] Mapped "{[/net_detect]}" onto public java.lang.String org.apel.gaia.container.boot.controller.CommonController.netDedect()
2017-06-29 09:56:09,828 INFO [main] o.s.w.s.m.m.a.RequestMappingHandlerMapping [AbstractHandlerMethodMapping.java : 543] Mapped "{[/400]}" onto public java.lang.String org.apel.gaia.container.boot.controller.ContainerErrorController._400() throws java.lang.Exception
2017-06-29 09:56:09,828 INFO [main] o.s.w.s.m.m.a.RequestMappingHandlerMapping [AbstractHandlerMethodMapping.java : 543] Mapped "{[/403]}" onto public java.lang.String org.apel.gaia.container.boot.controller.ContainerErrorController._403() throws java.lang.Exception
2017-06-29 09:56:09,828 INFO [main] o.s.w.s.m.m.a.RequestMappingHandlerMapping [AbstractHandlerMethodMapping.java : 543] Mapped "{[/404]}" onto public java.lang.String org.apel.gaia.container.boot.controller.ContainerErrorController._404() throws java.lang.Exception
2017-06-29 09:56:09,828 INFO [main] o.s.w.s.m.m.a.RequestMappingHandlerMapping [AbstractHandlerMethodMapping.java : 543] Mapped "{[/405]}" onto public java.lang.String org.apel.gaia.container.boot.controller.ContainerErrorController._405() throws java.lang.Exception
2017-06-29 09:56:09,828 INFO [main] o.s.w.s.m.m.a.RequestMappingHandlerMapping [AbstractHandlerMethodMapping.java : 543] Mapped "{[/500]}" onto public java.lang.String org.apel.gaia.container.boot.controller.ContainerErrorController._500() throws java.lang.Exception
2017-06-29 09:56:09,828 INFO [main] o.s.w.s.m.m.a.RequestMappingHandlerMapping [AbstractHandlerMethodMapping.java : 543] Mapped "{[/error]}" onto public java.lang.String org.apel.gaia.container.boot.controller.SpringErrorController.error()
2017-06-29 09:56:09,986 INFO [main] o.s.w.s.h.SimpleUrlHandlerMapping [AbstractUrlHandlerMapping.java : 362] Mapped URL path [/webjars/**] onto handler of type [class org.springframework.web.servlet.resource.ResourceHttpRequestHandler]
2017-06-29 09:56:09,986 INFO [main] o.s.w.s.h.SimpleUrlHandlerMapping [AbstractUrlHandlerMapping.java : 362] Mapped URL path [/**] onto handler of type [class org.springframework.web.servlet.resource.ResourceHttpRequestHandler]
2017-06-29 09:56:10,157 INFO [main] o.s.w.s.h.SimpleUrlHandlerMapping [AbstractUrlHandlerMapping.java : 362] Mapped URL path [/**/favicon.ico] onto handler of type [class org.springframework.web.servlet.resource.ResourceHttpRequestHandler]
2017-06-29 09:56:11,297 INFO [main] o.s.j.e.a.AnnotationMBeanExporter [MBeanExporter.java : 431] Registering beans for JMX exposure on startup
2017-06-29 09:56:11,345 INFO [main] o.e.jetty.ContextHandler.application [ContextHandler.java : 2207] Initializing Spring FrameworkServlet 'dispatcherServlet'
2017-06-29 09:56:11,345 INFO [main] o.s.web.servlet.DispatcherServlet [FrameworkServlet.java : 489] FrameworkServlet 'dispatcherServlet': initialization started
2017-06-29 09:56:11,376 INFO [main] o.s.web.servlet.DispatcherServlet [FrameworkServlet.java : 508] FrameworkServlet 'dispatcherServlet': initialization completed in 31 ms
2017-06-29 09:56:11,407 INFO [main] o.e.jetty.server.AbstractConnector [AbstractConnector.java : 280] Started ServerConnector@3a7801{HTTP/1.1,[http/1.1]}{0.0.0.0:5555}
2017-06-29 09:56:11,423 INFO [main] o.s.b.c.e.j.JettyEmbeddedServletContainer [JettyEmbeddedServletContainer.java : 144] Jetty started on port(s) 5555 (http/1.1)
2017-06-29 09:56:11,423 INFO [main] o.a.s.m.sub.web.test.StartSubMain [StartupInfoLogger.java : 57] Started StartSubMain in 14.953 seconds (JVM running for 17.016)
2017-06-29 09:59:29,978 INFO [main] o.a.s.m.sub.web.test.StartSubMain [StartupInfoLogger.java : 48] Starting StartSubMain on wulin with PID 5452 (D:\soft\job\java\javaIDE\eclipse_jee\bjhy_attachment_workspace\server-management-parent\server-management-sub-web\target\test-classes started by Administrator in D:\soft\job\java\javaIDE\eclipse_jee\bjhy_attachment_workspace\server-management-parent\server-management-sub-web)
2017-06-29 09:59:30,009 INFO [main] o.a.s.m.sub.web.test.StartSubMain [SpringApplication.java : 637] No active profile set, falling back to default profiles: default
2017-06-29 09:59:30,149 INFO [main] o.s.b.c.e.AnnotationConfigEmbeddedWebApplicationContext [AbstractApplicationContext.java : 582] Refreshing org.springframework.boot.context.embedded.AnnotationConfigEmbeddedWebApplicationContext@1659b30: startup date [Thu Jun 29 09:59:30 CST 2017]; root of context hierarchy
2017-06-29 09:59:30,524 INFO [background-preinit] o.h.validator.internal.util.Version [Version.java : 30] HV000001: Hibernate Validator 5.3.4.Final
2017-06-29 09:59:31,525 INFO [main] o.s.b.f.xml.XmlBeanDefinitionReader [XmlBeanDefinitionReader.java : 317] Loading XML bean definitions from file [D:\soft\job\java\javaIDE\eclipse_jee\bjhy_attachment_workspace\server-management-parent\server-management-sub-web\target\classes\META-INF\spring\module-server-management-sub-web.xml]
2017-06-29 09:59:31,900 INFO [main] o.s.b.f.xml.XmlBeanDefinitionReader [XmlBeanDefinitionReader.java : 317] Loading XML bean definitions from URL [jar:file:/D:/repository/org/apel/gaia-container-boot/1.0.1-SNAPSHOT/gaia-container-boot-1.0.1-SNAPSHOT.jar!/META-INF/spring/module-boot.xml]
2017-06-29 09:59:32,010 INFO [main] o.s.b.f.xml.XmlBeanDefinitionReader [XmlBeanDefinitionReader.java : 317] Loading XML bean definitions from URL [jar:file:/D:/repository/org/apel/gaia-container-boot/1.0.1-SNAPSHOT/gaia-container-boot-1.0.1-SNAPSHOT.jar!/META-INF/spring/module-mvc.xml]
2017-06-29 09:59:32,134 INFO [main] o.s.b.f.xml.XmlBeanDefinitionReader [XmlBeanDefinitionReader.java : 317] Loading XML bean definitions from file [D:\soft\job\java\javaIDE\eclipse_jee\bjhy_attachment_workspace\server-management-parent\server-management-sub-container\target\classes\META-INF\spring\module-server-management-sub-container.xml]
2017-06-29 09:59:32,212 INFO [main] o.s.b.f.xml.XmlBeanDefinitionReader [XmlBeanDefinitionReader.java : 317] Loading XML bean definitions from file [D:\soft\job\java\javaIDE\eclipse_jee\bjhy_attachment_workspace\server-management-parent\server-management-common\target\classes\META-INF\spring\module-server-management-common.xml]
2017-06-29 09:59:32,259 INFO [main] o.s.b.f.xml.XmlBeanDefinitionReader [XmlBeanDefinitionReader.java : 317] Loading XML bean definitions from file [D:\soft\job\java\javaIDE\eclipse_jee\bjhy_attachment_workspace\server-management-parent\server-management-base\target\classes\META-INF\spring\module-server-management-base.xml]
2017-06-29 09:59:32,306 INFO [main] o.s.b.f.xml.XmlBeanDefinitionReader [XmlBeanDefinitionReader.java : 317] Loading XML bean definitions from URL [jar:file:/D:/repository/org/apel/gaia-property-loader/1.0.1-SNAPSHOT/gaia-property-loader-1.0.1-SNAPSHOT.jar!/META-INF/spring/module-property-loader.xml]
2017-06-29 09:59:32,353 INFO [main] o.s.b.f.xml.XmlBeanDefinitionReader [XmlBeanDefinitionReader.java : 317] Loading XML bean definitions from URL [jar:file:/D:/repository/org/apel/gaia-js-lib/1.0.1-SNAPSHOT/gaia-js-lib-1.0.1-SNAPSHOT.jar!/META-INF/spring/module-js-lib.xml]
2017-06-29 09:59:33,559 WARN [main] o.s.c.a.ConfigurationClassEnhancer [ConfigurationClassEnhancer.java : 350] @Bean method CenterPropertyLoader.propertyPlaceholderConfigurer is non-static and returns an object assignable to Spring's BeanFactoryPostProcessor interface. This will result in a failure to process annotations such as @Autowired, @Resource and @PostConstruct within the method's declaring @Configuration class. Add the 'static' modifier to this method to avoid these container lifecycle issues; see @Bean javadoc for complete details.
2017-06-29 09:59:34,920 INFO [main] org.eclipse.jetty.util.log [Log.java : 192] Logging initialized @7903ms to org.eclipse.jetty.util.log.Slf4jLog
2017-06-29 09:59:36,374 INFO [main] o.s.b.c.e.j.JettyEmbeddedServletContainerFactory [JettyEmbeddedServletContainerFactory.java : 176] Server initialized with port: 5555
2017-06-29 09:59:36,374 INFO [main] org.eclipse.jetty.server.Server [Server.java : 372] jetty-9.4.2.v20170220
2017-06-29 09:59:36,862 INFO [main] org.eclipse.jetty.server.session [DefaultSessionIdManager.java : 360] DefaultSessionIdManager workerName=node0
2017-06-29 09:59:36,862 INFO [main] org.eclipse.jetty.server.session [DefaultSessionIdManager.java : 365] No SessionScavenger set, using defaults
2017-06-29 09:59:36,878 INFO [main] org.eclipse.jetty.server.session [HouseKeeper.java : 146] Scavenging every 660000ms
2017-06-29 09:59:36,893 INFO [main] o.e.jetty.ContextHandler.application [ContextHandler.java : 2207] Initializing Spring embedded WebApplicationContext
2017-06-29 09:59:36,893 INFO [main] o.s.web.context.ContextLoader [EmbeddedWebApplicationContext.java : 276] Root WebApplicationContext: initialization completed in 6744 ms
2017-06-29 09:59:37,470 INFO [main] o.s.b.w.s.ServletRegistrationBean [ServletRegistrationBean.java : 190] Mapping servlet: 'dispatcherServlet' to [/]
2017-06-29 09:59:37,486 INFO [main] o.s.b.w.s.FilterRegistrationBean [AbstractFilterRegistrationBean.java : 258] Mapping filter: 'characterEncodingFilter' to: [/*]
2017-06-29 09:59:37,486 INFO [main] o.s.b.w.s.FilterRegistrationBean [AbstractFilterRegistrationBean.java : 258] Mapping filter: 'hiddenHttpMethodFilter' to: [/*]
2017-06-29 09:59:37,486 INFO [main] o.s.b.w.s.FilterRegistrationBean [AbstractFilterRegistrationBean.java : 258] Mapping filter: 'httpPutFormContentFilter' to: [/*]
2017-06-29 09:59:37,486 INFO [main] o.s.b.w.s.FilterRegistrationBean [AbstractFilterRegistrationBean.java : 258] Mapping filter: 'requestContextFilter' to: [/*]
2017-06-29 09:59:39,716 INFO [main] o.e.j.server.handler.ContextHandler [ContextHandler.java : 802] Started o.s.b.c.e.j.JettyEmbeddedWebAppContext@b612c6{/sub-container,[file:///C:/Users/Administrator/AppData/Local/Temp/jetty-docbase.3865338952594941816.5555/],AVAILABLE}
2017-06-29 09:59:39,716 INFO [main] org.eclipse.jetty.server.Server [Server.java : 444] Started @12696ms
2017-06-29 09:59:40,701 INFO [main] o.s.u.f.SpringTemplateLoader [SpringTemplateLoader.java : 61] SpringTemplateLoader for FreeMarker: using resource loader [org.springframework.boot.context.embedded.AnnotationConfigEmbeddedWebApplicationContext@1659b30: startup date [Thu Jun 29 09:59:30 CST 2017]; root of context hierarchy] and template loader path [jar:file:/D:/repository/org/apel/gaia-container-boot/1.0.1-SNAPSHOT/gaia-container-boot-1.0.1-SNAPSHOT.jar!/platform/templates/]
2017-06-29 09:59:40,716 INFO [main] o.s.u.f.SpringTemplateLoader [SpringTemplateLoader.java : 61] SpringTemplateLoader for FreeMarker: using resource loader [org.springframework.boot.context.embedded.AnnotationConfigEmbeddedWebApplicationContext@1659b30: startup date [Thu Jun 29 09:59:30 CST 2017]; root of context hierarchy] and template loader path [classpath:/templates/]
2017-06-29 09:59:40,716 INFO [main] o.s.w.s.v.f.FreeMarkerConfigurer [FreeMarkerConfigurer.java : 127] ClassTemplateLoader for Spring macros added to FreeMarker configuration
2017-06-29 09:59:42,259 INFO [main] o.s.w.s.m.m.a.RequestMappingHandlerAdapter [RequestMappingHandlerAdapter.java : 534] Looking for @ControllerAdvice: org.springframework.boot.context.embedded.AnnotationConfigEmbeddedWebApplicationContext@1659b30: startup date [Thu Jun 29 09:59:30 CST 2017]; root of context hierarchy
2017-06-29 09:59:42,556 INFO [main] o.s.w.s.m.m.a.RequestMappingHandlerMapping [AbstractHandlerMethodMapping.java : 543] Mapped "{[/restSub/delete],methods=[GET]}" onto public org.apel.server.management.base.domain.TransferAgent org.apel.server.management.sub.web.RestSubController.delete(java.lang.String,java.lang.String,java.lang.String)
2017-06-29 09:59:42,556 INFO [main] o.s.w.s.m.m.a.RequestMappingHandlerMapping [AbstractHandlerMethodMapping.java : 543] Mapped "{[/restSub/suspend],methods=[GET]}" onto public org.apel.server.management.base.domain.TransferAgent org.apel.server.management.sub.web.RestSubController.suspend(java.lang.String,java.lang.String)
2017-06-29 09:59:42,556 INFO [main] o.s.w.s.m.m.a.RequestMappingHandlerMapping [AbstractHandlerMethodMapping.java : 543] Mapped "{[/restSub/accessCheck],methods=[GET]}" onto public org.apel.server.management.base.domain.TransferAgent org.apel.server.management.sub.web.RestSubController.accessCheck()
2017-06-29 09:59:42,572 INFO [main] o.s.w.s.m.m.a.RequestMappingHandlerMapping [AbstractHandlerMethodMapping.java : 543] Mapped "{[/restSub/getDeployDirectory],methods=[GET]}" onto public org.apel.server.management.base.domain.TransferAgent org.apel.server.management.sub.web.RestSubController.getDeployDirectory()
2017-06-29 09:59:42,572 INFO [main] o.s.w.s.m.m.a.RequestMappingHandlerMapping [AbstractHandlerMethodMapping.java : 543] Mapped "{[/restSub/deployApplication],methods=[POST]}" onto public org.apel.server.management.base.domain.TransferAgent org.apel.server.management.sub.web.RestSubController.deployApplication(java.lang.String,java.lang.String,org.springframework.web.multipart.MultipartFile)
2017-06-29 09:59:42,572 INFO [main] o.s.w.s.m.m.a.RequestMappingHandlerMapping [AbstractHandlerMethodMapping.java : 543] Mapped "{[/restSub/upgrade],methods=[POST]}" onto public org.apel.server.management.base.domain.TransferAgent org.apel.server.management.sub.web.RestSubController.upgrade(java.lang.String,java.lang.String,org.springframework.web.multipart.MultipartFile)
2017-06-29 09:59:42,572 INFO [main] o.s.w.s.m.m.a.RequestMappingHandlerMapping [AbstractHandlerMethodMapping.java : 543] Mapped "{[/restSub/startup],methods=[GET]}" onto public org.apel.server.management.base.domain.TransferAgent org.apel.server.management.sub.web.RestSubController.startup(java.lang.String,java.lang.String)
2017-06-29 09:59:42,572 INFO [main] o.s.w.s.m.m.a.RequestMappingHandlerMapping [AbstractHandlerMethodMapping.java : 543] Mapped "{[/net_detect]}" onto public java.lang.String org.apel.gaia.container.boot.controller.CommonController.netDedect()
2017-06-29 09:59:42,572 INFO [main] o.s.w.s.m.m.a.RequestMappingHandlerMapping [AbstractHandlerMethodMapping.java : 543] Mapped "{[/file_progress]}" onto public java.lang.Integer org.apel.gaia.container.boot.controller.CommonController.netCheck(javax.servlet.http.HttpSession)
2017-06-29 09:59:42,572 INFO [main] o.s.w.s.m.m.a.RequestMappingHandlerMapping [AbstractHandlerMethodMapping.java : 543] Mapped "{[/net_check]}" onto public java.lang.String org.apel.gaia.container.boot.controller.CommonController.netCheck(java.lang.String)
2017-06-29 09:59:42,572 INFO [main] o.s.w.s.m.m.a.RequestMappingHandlerMapping [AbstractHandlerMethodMapping.java : 543] Mapped "{[/400]}" onto public java.lang.String org.apel.gaia.container.boot.controller.ContainerErrorController._400() throws java.lang.Exception
2017-06-29 09:59:42,572 INFO [main] o.s.w.s.m.m.a.RequestMappingHandlerMapping [AbstractHandlerMethodMapping.java : 543] Mapped "{[/403]}" onto public java.lang.String org.apel.gaia.container.boot.controller.ContainerErrorController._403() throws java.lang.Exception
2017-06-29 09:59:42,588 INFO [main] o.s.w.s.m.m.a.RequestMappingHandlerMapping [AbstractHandlerMethodMapping.java : 543] Mapped "{[/404]}" onto public java.lang.String org.apel.gaia.container.boot.controller.ContainerErrorController._404() throws java.lang.Exception
2017-06-29 09:59:42,588 INFO [main] o.s.w.s.m.m.a.RequestMappingHandlerMapping [AbstractHandlerMethodMapping.java : 543] Mapped "{[/405]}" onto public java.lang.String org.apel.gaia.container.boot.controller.ContainerErrorController._405() throws java.lang.Exception
2017-06-29 09:59:42,588 INFO [main] o.s.w.s.m.m.a.RequestMappingHandlerMapping [AbstractHandlerMethodMapping.java : 543] Mapped "{[/500]}" onto public java.lang.String org.apel.gaia.container.boot.controller.ContainerErrorController._500() throws java.lang.Exception
2017-06-29 09:59:42,588 INFO [main] o.s.w.s.m.m.a.RequestMappingHandlerMapping [AbstractHandlerMethodMapping.java : 543] Mapped "{[/error]}" onto public java.lang.String org.apel.gaia.container.boot.controller.SpringErrorController.error()
2017-06-29 09:59:42,775 INFO [main] o.s.w.s.h.SimpleUrlHandlerMapping [AbstractUrlHandlerMapping.java : 362] Mapped URL path [/webjars/**] onto handler of type [class org.springframework.web.servlet.resource.ResourceHttpRequestHandler]
2017-06-29 09:59:42,775 INFO [main] o.s.w.s.h.SimpleUrlHandlerMapping [AbstractUrlHandlerMapping.java : 362] Mapped URL path [/**] onto handler of type [class org.springframework.web.servlet.resource.ResourceHttpRequestHandler]
2017-06-29 09:59:43,006 INFO [main] o.s.w.s.h.SimpleUrlHandlerMapping [AbstractUrlHandlerMapping.java : 362] Mapped URL path [/**/favicon.ico] onto handler of type [class org.springframework.web.servlet.resource.ResourceHttpRequestHandler]
2017-06-29 09:59:44,465 INFO [main] o.s.j.e.a.AnnotationMBeanExporter [MBeanExporter.java : 431] Registering beans for JMX exposure on startup
2017-06-29 09:59:44,514 INFO [main] o.e.jetty.ContextHandler.application [ContextHandler.java : 2207] Initializing Spring FrameworkServlet 'dispatcherServlet'
2017-06-29 09:59:44,514 INFO [main] o.s.web.servlet.DispatcherServlet [FrameworkServlet.java : 489] FrameworkServlet 'dispatcherServlet': initialization started
2017-06-29 09:59:44,560 INFO [main] o.s.web.servlet.DispatcherServlet [FrameworkServlet.java : 508] FrameworkServlet 'dispatcherServlet': initialization completed in 46 ms
2017-06-29 09:59:44,623 INFO [main] o.e.jetty.server.AbstractConnector [AbstractConnector.java : 280] Started ServerConnector@1f2cfda{HTTP/1.1,[http/1.1]}{0.0.0.0:5555}
2017-06-29 09:59:44,623 INFO [main] o.s.b.c.e.j.JettyEmbeddedServletContainer [JettyEmbeddedServletContainer.java : 144] Jetty started on port(s) 5555 (http/1.1)
2017-06-29 09:59:44,638 INFO [main] o.a.s.m.sub.web.test.StartSubMain [StartupInfoLogger.java : 57] Started StartSubMain in 15.817 seconds (JVM running for 17.616)
2017-06-29 10:06:22,549 INFO [main] o.s.c.s.ClassPathXmlApplicationContext [AbstractApplicationContext.java : 582] Refreshing org.springframework.context.support.ClassPathXmlApplicationContext@ffa5d: startup date [Thu Jun 29 10:06:22 CST 2017]; root of context hierarchy
2017-06-29 10:06:23,079 INFO [main] o.s.b.f.xml.XmlBeanDefinitionReader [XmlBeanDefinitionReader.java : 317] Loading XML bean definitions from URL [jar:file:/D:/temp/basic/sub-directory/EDD2955A5B774CD4B52EF547CA38C40D/application/server-application.jar!/META-INF/spring/module-server-management-build.xml]
2017-06-29 10:06:23,736 INFO [main] o.s.b.f.xml.XmlBeanDefinitionReader [XmlBeanDefinitionReader.java : 317] Loading XML bean definitions from URL [jar:file:/D:/temp/basic/sub-directory/EDD2955A5B774CD4B52EF547CA38C40D/application/server-application.jar!/BOOT-INF/lib/server-management-application-1.0.1-SNAPSHOT.jar!/META-INF/spring/module-server-management-application.xml]
2017-06-29 10:06:23,831 INFO [main] o.s.b.f.xml.XmlBeanDefinitionReader [XmlBeanDefinitionReader.java : 317] Loading XML bean definitions from URL [jar:file:/D:/temp/basic/sub-directory/EDD2955A5B774CD4B52EF547CA38C40D/application/server-application.jar!/BOOT-INF/lib/server-management-common-1.0.1-SNAPSHOT.jar!/META-INF/spring/module-server-management-common.xml]
2017-06-29 10:06:23,909 INFO [main] o.s.b.f.xml.XmlBeanDefinitionReader [XmlBeanDefinitionReader.java : 317] Loading XML bean definitions from URL [jar:file:/D:/temp/basic/sub-directory/EDD2955A5B774CD4B52EF547CA38C40D/application/server-application.jar!/BOOT-INF/lib/show-attach-provider-1.0.1-SNAPSHOT.jar!/META-INF/spring/module-show-attach-provider.xml]
2017-06-29 10:06:24,127 INFO [main] c.a.d.common.logger.LoggerFactory [Log4jLogger.java : 58] using logger: com.alibaba.dubbo.common.logger.log4j.Log4jLoggerAdapter
2017-06-29 10:06:24,221 INFO [main] o.s.b.f.xml.XmlBeanDefinitionReader [XmlBeanDefinitionReader.java : 317] Loading XML bean definitions from URL [jar:file:/D:/temp/basic/sub-directory/EDD2955A5B774CD4B52EF547CA38C40D/application/server-application.jar!/BOOT-INF/lib/show-attach-service-1.0.1-SNAPSHOT.jar!/META-INF/spring/module-show-attach-service.xml]
2017-06-29 10:06:24,294 INFO [main] o.s.b.f.xml.XmlBeanDefinitionReader [XmlBeanDefinitionReader.java : 317] Loading XML bean definitions from URL [jar:file:/D:/temp/basic/sub-directory/EDD2955A5B774CD4B52EF547CA38C40D/application/server-application.jar!/BOOT-INF/lib/base-inline-office-1.0.1-SNAPSHOT.jar!/META-INF/spring/module-base_inline_office.xml]
2017-06-29 10:06:24,466 INFO [main] o.s.b.f.xml.XmlBeanDefinitionReader [XmlBeanDefinitionReader.java : 317] Loading XML bean definitions from URL [jar:file:/D:/temp/basic/sub-directory/EDD2955A5B774CD4B52EF547CA38C40D/application/server-application.jar!/BOOT-INF/lib/gaia-property-loader-1.0.1-SNAPSHOT.jar!/META-INF/spring/module-property-loader.xml]
2017-06-29 10:06:24,513 INFO [main] o.s.b.f.xml.XmlBeanDefinitionReader [XmlBeanDefinitionReader.java : 317] Loading XML bean definitions from URL [jar:file:/D:/temp/basic/sub-directory/EDD2955A5B774CD4B52EF547CA38C40D/application/server-application.jar!/BOOT-INF/lib/show-attach-core-1.0.1-SNAPSHOT.jar!/META-INF/spring/module-show-attach-core.xml]
2017-06-29 10:06:24,622 INFO [main] o.s.b.f.xml.XmlBeanDefinitionReader [XmlBeanDefinitionReader.java : 317] Loading XML bean definitions from URL [jar:file:/D:/temp/basic/sub-directory/EDD2955A5B774CD4B52EF547CA38C40D/application/server-application.jar!/BOOT-INF/lib/gaia-persist-1.0.1-SNAPSHOT.jar!/META-INF/spring/module-persist.xml]
2017-06-29 10:07:06,077 WARN [main] o.s.c.a.ConfigurationClassEnhancer [ConfigurationClassEnhancer.java : 350] @Bean method CenterPropertyLoader.propertyPlaceholderConfigurer is non-static and returns an object assignable to Spring's BeanFactoryPostProcessor interface. This will result in a failure to process annotations such as @Autowired, @Resource and @PostConstruct within the method's declaring @Configuration class. Add the 'static' modifier to this method to avoid these container lifecycle issues; see @Bean javadoc for complete details.
2017-06-29 10:07:06,203 WARN [main] o.s.c.s.ClassPathXmlApplicationContext [AbstractApplicationContext.java : 550] Exception encountered during context initialization - cancelling refresh attempt: org.springframework.beans.factory.BeanDefinitionStoreException: Invalid bean definition with name 'hessian' defined in null: Could not resolve placeholder 'dubbo.port' in value "${dubbo.port}"; nested exception is java.lang.IllegalArgumentException: Could not resolve placeholder 'dubbo.port' in value "${dubbo.port}"
2017-06-29 10:17:23,525 INFO [main] o.a.s.m.sub.web.test.StartSubMain [StartupInfoLogger.java : 48] Starting StartSubMain on wulin with PID 2016 (D:\soft\job\java\javaIDE\eclipse_jee\bjhy_attachment_workspace\server-management-parent\server-management-sub-web\target\test-classes started by Administrator in D:\soft\job\java\javaIDE\eclipse_jee\bjhy_attachment_workspace\server-management-parent\server-management-sub-web)
2017-06-29 10:17:23,556 INFO [main] o.a.s.m.sub.web.test.StartSubMain [SpringApplication.java : 637] No active profile set, falling back to default profiles: default
2017-06-29 10:17:23,697 INFO [main] o.s.b.c.e.AnnotationConfigEmbeddedWebApplicationContext [AbstractApplicationContext.java : 582] Refreshing org.springframework.boot.context.embedded.AnnotationConfigEmbeddedWebApplicationContext@18e8894: startup date [Thu Jun 29 10:17:23 CST 2017]; root of context hierarchy
2017-06-29 10:17:24,102 INFO [background-preinit] o.h.validator.internal.util.Version [Version.java : 30] HV000001: Hibernate Validator 5.3.4.Final
2017-06-29 10:17:25,198 INFO [main] o.s.b.f.xml.XmlBeanDefinitionReader [XmlBeanDefinitionReader.java : 317] Loading XML bean definitions from file [D:\soft\job\java\javaIDE\eclipse_jee\bjhy_attachment_workspace\server-management-parent\server-management-sub-web\target\classes\META-INF\spring\module-server-management-sub-web.xml]
2017-06-29 10:17:25,620 INFO [main] o.s.b.f.xml.XmlBeanDefinitionReader [XmlBeanDefinitionReader.java : 317] Loading XML bean definitions from URL [jar:file:/D:/repository/org/apel/gaia-container-boot/1.0.1-SNAPSHOT/gaia-container-boot-1.0.1-SNAPSHOT.jar!/META-INF/spring/module-boot.xml]
2017-06-29 10:17:25,745 INFO [main] o.s.b.f.xml.XmlBeanDefinitionReader [XmlBeanDefinitionReader.java : 317] Loading XML bean definitions from URL [jar:file:/D:/repository/org/apel/gaia-container-boot/1.0.1-SNAPSHOT/gaia-container-boot-1.0.1-SNAPSHOT.jar!/META-INF/spring/module-mvc.xml]
2017-06-29 10:17:25,854 INFO [main] o.s.b.f.xml.XmlBeanDefinitionReader [XmlBeanDefinitionReader.java : 317] Loading XML bean definitions from file [D:\soft\job\java\javaIDE\eclipse_jee\bjhy_attachment_workspace\server-management-parent\server-management-sub-container\target\classes\META-INF\spring\module-server-management-sub-container.xml]
2017-06-29 10:17:26,073 INFO [main] o.s.b.f.xml.XmlBeanDefinitionReader [XmlBeanDefinitionReader.java : 317] Loading XML bean definitions from file [D:\soft\job\java\javaIDE\eclipse_jee\bjhy_attachment_workspace\server-management-parent\server-management-common\target\classes\META-INF\spring\module-server-management-common.xml]
2017-06-29 10:17:26,120 INFO [main] o.s.b.f.xml.XmlBeanDefinitionReader [XmlBeanDefinitionReader.java : 317] Loading XML bean definitions from file [D:\soft\job\java\javaIDE\eclipse_jee\bjhy_attachment_workspace\server-management-parent\server-management-base\target\classes\META-INF\spring\module-server-management-base.xml]
2017-06-29 10:17:26,166 INFO [main] o.s.b.f.xml.XmlBeanDefinitionReader [XmlBeanDefinitionReader.java : 317] Loading XML bean definitions from URL [jar:file:/D:/repository/org/apel/gaia-property-loader/1.0.1-SNAPSHOT/gaia-property-loader-1.0.1-SNAPSHOT.jar!/META-INF/spring/module-property-loader.xml]
2017-06-29 10:17:26,198 INFO [main] o.s.b.f.xml.XmlBeanDefinitionReader [XmlBeanDefinitionReader.java : 317] Loading XML bean definitions from URL [jar:file:/D:/repository/org/apel/gaia-js-lib/1.0.1-SNAPSHOT/gaia-js-lib-1.0.1-SNAPSHOT.jar!/META-INF/spring/module-js-lib.xml]
2017-06-29 10:17:27,497 WARN [main] o.s.c.a.ConfigurationClassEnhancer [ConfigurationClassEnhancer.java : 350] @Bean method CenterPropertyLoader.propertyPlaceholderConfigurer is non-static and returns an object assignable to Spring's BeanFactoryPostProcessor interface. This will result in a failure to process annotations such as @Autowired, @Resource and @PostConstruct within the method's declaring @Configuration class. Add the 'static' modifier to this method to avoid these container lifecycle issues; see @Bean javadoc for complete details.
2017-06-29 10:17:28,897 INFO [main] org.eclipse.jetty.util.log [Log.java : 192] Logging initialized @8291ms to org.eclipse.jetty.util.log.Slf4jLog
2017-06-29 10:17:30,327 INFO [main] o.s.b.c.e.j.JettyEmbeddedServletContainerFactory [JettyEmbeddedServletContainerFactory.java : 176] Server initialized with port: 5555
2017-06-29 10:17:30,343 INFO [main] org.eclipse.jetty.server.Server [Server.java : 372] jetty-9.4.2.v20170220
2017-06-29 10:17:31,016 INFO [main] org.eclipse.jetty.server.session [DefaultSessionIdManager.java : 360] DefaultSessionIdManager workerName=node0
2017-06-29 10:17:31,016 INFO [main] org.eclipse.jetty.server.session [DefaultSessionIdManager.java : 365] No SessionScavenger set, using defaults
2017-06-29 10:17:31,016 INFO [main] org.eclipse.jetty.server.session [HouseKeeper.java : 146] Scavenging every 660000ms
2017-06-29 10:17:31,047 INFO [main] o.e.jetty.ContextHandler.application [ContextHandler.java : 2207] Initializing Spring embedded WebApplicationContext
2017-06-29 10:17:31,047 INFO [main] o.s.web.context.ContextLoader [EmbeddedWebApplicationContext.java : 276] Root WebApplicationContext: initialization completed in 7350 ms
2017-06-29 10:17:31,516 INFO [main] o.s.b.w.s.ServletRegistrationBean [ServletRegistrationBean.java : 190] Mapping servlet: 'dispatcherServlet' to [/]
2017-06-29 10:17:31,516 INFO [main] o.s.b.w.s.FilterRegistrationBean [AbstractFilterRegistrationBean.java : 258] Mapping filter: 'characterEncodingFilter' to: [/*]
2017-06-29 10:17:31,516 INFO [main] o.s.b.w.s.FilterRegistrationBean [AbstractFilterRegistrationBean.java : 258] Mapping filter: 'hiddenHttpMethodFilter' to: [/*]
2017-06-29 10:17:31,516 INFO [main] o.s.b.w.s.FilterRegistrationBean [AbstractFilterRegistrationBean.java : 258] Mapping filter: 'httpPutFormContentFilter' to: [/*]
2017-06-29 10:17:31,516 INFO [main] o.s.b.w.s.FilterRegistrationBean [AbstractFilterRegistrationBean.java : 258] Mapping filter: 'requestContextFilter' to: [/*]
2017-06-29 10:17:33,720 INFO [main] o.e.j.server.handler.ContextHandler [ContextHandler.java : 802] Started o.s.b.c.e.j.JettyEmbeddedWebAppContext@181f4a6{/sub-container,[file:///C:/Users/Administrator/AppData/Local/Temp/jetty-docbase.8357834735337903872.5555/],AVAILABLE}
2017-06-29 10:17:33,720 INFO [main] org.eclipse.jetty.server.Server [Server.java : 444] Started @13122ms
2017-06-29 10:17:34,555 INFO [main] o.s.u.f.SpringTemplateLoader [SpringTemplateLoader.java : 61] SpringTemplateLoader for FreeMarker: using resource loader [org.springframework.boot.context.embedded.AnnotationConfigEmbeddedWebApplicationContext@18e8894: startup date [Thu Jun 29 10:17:23 CST 2017]; root of context hierarchy] and template loader path [jar:file:/D:/repository/org/apel/gaia-container-boot/1.0.1-SNAPSHOT/gaia-container-boot-1.0.1-SNAPSHOT.jar!/platform/templates/]
2017-06-29 10:17:34,555 INFO [main] o.s.u.f.SpringTemplateLoader [SpringTemplateLoader.java : 61] SpringTemplateLoader for FreeMarker: using resource loader [org.springframework.boot.context.embedded.AnnotationConfigEmbeddedWebApplicationContext@18e8894: startup date [Thu Jun 29 10:17:23 CST 2017]; root of context hierarchy] and template loader path [classpath:/templates/]
2017-06-29 10:17:34,555 INFO [main] o.s.w.s.v.f.FreeMarkerConfigurer [FreeMarkerConfigurer.java : 127] ClassTemplateLoader for Spring macros added to FreeMarker configuration
2017-06-29 10:17:35,790 INFO [main] o.s.w.s.m.m.a.RequestMappingHandlerAdapter [RequestMappingHandlerAdapter.java : 534] Looking for @ControllerAdvice: org.springframework.boot.context.embedded.AnnotationConfigEmbeddedWebApplicationContext@18e8894: startup date [Thu Jun 29 10:17:23 CST 2017]; root of context hierarchy
2017-06-29 10:17:36,072 INFO [main] o.s.w.s.m.m.a.RequestMappingHandlerMapping [AbstractHandlerMethodMapping.java : 543] Mapped "{[/restSub/delete],methods=[GET]}" onto public org.apel.server.management.base.domain.TransferAgent org.apel.server.management.sub.web.RestSubController.delete(java.lang.String,java.lang.String,java.lang.String)
2017-06-29 10:17:36,072 INFO [main] o.s.w.s.m.m.a.RequestMappingHandlerMapping [AbstractHandlerMethodMapping.java : 543] Mapped "{[/restSub/suspend],methods=[GET]}" onto public org.apel.server.management.base.domain.TransferAgent org.apel.server.management.sub.web.RestSubController.suspend(java.lang.String,java.lang.String)
2017-06-29 10:17:36,072 INFO [main] o.s.w.s.m.m.a.RequestMappingHandlerMapping [AbstractHandlerMethodMapping.java : 543] Mapped "{[/restSub/accessCheck],methods=[GET]}" onto public org.apel.server.management.base.domain.TransferAgent org.apel.server.management.sub.web.RestSubController.accessCheck()
2017-06-29 10:17:36,072 INFO [main] o.s.w.s.m.m.a.RequestMappingHandlerMapping [AbstractHandlerMethodMapping.java : 543] Mapped "{[/restSub/getDeployDirectory],methods=[GET]}" onto public org.apel.server.management.base.domain.TransferAgent org.apel.server.management.sub.web.RestSubController.getDeployDirectory()
2017-06-29 10:17:36,072 INFO [main] o.s.w.s.m.m.a.RequestMappingHandlerMapping [AbstractHandlerMethodMapping.java : 543] Mapped "{[/restSub/deployApplication],methods=[POST]}" onto public org.apel.server.management.base.domain.TransferAgent org.apel.server.management.sub.web.RestSubController.deployApplication(java.lang.String,java.lang.String,org.springframework.web.multipart.MultipartFile)
2017-06-29 10:17:36,072 INFO [main] o.s.w.s.m.m.a.RequestMappingHandlerMapping [AbstractHandlerMethodMapping.java : 543] Mapped "{[/restSub/upgrade],methods=[POST]}" onto public org.apel.server.management.base.domain.TransferAgent org.apel.server.management.sub.web.RestSubController.upgrade(java.lang.String,java.lang.String,org.springframework.web.multipart.MultipartFile)
2017-06-29 10:17:36,072 INFO [main] o.s.w.s.m.m.a.RequestMappingHandlerMapping [AbstractHandlerMethodMapping.java : 543] Mapped "{[/restSub/startup],methods=[GET]}" onto public org.apel.server.management.base.domain.TransferAgent org.apel.server.management.sub.web.RestSubController.startup(java.lang.String,java.lang.String)
2017-06-29 10:17:36,087 INFO [main] o.s.w.s.m.m.a.RequestMappingHandlerMapping [AbstractHandlerMethodMapping.java : 543] Mapped "{[/file_progress]}" onto public java.lang.Integer org.apel.gaia.container.boot.controller.CommonController.netCheck(javax.servlet.http.HttpSession)
2017-06-29 10:17:36,087 INFO [main] o.s.w.s.m.m.a.RequestMappingHandlerMapping [AbstractHandlerMethodMapping.java : 543] Mapped "{[/net_check]}" onto public java.lang.String org.apel.gaia.container.boot.controller.CommonController.netCheck(java.lang.String)
2017-06-29 10:17:36,087 INFO [main] o.s.w.s.m.m.a.RequestMappingHandlerMapping [AbstractHandlerMethodMapping.java : 543] Mapped "{[/net_detect]}" onto public java.lang.String org.apel.gaia.container.boot.controller.CommonController.netDedect()
2017-06-29 10:17:36,087 INFO [main] o.s.w.s.m.m.a.RequestMappingHandlerMapping [AbstractHandlerMethodMapping.java : 543] Mapped "{[/405]}" onto public java.lang.String org.apel.gaia.container.boot.controller.ContainerErrorController._405() throws java.lang.Exception
2017-06-29 10:17:36,087 INFO [main] o.s.w.s.m.m.a.RequestMappingHandlerMapping [AbstractHandlerMethodMapping.java : 543] Mapped "{[/500]}" onto public java.lang.String org.apel.gaia.container.boot.controller.ContainerErrorController._500() throws java.lang.Exception
2017-06-29 10:17:36,087 INFO [main] o.s.w.s.m.m.a.RequestMappingHandlerMapping [AbstractHandlerMethodMapping.java : 543] Mapped "{[/400]}" onto public java.lang.String org.apel.gaia.container.boot.controller.ContainerErrorController._400() throws java.lang.Exception
2017-06-29 10:17:36,087 INFO [main] o.s.w.s.m.m.a.RequestMappingHandlerMapping [AbstractHandlerMethodMapping.java : 543] Mapped "{[/403]}" onto public java.lang.String org.apel.gaia.container.boot.controller.ContainerErrorController._403() throws java.lang.Exception
2017-06-29 10:17:36,087 INFO [main] o.s.w.s.m.m.a.RequestMappingHandlerMapping [AbstractHandlerMethodMapping.java : 543] Mapped "{[/404]}" onto public java.lang.String org.apel.gaia.container.boot.controller.ContainerErrorController._404() throws java.lang.Exception
2017-06-29 10:17:36,087 INFO [main] o.s.w.s.m.m.a.RequestMappingHandlerMapping [AbstractHandlerMethodMapping.java : 543] Mapped "{[/error]}" onto public java.lang.String org.apel.gaia.container.boot.controller.SpringErrorController.error()
2017-06-29 10:17:36,259 INFO [main] o.s.w.s.h.SimpleUrlHandlerMapping [AbstractUrlHandlerMapping.java : 362] Mapped URL path [/webjars/**] onto handler of type [class org.springframework.web.servlet.resource.ResourceHttpRequestHandler]
2017-06-29 10:17:36,259 INFO [main] o.s.w.s.h.SimpleUrlHandlerMapping [AbstractUrlHandlerMapping.java : 362] Mapped URL path [/**] onto handler of type [class org.springframework.web.servlet.resource.ResourceHttpRequestHandler]
2017-06-29 10:17:36,417 INFO [main] o.s.w.s.h.SimpleUrlHandlerMapping [AbstractUrlHandlerMapping.java : 362] Mapped URL path [/**/favicon.ico] onto handler of type [class org.springframework.web.servlet.resource.ResourceHttpRequestHandler]
2017-06-29 10:17:37,621 INFO [main] o.s.j.e.a.AnnotationMBeanExporter [MBeanExporter.java : 431] Registering beans for JMX exposure on startup
2017-06-29 10:17:37,669 INFO [main] o.e.jetty.ContextHandler.application [ContextHandler.java : 2207] Initializing Spring FrameworkServlet 'dispatcherServlet'
2017-06-29 10:17:37,669 INFO [main] o.s.web.servlet.DispatcherServlet [FrameworkServlet.java : 489] FrameworkServlet 'dispatcherServlet': initialization started
2017-06-29 10:17:37,716 INFO [main] o.s.web.servlet.DispatcherServlet [FrameworkServlet.java : 508] FrameworkServlet 'dispatcherServlet': initialization completed in 47 ms
2017-06-29 10:17:37,778 INFO [main] o.e.jetty.server.AbstractConnector [AbstractConnector.java : 280] Started ServerConnector@eb0e2b{HTTP/1.1,[http/1.1]}{0.0.0.0:5555}
2017-06-29 10:17:37,778 INFO [main] o.s.b.c.e.j.JettyEmbeddedServletContainer [JettyEmbeddedServletContainer.java : 144] Jetty started on port(s) 5555 (http/1.1)
2017-06-29 10:17:37,794 INFO [main] o.a.s.m.sub.web.test.StartSubMain [StartupInfoLogger.java : 57] Started StartSubMain in 15.286 seconds (JVM running for 17.195)
