2017-06-19 10:04:36,203 INFO [main] o.a.s.m.sub.web.test.StartSubMain [StartupInfoLogger.java : 48] Starting StartSubMain on wulin with PID 5100 (D:\soft\job\java\javaIDE\eclipse_jee\bjhy_attachment_workspace\server-management-parent\server-management-sub-web\target\test-classes started by Administrator in D:\soft\job\java\javaIDE\eclipse_jee\bjhy_attachment_workspace\server-management-parent\server-management-sub-web)
2017-06-19 10:04:36,383 INFO [main] o.a.s.m.sub.web.test.StartSubMain [SpringApplication.java : 637] No active profile set, falling back to default profiles: default
2017-06-19 10:04:36,945 INFO [main] o.s.b.c.e.AnnotationConfigEmbeddedWebApplicationContext [AbstractApplicationContext.java : 582] Refreshing org.springframework.boot.context.embedded.AnnotationConfigEmbeddedWebApplicationContext@12e19ca: startup date [Mon Jun 19 10:04:36 CST 2017]; root of context hierarchy
2017-06-19 10:04:37,695 INFO [background-preinit] o.h.validator.internal.util.Version [Version.java : 30] HV000001: Hibernate Validator 5.3.4.Final
2017-06-19 10:04:40,192 INFO [main] o.s.b.f.xml.XmlBeanDefinitionReader [XmlBeanDefinitionReader.java : 317] Loading XML bean definitions from file [D:\soft\job\java\javaIDE\eclipse_jee\bjhy_attachment_workspace\server-management-parent\server-management-sub-web\target\classes\META-INF\spring\module-server-management-sub-web.xml]
2017-06-19 10:04:41,005 INFO [main] o.s.b.f.xml.XmlBeanDefinitionReader [XmlBeanDefinitionReader.java : 317] Loading XML bean definitions from URL [jar:file:/D:/repository/org/apel/gaia-container-boot/1.0.1-SNAPSHOT/gaia-container-boot-1.0.1-SNAPSHOT.jar!/META-INF/spring/module-boot.xml]
2017-06-19 10:04:41,129 INFO [main] o.s.b.f.xml.XmlBeanDefinitionReader [XmlBeanDefinitionReader.java : 317] Loading XML bean definitions from URL [jar:file:/D:/repository/org/apel/gaia-container-boot/1.0.1-SNAPSHOT/gaia-container-boot-1.0.1-SNAPSHOT.jar!/META-INF/spring/module-mvc.xml]
2017-06-19 10:04:41,332 INFO [main] o.s.b.f.xml.XmlBeanDefinitionReader [XmlBeanDefinitionReader.java : 317] Loading XML bean definitions from file [D:\soft\job\java\javaIDE\eclipse_jee\bjhy_attachment_workspace\server-management-parent\server-management-sub-container\target\classes\META-INF\spring\module-server-management-sub-container.xml]
2017-06-19 10:04:41,458 INFO [main] o.s.b.f.xml.XmlBeanDefinitionReader [XmlBeanDefinitionReader.java : 317] Loading XML bean definitions from file [D:\soft\job\java\javaIDE\eclipse_jee\bjhy_attachment_workspace\server-management-parent\server-management-common\target\classes\META-INF\spring\module-server-management-common.xml]
2017-06-19 10:04:41,505 INFO [main] o.s.b.f.xml.XmlBeanDefinitionReader [XmlBeanDefinitionReader.java : 317] Loading XML bean definitions from file [D:\soft\job\java\javaIDE\eclipse_jee\bjhy_attachment_workspace\server-management-parent\server-management-base\target\classes\META-INF\spring\module-server-management-base.xml]
2017-06-19 10:04:41,614 INFO [main] o.s.b.f.xml.XmlBeanDefinitionReader [XmlBeanDefinitionReader.java : 317] Loading XML bean definitions from URL [jar:file:/D:/repository/org/apel/gaia-property-loader/1.0.1-SNAPSHOT/gaia-property-loader-1.0.1-SNAPSHOT.jar!/META-INF/spring/module-property-loader.xml]
2017-06-19 10:04:41,661 INFO [main] o.s.b.f.xml.XmlBeanDefinitionReader [XmlBeanDefinitionReader.java : 317] Loading XML bean definitions from URL [jar:file:/D:/repository/org/apel/gaia-js-lib/1.0.1-SNAPSHOT/gaia-js-lib-1.0.1-SNAPSHOT.jar!/META-INF/spring/module-js-lib.xml]
2017-06-19 10:04:43,395 WARN [main] o.s.c.a.ConfigurationClassEnhancer [ConfigurationClassEnhancer.java : 350] @Bean method CenterPropertyLoader.propertyPlaceholderConfigurer is non-static and returns an object assignable to Spring's BeanFactoryPostProcessor interface. This will result in a failure to process annotations such as @Autowired, @Resource and @PostConstruct within the method's declaring @Configuration class. Add the 'static' modifier to this method to avoid these container lifecycle issues; see @Bean javadoc for complete details.
2017-06-19 10:04:45,551 INFO [main] org.eclipse.jetty.util.log [Log.java : 192] Logging initialized @17079ms to org.eclipse.jetty.util.log.Slf4jLog
2017-06-19 10:04:47,815 INFO [main] o.s.b.c.e.j.JettyEmbeddedServletContainerFactory [JettyEmbeddedServletContainerFactory.java : 176] Server initialized with port: 5555
2017-06-19 10:04:47,831 INFO [main] org.eclipse.jetty.server.Server [Server.java : 372] jetty-9.4.2.v20170220
2017-06-19 10:04:48,939 INFO [main] org.eclipse.jetty.server.session [DefaultSessionIdManager.java : 360] DefaultSessionIdManager workerName=node0
2017-06-19 10:04:48,955 INFO [main] org.eclipse.jetty.server.session [DefaultSessionIdManager.java : 365] No SessionScavenger set, using defaults
2017-06-19 10:04:48,955 INFO [main] org.eclipse.jetty.server.session [HouseKeeper.java : 146] Scavenging every 600000ms
2017-06-19 10:04:49,018 INFO [main] o.e.jetty.ContextHandler.application [ContextHandler.java : 2207] Initializing Spring embedded WebApplicationContext
2017-06-19 10:04:49,018 INFO [main] o.s.web.context.ContextLoader [EmbeddedWebApplicationContext.java : 276] Root WebApplicationContext: initialization completed in 12073 ms
2017-06-19 10:04:49,519 INFO [main] o.s.b.w.s.ServletRegistrationBean [ServletRegistrationBean.java : 190] Mapping servlet: 'dispatcherServlet' to [/]
2017-06-19 10:04:49,519 INFO [main] o.s.b.w.s.FilterRegistrationBean [AbstractFilterRegistrationBean.java : 258] Mapping filter: 'characterEncodingFilter' to: [/*]
2017-06-19 10:04:49,519 INFO [main] o.s.b.w.s.FilterRegistrationBean [AbstractFilterRegistrationBean.java : 258] Mapping filter: 'hiddenHttpMethodFilter' to: [/*]
2017-06-19 10:04:49,519 INFO [main] o.s.b.w.s.FilterRegistrationBean [AbstractFilterRegistrationBean.java : 258] Mapping filter: 'httpPutFormContentFilter' to: [/*]
2017-06-19 10:04:49,519 INFO [main] o.s.b.w.s.FilterRegistrationBean [AbstractFilterRegistrationBean.java : 258] Mapping filter: 'requestContextFilter' to: [/*]
2017-06-19 10:04:51,409 INFO [main] o.e.j.server.handler.ContextHandler [ContextHandler.java : 802] Started o.s.b.c.e.j.JettyEmbeddedWebAppContext@11ef916{/sub-container,[file:///C:/Users/Administrator/AppData/Local/Temp/jetty-docbase.8899022417825274194.5555/],AVAILABLE}
2017-06-19 10:04:51,409 INFO [main] org.eclipse.jetty.server.Server [Server.java : 444] Started @22939ms
2017-06-19 10:04:52,285 INFO [main] o.s.u.f.SpringTemplateLoader [SpringTemplateLoader.java : 61] SpringTemplateLoader for FreeMarker: using resource loader [org.springframework.boot.context.embedded.AnnotationConfigEmbeddedWebApplicationContext@12e19ca: startup date [Mon Jun 19 10:04:36 CST 2017]; root of context hierarchy] and template loader path [jar:file:/D:/repository/org/apel/gaia-container-boot/1.0.1-SNAPSHOT/gaia-container-boot-1.0.1-SNAPSHOT.jar!/platform/templates/]
2017-06-19 10:04:52,285 INFO [main] o.s.u.f.SpringTemplateLoader [SpringTemplateLoader.java : 61] SpringTemplateLoader for FreeMarker: using resource loader [org.springframework.boot.context.embedded.AnnotationConfigEmbeddedWebApplicationContext@12e19ca: startup date [Mon Jun 19 10:04:36 CST 2017]; root of context hierarchy] and template loader path [classpath:/templates/]
2017-06-19 10:04:52,285 INFO [main] o.s.w.s.v.f.FreeMarkerConfigurer [FreeMarkerConfigurer.java : 127] ClassTemplateLoader for Spring macros added to FreeMarker configuration
