2017-06-26 14:23:39,359 INFO [main] o.a.s.m.sub.web.test.StartSubMain [StartupInfoLogger.java : 48] Starting StartSubMain on wulin with PID 8032 (D:\soft\job\java\javaIDE\eclipse_jee\bjhy_attachment_workspace\server-management-parent\server-management-sub-web\target\test-classes started by Administrator in D:\soft\job\java\javaIDE\eclipse_jee\bjhy_attachment_workspace\server-management-parent\server-management-sub-web)
2017-06-26 14:23:39,516 INFO [main] o.a.s.m.sub.web.test.StartSubMain [SpringApplication.java : 637] No active profile set, falling back to default profiles: default
2017-06-26 14:23:39,689 INFO [main] o.s.b.c.e.AnnotationConfigEmbeddedWebApplicationContext [AbstractApplicationContext.java : 582] Refreshing org.springframework.boot.context.embedded.AnnotationConfigEmbeddedWebApplicationContext@1659b30: startup date [Mon Jun 26 14:23:39 CST 2017]; root of context hierarchy
2017-06-26 14:23:40,523 INFO [background-preinit] o.h.validator.internal.util.Version [Version.java : 30] HV000001: Hibernate Validator 5.3.4.Final
2017-06-26 14:23:41,434 INFO [main] o.s.b.f.xml.XmlBeanDefinitionReader [XmlBeanDefinitionReader.java : 317] Loading XML bean definitions from file [D:\soft\job\java\javaIDE\eclipse_jee\bjhy_attachment_workspace\server-management-parent\server-management-sub-web\target\classes\META-INF\spring\module-server-management-sub-web.xml]
2017-06-26 14:23:42,114 INFO [main] o.s.b.f.xml.XmlBeanDefinitionReader [XmlBeanDefinitionReader.java : 317] Loading XML bean definitions from URL [jar:file:/D:/repository/org/apel/gaia-container-boot/1.0.1-SNAPSHOT/gaia-container-boot-1.0.1-SNAPSHOT.jar!/META-INF/spring/module-boot.xml]
2017-06-26 14:23:42,248 INFO [main] o.s.b.f.xml.XmlBeanDefinitionReader [XmlBeanDefinitionReader.java : 317] Loading XML bean definitions from URL [jar:file:/D:/repository/org/apel/gaia-container-boot/1.0.1-SNAPSHOT/gaia-container-boot-1.0.1-SNAPSHOT.jar!/META-INF/spring/module-mvc.xml]
2017-06-26 14:23:42,454 INFO [main] o.s.b.f.xml.XmlBeanDefinitionReader [XmlBeanDefinitionReader.java : 317] Loading XML bean definitions from file [D:\soft\job\java\javaIDE\eclipse_jee\bjhy_attachment_workspace\server-management-parent\server-management-sub-container\target\classes\META-INF\spring\module-server-management-sub-container.xml]
2017-06-26 14:23:42,608 INFO [main] o.s.b.f.xml.XmlBeanDefinitionReader [XmlBeanDefinitionReader.java : 317] Loading XML bean definitions from file [D:\soft\job\java\javaIDE\eclipse_jee\bjhy_attachment_workspace\server-management-parent\server-management-common\target\classes\META-INF\spring\module-server-management-common.xml]
2017-06-26 14:23:42,676 INFO [main] o.s.b.f.xml.XmlBeanDefinitionReader [XmlBeanDefinitionReader.java : 317] Loading XML bean definitions from file [D:\soft\job\java\javaIDE\eclipse_jee\bjhy_attachment_workspace\server-management-parent\server-management-base\target\classes\META-INF\spring\module-server-management-base.xml]
2017-06-26 14:23:42,764 INFO [main] o.s.b.f.xml.XmlBeanDefinitionReader [XmlBeanDefinitionReader.java : 317] Loading XML bean definitions from URL [jar:file:/D:/repository/org/apel/gaia-property-loader/1.0.1-SNAPSHOT/gaia-property-loader-1.0.1-SNAPSHOT.jar!/META-INF/spring/module-property-loader.xml]
2017-06-26 14:23:42,808 INFO [main] o.s.b.f.xml.XmlBeanDefinitionReader [XmlBeanDefinitionReader.java : 317] Loading XML bean definitions from URL [jar:file:/D:/repository/org/apel/gaia-js-lib/1.0.1-SNAPSHOT/gaia-js-lib-1.0.1-SNAPSHOT.jar!/META-INF/spring/module-js-lib.xml]
2017-06-26 14:23:44,198 WARN [main] o.s.c.a.ConfigurationClassEnhancer [ConfigurationClassEnhancer.java : 350] @Bean method CenterPropertyLoader.propertyPlaceholderConfigurer is non-static and returns an object assignable to Spring's BeanFactoryPostProcessor interface. This will result in a failure to process annotations such as @Autowired, @Resource and @PostConstruct within the method's declaring @Configuration class. Add the 'static' modifier to this method to avoid these container lifecycle issues; see @Bean javadoc for complete details.
2017-06-26 14:23:45,904 INFO [main] org.eclipse.jetty.util.log [Log.java : 192] Logging initialized @10356ms to org.eclipse.jetty.util.log.Slf4jLog
2017-06-26 14:23:47,663 INFO [main] o.s.b.c.e.j.JettyEmbeddedServletContainerFactory [JettyEmbeddedServletContainerFactory.java : 176] Server initialized with port: 5555
2017-06-26 14:23:47,669 INFO [main] org.eclipse.jetty.server.Server [Server.java : 372] jetty-9.4.2.v20170220
2017-06-26 14:23:48,236 INFO [main] org.eclipse.jetty.server.session [DefaultSessionIdManager.java : 360] DefaultSessionIdManager workerName=node0
2017-06-26 14:23:48,238 INFO [main] org.eclipse.jetty.server.session [DefaultSessionIdManager.java : 365] No SessionScavenger set, using defaults
2017-06-26 14:23:48,243 INFO [main] org.eclipse.jetty.server.session [HouseKeeper.java : 146] Scavenging every 660000ms
2017-06-26 14:23:48,263 INFO [main] o.e.jetty.ContextHandler.application [ContextHandler.java : 2207] Initializing Spring embedded WebApplicationContext
2017-06-26 14:23:48,265 INFO [main] o.s.web.context.ContextLoader [EmbeddedWebApplicationContext.java : 276] Root WebApplicationContext: initialization completed in 8575 ms
2017-06-26 14:23:48,765 INFO [main] o.s.b.w.s.ServletRegistrationBean [ServletRegistrationBean.java : 190] Mapping servlet: 'dispatcherServlet' to [/]
2017-06-26 14:23:48,772 INFO [main] o.s.b.w.s.FilterRegistrationBean [AbstractFilterRegistrationBean.java : 258] Mapping filter: 'characterEncodingFilter' to: [/*]
2017-06-26 14:23:48,773 INFO [main] o.s.b.w.s.FilterRegistrationBean [AbstractFilterRegistrationBean.java : 258] Mapping filter: 'hiddenHttpMethodFilter' to: [/*]
2017-06-26 14:23:48,774 INFO [main] o.s.b.w.s.FilterRegistrationBean [AbstractFilterRegistrationBean.java : 258] Mapping filter: 'httpPutFormContentFilter' to: [/*]
2017-06-26 14:23:48,775 INFO [main] o.s.b.w.s.FilterRegistrationBean [AbstractFilterRegistrationBean.java : 258] Mapping filter: 'requestContextFilter' to: [/*]
2017-06-26 14:23:50,989 INFO [main] o.e.j.server.handler.ContextHandler [ContextHandler.java : 802] Started o.s.b.c.e.j.JettyEmbeddedWebAppContext@7fd0c9{/sub-container,[file:///C:/Users/Administrator/AppData/Local/Temp/jetty-docbase.3985168877536205098.5555/],AVAILABLE}
2017-06-26 14:23:50,991 INFO [main] org.eclipse.jetty.server.Server [Server.java : 444] Started @15442ms
2017-06-26 14:23:52,136 INFO [main] o.s.u.f.SpringTemplateLoader [SpringTemplateLoader.java : 61] SpringTemplateLoader for FreeMarker: using resource loader [org.springframework.boot.context.embedded.AnnotationConfigEmbeddedWebApplicationContext@1659b30: startup date [Mon Jun 26 14:23:39 CST 2017]; root of context hierarchy] and template loader path [jar:file:/D:/repository/org/apel/gaia-container-boot/1.0.1-SNAPSHOT/gaia-container-boot-1.0.1-SNAPSHOT.jar!/platform/templates/]
2017-06-26 14:23:52,138 INFO [main] o.s.u.f.SpringTemplateLoader [SpringTemplateLoader.java : 61] SpringTemplateLoader for FreeMarker: using resource loader [org.springframework.boot.context.embedded.AnnotationConfigEmbeddedWebApplicationContext@1659b30: startup date [Mon Jun 26 14:23:39 CST 2017]; root of context hierarchy] and template loader path [classpath:/templates/]
2017-06-26 14:23:52,142 INFO [main] o.s.w.s.v.f.FreeMarkerConfigurer [FreeMarkerConfigurer.java : 127] ClassTemplateLoader for Spring macros added to FreeMarker configuration
2017-06-26 14:23:53,529 INFO [main] o.s.w.s.m.m.a.RequestMappingHandlerAdapter [RequestMappingHandlerAdapter.java : 534] Looking for @ControllerAdvice: org.springframework.boot.context.embedded.AnnotationConfigEmbeddedWebApplicationContext@1659b30: startup date [Mon Jun 26 14:23:39 CST 2017]; root of context hierarchy
2017-06-26 14:23:53,940 INFO [main] o.s.w.s.m.m.a.RequestMappingHandlerMapping [AbstractHandlerMethodMapping.java : 543] Mapped "{[/restSub/suspend],methods=[GET]}" onto public org.apel.server.management.base.domain.TransferAgent org.apel.server.management.sub.web.RestSubController.suspend(java.lang.String,java.lang.String)
2017-06-26 14:23:53,944 INFO [main] o.s.w.s.m.m.a.RequestMappingHandlerMapping [AbstractHandlerMethodMapping.java : 543] Mapped "{[/restSub/accessCheck],methods=[GET]}" onto public org.apel.server.management.base.domain.TransferAgent org.apel.server.management.sub.web.RestSubController.accessCheck()
2017-06-26 14:23:53,946 INFO [main] o.s.w.s.m.m.a.RequestMappingHandlerMapping [AbstractHandlerMethodMapping.java : 543] Mapped "{[/restSub/upgrade],methods=[POST]}" onto public org.apel.server.management.base.domain.TransferAgent org.apel.server.management.sub.web.RestSubController.upgrade(java.lang.String,java.lang.String,org.springframework.web.multipart.MultipartFile)
2017-06-26 14:23:53,947 INFO [main] o.s.w.s.m.m.a.RequestMappingHandlerMapping [AbstractHandlerMethodMapping.java : 543] Mapped "{[/restSub/startup],methods=[GET]}" onto public org.apel.server.management.base.domain.TransferAgent org.apel.server.management.sub.web.RestSubController.startup(java.lang.String)
2017-06-26 14:23:53,948 INFO [main] o.s.w.s.m.m.a.RequestMappingHandlerMapping [AbstractHandlerMethodMapping.java : 543] Mapped "{[/restSub/getDeployDirectory],methods=[GET]}" onto public org.apel.server.management.base.domain.TransferAgent org.apel.server.management.sub.web.RestSubController.getDeployDirectory()
2017-06-26 14:23:53,949 INFO [main] o.s.w.s.m.m.a.RequestMappingHandlerMapping [AbstractHandlerMethodMapping.java : 543] Mapped "{[/restSub/deployApplication],methods=[POST]}" onto public org.apel.server.management.base.domain.TransferAgent org.apel.server.management.sub.web.RestSubController.deployApplication(java.lang.String,java.lang.String,org.springframework.web.multipart.MultipartFile)
2017-06-26 14:23:53,954 INFO [main] o.s.w.s.m.m.a.RequestMappingHandlerMapping [AbstractHandlerMethodMapping.java : 543] Mapped "{[/file_progress]}" onto public java.lang.Integer org.apel.gaia.container.boot.controller.CommonController.netCheck(javax.servlet.http.HttpSession)
2017-06-26 14:23:53,955 INFO [main] o.s.w.s.m.m.a.RequestMappingHandlerMapping [AbstractHandlerMethodMapping.java : 543] Mapped "{[/net_check]}" onto public java.lang.String org.apel.gaia.container.boot.controller.CommonController.netCheck(java.lang.String)
2017-06-26 14:23:53,956 INFO [main] o.s.w.s.m.m.a.RequestMappingHandlerMapping [AbstractHandlerMethodMapping.java : 543] Mapped "{[/net_detect]}" onto public java.lang.String org.apel.gaia.container.boot.controller.CommonController.netDedect()
2017-06-26 14:23:53,962 INFO [main] o.s.w.s.m.m.a.RequestMappingHandlerMapping [AbstractHandlerMethodMapping.java : 543] Mapped "{[/400]}" onto public java.lang.String org.apel.gaia.container.boot.controller.ContainerErrorController._400() throws java.lang.Exception
2017-06-26 14:23:53,963 INFO [main] o.s.w.s.m.m.a.RequestMappingHandlerMapping [AbstractHandlerMethodMapping.java : 543] Mapped "{[/403]}" onto public java.lang.String org.apel.gaia.container.boot.controller.ContainerErrorController._403() throws java.lang.Exception
2017-06-26 14:23:53,964 INFO [main] o.s.w.s.m.m.a.RequestMappingHandlerMapping [AbstractHandlerMethodMapping.java : 543] Mapped "{[/404]}" onto public java.lang.String org.apel.gaia.container.boot.controller.ContainerErrorController._404() throws java.lang.Exception
2017-06-26 14:23:53,965 INFO [main] o.s.w.s.m.m.a.RequestMappingHandlerMapping [AbstractHandlerMethodMapping.java : 543] Mapped "{[/405]}" onto public java.lang.String org.apel.gaia.container.boot.controller.ContainerErrorController._405() throws java.lang.Exception
2017-06-26 14:23:53,966 INFO [main] o.s.w.s.m.m.a.RequestMappingHandlerMapping [AbstractHandlerMethodMapping.java : 543] Mapped "{[/500]}" onto public java.lang.String org.apel.gaia.container.boot.controller.ContainerErrorController._500() throws java.lang.Exception
2017-06-26 14:23:53,967 INFO [main] o.s.w.s.m.m.a.RequestMappingHandlerMapping [AbstractHandlerMethodMapping.java : 543] Mapped "{[/error]}" onto public java.lang.String org.apel.gaia.container.boot.controller.SpringErrorController.error()
2017-06-26 14:23:54,151 INFO [main] o.s.w.s.h.SimpleUrlHandlerMapping [AbstractUrlHandlerMapping.java : 362] Mapped URL path [/webjars/**] onto handler of type [class org.springframework.web.servlet.resource.ResourceHttpRequestHandler]
2017-06-26 14:23:54,152 INFO [main] o.s.w.s.h.SimpleUrlHandlerMapping [AbstractUrlHandlerMapping.java : 362] Mapped URL path [/**] onto handler of type [class org.springframework.web.servlet.resource.ResourceHttpRequestHandler]
2017-06-26 14:23:54,368 INFO [main] o.s.w.s.h.SimpleUrlHandlerMapping [AbstractUrlHandlerMapping.java : 362] Mapped URL path [/**/favicon.ico] onto handler of type [class org.springframework.web.servlet.resource.ResourceHttpRequestHandler]
2017-06-26 14:23:55,887 INFO [main] o.s.j.e.a.AnnotationMBeanExporter [MBeanExporter.java : 431] Registering beans for JMX exposure on startup
2017-06-26 14:23:55,940 INFO [main] o.e.jetty.ContextHandler.application [ContextHandler.java : 2207] Initializing Spring FrameworkServlet 'dispatcherServlet'
2017-06-26 14:23:55,941 INFO [main] o.s.web.servlet.DispatcherServlet [FrameworkServlet.java : 489] FrameworkServlet 'dispatcherServlet': initialization started
2017-06-26 14:23:55,981 INFO [main] o.s.web.servlet.DispatcherServlet [FrameworkServlet.java : 508] FrameworkServlet 'dispatcherServlet': initialization completed in 39 ms
2017-06-26 14:23:56,033 INFO [main] o.e.jetty.server.AbstractConnector [AbstractConnector.java : 280] Started ServerConnector@f5d76f{HTTP/1.1,[http/1.1]}{0.0.0.0:5555}
2017-06-26 14:23:56,034 INFO [main] o.s.b.c.e.j.JettyEmbeddedServletContainer [JettyEmbeddedServletContainer.java : 144] Jetty started on port(s) 5555 (http/1.1)
2017-06-26 14:23:56,050 INFO [main] o.a.s.m.sub.web.test.StartSubMain [StartupInfoLogger.java : 57] Started StartSubMain in 18.076 seconds (JVM running for 20.501)
2017-06-26 14:27:04,320 WARN [qtp19119724-19] org.eclipse.jetty.server.HttpChannel [HttpChannel.java : 507] /sub-container/restSub/startup
org.springframework.web.util.NestedServletException: Request processing failed; nested exception is java.lang.StringIndexOutOfBoundsException: String index out of range: -1
	at org.springframework.web.servlet.FrameworkServlet.processRequest(FrameworkServlet.java:982)
	at org.springframework.web.servlet.FrameworkServlet.doGet(FrameworkServlet.java:861)
	at javax.servlet.http.HttpServlet.service(HttpServlet.java:687)
	at org.springframework.web.servlet.FrameworkServlet.service(FrameworkServlet.java:846)
	at javax.servlet.http.HttpServlet.service(HttpServlet.java:790)
	at org.eclipse.jetty.servlet.ServletHolder.handle(ServletHolder.java:841)
	at org.eclipse.jetty.servlet.ServletHandler$CachedChain.doFilter(ServletHandler.java:1634)
	at org.eclipse.jetty.websocket.server.WebSocketUpgradeFilter.doFilter(WebSocketUpgradeFilter.java:206)
	at org.eclipse.jetty.servlet.ServletHandler$CachedChain.doFilter(ServletHandler.java:1621)
	at org.springframework.web.filter.RequestContextFilter.doFilterInternal(RequestContextFilter.java:99)
	at org.springframework.web.filter.OncePerRequestFilter.doFilter(OncePerRequestFilter.java:107)
	at org.eclipse.jetty.servlet.ServletHandler$CachedChain.doFilter(ServletHandler.java:1621)
	at org.springframework.web.filter.HttpPutFormContentFilter.doFilterInternal(HttpPutFormContentFilter.java:105)
	at org.springframework.web.filter.OncePerRequestFilter.doFilter(OncePerRequestFilter.java:107)
	at org.eclipse.jetty.servlet.ServletHandler$CachedChain.doFilter(ServletHandler.java:1621)
	at org.springframework.web.filter.HiddenHttpMethodFilter.doFilterInternal(HiddenHttpMethodFilter.java:81)
	at org.springframework.web.filter.OncePerRequestFilter.doFilter(OncePerRequestFilter.java:107)
	at org.eclipse.jetty.servlet.ServletHandler$CachedChain.doFilter(ServletHandler.java:1621)
	at org.springframework.web.filter.CharacterEncodingFilter.doFilterInternal(CharacterEncodingFilter.java:197)
	at org.springframework.web.filter.OncePerRequestFilter.doFilter(OncePerRequestFilter.java:107)
	at org.eclipse.jetty.servlet.ServletHandler$CachedChain.doFilter(ServletHandler.java:1621)
	at org.eclipse.jetty.servlet.ServletHandler.doHandle(ServletHandler.java:541)
	at org.eclipse.jetty.server.handler.ScopedHandler.handle(ScopedHandler.java:143)
	at org.eclipse.jetty.security.SecurityHandler.handle(SecurityHandler.java:548)
	at org.eclipse.jetty.server.handler.HandlerWrapper.handle(HandlerWrapper.java:132)
	at org.eclipse.jetty.server.handler.ScopedHandler.nextHandle(ScopedHandler.java:190)
	at org.eclipse.jetty.server.session.SessionHandler.doHandle(SessionHandler.java:1592)
	at org.eclipse.jetty.server.handler.ScopedHandler.nextHandle(ScopedHandler.java:188)
	at org.eclipse.jetty.server.handler.ContextHandler.doHandle(ContextHandler.java:1239)
	at org.eclipse.jetty.server.handler.ScopedHandler.nextScope(ScopedHandler.java:168)
	at org.eclipse.jetty.servlet.ServletHandler.doScope(ServletHandler.java:481)
	at org.eclipse.jetty.server.session.SessionHandler.doScope(SessionHandler.java:1561)
	at org.eclipse.jetty.server.handler.ScopedHandler.nextScope(ScopedHandler.java:166)
	at org.eclipse.jetty.server.handler.ContextHandler.doScope(ContextHandler.java:1141)
	at org.eclipse.jetty.server.handler.ScopedHandler.handle(ScopedHandler.java:141)
	at org.eclipse.jetty.server.handler.HandlerWrapper.handle(HandlerWrapper.java:132)
	at org.eclipse.jetty.server.Server.handle(Server.java:564)
	at org.eclipse.jetty.server.HttpChannel.handle(HttpChannel.java:320)
	at org.eclipse.jetty.server.HttpConnection.onFillable(HttpConnection.java:251)
	at org.eclipse.jetty.io.AbstractConnection$ReadCallback.succeeded(AbstractConnection.java:279)
	at org.eclipse.jetty.io.FillInterest.fillable(FillInterest.java:110)
	at org.eclipse.jetty.io.ChannelEndPoint$2.run(ChannelEndPoint.java:124)
	at org.eclipse.jetty.util.thread.QueuedThreadPool.runJob(QueuedThreadPool.java:672)
	at org.eclipse.jetty.util.thread.QueuedThreadPool$2.run(QueuedThreadPool.java:590)
	at java.lang.Thread.run(Unknown Source)
Caused by: java.lang.StringIndexOutOfBoundsException: String index out of range: -1
	at java.lang.String.substring(Unknown Source)
	at org.apel.server.management.sub.container.core.AgentStorePath.getApplicationZipDirectory(AgentStorePath.java:156)
	at org.apel.server.management.sub.container.core.AgentStorePath.getStartupPath(AgentStorePath.java:166)
	at org.apel.server.management.sub.container.core.AgentStorePath.startup(AgentStorePath.java:140)
	at org.apel.server.management.sub.web.RestSubController.startup(RestSubController.java:87)
	at sun.reflect.NativeMethodAccessorImpl.invoke0(Native Method)
	at sun.reflect.NativeMethodAccessorImpl.invoke(Unknown Source)
	at sun.reflect.DelegatingMethodAccessorImpl.invoke(Unknown Source)
	at java.lang.reflect.Method.invoke(Unknown Source)
	at org.springframework.web.method.support.InvocableHandlerMethod.doInvoke(InvocableHandlerMethod.java:205)
	at org.springframework.web.method.support.InvocableHandlerMethod.invokeForRequest(InvocableHandlerMethod.java:133)
	at org.springframework.web.servlet.mvc.method.annotation.ServletInvocableHandlerMethod.invokeAndHandle(ServletInvocableHandlerMethod.java:116)
	at org.springframework.web.servlet.mvc.method.annotation.RequestMappingHandlerAdapter.invokeHandlerMethod(RequestMappingHandlerAdapter.java:827)
	at org.springframework.web.servlet.mvc.method.annotation.RequestMappingHandlerAdapter.handleInternal(RequestMappingHandlerAdapter.java:738)
	at org.springframework.web.servlet.mvc.method.AbstractHandlerMethodAdapter.handle(AbstractHandlerMethodAdapter.java:85)
	at org.springframework.web.servlet.DispatcherServlet.doDispatch(DispatcherServlet.java:963)
	at org.springframework.web.servlet.DispatcherServlet.doService(DispatcherServlet.java:897)
	at org.springframework.web.servlet.FrameworkServlet.processRequest(FrameworkServlet.java:970)
	... 44 common frames omitted
2017-06-26 14:32:33,391 INFO [main] o.a.s.m.sub.web.test.StartSubMain [StartupInfoLogger.java : 48] Starting StartSubMain on wulin with PID 7280 (D:\soft\job\java\javaIDE\eclipse_jee\bjhy_attachment_workspace\server-management-parent\server-management-sub-web\target\test-classes started by Administrator in D:\soft\job\java\javaIDE\eclipse_jee\bjhy_attachment_workspace\server-management-parent\server-management-sub-web)
2017-06-26 14:32:33,420 INFO [main] o.a.s.m.sub.web.test.StartSubMain [SpringApplication.java : 637] No active profile set, falling back to default profiles: default
2017-06-26 14:32:33,584 INFO [main] o.s.b.c.e.AnnotationConfigEmbeddedWebApplicationContext [AbstractApplicationContext.java : 582] Refreshing org.springframework.boot.context.embedded.AnnotationConfigEmbeddedWebApplicationContext@1659b30: startup date [Mon Jun 26 14:32:33 CST 2017]; root of context hierarchy
2017-06-26 14:32:34,016 INFO [background-preinit] o.h.validator.internal.util.Version [Version.java : 30] HV000001: Hibernate Validator 5.3.4.Final
2017-06-26 14:32:35,153 INFO [main] o.s.b.f.xml.XmlBeanDefinitionReader [XmlBeanDefinitionReader.java : 317] Loading XML bean definitions from file [D:\soft\job\java\javaIDE\eclipse_jee\bjhy_attachment_workspace\server-management-parent\server-management-sub-web\target\classes\META-INF\spring\module-server-management-sub-web.xml]
2017-06-26 14:32:35,542 INFO [main] o.s.b.f.xml.XmlBeanDefinitionReader [XmlBeanDefinitionReader.java : 317] Loading XML bean definitions from URL [jar:file:/D:/repository/org/apel/gaia-container-boot/1.0.1-SNAPSHOT/gaia-container-boot-1.0.1-SNAPSHOT.jar!/META-INF/spring/module-boot.xml]
2017-06-26 14:32:35,665 INFO [main] o.s.b.f.xml.XmlBeanDefinitionReader [XmlBeanDefinitionReader.java : 317] Loading XML bean definitions from URL [jar:file:/D:/repository/org/apel/gaia-container-boot/1.0.1-SNAPSHOT/gaia-container-boot-1.0.1-SNAPSHOT.jar!/META-INF/spring/module-mvc.xml]
2017-06-26 14:32:35,791 INFO [main] o.s.b.f.xml.XmlBeanDefinitionReader [XmlBeanDefinitionReader.java : 317] Loading XML bean definitions from file [D:\soft\job\java\javaIDE\eclipse_jee\bjhy_attachment_workspace\server-management-parent\server-management-sub-container\target\classes\META-INF\spring\module-server-management-sub-container.xml]
2017-06-26 14:32:35,869 INFO [main] o.s.b.f.xml.XmlBeanDefinitionReader [XmlBeanDefinitionReader.java : 317] Loading XML bean definitions from file [D:\soft\job\java\javaIDE\eclipse_jee\bjhy_attachment_workspace\server-management-parent\server-management-common\target\classes\META-INF\spring\module-server-management-common.xml]
2017-06-26 14:32:35,919 INFO [main] o.s.b.f.xml.XmlBeanDefinitionReader [XmlBeanDefinitionReader.java : 317] Loading XML bean definitions from file [D:\soft\job\java\javaIDE\eclipse_jee\bjhy_attachment_workspace\server-management-parent\server-management-base\target\classes\META-INF\spring\module-server-management-base.xml]
2017-06-26 14:32:35,979 INFO [main] o.s.b.f.xml.XmlBeanDefinitionReader [XmlBeanDefinitionReader.java : 317] Loading XML bean definitions from URL [jar:file:/D:/repository/org/apel/gaia-property-loader/1.0.1-SNAPSHOT/gaia-property-loader-1.0.1-SNAPSHOT.jar!/META-INF/spring/module-property-loader.xml]
2017-06-26 14:32:36,022 INFO [main] o.s.b.f.xml.XmlBeanDefinitionReader [XmlBeanDefinitionReader.java : 317] Loading XML bean definitions from URL [jar:file:/D:/repository/org/apel/gaia-js-lib/1.0.1-SNAPSHOT/gaia-js-lib-1.0.1-SNAPSHOT.jar!/META-INF/spring/module-js-lib.xml]
2017-06-26 14:32:37,341 WARN [main] o.s.c.a.ConfigurationClassEnhancer [ConfigurationClassEnhancer.java : 350] @Bean method CenterPropertyLoader.propertyPlaceholderConfigurer is non-static and returns an object assignable to Spring's BeanFactoryPostProcessor interface. This will result in a failure to process annotations such as @Autowired, @Resource and @PostConstruct within the method's declaring @Configuration class. Add the 'static' modifier to this method to avoid these container lifecycle issues; see @Bean javadoc for complete details.
2017-06-26 14:32:38,893 INFO [main] org.eclipse.jetty.util.log [Log.java : 192] Logging initialized @8811ms to org.eclipse.jetty.util.log.Slf4jLog
2017-06-26 14:32:40,261 INFO [main] o.s.b.c.e.j.JettyEmbeddedServletContainerFactory [JettyEmbeddedServletContainerFactory.java : 176] Server initialized with port: 5555
2017-06-26 14:32:40,284 INFO [main] org.eclipse.jetty.server.Server [Server.java : 372] jetty-9.4.2.v20170220
2017-06-26 14:32:40,685 INFO [main] org.eclipse.jetty.server.session [DefaultSessionIdManager.java : 360] DefaultSessionIdManager workerName=node0
2017-06-26 14:32:40,686 INFO [main] org.eclipse.jetty.server.session [DefaultSessionIdManager.java : 365] No SessionScavenger set, using defaults
2017-06-26 14:32:40,694 INFO [main] org.eclipse.jetty.server.session [HouseKeeper.java : 146] Scavenging every 600000ms
2017-06-26 14:32:40,715 INFO [main] o.e.jetty.ContextHandler.application [ContextHandler.java : 2207] Initializing Spring embedded WebApplicationContext
2017-06-26 14:32:40,716 INFO [main] o.s.web.context.ContextLoader [EmbeddedWebApplicationContext.java : 276] Root WebApplicationContext: initialization completed in 7132 ms
2017-06-26 14:32:41,249 INFO [main] o.s.b.w.s.ServletRegistrationBean [ServletRegistrationBean.java : 190] Mapping servlet: 'dispatcherServlet' to [/]
2017-06-26 14:32:41,258 INFO [main] o.s.b.w.s.FilterRegistrationBean [AbstractFilterRegistrationBean.java : 258] Mapping filter: 'characterEncodingFilter' to: [/*]
2017-06-26 14:32:41,259 INFO [main] o.s.b.w.s.FilterRegistrationBean [AbstractFilterRegistrationBean.java : 258] Mapping filter: 'hiddenHttpMethodFilter' to: [/*]
2017-06-26 14:32:41,260 INFO [main] o.s.b.w.s.FilterRegistrationBean [AbstractFilterRegistrationBean.java : 258] Mapping filter: 'httpPutFormContentFilter' to: [/*]
2017-06-26 14:32:41,261 INFO [main] o.s.b.w.s.FilterRegistrationBean [AbstractFilterRegistrationBean.java : 258] Mapping filter: 'requestContextFilter' to: [/*]
2017-06-26 14:32:43,280 INFO [main] o.e.j.server.handler.ContextHandler [ContextHandler.java : 802] Started o.s.b.c.e.j.JettyEmbeddedWebAppContext@1231ced{/sub-container,[file:///C:/Users/Administrator/AppData/Local/Temp/jetty-docbase.6203682891689781302.5555/],AVAILABLE}
2017-06-26 14:32:43,282 INFO [main] org.eclipse.jetty.server.Server [Server.java : 444] Started @13199ms
2017-06-26 14:32:44,116 INFO [main] o.s.u.f.SpringTemplateLoader [SpringTemplateLoader.java : 61] SpringTemplateLoader for FreeMarker: using resource loader [org.springframework.boot.context.embedded.AnnotationConfigEmbeddedWebApplicationContext@1659b30: startup date [Mon Jun 26 14:32:33 CST 2017]; root of context hierarchy] and template loader path [jar:file:/D:/repository/org/apel/gaia-container-boot/1.0.1-SNAPSHOT/gaia-container-boot-1.0.1-SNAPSHOT.jar!/platform/templates/]
2017-06-26 14:32:44,118 INFO [main] o.s.u.f.SpringTemplateLoader [SpringTemplateLoader.java : 61] SpringTemplateLoader for FreeMarker: using resource loader [org.springframework.boot.context.embedded.AnnotationConfigEmbeddedWebApplicationContext@1659b30: startup date [Mon Jun 26 14:32:33 CST 2017]; root of context hierarchy] and template loader path [classpath:/templates/]
2017-06-26 14:32:44,122 INFO [main] o.s.w.s.v.f.FreeMarkerConfigurer [FreeMarkerConfigurer.java : 127] ClassTemplateLoader for Spring macros added to FreeMarker configuration
2017-06-26 14:32:45,489 INFO [main] o.s.w.s.m.m.a.RequestMappingHandlerAdapter [RequestMappingHandlerAdapter.java : 534] Looking for @ControllerAdvice: org.springframework.boot.context.embedded.AnnotationConfigEmbeddedWebApplicationContext@1659b30: startup date [Mon Jun 26 14:32:33 CST 2017]; root of context hierarchy
2017-06-26 14:32:45,821 INFO [main] o.s.w.s.m.m.a.RequestMappingHandlerMapping [AbstractHandlerMethodMapping.java : 543] Mapped "{[/restSub/suspend],methods=[GET]}" onto public org.apel.server.management.base.domain.TransferAgent org.apel.server.management.sub.web.RestSubController.suspend(java.lang.String,java.lang.String)
2017-06-26 14:32:45,824 INFO [main] o.s.w.s.m.m.a.RequestMappingHandlerMapping [AbstractHandlerMethodMapping.java : 543] Mapped "{[/restSub/accessCheck],methods=[GET]}" onto public org.apel.server.management.base.domain.TransferAgent org.apel.server.management.sub.web.RestSubController.accessCheck()
2017-06-26 14:32:45,825 INFO [main] o.s.w.s.m.m.a.RequestMappingHandlerMapping [AbstractHandlerMethodMapping.java : 543] Mapped "{[/restSub/startup/{relativePath}],methods=[GET]}" onto public org.apel.server.management.base.domain.TransferAgent org.apel.server.management.sub.web.RestSubController.startup(java.lang.String)
2017-06-26 14:32:45,826 INFO [main] o.s.w.s.m.m.a.RequestMappingHandlerMapping [AbstractHandlerMethodMapping.java : 543] Mapped "{[/restSub/upgrade],methods=[POST]}" onto public org.apel.server.management.base.domain.TransferAgent org.apel.server.management.sub.web.RestSubController.upgrade(java.lang.String,java.lang.String,org.springframework.web.multipart.MultipartFile)
2017-06-26 14:32:45,827 INFO [main] o.s.w.s.m.m.a.RequestMappingHandlerMapping [AbstractHandlerMethodMapping.java : 543] Mapped "{[/restSub/getDeployDirectory],methods=[GET]}" onto public org.apel.server.management.base.domain.TransferAgent org.apel.server.management.sub.web.RestSubController.getDeployDirectory()
2017-06-26 14:32:45,828 INFO [main] o.s.w.s.m.m.a.RequestMappingHandlerMapping [AbstractHandlerMethodMapping.java : 543] Mapped "{[/restSub/deployApplication],methods=[POST]}" onto public org.apel.server.management.base.domain.TransferAgent org.apel.server.management.sub.web.RestSubController.deployApplication(java.lang.String,java.lang.String,org.springframework.web.multipart.MultipartFile)
2017-06-26 14:32:45,833 INFO [main] o.s.w.s.m.m.a.RequestMappingHandlerMapping [AbstractHandlerMethodMapping.java : 543] Mapped "{[/file_progress]}" onto public java.lang.Integer org.apel.gaia.container.boot.controller.CommonController.netCheck(javax.servlet.http.HttpSession)
2017-06-26 14:32:45,834 INFO [main] o.s.w.s.m.m.a.RequestMappingHandlerMapping [AbstractHandlerMethodMapping.java : 543] Mapped "{[/net_check]}" onto public java.lang.String org.apel.gaia.container.boot.controller.CommonController.netCheck(java.lang.String)
2017-06-26 14:32:45,835 INFO [main] o.s.w.s.m.m.a.RequestMappingHandlerMapping [AbstractHandlerMethodMapping.java : 543] Mapped "{[/net_detect]}" onto public java.lang.String org.apel.gaia.container.boot.controller.CommonController.netDedect()
2017-06-26 14:32:45,841 INFO [main] o.s.w.s.m.m.a.RequestMappingHandlerMapping [AbstractHandlerMethodMapping.java : 543] Mapped "{[/405]}" onto public java.lang.String org.apel.gaia.container.boot.controller.ContainerErrorController._405() throws java.lang.Exception
2017-06-26 14:32:45,842 INFO [main] o.s.w.s.m.m.a.RequestMappingHandlerMapping [AbstractHandlerMethodMapping.java : 543] Mapped "{[/500]}" onto public java.lang.String org.apel.gaia.container.boot.controller.ContainerErrorController._500() throws java.lang.Exception
2017-06-26 14:32:45,843 INFO [main] o.s.w.s.m.m.a.RequestMappingHandlerMapping [AbstractHandlerMethodMapping.java : 543] Mapped "{[/404]}" onto public java.lang.String org.apel.gaia.container.boot.controller.ContainerErrorController._404() throws java.lang.Exception
2017-06-26 14:32:45,844 INFO [main] o.s.w.s.m.m.a.RequestMappingHandlerMapping [AbstractHandlerMethodMapping.java : 543] Mapped "{[/400]}" onto public java.lang.String org.apel.gaia.container.boot.controller.ContainerErrorController._400() throws java.lang.Exception
2017-06-26 14:32:45,845 INFO [main] o.s.w.s.m.m.a.RequestMappingHandlerMapping [AbstractHandlerMethodMapping.java : 543] Mapped "{[/403]}" onto public java.lang.String org.apel.gaia.container.boot.controller.ContainerErrorController._403() throws java.lang.Exception
2017-06-26 14:32:45,847 INFO [main] o.s.w.s.m.m.a.RequestMappingHandlerMapping [AbstractHandlerMethodMapping.java : 543] Mapped "{[/error]}" onto public java.lang.String org.apel.gaia.container.boot.controller.SpringErrorController.error()
2017-06-26 14:32:46,020 INFO [main] o.s.w.s.h.SimpleUrlHandlerMapping [AbstractUrlHandlerMapping.java : 362] Mapped URL path [/webjars/**] onto handler of type [class org.springframework.web.servlet.resource.ResourceHttpRequestHandler]
2017-06-26 14:32:46,021 INFO [main] o.s.w.s.h.SimpleUrlHandlerMapping [AbstractUrlHandlerMapping.java : 362] Mapped URL path [/**] onto handler of type [class org.springframework.web.servlet.resource.ResourceHttpRequestHandler]
2017-06-26 14:32:46,208 INFO [main] o.s.w.s.h.SimpleUrlHandlerMapping [AbstractUrlHandlerMapping.java : 362] Mapped URL path [/**/favicon.ico] onto handler of type [class org.springframework.web.servlet.resource.ResourceHttpRequestHandler]
2017-06-26 14:32:47,512 INFO [main] o.s.j.e.a.AnnotationMBeanExporter [MBeanExporter.java : 431] Registering beans for JMX exposure on startup
2017-06-26 14:32:47,564 INFO [main] o.e.jetty.ContextHandler.application [ContextHandler.java : 2207] Initializing Spring FrameworkServlet 'dispatcherServlet'
2017-06-26 14:32:47,565 INFO [main] o.s.web.servlet.DispatcherServlet [FrameworkServlet.java : 489] FrameworkServlet 'dispatcherServlet': initialization started
2017-06-26 14:32:47,603 INFO [main] o.s.web.servlet.DispatcherServlet [FrameworkServlet.java : 508] FrameworkServlet 'dispatcherServlet': initialization completed in 38 ms
2017-06-26 14:32:47,644 INFO [main] o.e.jetty.server.AbstractConnector [AbstractConnector.java : 280] Started ServerConnector@f77af{HTTP/1.1,[http/1.1]}{0.0.0.0:5555}
2017-06-26 14:32:47,645 INFO [main] o.s.b.c.e.j.JettyEmbeddedServletContainer [JettyEmbeddedServletContainer.java : 144] Jetty started on port(s) 5555 (http/1.1)
2017-06-26 14:32:47,658 INFO [main] o.a.s.m.sub.web.test.StartSubMain [StartupInfoLogger.java : 57] Started StartSubMain in 15.388 seconds (JVM running for 17.576)
2017-06-26 14:35:54,303 INFO [main] o.a.s.m.sub.web.test.StartSubMain [StartupInfoLogger.java : 48] Starting StartSubMain on wulin with PID 6324 (D:\soft\job\java\javaIDE\eclipse_jee\bjhy_attachment_workspace\server-management-parent\server-management-sub-web\target\test-classes started by Administrator in D:\soft\job\java\javaIDE\eclipse_jee\bjhy_attachment_workspace\server-management-parent\server-management-sub-web)
2017-06-26 14:35:54,323 INFO [main] o.a.s.m.sub.web.test.StartSubMain [SpringApplication.java : 637] No active profile set, falling back to default profiles: default
2017-06-26 14:35:54,482 INFO [main] o.s.b.c.e.AnnotationConfigEmbeddedWebApplicationContext [AbstractApplicationContext.java : 582] Refreshing org.springframework.boot.context.embedded.AnnotationConfigEmbeddedWebApplicationContext@1659b30: startup date [Mon Jun 26 14:35:54 CST 2017]; root of context hierarchy
2017-06-26 14:35:55,033 INFO [background-preinit] o.h.validator.internal.util.Version [Version.java : 30] HV000001: Hibernate Validator 5.3.4.Final
2017-06-26 14:35:56,364 INFO [main] o.s.b.f.xml.XmlBeanDefinitionReader [XmlBeanDefinitionReader.java : 317] Loading XML bean definitions from file [D:\soft\job\java\javaIDE\eclipse_jee\bjhy_attachment_workspace\server-management-parent\server-management-sub-web\target\classes\META-INF\spring\module-server-management-sub-web.xml]
2017-06-26 14:35:56,767 INFO [main] o.s.b.f.xml.XmlBeanDefinitionReader [XmlBeanDefinitionReader.java : 317] Loading XML bean definitions from URL [jar:file:/D:/repository/org/apel/gaia-container-boot/1.0.1-SNAPSHOT/gaia-container-boot-1.0.1-SNAPSHOT.jar!/META-INF/spring/module-boot.xml]
2017-06-26 14:35:56,897 INFO [main] o.s.b.f.xml.XmlBeanDefinitionReader [XmlBeanDefinitionReader.java : 317] Loading XML bean definitions from URL [jar:file:/D:/repository/org/apel/gaia-container-boot/1.0.1-SNAPSHOT/gaia-container-boot-1.0.1-SNAPSHOT.jar!/META-INF/spring/module-mvc.xml]
2017-06-26 14:35:57,025 INFO [main] o.s.b.f.xml.XmlBeanDefinitionReader [XmlBeanDefinitionReader.java : 317] Loading XML bean definitions from file [D:\soft\job\java\javaIDE\eclipse_jee\bjhy_attachment_workspace\server-management-parent\server-management-sub-container\target\classes\META-INF\spring\module-server-management-sub-container.xml]
2017-06-26 14:35:57,108 INFO [main] o.s.b.f.xml.XmlBeanDefinitionReader [XmlBeanDefinitionReader.java : 317] Loading XML bean definitions from file [D:\soft\job\java\javaIDE\eclipse_jee\bjhy_attachment_workspace\server-management-parent\server-management-common\target\classes\META-INF\spring\module-server-management-common.xml]
2017-06-26 14:35:57,160 INFO [main] o.s.b.f.xml.XmlBeanDefinitionReader [XmlBeanDefinitionReader.java : 317] Loading XML bean definitions from file [D:\soft\job\java\javaIDE\eclipse_jee\bjhy_attachment_workspace\server-management-parent\server-management-base\target\classes\META-INF\spring\module-server-management-base.xml]
2017-06-26 14:35:57,211 INFO [main] o.s.b.f.xml.XmlBeanDefinitionReader [XmlBeanDefinitionReader.java : 317] Loading XML bean definitions from URL [jar:file:/D:/repository/org/apel/gaia-property-loader/1.0.1-SNAPSHOT/gaia-property-loader-1.0.1-SNAPSHOT.jar!/META-INF/spring/module-property-loader.xml]
2017-06-26 14:35:57,257 INFO [main] o.s.b.f.xml.XmlBeanDefinitionReader [XmlBeanDefinitionReader.java : 317] Loading XML bean definitions from URL [jar:file:/D:/repository/org/apel/gaia-js-lib/1.0.1-SNAPSHOT/gaia-js-lib-1.0.1-SNAPSHOT.jar!/META-INF/spring/module-js-lib.xml]
2017-06-26 14:35:58,579 WARN [main] o.s.c.a.ConfigurationClassEnhancer [ConfigurationClassEnhancer.java : 350] @Bean method CenterPropertyLoader.propertyPlaceholderConfigurer is non-static and returns an object assignable to Spring's BeanFactoryPostProcessor interface. This will result in a failure to process annotations such as @Autowired, @Resource and @PostConstruct within the method's declaring @Configuration class. Add the 'static' modifier to this method to avoid these container lifecycle issues; see @Bean javadoc for complete details.
2017-06-26 14:36:00,099 INFO [main] org.eclipse.jetty.util.log [Log.java : 192] Logging initialized @9281ms to org.eclipse.jetty.util.log.Slf4jLog
2017-06-26 14:36:01,451 INFO [main] o.s.b.c.e.j.JettyEmbeddedServletContainerFactory [JettyEmbeddedServletContainerFactory.java : 176] Server initialized with port: 5555
2017-06-26 14:36:01,457 INFO [main] org.eclipse.jetty.server.Server [Server.java : 372] jetty-9.4.2.v20170220
2017-06-26 14:36:01,851 INFO [main] org.eclipse.jetty.server.session [DefaultSessionIdManager.java : 360] DefaultSessionIdManager workerName=node0
2017-06-26 14:36:01,852 INFO [main] org.eclipse.jetty.server.session [DefaultSessionIdManager.java : 365] No SessionScavenger set, using defaults
2017-06-26 14:36:01,861 INFO [main] org.eclipse.jetty.server.session [HouseKeeper.java : 146] Scavenging every 600000ms
2017-06-26 14:36:01,882 INFO [main] o.e.jetty.ContextHandler.application [ContextHandler.java : 2207] Initializing Spring embedded WebApplicationContext
2017-06-26 14:36:01,883 INFO [main] o.s.web.context.ContextLoader [EmbeddedWebApplicationContext.java : 276] Root WebApplicationContext: initialization completed in 7401 ms
2017-06-26 14:36:02,368 INFO [main] o.s.b.w.s.ServletRegistrationBean [ServletRegistrationBean.java : 190] Mapping servlet: 'dispatcherServlet' to [/]
2017-06-26 14:36:02,376 INFO [main] o.s.b.w.s.FilterRegistrationBean [AbstractFilterRegistrationBean.java : 258] Mapping filter: 'characterEncodingFilter' to: [/*]
2017-06-26 14:36:02,377 INFO [main] o.s.b.w.s.FilterRegistrationBean [AbstractFilterRegistrationBean.java : 258] Mapping filter: 'hiddenHttpMethodFilter' to: [/*]
2017-06-26 14:36:02,378 INFO [main] o.s.b.w.s.FilterRegistrationBean [AbstractFilterRegistrationBean.java : 258] Mapping filter: 'httpPutFormContentFilter' to: [/*]
2017-06-26 14:36:02,379 INFO [main] o.s.b.w.s.FilterRegistrationBean [AbstractFilterRegistrationBean.java : 258] Mapping filter: 'requestContextFilter' to: [/*]
2017-06-26 14:36:04,032 INFO [main] o.e.j.server.handler.ContextHandler [ContextHandler.java : 802] Started o.s.b.c.e.j.JettyEmbeddedWebAppContext@1ddee5a{/sub-container,[file:///C:/Users/Administrator/AppData/Local/Temp/jetty-docbase.6494744737885702974.5555/],AVAILABLE}
2017-06-26 14:36:04,039 INFO [main] org.eclipse.jetty.server.Server [Server.java : 444] Started @13215ms
2017-06-26 14:36:04,877 INFO [main] o.s.u.f.SpringTemplateLoader [SpringTemplateLoader.java : 61] SpringTemplateLoader for FreeMarker: using resource loader [org.springframework.boot.context.embedded.AnnotationConfigEmbeddedWebApplicationContext@1659b30: startup date [Mon Jun 26 14:35:54 CST 2017]; root of context hierarchy] and template loader path [jar:file:/D:/repository/org/apel/gaia-container-boot/1.0.1-SNAPSHOT/gaia-container-boot-1.0.1-SNAPSHOT.jar!/platform/templates/]
2017-06-26 14:36:04,879 INFO [main] o.s.u.f.SpringTemplateLoader [SpringTemplateLoader.java : 61] SpringTemplateLoader for FreeMarker: using resource loader [org.springframework.boot.context.embedded.AnnotationConfigEmbeddedWebApplicationContext@1659b30: startup date [Mon Jun 26 14:35:54 CST 2017]; root of context hierarchy] and template loader path [classpath:/templates/]
2017-06-26 14:36:04,882 INFO [main] o.s.w.s.v.f.FreeMarkerConfigurer [FreeMarkerConfigurer.java : 127] ClassTemplateLoader for Spring macros added to FreeMarker configuration
2017-06-26 14:36:06,220 INFO [main] o.s.w.s.m.m.a.RequestMappingHandlerAdapter [RequestMappingHandlerAdapter.java : 534] Looking for @ControllerAdvice: org.springframework.boot.context.embedded.AnnotationConfigEmbeddedWebApplicationContext@1659b30: startup date [Mon Jun 26 14:35:54 CST 2017]; root of context hierarchy
2017-06-26 14:36:06,529 INFO [main] o.s.w.s.m.m.a.RequestMappingHandlerMapping [AbstractHandlerMethodMapping.java : 543] Mapped "{[/restSub/suspend],methods=[GET]}" onto public org.apel.server.management.base.domain.TransferAgent org.apel.server.management.sub.web.RestSubController.suspend(java.lang.String,java.lang.String)
2017-06-26 14:36:06,531 INFO [main] o.s.w.s.m.m.a.RequestMappingHandlerMapping [AbstractHandlerMethodMapping.java : 543] Mapped "{[/restSub/accessCheck],methods=[GET]}" onto public org.apel.server.management.base.domain.TransferAgent org.apel.server.management.sub.web.RestSubController.accessCheck()
2017-06-26 14:36:06,533 INFO [main] o.s.w.s.m.m.a.RequestMappingHandlerMapping [AbstractHandlerMethodMapping.java : 543] Mapped "{[/restSub/upgrade],methods=[POST]}" onto public org.apel.server.management.base.domain.TransferAgent org.apel.server.management.sub.web.RestSubController.upgrade(java.lang.String,java.lang.String,org.springframework.web.multipart.MultipartFile)
2017-06-26 14:36:06,533 INFO [main] o.s.w.s.m.m.a.RequestMappingHandlerMapping [AbstractHandlerMethodMapping.java : 543] Mapped "{[/restSub/startup],methods=[GET]}" onto public org.apel.server.management.base.domain.TransferAgent org.apel.server.management.sub.web.RestSubController.startup(java.lang.String)
2017-06-26 14:36:06,534 INFO [main] o.s.w.s.m.m.a.RequestMappingHandlerMapping [AbstractHandlerMethodMapping.java : 543] Mapped "{[/restSub/getDeployDirectory],methods=[GET]}" onto public org.apel.server.management.base.domain.TransferAgent org.apel.server.management.sub.web.RestSubController.getDeployDirectory()
2017-06-26 14:36:06,536 INFO [main] o.s.w.s.m.m.a.RequestMappingHandlerMapping [AbstractHandlerMethodMapping.java : 543] Mapped "{[/restSub/deployApplication],methods=[POST]}" onto public org.apel.server.management.base.domain.TransferAgent org.apel.server.management.sub.web.RestSubController.deployApplication(java.lang.String,java.lang.String,org.springframework.web.multipart.MultipartFile)
2017-06-26 14:36:06,540 INFO [main] o.s.w.s.m.m.a.RequestMappingHandlerMapping [AbstractHandlerMethodMapping.java : 543] Mapped "{[/net_detect]}" onto public java.lang.String org.apel.gaia.container.boot.controller.CommonController.netDedect()
2017-06-26 14:36:06,542 INFO [main] o.s.w.s.m.m.a.RequestMappingHandlerMapping [AbstractHandlerMethodMapping.java : 543] Mapped "{[/file_progress]}" onto public java.lang.Integer org.apel.gaia.container.boot.controller.CommonController.netCheck(javax.servlet.http.HttpSession)
2017-06-26 14:36:06,543 INFO [main] o.s.w.s.m.m.a.RequestMappingHandlerMapping [AbstractHandlerMethodMapping.java : 543] Mapped "{[/net_check]}" onto public java.lang.String org.apel.gaia.container.boot.controller.CommonController.netCheck(java.lang.String)
2017-06-26 14:36:06,548 INFO [main] o.s.w.s.m.m.a.RequestMappingHandlerMapping [AbstractHandlerMethodMapping.java : 543] Mapped "{[/400]}" onto public java.lang.String org.apel.gaia.container.boot.controller.ContainerErrorController._400() throws java.lang.Exception
2017-06-26 14:36:06,549 INFO [main] o.s.w.s.m.m.a.RequestMappingHandlerMapping [AbstractHandlerMethodMapping.java : 543] Mapped "{[/403]}" onto public java.lang.String org.apel.gaia.container.boot.controller.ContainerErrorController._403() throws java.lang.Exception
2017-06-26 14:36:06,550 INFO [main] o.s.w.s.m.m.a.RequestMappingHandlerMapping [AbstractHandlerMethodMapping.java : 543] Mapped "{[/404]}" onto public java.lang.String org.apel.gaia.container.boot.controller.ContainerErrorController._404() throws java.lang.Exception
2017-06-26 14:36:06,551 INFO [main] o.s.w.s.m.m.a.RequestMappingHandlerMapping [AbstractHandlerMethodMapping.java : 543] Mapped "{[/405]}" onto public java.lang.String org.apel.gaia.container.boot.controller.ContainerErrorController._405() throws java.lang.Exception
2017-06-26 14:36:06,552 INFO [main] o.s.w.s.m.m.a.RequestMappingHandlerMapping [AbstractHandlerMethodMapping.java : 543] Mapped "{[/500]}" onto public java.lang.String org.apel.gaia.container.boot.controller.ContainerErrorController._500() throws java.lang.Exception
2017-06-26 14:36:06,554 INFO [main] o.s.w.s.m.m.a.RequestMappingHandlerMapping [AbstractHandlerMethodMapping.java : 543] Mapped "{[/error]}" onto public java.lang.String org.apel.gaia.container.boot.controller.SpringErrorController.error()
2017-06-26 14:36:06,740 INFO [main] o.s.w.s.h.SimpleUrlHandlerMapping [AbstractUrlHandlerMapping.java : 362] Mapped URL path [/webjars/**] onto handler of type [class org.springframework.web.servlet.resource.ResourceHttpRequestHandler]
2017-06-26 14:36:06,742 INFO [main] o.s.w.s.h.SimpleUrlHandlerMapping [AbstractUrlHandlerMapping.java : 362] Mapped URL path [/**] onto handler of type [class org.springframework.web.servlet.resource.ResourceHttpRequestHandler]
2017-06-26 14:36:06,944 INFO [main] o.s.w.s.h.SimpleUrlHandlerMapping [AbstractUrlHandlerMapping.java : 362] Mapped URL path [/**/favicon.ico] onto handler of type [class org.springframework.web.servlet.resource.ResourceHttpRequestHandler]
2017-06-26 14:36:08,262 INFO [main] o.s.j.e.a.AnnotationMBeanExporter [MBeanExporter.java : 431] Registering beans for JMX exposure on startup
2017-06-26 14:36:08,316 INFO [main] o.e.jetty.ContextHandler.application [ContextHandler.java : 2207] Initializing Spring FrameworkServlet 'dispatcherServlet'
2017-06-26 14:36:08,317 INFO [main] o.s.web.servlet.DispatcherServlet [FrameworkServlet.java : 489] FrameworkServlet 'dispatcherServlet': initialization started
2017-06-26 14:36:08,361 INFO [main] o.s.web.servlet.DispatcherServlet [FrameworkServlet.java : 508] FrameworkServlet 'dispatcherServlet': initialization completed in 44 ms
2017-06-26 14:36:08,406 INFO [main] o.e.jetty.server.AbstractConnector [AbstractConnector.java : 280] Started ServerConnector@48e26a{HTTP/1.1,[http/1.1]}{0.0.0.0:5555}
2017-06-26 14:36:08,408 INFO [main] o.s.b.c.e.j.JettyEmbeddedServletContainer [JettyEmbeddedServletContainer.java : 144] Jetty started on port(s) 5555 (http/1.1)
2017-06-26 14:36:08,423 INFO [main] o.a.s.m.sub.web.test.StartSubMain [StartupInfoLogger.java : 57] Started StartSubMain in 15.268 seconds (JVM running for 17.604)
